Имя журнала:   System
Источник:      Service Control Manager
Дата:          08.12.2023 12:35:36
Код события:   7036
Категория задачи:Отсутствует
Уровень:       Сведения
Ключевые слова:Классический
Пользователь:  Н/Д
Компьютер:     WIN-J9D866ESIJ2
Описание:
Служба "WMI Performance Adapter" перешла в состояние stopped.
Xml события:
<Event xmlns="http://schemas.microsoft.com/win/2004/08/events/event">
  <System>
    <Provider Name="Service Control Manager" Guid="{555908d1-a6d7-4695-8e1e-26931d2012f4}" EventSourceName="Service Control Manager" />
    <EventID Qualifiers="16384">7036</EventID>
    <Version>0</Version>
    <Level>4</Level>
    <Task>0</Task>
    <Opcode>0</Opcode>
    <Keywords>0x8080000000000000</Keywords>
    <TimeCreated SystemTime="2023-12-08T07:35:36.3355227Z" />
    <EventRecordID>8815</EventRecordID>
    <Correlation />
    <Execution ProcessID="544" ThreadID="1840" />
    <Channel>System</Channel>
    <Computer>WIN-J9D866ESIJ2</Computer>
    <Security />
  </System>
  <EventData>
    <Data Name="param1">WMI Performance Adapter</Data>
    <Data Name="param2">stopped</Data>
    <Binary>77006D006900410070005300720076002F0031000000</Binary>
  </EventData>
</Event>

Имя журнала:   System
Источник:      Service Control Manager
Дата:          08.12.2023 12:33:35
Код события:   7036
Категория задачи:Отсутствует
Уровень:       Сведения
Ключевые слова:Классический
Пользователь:  Н/Д
Компьютер:     WIN-J9D866ESIJ2
Описание:
Служба "WMI Performance Adapter" перешла в состояние running.
Xml события:
<Event xmlns="http://schemas.microsoft.com/win/2004/08/events/event">
  <System>
    <Provider Name="Service Control Manager" Guid="{555908d1-a6d7-4695-8e1e-26931d2012f4}" EventSourceName="Service Control Manager" />
    <EventID Qualifiers="16384">7036</EventID>
    <Version>0</Version>
    <Level>4</Level>
    <Task>0</Task>
    <Opcode>0</Opcode>
    <Keywords>0x8080000000000000</Keywords>
    <TimeCreated SystemTime="2023-12-08T07:33:35.6792131Z" />
    <EventRecordID>8814</EventRecordID>
    <Correlation />
    <Execution ProcessID="544" ThreadID="1840" />
    <Channel>System</Channel>
    <Computer>WIN-J9D866ESIJ2</Computer>
    <Security />
  </System>
  <EventData>
    <Data Name="param1">WMI Performance Adapter</Data>
    <Data Name="param2">running</Data>
    <Binary>77006D006900410070005300720076002F0034000000</Binary>
  </EventData>
</Event>

Имя журнала:   System
Источник:      Service Control Manager
Дата:          08.12.2023 12:25:52
Код события:   7036
Категория задачи:Отсутствует
Уровень:       Сведения
Ключевые слова:Классический
Пользователь:  Н/Д
Компьютер:     WIN-J9D866ESIJ2
Описание:
Служба "WinHttpAutoProxySvc" перешла в состояние running.
Xml события:
<Event xmlns="http://schemas.microsoft.com/win/2004/08/events/event">
  <System>
    <Provider Name="Service Control Manager" Guid="{555908d1-a6d7-4695-8e1e-26931d2012f4}" EventSourceName="Service Control Manager" />
    <EventID Qualifiers="16384">7036</EventID>
    <Version>0</Version>
    <Level>4</Level>
    <Task>0</Task>
    <Opcode>0</Opcode>
    <Keywords>0x8080000000000000</Keywords>
    <TimeCreated SystemTime="2023-12-08T07:25:52.2601486Z" />
    <EventRecordID>8813</EventRecordID>
    <Correlation />
    <Execution ProcessID="544" ThreadID="1840" />
    <Channel>System</Channel>
    <Computer>WIN-J9D866ESIJ2</Computer>
    <Security />
  </System>
  <EventData>
    <Data Name="param1">WinHttpAutoProxySvc</Data>
    <Data Name="param2">running</Data>
    <Binary>570069006E0048007400740070004100750074006F00500072006F00780079005300760063002F0034000000</Binary>
  </EventData>
</Event>

Имя журнала:   System
Источник:      Service Control Manager
Дата:          08.12.2023 12:19:52
Код события:   7036
Категория задачи:Отсутствует
Уровень:       Сведения
Ключевые слова:Классический
Пользователь:  Н/Д
Компьютер:     WIN-J9D866ESIJ2
Описание:
Служба "WinHttpAutoProxySvc" перешла в состояние stopped.
Xml события:
<Event xmlns="http://schemas.microsoft.com/win/2004/08/events/event">
  <System>
    <Provider Name="Service Control Manager" Guid="{555908d1-a6d7-4695-8e1e-26931d2012f4}" EventSourceName="Service Control Manager" />
    <EventID Qualifiers="16384">7036</EventID>
    <Version>0</Version>
    <Level>4</Level>
    <Task>0</Task>
    <Opcode>0</Opcode>
    <Keywords>0x8080000000000000</Keywords>
    <TimeCreated SystemTime="2023-12-08T07:19:52.7903458Z" />
    <EventRecordID>8812</EventRecordID>
    <Correlation />
    <Execution ProcessID="544" ThreadID="1840" />
    <Channel>System</Channel>
    <Computer>WIN-J9D866ESIJ2</Computer>
    <Security />
  </System>
  <EventData>
    <Data Name="param1">WinHttpAutoProxySvc</Data>
    <Data Name="param2">stopped</Data>
    <Binary>570069006E0048007400740070004100750074006F00500072006F00780079005300760063002F0031000000</Binary>
  </EventData>
</Event>

Имя журнала:   System
Источник:      Service Control Manager
Дата:          08.12.2023 12:19:33
Код события:   7036
Категория задачи:Отсутствует
Уровень:       Сведения
Ключевые слова:Классический
Пользователь:  Н/Д
Компьютер:     WIN-J9D866ESIJ2
Описание:
Служба "WMI Performance Adapter" перешла в состояние stopped.
Xml события:
<Event xmlns="http://schemas.microsoft.com/win/2004/08/events/event">
  <System>
    <Provider Name="Service Control Manager" Guid="{555908d1-a6d7-4695-8e1e-26931d2012f4}" EventSourceName="Service Control Manager" />
    <EventID Qualifiers="16384">7036</EventID>
    <Version>0</Version>
    <Level>4</Level>
    <Task>0</Task>
    <Opcode>0</Opcode>
    <Keywords>0x8080000000000000</Keywords>
    <TimeCreated SystemTime="2023-12-08T07:19:33.7327592Z" />
    <EventRecordID>8811</EventRecordID>
    <Correlation />
    <Execution ProcessID="544" ThreadID="1840" />
    <Channel>System</Channel>
    <Computer>WIN-J9D866ESIJ2</Computer>
    <Security />
  </System>
  <EventData>
    <Data Name="param1">WMI Performance Adapter</Data>
    <Data Name="param2">stopped</Data>
    <Binary>77006D006900410070005300720076002F0031000000</Binary>
  </EventData>
</Event>

Имя журнала:   System
Источник:      Service Control Manager
Дата:          08.12.2023 12:17:32
Код события:   7036
Категория задачи:Отсутствует
Уровень:       Сведения
Ключевые слова:Классический
Пользователь:  Н/Д
Компьютер:     WIN-J9D866ESIJ2
Описание:
Служба "WMI Performance Adapter" перешла в состояние running.
Xml события:
<Event xmlns="http://schemas.microsoft.com/win/2004/08/events/event">
  <System>
    <Provider Name="Service Control Manager" Guid="{555908d1-a6d7-4695-8e1e-26931d2012f4}" EventSourceName="Service Control Manager" />
    <EventID Qualifiers="16384">7036</EventID>
    <Version>0</Version>
    <Level>4</Level>
    <Task>0</Task>
    <Opcode>0</Opcode>
    <Keywords>0x8080000000000000</Keywords>
    <TimeCreated SystemTime="2023-12-08T07:17:32.9641726Z" />
    <EventRecordID>8810</EventRecordID>
    <Correlation />
    <Execution ProcessID="544" ThreadID="1840" />
    <Channel>System</Channel>
    <Computer>WIN-J9D866ESIJ2</Computer>
    <Security />
  </System>
  <EventData>
    <Data Name="param1">WMI Performance Adapter</Data>
    <Data Name="param2">running</Data>
    <Binary>77006D006900410070005300720076002F0034000000</Binary>
  </EventData>
</Event>

Имя журнала:   System
Источник:      Service Control Manager
Дата:          08.12.2023 12:03:31
Код события:   7036
Категория задачи:Отсутствует
Уровень:       Сведения
Ключевые слова:Классический
Пользователь:  Н/Д
Компьютер:     WIN-J9D866ESIJ2
Описание:
Служба "WMI Performance Adapter" перешла в состояние stopped.
Xml события:
<Event xmlns="http://schemas.microsoft.com/win/2004/08/events/event">
  <System>
    <Provider Name="Service Control Manager" Guid="{555908d1-a6d7-4695-8e1e-26931d2012f4}" EventSourceName="Service Control Manager" />
    <EventID Qualifiers="16384">7036</EventID>
    <Version>0</Version>
    <Level>4</Level>
    <Task>0</Task>
    <Opcode>0</Opcode>
    <Keywords>0x8080000000000000</Keywords>
    <TimeCreated SystemTime="2023-12-08T07:03:31.0575793Z" />
    <EventRecordID>8809</EventRecordID>
    <Correlation />
    <Execution ProcessID="544" ThreadID="4592" />
    <Channel>System</Channel>
    <Computer>WIN-J9D866ESIJ2</Computer>
    <Security />
  </System>
  <EventData>
    <Data Name="param1">WMI Performance Adapter</Data>
    <Data Name="param2">stopped</Data>
    <Binary>77006D006900410070005300720076002F0031000000</Binary>
  </EventData>
</Event>

Имя журнала:   System
Источник:      Service Control Manager
Дата:          08.12.2023 12:01:30
Код события:   7036
Категория задачи:Отсутствует
Уровень:       Сведения
Ключевые слова:Классический
Пользователь:  Н/Д
Компьютер:     WIN-J9D866ESIJ2
Описание:
Служба "WMI Performance Adapter" перешла в состояние running.
Xml события:
<Event xmlns="http://schemas.microsoft.com/win/2004/08/events/event">
  <System>
    <Provider Name="Service Control Manager" Guid="{555908d1-a6d7-4695-8e1e-26931d2012f4}" EventSourceName="Service Control Manager" />
    <EventID Qualifiers="16384">7036</EventID>
    <Version>0</Version>
    <Level>4</Level>
    <Task>0</Task>
    <Opcode>0</Opcode>
    <Keywords>0x8080000000000000</Keywords>
    <TimeCreated SystemTime="2023-12-08T07:01:30.3258827Z" />
    <EventRecordID>8808</EventRecordID>
    <Correlation />
    <Execution ProcessID="544" ThreadID="3460" />
    <Channel>System</Channel>
    <Computer>WIN-J9D866ESIJ2</Computer>
    <Security />
  </System>
  <EventData>
    <Data Name="param1">WMI Performance Adapter</Data>
    <Data Name="param2">running</Data>
    <Binary>77006D006900410070005300720076002F0034000000</Binary>
  </EventData>
</Event>

Имя журнала:   System
Источник:      Service Control Manager
Дата:          08.12.2023 11:47:27
Код события:   7036
Категория задачи:Отсутствует
Уровень:       Сведения
Ключевые слова:Классический
Пользователь:  Н/Д
Компьютер:     WIN-J9D866ESIJ2
Описание:
Служба "WMI Performance Adapter" перешла в состояние stopped.
Xml события:
<Event xmlns="http://schemas.microsoft.com/win/2004/08/events/event">
  <System>
    <Provider Name="Service Control Manager" Guid="{555908d1-a6d7-4695-8e1e-26931d2012f4}" EventSourceName="Service Control Manager" />
    <EventID Qualifiers="16384">7036</EventID>
    <Version>0</Version>
    <Level>4</Level>
    <Task>0</Task>
    <Opcode>0</Opcode>
    <Keywords>0x8080000000000000</Keywords>
    <TimeCreated SystemTime="2023-12-08T06:47:27.8614363Z" />
    <EventRecordID>8807</EventRecordID>
    <Correlation />
    <Execution ProcessID="544" ThreadID="2880" />
    <Channel>System</Channel>
    <Computer>WIN-J9D866ESIJ2</Computer>
    <Security />
  </System>
  <EventData>
    <Data Name="param1">WMI Performance Adapter</Data>
    <Data Name="param2">stopped</Data>
    <Binary>77006D006900410070005300720076002F0031000000</Binary>
  </EventData>
</Event>

Имя журнала:   System
Источник:      Service Control Manager
Дата:          08.12.2023 11:47:03
Код события:   7036
Категория задачи:Отсутствует
Уровень:       Сведения
Ключевые слова:Классический
Пользователь:  Н/Д
Компьютер:     WIN-J9D866ESIJ2
Описание:
Служба "App Readiness" перешла в состояние stopped.
Xml события:
<Event xmlns="http://schemas.microsoft.com/win/2004/08/events/event">
  <System>
    <Provider Name="Service Control Manager" Guid="{555908d1-a6d7-4695-8e1e-26931d2012f4}" EventSourceName="Service Control Manager" />
    <EventID Qualifiers="16384">7036</EventID>
    <Version>0</Version>
    <Level>4</Level>
    <Task>0</Task>
    <Opcode>0</Opcode>
    <Keywords>0x8080000000000000</Keywords>
    <TimeCreated SystemTime="2023-12-08T06:47:03.2033765Z" />
    <EventRecordID>8806</EventRecordID>
    <Correlation />
    <Execution ProcessID="544" ThreadID="2880" />
    <Channel>System</Channel>
    <Computer>WIN-J9D866ESIJ2</Computer>
    <Security />
  </System>
  <EventData>
    <Data Name="param1">App Readiness</Data>
    <Data Name="param2">stopped</Data>
    <Binary>410070007000520065006100640069006E006500730073002F0031000000</Binary>
  </EventData>
</Event>

Имя журнала:   System
Источник:      Service Control Manager
Дата:          08.12.2023 11:46:40
Код события:   7036
Категория задачи:Отсутствует
Уровень:       Сведения
Ключевые слова:Классический
Пользователь:  Н/Д
Компьютер:     WIN-J9D866ESIJ2
Описание:
Служба "Update Orchestrator Service for Windows Update" перешла в состояние stopped.
Xml события:
<Event xmlns="http://schemas.microsoft.com/win/2004/08/events/event">
  <System>
    <Provider Name="Service Control Manager" Guid="{555908d1-a6d7-4695-8e1e-26931d2012f4}" EventSourceName="Service Control Manager" />
    <EventID Qualifiers="16384">7036</EventID>
    <Version>0</Version>
    <Level>4</Level>
    <Task>0</Task>
    <Opcode>0</Opcode>
    <Keywords>0x8080000000000000</Keywords>
    <TimeCreated SystemTime="2023-12-08T06:46:40.9545355Z" />
    <EventRecordID>8805</EventRecordID>
    <Correlation />
    <Execution ProcessID="544" ThreadID="2880" />
    <Channel>System</Channel>
    <Computer>WIN-J9D866ESIJ2</Computer>
    <Security />
  </System>
  <EventData>
    <Data Name="param1">Update Orchestrator Service for Windows Update</Data>
    <Data Name="param2">stopped</Data>
    <Binary>550073006F005300760063002F0031000000</Binary>
  </EventData>
</Event>

Имя журнала:   System
Источник:      Service Control Manager
Дата:          08.12.2023 11:45:27
Код события:   7036
Категория задачи:Отсутствует
Уровень:       Сведения
Ключевые слова:Классический
Пользователь:  Н/Д
Компьютер:     WIN-J9D866ESIJ2
Описание:
Служба "WMI Performance Adapter" перешла в состояние running.
Xml события:
<Event xmlns="http://schemas.microsoft.com/win/2004/08/events/event">
  <System>
    <Provider Name="Service Control Manager" Guid="{555908d1-a6d7-4695-8e1e-26931d2012f4}" EventSourceName="Service Control Manager" />
    <EventID Qualifiers="16384">7036</EventID>
    <Version>0</Version>
    <Level>4</Level>
    <Task>0</Task>
    <Opcode>0</Opcode>
    <Keywords>0x8080000000000000</Keywords>
    <TimeCreated SystemTime="2023-12-08T06:45:27.2059254Z" />
    <EventRecordID>8804</EventRecordID>
    <Correlation />
    <Execution ProcessID="544" ThreadID="2880" />
    <Channel>System</Channel>
    <Computer>WIN-J9D866ESIJ2</Computer>
    <Security />
  </System>
  <EventData>
    <Data Name="param1">WMI Performance Adapter</Data>
    <Data Name="param2">running</Data>
    <Binary>77006D006900410070005300720076002F0034000000</Binary>
  </EventData>
</Event>

Имя журнала:   System
Источник:      Service Control Manager
Дата:          08.12.2023 11:42:06
Код события:   7036
Категория задачи:Отсутствует
Уровень:       Сведения
Ключевые слова:Классический
Пользователь:  Н/Д
Компьютер:     WIN-J9D866ESIJ2
Описание:
Служба "AppXSvc" перешла в состояние stopped.
Xml события:
<Event xmlns="http://schemas.microsoft.com/win/2004/08/events/event">
  <System>
    <Provider Name="Service Control Manager" Guid="{555908d1-a6d7-4695-8e1e-26931d2012f4}" EventSourceName="Service Control Manager" />
    <EventID Qualifiers="16384">7036</EventID>
    <Version>0</Version>
    <Level>4</Level>
    <Task>0</Task>
    <Opcode>0</Opcode>
    <Keywords>0x8080000000000000</Keywords>
    <TimeCreated SystemTime="2023-12-08T06:42:06.5154979Z" />
    <EventRecordID>8803</EventRecordID>
    <Correlation />
    <Execution ProcessID="544" ThreadID="2880" />
    <Channel>System</Channel>
    <Computer>WIN-J9D866ESIJ2</Computer>
    <Security />
  </System>
  <EventData>
    <Data Name="param1">AppXSvc</Data>
    <Data Name="param2">stopped</Data>
    <Binary>41007000700058005300760063002F0031000000</Binary>
  </EventData>
</Event>

Имя журнала:   System
Источник:      Service Control Manager
Дата:          08.12.2023 11:42:06
Код события:   7036
Категория задачи:Отсутствует
Уровень:       Сведения
Ключевые слова:Классический
Пользователь:  Н/Д
Компьютер:     WIN-J9D866ESIJ2
Описание:
Служба "ClipSVC" перешла в состояние stopped.
Xml события:
<Event xmlns="http://schemas.microsoft.com/win/2004/08/events/event">
  <System>
    <Provider Name="Service Control Manager" Guid="{555908d1-a6d7-4695-8e1e-26931d2012f4}" EventSourceName="Service Control Manager" />
    <EventID Qualifiers="16384">7036</EventID>
    <Version>0</Version>
    <Level>4</Level>
    <Task>0</Task>
    <Opcode>0</Opcode>
    <Keywords>0x8080000000000000</Keywords>
    <TimeCreated SystemTime="2023-12-08T06:42:06.4745257Z" />
    <EventRecordID>8802</EventRecordID>
    <Correlation />
    <Execution ProcessID="544" ThreadID="2880" />
    <Channel>System</Channel>
    <Computer>WIN-J9D866ESIJ2</Computer>
    <Security />
  </System>
  <EventData>
    <Data Name="param1">ClipSVC</Data>
    <Data Name="param2">stopped</Data>
    <Binary>43006C00690070005300560043002F0031000000</Binary>
  </EventData>
</Event>

Имя журнала:   System
Источник:      Service Control Manager
Дата:          08.12.2023 11:40:42
Код события:   7036
Категория задачи:Отсутствует
Уровень:       Сведения
Ключевые слова:Классический
Пользователь:  Н/Д
Компьютер:     WIN-J9D866ESIJ2
Описание:
Служба "Device Setup Manager" перешла в состояние stopped.
Xml события:
<Event xmlns="http://schemas.microsoft.com/win/2004/08/events/event">
  <System>
    <Provider Name="Service Control Manager" Guid="{555908d1-a6d7-4695-8e1e-26931d2012f4}" EventSourceName="Service Control Manager" />
    <EventID Qualifiers="16384">7036</EventID>
    <Version>0</Version>
    <Level>4</Level>
    <Task>0</Task>
    <Opcode>0</Opcode>
    <Keywords>0x8080000000000000</Keywords>
    <TimeCreated SystemTime="2023-12-08T06:40:42.9684976Z" />
    <EventRecordID>8801</EventRecordID>
    <Correlation />
    <Execution ProcessID="544" ThreadID="2880" />
    <Channel>System</Channel>
    <Computer>WIN-J9D866ESIJ2</Computer>
    <Security />
  </System>
  <EventData>
    <Data Name="param1">Device Setup Manager</Data>
    <Data Name="param2">stopped</Data>
    <Binary>440073006D005300760063002F0031000000</Binary>
  </EventData>
</Event>

Имя журнала:   System
Источник:      Service Control Manager
Дата:          08.12.2023 11:39:02
Код события:   7036
Категория задачи:Отсутствует
Уровень:       Сведения
Ключевые слова:Классический
Пользователь:  Н/Д
Компьютер:     WIN-J9D866ESIJ2
Описание:
Служба "VaultSvc" перешла в состояние running.
Xml события:
<Event xmlns="http://schemas.microsoft.com/win/2004/08/events/event">
  <System>
    <Provider Name="Service Control Manager" Guid="{555908d1-a6d7-4695-8e1e-26931d2012f4}" EventSourceName="Service Control Manager" />
    <EventID Qualifiers="16384">7036</EventID>
    <Version>0</Version>
    <Level>4</Level>
    <Task>0</Task>
    <Opcode>0</Opcode>
    <Keywords>0x8080000000000000</Keywords>
    <TimeCreated SystemTime="2023-12-08T06:39:02.1744163Z" />
    <EventRecordID>8800</EventRecordID>
    <Correlation />
    <Execution ProcessID="544" ThreadID="2880" />
    <Channel>System</Channel>
    <Computer>WIN-J9D866ESIJ2</Computer>
    <Security />
  </System>
  <EventData>
    <Data Name="param1">VaultSvc</Data>
    <Data Name="param2">running</Data>
    <Binary>5600610075006C0074005300760063002F0034000000</Binary>
  </EventData>
</Event>

Имя журнала:   System
Источник:      Service Control Manager
Дата:          08.12.2023 11:39:02
Код события:   7036
Категория задачи:Отсутствует
Уровень:       Сведения
Ключевые слова:Классический
Пользователь:  Н/Д
Компьютер:     WIN-J9D866ESIJ2
Описание:
Служба "Sync Host_7071be" перешла в состояние running.
Xml события:
<Event xmlns="http://schemas.microsoft.com/win/2004/08/events/event">
  <System>
    <Provider Name="Service Control Manager" Guid="{555908d1-a6d7-4695-8e1e-26931d2012f4}" EventSourceName="Service Control Manager" />
    <EventID Qualifiers="16384">7036</EventID>
    <Version>0</Version>
    <Level>4</Level>
    <Task>0</Task>
    <Opcode>0</Opcode>
    <Keywords>0x8080000000000000</Keywords>
    <TimeCreated SystemTime="2023-12-08T06:39:02.1577929Z" />
    <EventRecordID>8799</EventRecordID>
    <Correlation />
    <Execution ProcessID="544" ThreadID="1844" />
    <Channel>System</Channel>
    <Computer>WIN-J9D866ESIJ2</Computer>
    <Security />
  </System>
  <EventData>
    <Data Name="param1">Sync Host_7071be</Data>
    <Data Name="param2">running</Data>
    <Binary>4F006E006500530079006E0063005300760063005F003700300037003100620065002F0034000000</Binary>
  </EventData>
</Event>

Имя журнала:   System
Источник:      Service Control Manager
Дата:          08.12.2023 11:38:42
Код события:   7036
Категория задачи:Отсутствует
Уровень:       Сведения
Ключевые слова:Классический
Пользователь:  Н/Д
Компьютер:     WIN-J9D866ESIJ2
Описание:
Служба "NetSetupSvc" перешла в состояние stopped.
Xml события:
<Event xmlns="http://schemas.microsoft.com/win/2004/08/events/event">
  <System>
    <Provider Name="Service Control Manager" Guid="{555908d1-a6d7-4695-8e1e-26931d2012f4}" EventSourceName="Service Control Manager" />
    <EventID Qualifiers="16384">7036</EventID>
    <Version>0</Version>
    <Level>4</Level>
    <Task>0</Task>
    <Opcode>0</Opcode>
    <Keywords>0x8080000000000000</Keywords>
    <TimeCreated SystemTime="2023-12-08T06:38:42.5669725Z" />
    <EventRecordID>8798</EventRecordID>
    <Correlation />
    <Execution ProcessID="544" ThreadID="1840" />
    <Channel>System</Channel>
    <Computer>WIN-J9D866ESIJ2</Computer>
    <Security />
  </System>
  <EventData>
    <Data Name="param1">NetSetupSvc</Data>
    <Data Name="param2">stopped</Data>
    <Binary>4E0065007400530065007400750070005300760063002F0031000000</Binary>
  </EventData>
</Event>

Имя журнала:   System
Источник:      Service Control Manager
Дата:          08.12.2023 11:37:38
Код события:   7036
Категория задачи:Отсутствует
Уровень:       Сведения
Ключевые слова:Классический
Пользователь:  Н/Д
Компьютер:     WIN-J9D866ESIJ2
Описание:
Служба "lfsvc" перешла в состояние running.
Xml события:
<Event xmlns="http://schemas.microsoft.com/win/2004/08/events/event">
  <System>
    <Provider Name="Service Control Manager" Guid="{555908d1-a6d7-4695-8e1e-26931d2012f4}" EventSourceName="Service Control Manager" />
    <EventID Qualifiers="16384">7036</EventID>
    <Version>0</Version>
    <Level>4</Level>
    <Task>0</Task>
    <Opcode>0</Opcode>
    <Keywords>0x8080000000000000</Keywords>
    <TimeCreated SystemTime="2023-12-08T06:37:38.1020139Z" />
    <EventRecordID>8797</EventRecordID>
    <Correlation />
    <Execution ProcessID="544" ThreadID="2928" />
    <Channel>System</Channel>
    <Computer>WIN-J9D866ESIJ2</Computer>
    <Security />
  </System>
  <EventData>
    <Data Name="param1">lfsvc</Data>
    <Data Name="param2">running</Data>
    <Binary>6C0066007300760063002F0034000000</Binary>
  </EventData>
</Event>

Имя журнала:   System
Источник:      Lfsvc
Дата:          08.12.2023 11:37:38
Код события:   2
Категория задачи:Отсутствует
Уровень:       Сведения
Ключевые слова:Классический
Пользователь:  Н/Д
Компьютер:     WIN-J9D866ESIJ2
Описание:
Определение географического положения отключено пользователем.
Xml события:
<Event xmlns="http://schemas.microsoft.com/win/2004/08/events/event">
  <System>
    <Provider Name="Lfsvc" />
    <EventID Qualifiers="0">2</EventID>
    <Level>4</Level>
    <Task>0</Task>
    <Keywords>0x80000000000000</Keywords>
    <TimeCreated SystemTime="2023-12-08T06:37:38.0316932Z" />
    <EventRecordID>8796</EventRecordID>
    <Channel>System</Channel>
    <Computer>WIN-J9D866ESIJ2</Computer>
    <Security />
  </System>
  <EventData>
  </EventData>
</Event>

Имя журнала:   System
Источник:      Service Control Manager
Дата:          08.12.2023 11:37:32
Код события:   7036
Категория задачи:Отсутствует
Уровень:       Сведения
Ключевые слова:Классический
Пользователь:  Н/Д
Компьютер:     WIN-J9D866ESIJ2
Описание:
Служба "Update Orchestrator Service for Windows Update" перешла в состояние running.
Xml события:
<Event xmlns="http://schemas.microsoft.com/win/2004/08/events/event">
  <System>
    <Provider Name="Service Control Manager" Guid="{555908d1-a6d7-4695-8e1e-26931d2012f4}" EventSourceName="Service Control Manager" />
    <EventID Qualifiers="16384">7036</EventID>
    <Version>0</Version>
    <Level>4</Level>
    <Task>0</Task>
    <Opcode>0</Opcode>
    <Keywords>0x8080000000000000</Keywords>
    <TimeCreated SystemTime="2023-12-08T06:37:32.4975030Z" />
    <EventRecordID>8795</EventRecordID>
    <Correlation />
    <Execution ProcessID="544" ThreadID="2928" />
    <Channel>System</Channel>
    <Computer>WIN-J9D866ESIJ2</Computer>
    <Security />
  </System>
  <EventData>
    <Data Name="param1">Update Orchestrator Service for Windows Update</Data>
    <Data Name="param2">running</Data>
    <Binary>550073006F005300760063002F0034000000</Binary>
  </EventData>
</Event>

Имя журнала:   System
Источник:      Service Control Manager
Дата:          08.12.2023 11:37:09
Код события:   7036
Категория задачи:Отсутствует
Уровень:       Сведения
Ключевые слова:Классический
Пользователь:  Н/Д
Компьютер:     WIN-J9D866ESIJ2
Описание:
Служба "NetSetupSvc" перешла в состояние running.
Xml события:
<Event xmlns="http://schemas.microsoft.com/win/2004/08/events/event">
  <System>
    <Provider Name="Service Control Manager" Guid="{555908d1-a6d7-4695-8e1e-26931d2012f4}" EventSourceName="Service Control Manager" />
    <EventID Qualifiers="16384">7036</EventID>
    <Version>0</Version>
    <Level>4</Level>
    <Task>0</Task>
    <Opcode>0</Opcode>
    <Keywords>0x8080000000000000</Keywords>
    <TimeCreated SystemTime="2023-12-08T06:37:09.3463196Z" />
    <EventRecordID>8794</EventRecordID>
    <Correlation />
    <Execution ProcessID="544" ThreadID="2928" />
    <Channel>System</Channel>
    <Computer>WIN-J9D866ESIJ2</Computer>
    <Security />
  </System>
  <EventData>
    <Data Name="param1">NetSetupSvc</Data>
    <Data Name="param2">running</Data>
    <Binary>4E0065007400530065007400750070005300760063002F0034000000</Binary>
  </EventData>
</Event>

Имя журнала:   System
Источник:      Microsoft-Windows-Kernel-General
Дата:          08.12.2023 11:37:06
Код события:   16
Категория задачи:Отсутствует
Уровень:       Сведения
Ключевые слова:
Пользователь:  S-1-5-21-2174175842-4115508165-805983055-500
Компьютер:     WIN-J9D866ESIJ2
Описание:
Журнал доступа в кусте \??\C:\Users\Administrator\AppData\Local\Packages\Microsoft.Windows.SecondaryTileExperience_cw5n1h2txyewy\Settings\settings.dat очищен; обновлено разделов: 1; создано измененных страниц: 1.
Xml события:
<Event xmlns="http://schemas.microsoft.com/win/2004/08/events/event">
  <System>
    <Provider Name="Microsoft-Windows-Kernel-General" Guid="{a68ca8b7-004f-d7b6-a698-07e2de0f1f5d}" />
    <EventID>16</EventID>
    <Version>0</Version>
    <Level>4</Level>
    <Task>0</Task>
    <Opcode>0</Opcode>
    <Keywords>0x8000000000000000</Keywords>
    <TimeCreated SystemTime="2023-12-08T06:37:06.3246553Z" />
    <EventRecordID>8793</EventRecordID>
    <Correlation />
    <Execution ProcessID="3096" ThreadID="3240" />
    <Channel>System</Channel>
    <Computer>WIN-J9D866ESIJ2</Computer>
    <Security UserID="S-1-5-21-2174175842-4115508165-805983055-500" />
  </System>
  <EventData>
    <Data Name="HiveNameLength">127</Data>
    <Data Name="HiveName">\??\C:\Users\Administrator\AppData\Local\Packages\Microsoft.Windows.SecondaryTileExperience_cw5n1h2txyewy\Settings\settings.dat</Data>
    <Data Name="KeysUpdated">1</Data>
    <Data Name="DirtyPages">1</Data>
  </EventData>
</Event>

Имя журнала:   System
Источник:      Service Control Manager
Дата:          08.12.2023 11:37:06
Код события:   7036
Категория задачи:Отсутствует
Уровень:       Сведения
Ключевые слова:Классический
Пользователь:  Н/Д
Компьютер:     WIN-J9D866ESIJ2
Описание:
Служба "WdiSystemHost" перешла в состояние running.
Xml события:
<Event xmlns="http://schemas.microsoft.com/win/2004/08/events/event">
  <System>
    <Provider Name="Service Control Manager" Guid="{555908d1-a6d7-4695-8e1e-26931d2012f4}" EventSourceName="Service Control Manager" />
    <EventID Qualifiers="16384">7036</EventID>
    <Version>0</Version>
    <Level>4</Level>
    <Task>0</Task>
    <Opcode>0</Opcode>
    <Keywords>0x8080000000000000</Keywords>
    <TimeCreated SystemTime="2023-12-08T06:37:06.2213813Z" />
    <EventRecordID>8792</EventRecordID>
    <Correlation />
    <Execution ProcessID="544" ThreadID="2880" />
    <Channel>System</Channel>
    <Computer>WIN-J9D866ESIJ2</Computer>
    <Security />
  </System>
  <EventData>
    <Data Name="param1">WdiSystemHost</Data>
    <Data Name="param2">running</Data>
    <Binary>570064006900530079007300740065006D0048006F00730074002F0034000000</Binary>
  </EventData>
</Event>

Имя журнала:   System
Источник:      Microsoft-Windows-Kernel-General
Дата:          08.12.2023 11:37:05
Код события:   16
Категория задачи:Отсутствует
Уровень:       Сведения
Ключевые слова:
Пользователь:  S-1-5-21-2174175842-4115508165-805983055-500
Компьютер:     WIN-J9D866ESIJ2
Описание:
Журнал доступа в кусте \??\C:\Users\Administrator\AppData\Local\Packages\Microsoft.Windows.Apprep.ChxApp_cw5n1h2txyewy\Settings\settings.dat очищен; обновлено разделов: 1; создано измененных страниц: 1.
Xml события:
<Event xmlns="http://schemas.microsoft.com/win/2004/08/events/event">
  <System>
    <Provider Name="Microsoft-Windows-Kernel-General" Guid="{a68ca8b7-004f-d7b6-a698-07e2de0f1f5d}" />
    <EventID>16</EventID>
    <Version>0</Version>
    <Level>4</Level>
    <Task>0</Task>
    <Opcode>0</Opcode>
    <Keywords>0x8000000000000000</Keywords>
    <TimeCreated SystemTime="2023-12-08T06:37:05.4769337Z" />
    <EventRecordID>8791</EventRecordID>
    <Correlation />
    <Execution ProcessID="3096" ThreadID="3240" />
    <Channel>System</Channel>
    <Computer>WIN-J9D866ESIJ2</Computer>
    <Security UserID="S-1-5-21-2174175842-4115508165-805983055-500" />
  </System>
  <EventData>
    <Data Name="HiveNameLength">117</Data>
    <Data Name="HiveName">\??\C:\Users\Administrator\AppData\Local\Packages\Microsoft.Windows.Apprep.ChxApp_cw5n1h2txyewy\Settings\settings.dat</Data>
    <Data Name="KeysUpdated">1</Data>
    <Data Name="DirtyPages">1</Data>
  </EventData>
</Event>

Имя журнала:   System
Источник:      Microsoft-Windows-Kernel-General
Дата:          08.12.2023 11:37:04
Код события:   16
Категория задачи:Отсутствует
Уровень:       Сведения
Ключевые слова:
Пользователь:  СИСТЕМА
Компьютер:     WIN-J9D866ESIJ2
Описание:
Журнал доступа в кусте \??\C:\ProgramData\Microsoft\Windows\AppRepository\Packages\Microsoft.Windows.Apprep.ChxApp_1000.14393.2969.0_neutral_neutral_cw5n1h2txyewy\ActivationStore.dat очищен; обновлено разделов: 0; создано измененных страниц: 0.
Xml события:
<Event xmlns="http://schemas.microsoft.com/win/2004/08/events/event">
  <System>
    <Provider Name="Microsoft-Windows-Kernel-General" Guid="{a68ca8b7-004f-d7b6-a698-07e2de0f1f5d}" />
    <EventID>16</EventID>
    <Version>0</Version>
    <Level>4</Level>
    <Task>0</Task>
    <Opcode>0</Opcode>
    <Keywords>0x8000000000000000</Keywords>
    <TimeCreated SystemTime="2023-12-08T06:37:04.9570297Z" />
    <EventRecordID>8790</EventRecordID>
    <Correlation />
    <Execution ProcessID="3096" ThreadID="3240" />
    <Channel>System</Channel>
    <Computer>WIN-J9D866ESIJ2</Computer>
    <Security UserID="S-1-5-18" />
  </System>
  <EventData>
    <Data Name="HiveNameLength">159</Data>
    <Data Name="HiveName">\??\C:\ProgramData\Microsoft\Windows\AppRepository\Packages\Microsoft.Windows.Apprep.ChxApp_1000.14393.2969.0_neutral_neutral_cw5n1h2txyewy\ActivationStore.dat</Data>
    <Data Name="KeysUpdated">0</Data>
    <Data Name="DirtyPages">0</Data>
  </EventData>
</Event>

Имя журнала:   System
Источник:      Service Control Manager
Дата:          08.12.2023 11:37:04
Код события:   7036
Категория задачи:Отсутствует
Уровень:       Сведения
Ключевые слова:Классический
Пользователь:  Н/Д
Компьютер:     WIN-J9D866ESIJ2
Описание:
Служба "Device Setup Manager" перешла в состояние running.
Xml события:
<Event xmlns="http://schemas.microsoft.com/win/2004/08/events/event">
  <System>
    <Provider Name="Service Control Manager" Guid="{555908d1-a6d7-4695-8e1e-26931d2012f4}" EventSourceName="Service Control Manager" />
    <EventID Qualifiers="16384">7036</EventID>
    <Version>0</Version>
    <Level>4</Level>
    <Task>0</Task>
    <Opcode>0</Opcode>
    <Keywords>0x8080000000000000</Keywords>
    <TimeCreated SystemTime="2023-12-08T06:37:04.3150892Z" />
    <EventRecordID>8789</EventRecordID>
    <Correlation />
    <Execution ProcessID="544" ThreadID="2928" />
    <Channel>System</Channel>
    <Computer>WIN-J9D866ESIJ2</Computer>
    <Security />
  </System>
  <EventData>
    <Data Name="param1">Device Setup Manager</Data>
    <Data Name="param2">running</Data>
    <Binary>440073006D005300760063002F0034000000</Binary>
  </EventData>
</Event>

Имя журнала:   System
Источник:      Service Control Manager
Дата:          08.12.2023 11:37:03
Код события:   7036
Категория задачи:Отсутствует
Уровень:       Сведения
Ключевые слова:Классический
Пользователь:  Н/Д
Компьютер:     WIN-J9D866ESIJ2
Описание:
Служба "ClipSVC" перешла в состояние running.
Xml события:
<Event xmlns="http://schemas.microsoft.com/win/2004/08/events/event">
  <System>
    <Provider Name="Service Control Manager" Guid="{555908d1-a6d7-4695-8e1e-26931d2012f4}" EventSourceName="Service Control Manager" />
    <EventID Qualifiers="16384">7036</EventID>
    <Version>0</Version>
    <Level>4</Level>
    <Task>0</Task>
    <Opcode>0</Opcode>
    <Keywords>0x8080000000000000</Keywords>
    <TimeCreated SystemTime="2023-12-08T06:37:03.9088175Z" />
    <EventRecordID>8788</EventRecordID>
    <Correlation />
    <Execution ProcessID="544" ThreadID="2880" />
    <Channel>System</Channel>
    <Computer>WIN-J9D866ESIJ2</Computer>
    <Security />
  </System>
  <EventData>
    <Data Name="param1">ClipSVC</Data>
    <Data Name="param2">running</Data>
    <Binary>43006C00690070005300560043002F0034000000</Binary>
  </EventData>
</Event>

Имя журнала:   System
Источник:      Service Control Manager
Дата:          08.12.2023 11:37:03
Код события:   7036
Категория задачи:Отсутствует
Уровень:       Сведения
Ключевые слова:Классический
Пользователь:  Н/Д
Компьютер:     WIN-J9D866ESIJ2
Описание:
Служба "AppXSvc" перешла в состояние running.
Xml события:
<Event xmlns="http://schemas.microsoft.com/win/2004/08/events/event">
  <System>
    <Provider Name="Service Control Manager" Guid="{555908d1-a6d7-4695-8e1e-26931d2012f4}" EventSourceName="Service Control Manager" />
    <EventID Qualifiers="16384">7036</EventID>
    <Version>0</Version>
    <Level>4</Level>
    <Task>0</Task>
    <Opcode>0</Opcode>
    <Keywords>0x8080000000000000</Keywords>
    <TimeCreated SystemTime="2023-12-08T06:37:03.5494542Z" />
    <EventRecordID>8787</EventRecordID>
    <Correlation />
    <Execution ProcessID="544" ThreadID="2880" />
    <Channel>System</Channel>
    <Computer>WIN-J9D866ESIJ2</Computer>
    <Security />
  </System>
  <EventData>
    <Data Name="param1">AppXSvc</Data>
    <Data Name="param2">running</Data>
    <Binary>41007000700058005300760063002F0034000000</Binary>
  </EventData>
</Event>

Имя журнала:   System
Источник:      Service Control Manager
Дата:          08.12.2023 11:37:03
Код события:   7036
Категория задачи:Отсутствует
Уровень:       Сведения
Ключевые слова:Классический
Пользователь:  Н/Д
Компьютер:     WIN-J9D866ESIJ2
Описание:
Служба "App Readiness" перешла в состояние running.
Xml события:
<Event xmlns="http://schemas.microsoft.com/win/2004/08/events/event">
  <System>
    <Provider Name="Service Control Manager" Guid="{555908d1-a6d7-4695-8e1e-26931d2012f4}" EventSourceName="Service Control Manager" />
    <EventID Qualifiers="16384">7036</EventID>
    <Version>0</Version>
    <Level>4</Level>
    <Task>0</Task>
    <Opcode>0</Opcode>
    <Keywords>0x8080000000000000</Keywords>
    <TimeCreated SystemTime="2023-12-08T06:37:03.1901250Z" />
    <EventRecordID>8786</EventRecordID>
    <Correlation />
    <Execution ProcessID="544" ThreadID="2880" />
    <Channel>System</Channel>
    <Computer>WIN-J9D866ESIJ2</Computer>
    <Security />
  </System>
  <EventData>
    <Data Name="param1">App Readiness</Data>
    <Data Name="param2">running</Data>
    <Binary>410070007000520065006100640069006E006500730073002F0034000000</Binary>
  </EventData>
</Event>

Имя журнала:   System
Источник:      Microsoft-Windows-DistributedCOM
Дата:          08.12.2023 11:37:01
Код события:   10016
Категория задачи:Отсутствует
Уровень:       Ошибка
Ключевые слова:Классический
Пользователь:  СИСТЕМА
Компьютер:     WIN-J9D866ESIJ2
Описание:
Параметры разрешений application-specific не дают разрешения Local Activation для приложения COM-сервера с CLSID 
{8D8F4F83-3594-4F07-8369-FC3C3CAE4919}
 и APPID 
{F72671A9-012C-4725-9D2F-2A4D32D65169}
 пользователю NT AUTHORITY\SYSTEM с ИД безопасности (S-1-5-18) и адресом LocalHost (Using LRPC), выполняемого в контейнере приложения Unavailable с ИД безопасности (Unavailable). Это разрешение безопасности можно изменить с помощью средства администрирования служб компонентов.
Xml события:
<Event xmlns="http://schemas.microsoft.com/win/2004/08/events/event">
  <System>
    <Provider Name="Microsoft-Windows-DistributedCOM" Guid="{1B562E86-B7AA-4131-BADC-B6F3A001407E}" EventSourceName="DCOM" />
    <EventID Qualifiers="0">10016</EventID>
    <Version>0</Version>
    <Level>2</Level>
    <Task>0</Task>
    <Opcode>0</Opcode>
    <Keywords>0x8080000000000000</Keywords>
    <TimeCreated SystemTime="2023-12-08T06:37:01.9557070Z" />
    <EventRecordID>8785</EventRecordID>
    <Correlation />
    <Execution ProcessID="692" ThreadID="3056" />
    <Channel>System</Channel>
    <Computer>WIN-J9D866ESIJ2</Computer>
    <Security UserID="S-1-5-18" />
  </System>
  <EventData>
    <Data Name="param1">application-specific</Data>
    <Data Name="param2">Local</Data>
    <Data Name="param3">Activation</Data>
    <Data Name="param4">{8D8F4F83-3594-4F07-8369-FC3C3CAE4919}</Data>
    <Data Name="param5">{F72671A9-012C-4725-9D2F-2A4D32D65169}</Data>
    <Data Name="param6">NT AUTHORITY</Data>
    <Data Name="param7">SYSTEM</Data>
    <Data Name="param8">S-1-5-18</Data>
    <Data Name="param9">LocalHost (Using LRPC)</Data>
    <Data Name="param10">Unavailable</Data>
    <Data Name="param11">Unavailable</Data>
  </EventData>
</Event>

Имя журнала:   System
Источник:      Service Control Manager
Дата:          08.12.2023 11:37:01
Код события:   7036
Категория задачи:Отсутствует
Уровень:       Сведения
Ключевые слова:Классический
Пользователь:  Н/Д
Компьютер:     WIN-J9D866ESIJ2
Описание:
Служба "CDPUserSvc_7071be" перешла в состояние running.
Xml события:
<Event xmlns="http://schemas.microsoft.com/win/2004/08/events/event">
  <System>
    <Provider Name="Service Control Manager" Guid="{555908d1-a6d7-4695-8e1e-26931d2012f4}" EventSourceName="Service Control Manager" />
    <EventID Qualifiers="16384">7036</EventID>
    <Version>0</Version>
    <Level>4</Level>
    <Task>0</Task>
    <Opcode>0</Opcode>
    <Keywords>0x8080000000000000</Keywords>
    <TimeCreated SystemTime="2023-12-08T06:37:01.9401170Z" />
    <EventRecordID>8784</EventRecordID>
    <Correlation />
    <Execution ProcessID="544" ThreadID="2880" />
    <Channel>System</Channel>
    <Computer>WIN-J9D866ESIJ2</Computer>
    <Security />
  </System>
  <EventData>
    <Data Name="param1">CDPUserSvc_7071be</Data>
    <Data Name="param2">running</Data>
    <Binary>43004400500055007300650072005300760063005F003700300037003100620065002F0034000000</Binary>
  </EventData>
</Event>

Имя журнала:   System
Источник:      Service Control Manager
Дата:          08.12.2023 11:37:00
Код события:   7036
Категория задачи:Отсутствует
Уровень:       Сведения
Ключевые слова:Классический
Пользователь:  Н/Д
Компьютер:     WIN-J9D866ESIJ2
Описание:
Служба "ScDeviceEnum" перешла в состояние running.
Xml события:
<Event xmlns="http://schemas.microsoft.com/win/2004/08/events/event">
  <System>
    <Provider Name="Service Control Manager" Guid="{555908d1-a6d7-4695-8e1e-26931d2012f4}" EventSourceName="Service Control Manager" />
    <EventID Qualifiers="16384">7036</EventID>
    <Version>0</Version>
    <Level>4</Level>
    <Task>0</Task>
    <Opcode>0</Opcode>
    <Keywords>0x8080000000000000</Keywords>
    <TimeCreated SystemTime="2023-12-08T06:37:00.5338975Z" />
    <EventRecordID>8783</EventRecordID>
    <Correlation />
    <Execution ProcessID="544" ThreadID="2928" />
    <Channel>System</Channel>
    <Computer>WIN-J9D866ESIJ2</Computer>
    <Security />
  </System>
  <EventData>
    <Data Name="param1">ScDeviceEnum</Data>
    <Data Name="param2">running</Data>
    <Binary>5300630044006500760069006300650045006E0075006D002F0034000000</Binary>
  </EventData>
</Event>

Имя журнала:   System
Источник:      Microsoft-Windows-Winlogon
Дата:          08.12.2023 11:37:00
Код события:   7001
Категория задачи:(1101)
Уровень:       Сведения
Ключевые слова:(35184372088832)
Пользователь:  СИСТЕМА
Компьютер:     WIN-J9D866ESIJ2
Описание:
Уведомление о входе пользователя для программы улучшения качества ПО
Xml события:
<Event xmlns="http://schemas.microsoft.com/win/2004/08/events/event">
  <System>
    <Provider Name="Microsoft-Windows-Winlogon" Guid="{dbe9b383-7cf3-4331-91cc-a3cb16a3b538}" />
    <EventID>7001</EventID>
    <Version>0</Version>
    <Level>4</Level>
    <Task>1101</Task>
    <Opcode>0</Opcode>
    <Keywords>0x2000200000000000</Keywords>
    <TimeCreated SystemTime="2023-12-08T06:37:00.3947443Z" />
    <EventRecordID>8782</EventRecordID>
    <Correlation />
    <Execution ProcessID="2356" ThreadID="2148" />
    <Channel>System</Channel>
    <Computer>WIN-J9D866ESIJ2</Computer>
    <Security UserID="S-1-5-18" />
  </System>
  <EventData>
    <Data Name="TSId">2</Data>
    <Data Name="UserSid">S-1-5-21-2174175842-4115508165-805983055-500</Data>
  </EventData>
</Event>

Имя журнала:   System
Источник:      Service Control Manager
Дата:          08.12.2023 11:31:25
Код события:   7036
Категория задачи:Отсутствует
Уровень:       Сведения
Ключевые слова:Классический
Пользователь:  Н/Д
Компьютер:     WIN-J9D866ESIJ2
Описание:
Служба "WMI Performance Adapter" перешла в состояние stopped.
Xml события:
<Event xmlns="http://schemas.microsoft.com/win/2004/08/events/event">
  <System>
    <Provider Name="Service Control Manager" Guid="{555908d1-a6d7-4695-8e1e-26931d2012f4}" EventSourceName="Service Control Manager" />
    <EventID Qualifiers="16384">7036</EventID>
    <Version>0</Version>
    <Level>4</Level>
    <Task>0</Task>
    <Opcode>0</Opcode>
    <Keywords>0x8080000000000000</Keywords>
    <TimeCreated SystemTime="2023-12-08T06:31:25.1595451Z" />
    <EventRecordID>8781</EventRecordID>
    <Correlation />
    <Execution ProcessID="544" ThreadID="2880" />
    <Channel>System</Channel>
    <Computer>WIN-J9D866ESIJ2</Computer>
    <Security />
  </System>
  <EventData>
    <Data Name="param1">WMI Performance Adapter</Data>
    <Data Name="param2">stopped</Data>
    <Binary>77006D006900410070005300720076002F0031000000</Binary>
  </EventData>
</Event>

Имя журнала:   System
Источник:      Service Control Manager
Дата:          08.12.2023 11:29:24
Код события:   7036
Категория задачи:Отсутствует
Уровень:       Сведения
Ключевые слова:Классический
Пользователь:  Н/Д
Компьютер:     WIN-J9D866ESIJ2
Описание:
Служба "WMI Performance Adapter" перешла в состояние running.
Xml события:
<Event xmlns="http://schemas.microsoft.com/win/2004/08/events/event">
  <System>
    <Provider Name="Service Control Manager" Guid="{555908d1-a6d7-4695-8e1e-26931d2012f4}" EventSourceName="Service Control Manager" />
    <EventID Qualifiers="16384">7036</EventID>
    <Version>0</Version>
    <Level>4</Level>
    <Task>0</Task>
    <Opcode>0</Opcode>
    <Keywords>0x8080000000000000</Keywords>
    <TimeCreated SystemTime="2023-12-08T06:29:24.6290518Z" />
    <EventRecordID>8780</EventRecordID>
    <Correlation />
    <Execution ProcessID="544" ThreadID="2880" />
    <Channel>System</Channel>
    <Computer>WIN-J9D866ESIJ2</Computer>
    <Security />
  </System>
  <EventData>
    <Data Name="param1">WMI Performance Adapter</Data>
    <Data Name="param2">running</Data>
    <Binary>77006D006900410070005300720076002F0034000000</Binary>
  </EventData>
</Event>

Имя журнала:   System
Источник:      Service Control Manager
Дата:          08.12.2023 11:24:04
Код события:   7036
Категория задачи:Отсутствует
Уровень:       Сведения
Ключевые слова:Классический
Пользователь:  Н/Д
Компьютер:     WIN-J9D866ESIJ2
Описание:
Служба "gupdate" перешла в состояние stopped.
Xml события:
<Event xmlns="http://schemas.microsoft.com/win/2004/08/events/event">
  <System>
    <Provider Name="Service Control Manager" Guid="{555908d1-a6d7-4695-8e1e-26931d2012f4}" EventSourceName="Service Control Manager" />
    <EventID Qualifiers="16384">7036</EventID>
    <Version>0</Version>
    <Level>4</Level>
    <Task>0</Task>
    <Opcode>0</Opcode>
    <Keywords>0x8080000000000000</Keywords>
    <TimeCreated SystemTime="2023-12-08T06:24:04.0513846Z" />
    <EventRecordID>8779</EventRecordID>
    <Correlation />
    <Execution ProcessID="544" ThreadID="1844" />
    <Channel>System</Channel>
    <Computer>WIN-J9D866ESIJ2</Computer>
    <Security />
  </System>
  <EventData>
    <Data Name="param1">gupdate</Data>
    <Data Name="param2">stopped</Data>
    <Binary>67007500700064006100740065002F0031000000</Binary>
  </EventData>
</Event>

Имя журнала:   System
Источник:      Service Control Manager
Дата:          08.12.2023 11:24:03
Код события:   7036
Категория задачи:Отсутствует
Уровень:       Сведения
Ключевые слова:Классический
Пользователь:  Н/Д
Компьютер:     WIN-J9D866ESIJ2
Описание:
Служба "gupdate" перешла в состояние running.
Xml события:
<Event xmlns="http://schemas.microsoft.com/win/2004/08/events/event">
  <System>
    <Provider Name="Service Control Manager" Guid="{555908d1-a6d7-4695-8e1e-26931d2012f4}" EventSourceName="Service Control Manager" />
    <EventID Qualifiers="16384">7036</EventID>
    <Version>0</Version>
    <Level>4</Level>
    <Task>0</Task>
    <Opcode>0</Opcode>
    <Keywords>0x8080000000000000</Keywords>
    <TimeCreated SystemTime="2023-12-08T06:24:03.3325668Z" />
    <EventRecordID>8778</EventRecordID>
    <Correlation />
    <Execution ProcessID="544" ThreadID="1844" />
    <Channel>System</Channel>
    <Computer>WIN-J9D866ESIJ2</Computer>
    <Security />
  </System>
  <EventData>
    <Data Name="param1">gupdate</Data>
    <Data Name="param2">running</Data>
    <Binary>67007500700064006100740065002F0034000000</Binary>
  </EventData>
</Event>

Имя журнала:   System
Источник:      Service Control Manager
Дата:          08.12.2023 11:15:24
Код события:   7036
Категория задачи:Отсутствует
Уровень:       Сведения
Ключевые слова:Классический
Пользователь:  Н/Д
Компьютер:     WIN-J9D866ESIJ2
Описание:
Служба "WMI Performance Adapter" перешла в состояние stopped.
Xml события:
<Event xmlns="http://schemas.microsoft.com/win/2004/08/events/event">
  <System>
    <Provider Name="Service Control Manager" Guid="{555908d1-a6d7-4695-8e1e-26931d2012f4}" EventSourceName="Service Control Manager" />
    <EventID Qualifiers="16384">7036</EventID>
    <Version>0</Version>
    <Level>4</Level>
    <Task>0</Task>
    <Opcode>0</Opcode>
    <Keywords>0x8080000000000000</Keywords>
    <TimeCreated SystemTime="2023-12-08T06:15:24.1904295Z" />
    <EventRecordID>8777</EventRecordID>
    <Correlation />
    <Execution ProcessID="544" ThreadID="2880" />
    <Channel>System</Channel>
    <Computer>WIN-J9D866ESIJ2</Computer>
    <Security />
  </System>
  <EventData>
    <Data Name="param1">WMI Performance Adapter</Data>
    <Data Name="param2">stopped</Data>
    <Binary>77006D006900410070005300720076002F0031000000</Binary>
  </EventData>
</Event>

