Имя журнала:   System
Источник:      Microsoft-Windows-Kernel-Boot
Дата:          08.12.2023 6:40:31
Код события:   153
Категория задачи:Отсутствует
Уровень:       Сведения
Ключевые слова:
Пользователь:  СИСТЕМА
Компьютер:     WIN-J9D866ESIJ2
Описание:
Безопасность на основе виртуализации (политики: 0) — disabled.
Xml события:
<Event xmlns="http://schemas.microsoft.com/win/2004/08/events/event">
  <System>
    <Provider Name="Microsoft-Windows-Kernel-Boot" Guid="{15ca44ff-4d7a-4baa-bba5-0998955e531e}" />
    <EventID>153</EventID>
    <Version>0</Version>
    <Level>4</Level>
    <Task>0</Task>
    <Opcode>0</Opcode>
    <Keywords>0x8000000000000000</Keywords>
    <TimeCreated SystemTime="2023-12-08T01:40:31.7301449Z" />
    <EventRecordID>8582</EventRecordID>
    <Correlation />
    <Execution ProcessID="4" ThreadID="8" />
    <Channel>System</Channel>
    <Computer>WIN-J9D866ESIJ2</Computer>
    <Security UserID="S-1-5-18" />
  </System>
  <EventData>
    <Data Name="Status">0</Data>
    <Data Name="EnableDisableReason">0</Data>
    <Data Name="VsmPolicy">0</Data>
  </EventData>
</Event>

Имя журнала:   System
Источник:      Microsoft-Windows-Kernel-General
Дата:          08.12.2023 6:40:31
Код события:   12
Категория задачи:(1)
Уровень:       Сведения
Ключевые слова:(128)
Пользователь:  СИСТЕМА
Компьютер:     WIN-J9D866ESIJ2
Описание:
Системное время запуска операционной системы: ‎2023‎-‎12‎-‎08T01:40:31.490552200Z.
Xml события:
<Event xmlns="http://schemas.microsoft.com/win/2004/08/events/event">
  <System>
    <Provider Name="Microsoft-Windows-Kernel-General" Guid="{a68ca8b7-004f-d7b6-a698-07e2de0f1f5d}" />
    <EventID>12</EventID>
    <Version>0</Version>
    <Level>4</Level>
    <Task>1</Task>
    <Opcode>0</Opcode>
    <Keywords>0x8000000000000080</Keywords>
    <TimeCreated SystemTime="2023-12-08T01:40:31.7300717Z" />
    <EventRecordID>8581</EventRecordID>
    <Correlation />
    <Execution ProcessID="4" ThreadID="8" />
    <Channel>System</Channel>
    <Computer>WIN-J9D866ESIJ2</Computer>
    <Security UserID="S-1-5-18" />
  </System>
  <EventData>
    <Data Name="MajorVersion">10</Data>
    <Data Name="MinorVersion">0</Data>
    <Data Name="BuildVersion">14393</Data>
    <Data Name="QfeVersion">6451</Data>
    <Data Name="ServiceVersion">0</Data>
    <Data Name="BootMode">0</Data>
    <Data Name="StartTime">2023-12-08T01:40:31.4905522Z</Data>
  </EventData>
</Event>

Имя журнала:   System
Источник:      Microsoft-Windows-Kernel-General
Дата:          08.12.2023 6:39:51
Код события:   13
Категория задачи:(2)
Уровень:       Сведения
Ключевые слова:(128)
Пользователь:  Н/Д
Компьютер:     WIN-J9D866ESIJ2
Описание:
Системное время завершения работы операционной системы: ‎2023‎-‎12‎-‎08T01:39:51.941453600Z.
Xml события:
<Event xmlns="http://schemas.microsoft.com/win/2004/08/events/event">
  <System>
    <Provider Name="Microsoft-Windows-Kernel-General" Guid="{a68ca8b7-004f-d7b6-a698-07e2de0f1f5d}" />
    <EventID>13</EventID>
    <Version>0</Version>
    <Level>4</Level>
    <Task>2</Task>
    <Opcode>0</Opcode>
    <Keywords>0x8000000000000080</Keywords>
    <TimeCreated SystemTime="2023-12-08T01:39:51.9414606Z" />
    <EventRecordID>8580</EventRecordID>
    <Correlation />
    <Execution ProcessID="4" ThreadID="5572" />
    <Channel>System</Channel>
    <Computer>WIN-J9D866ESIJ2</Computer>
    <Security />
  </System>
  <EventData>
    <Data Name="StopTime">2023-12-08T01:39:51.9414536Z</Data>
  </EventData>
</Event>

Имя журнала:   System
Источник:      Microsoft-Windows-Kernel-Power
Дата:          08.12.2023 6:39:51
Код события:   109
Категория задачи:(103)
Уровень:       Сведения
Ключевые слова:(70368744177664),(1024),(4)
Пользователь:  Н/Д
Компьютер:     WIN-J9D866ESIJ2
Описание:
Диспетчер питания ядра инициировал завершение работы.

Причина завершения работы: Kernel API
Xml события:
<Event xmlns="http://schemas.microsoft.com/win/2004/08/events/event">
  <System>
    <Provider Name="Microsoft-Windows-Kernel-Power" Guid="{331c3b3a-2005-44c2-ac5e-77220c37d6b4}" />
    <EventID>109</EventID>
    <Version>0</Version>
    <Level>4</Level>
    <Task>103</Task>
    <Opcode>0</Opcode>
    <Keywords>0x8000400000000404</Keywords>
    <TimeCreated SystemTime="2023-12-08T01:39:51.3869494Z" />
    <EventRecordID>8579</EventRecordID>
    <Correlation />
    <Execution ProcessID="408" ThreadID="412" />
    <Channel>System</Channel>
    <Computer>WIN-J9D866ESIJ2</Computer>
    <Security />
  </System>
  <EventData>
    <Data Name="ShutdownActionType">5</Data>
    <Data Name="ShutdownEventCode">0</Data>
    <Data Name="ShutdownReason">5</Data>
  </EventData>
</Event>

Имя журнала:   System
Источник:      Service Control Manager
Дата:          08.12.2023 6:39:51
Код события:   7036
Категория задачи:Отсутствует
Уровень:       Сведения
Ключевые слова:Классический
Пользователь:  Н/Д
Компьютер:     WIN-J9D866ESIJ2
Описание:
Служба "Windows Defender Service" перешла в состояние stopped.
Xml события:
<Event xmlns="http://schemas.microsoft.com/win/2004/08/events/event">
  <System>
    <Provider Name="Service Control Manager" Guid="{555908d1-a6d7-4695-8e1e-26931d2012f4}" EventSourceName="Service Control Manager" />
    <EventID Qualifiers="16384">7036</EventID>
    <Version>0</Version>
    <Level>4</Level>
    <Task>0</Task>
    <Opcode>0</Opcode>
    <Keywords>0x8080000000000000</Keywords>
    <TimeCreated SystemTime="2023-12-08T01:39:51.3217492Z" />
    <EventRecordID>8578</EventRecordID>
    <Correlation />
    <Execution ProcessID="532" ThreadID="2768" />
    <Channel>System</Channel>
    <Computer>WIN-J9D866ESIJ2</Computer>
    <Security />
  </System>
  <EventData>
    <Data Name="param1">Windows Defender Service</Data>
    <Data Name="param2">stopped</Data>
    <Binary>570069006E0044006500660065006E0064002F0031000000</Binary>
  </EventData>
</Event>

Имя журнала:   System
Источник:      Service Control Manager
Дата:          08.12.2023 6:39:50
Код события:   7036
Категория задачи:Отсутствует
Уровень:       Сведения
Ключевые слова:Классический
Пользователь:  Н/Д
Компьютер:     WIN-J9D866ESIJ2
Описание:
Служба "Windows Event Log" перешла в состояние stopped.
Xml события:
<Event xmlns="http://schemas.microsoft.com/win/2004/08/events/event">
  <System>
    <Provider Name="Service Control Manager" Guid="{555908d1-a6d7-4695-8e1e-26931d2012f4}" EventSourceName="Service Control Manager" />
    <EventID Qualifiers="16384">7036</EventID>
    <Version>0</Version>
    <Level>4</Level>
    <Task>0</Task>
    <Opcode>0</Opcode>
    <Keywords>0x8080000000000000</Keywords>
    <TimeCreated SystemTime="2023-12-08T01:39:50.7904856Z" />
    <EventRecordID>8577</EventRecordID>
    <Correlation />
    <Execution ProcessID="532" ThreadID="2768" />
    <Channel>System</Channel>
    <Computer>WIN-J9D866ESIJ2</Computer>
    <Security />
  </System>
  <EventData>
    <Data Name="param1">Windows Event Log</Data>
    <Data Name="param2">stopped</Data>
    <Binary>4500760065006E0074004C006F0067002F0031000000</Binary>
  </EventData>
</Event>

Имя журнала:   System
Источник:      Service Control Manager
Дата:          08.12.2023 6:39:50
Код события:   7036
Категория задачи:Отсутствует
Уровень:       Сведения
Ключевые слова:Классический
Пользователь:  Н/Д
Компьютер:     WIN-J9D866ESIJ2
Описание:
Служба "Task Scheduler" перешла в состояние stopped.
Xml события:
<Event xmlns="http://schemas.microsoft.com/win/2004/08/events/event">
  <System>
    <Provider Name="Service Control Manager" Guid="{555908d1-a6d7-4695-8e1e-26931d2012f4}" EventSourceName="Service Control Manager" />
    <EventID Qualifiers="16384">7036</EventID>
    <Version>0</Version>
    <Level>4</Level>
    <Task>0</Task>
    <Opcode>0</Opcode>
    <Keywords>0x8080000000000000</Keywords>
    <TimeCreated SystemTime="2023-12-08T01:39:50.7904856Z" />
    <EventRecordID>8576</EventRecordID>
    <Correlation />
    <Execution ProcessID="532" ThreadID="2768" />
    <Channel>System</Channel>
    <Computer>WIN-J9D866ESIJ2</Computer>
    <Security />
  </System>
  <EventData>
    <Data Name="param1">Task Scheduler</Data>
    <Data Name="param2">stopped</Data>
    <Binary>5300630068006500640075006C0065002F0031000000</Binary>
  </EventData>
</Event>

Имя журнала:   System
Источник:      Service Control Manager
Дата:          08.12.2023 6:39:50
Код события:   7036
Категория задачи:Отсутствует
Уровень:       Сведения
Ключевые слова:Классический
Пользователь:  Н/Д
Компьютер:     WIN-J9D866ESIJ2
Описание:
Служба "SSDP Discovery" перешла в состояние stopped.
Xml события:
<Event xmlns="http://schemas.microsoft.com/win/2004/08/events/event">
  <System>
    <Provider Name="Service Control Manager" Guid="{555908d1-a6d7-4695-8e1e-26931d2012f4}" EventSourceName="Service Control Manager" />
    <EventID Qualifiers="16384">7036</EventID>
    <Version>0</Version>
    <Level>4</Level>
    <Task>0</Task>
    <Opcode>0</Opcode>
    <Keywords>0x8080000000000000</Keywords>
    <TimeCreated SystemTime="2023-12-08T01:39:50.7279952Z" />
    <EventRecordID>8575</EventRecordID>
    <Correlation />
    <Execution ProcessID="532" ThreadID="2768" />
    <Channel>System</Channel>
    <Computer>WIN-J9D866ESIJ2</Computer>
    <Security />
  </System>
  <EventData>
    <Data Name="param1">SSDP Discovery</Data>
    <Data Name="param2">stopped</Data>
    <Binary>53005300440050005300520056002F0031000000</Binary>
  </EventData>
</Event>

Имя журнала:   System
Источник:      Service Control Manager
Дата:          08.12.2023 6:39:50
Код события:   7036
Категория задачи:Отсутствует
Уровень:       Сведения
Ключевые слова:Классический
Пользователь:  Н/Д
Компьютер:     WIN-J9D866ESIJ2
Описание:
Служба "Windows Remote Management (WS-Management)" перешла в состояние stopped.
Xml события:
<Event xmlns="http://schemas.microsoft.com/win/2004/08/events/event">
  <System>
    <Provider Name="Service Control Manager" Guid="{555908d1-a6d7-4695-8e1e-26931d2012f4}" EventSourceName="Service Control Manager" />
    <EventID Qualifiers="16384">7036</EventID>
    <Version>0</Version>
    <Level>4</Level>
    <Task>0</Task>
    <Opcode>0</Opcode>
    <Keywords>0x8080000000000000</Keywords>
    <TimeCreated SystemTime="2023-12-08T01:39:50.7123703Z" />
    <EventRecordID>8574</EventRecordID>
    <Correlation />
    <Execution ProcessID="532" ThreadID="2768" />
    <Channel>System</Channel>
    <Computer>WIN-J9D866ESIJ2</Computer>
    <Security />
  </System>
  <EventData>
    <Data Name="param1">Windows Remote Management (WS-Management)</Data>
    <Data Name="param2">stopped</Data>
    <Binary>570069006E0052004D002F0031000000</Binary>
  </EventData>
</Event>

Имя журнала:   System
Источник:      Service Control Manager
Дата:          08.12.2023 6:39:50
Код события:   7036
Категория задачи:Отсутствует
Уровень:       Сведения
Ключевые слова:Классический
Пользователь:  Н/Д
Компьютер:     WIN-J9D866ESIJ2
Описание:
Служба "Volume Shadow Copy" перешла в состояние stopped.
Xml события:
<Event xmlns="http://schemas.microsoft.com/win/2004/08/events/event">
  <System>
    <Provider Name="Service Control Manager" Guid="{555908d1-a6d7-4695-8e1e-26931d2012f4}" EventSourceName="Service Control Manager" />
    <EventID Qualifiers="16384">7036</EventID>
    <Version>0</Version>
    <Level>4</Level>
    <Task>0</Task>
    <Opcode>0</Opcode>
    <Keywords>0x8080000000000000</Keywords>
    <TimeCreated SystemTime="2023-12-08T01:39:50.6967443Z" />
    <EventRecordID>8573</EventRecordID>
    <Correlation />
    <Execution ProcessID="532" ThreadID="2768" />
    <Channel>System</Channel>
    <Computer>WIN-J9D866ESIJ2</Computer>
    <Security />
  </System>
  <EventData>
    <Data Name="param1">Volume Shadow Copy</Data>
    <Data Name="param2">stopped</Data>
    <Binary>5600530053002F0031000000</Binary>
  </EventData>
</Event>

Имя журнала:   System
Источник:      Service Control Manager
Дата:          08.12.2023 6:39:50
Код события:   7036
Категория задачи:Отсутствует
Уровень:       Сведения
Ключевые слова:Классический
Пользователь:  Н/Д
Компьютер:     WIN-J9D866ESIJ2
Описание:
Служба "Cryptographic Services" перешла в состояние stopped.
Xml события:
<Event xmlns="http://schemas.microsoft.com/win/2004/08/events/event">
  <System>
    <Provider Name="Service Control Manager" Guid="{555908d1-a6d7-4695-8e1e-26931d2012f4}" EventSourceName="Service Control Manager" />
    <EventID Qualifiers="16384">7036</EventID>
    <Version>0</Version>
    <Level>4</Level>
    <Task>0</Task>
    <Opcode>0</Opcode>
    <Keywords>0x8080000000000000</Keywords>
    <TimeCreated SystemTime="2023-12-08T01:39:50.6811074Z" />
    <EventRecordID>8572</EventRecordID>
    <Correlation />
    <Execution ProcessID="532" ThreadID="2768" />
    <Channel>System</Channel>
    <Computer>WIN-J9D866ESIJ2</Computer>
    <Security />
  </System>
  <EventData>
    <Data Name="param1">Cryptographic Services</Data>
    <Data Name="param2">stopped</Data>
    <Binary>430072007900700074005300760063002F0031000000</Binary>
  </EventData>
</Event>

Имя журнала:   System
Источник:      Service Control Manager
Дата:          08.12.2023 6:39:50
Код события:   7036
Категория задачи:Отсутствует
Уровень:       Сведения
Ключевые слова:Классический
Пользователь:  Н/Д
Компьютер:     WIN-J9D866ESIJ2
Описание:
Служба "Program Compatibility Assistant Service" перешла в состояние stopped.
Xml события:
<Event xmlns="http://schemas.microsoft.com/win/2004/08/events/event">
  <System>
    <Provider Name="Service Control Manager" Guid="{555908d1-a6d7-4695-8e1e-26931d2012f4}" EventSourceName="Service Control Manager" />
    <EventID Qualifiers="16384">7036</EventID>
    <Version>0</Version>
    <Level>4</Level>
    <Task>0</Task>
    <Opcode>0</Opcode>
    <Keywords>0x8080000000000000</Keywords>
    <TimeCreated SystemTime="2023-12-08T01:39:50.6655144Z" />
    <EventRecordID>8571</EventRecordID>
    <Correlation />
    <Execution ProcessID="532" ThreadID="2768" />
    <Channel>System</Channel>
    <Computer>WIN-J9D866ESIJ2</Computer>
    <Security />
  </System>
  <EventData>
    <Data Name="param1">Program Compatibility Assistant Service</Data>
    <Data Name="param2">stopped</Data>
    <Binary>5000630061005300760063002F0031000000</Binary>
  </EventData>
</Event>

Имя журнала:   System
Источник:      Service Control Manager
Дата:          08.12.2023 6:39:50
Код события:   7036
Категория задачи:Отсутствует
Уровень:       Сведения
Ключевые слова:Классический
Пользователь:  Н/Д
Компьютер:     WIN-J9D866ESIJ2
Описание:
Служба "Remote Desktop Services" перешла в состояние stopped.
Xml события:
<Event xmlns="http://schemas.microsoft.com/win/2004/08/events/event">
  <System>
    <Provider Name="Service Control Manager" Guid="{555908d1-a6d7-4695-8e1e-26931d2012f4}" EventSourceName="Service Control Manager" />
    <EventID Qualifiers="16384">7036</EventID>
    <Version>0</Version>
    <Level>4</Level>
    <Task>0</Task>
    <Opcode>0</Opcode>
    <Keywords>0x8080000000000000</Keywords>
    <TimeCreated SystemTime="2023-12-08T01:39:50.6342375Z" />
    <EventRecordID>8570</EventRecordID>
    <Correlation />
    <Execution ProcessID="532" ThreadID="2768" />
    <Channel>System</Channel>
    <Computer>WIN-J9D866ESIJ2</Computer>
    <Security />
  </System>
  <EventData>
    <Data Name="param1">Remote Desktop Services</Data>
    <Data Name="param2">stopped</Data>
    <Binary>5400650072006D0053006500720076006900630065002F0031000000</Binary>
  </EventData>
</Event>

Имя журнала:   System
Источник:      Service Control Manager
Дата:          08.12.2023 6:39:50
Код события:   7036
Категория задачи:Отсутствует
Уровень:       Сведения
Ключевые слова:Классический
Пользователь:  Н/Д
Компьютер:     WIN-J9D866ESIJ2
Описание:
Служба "Windows Update" перешла в состояние stopped.
Xml события:
<Event xmlns="http://schemas.microsoft.com/win/2004/08/events/event">
  <System>
    <Provider Name="Service Control Manager" Guid="{555908d1-a6d7-4695-8e1e-26931d2012f4}" EventSourceName="Service Control Manager" />
    <EventID Qualifiers="16384">7036</EventID>
    <Version>0</Version>
    <Level>4</Level>
    <Task>0</Task>
    <Opcode>0</Opcode>
    <Keywords>0x8080000000000000</Keywords>
    <TimeCreated SystemTime="2023-12-08T01:39:50.6342375Z" />
    <EventRecordID>8569</EventRecordID>
    <Correlation />
    <Execution ProcessID="532" ThreadID="2768" />
    <Channel>System</Channel>
    <Computer>WIN-J9D866ESIJ2</Computer>
    <Security />
  </System>
  <EventData>
    <Data Name="param1">Windows Update</Data>
    <Data Name="param2">stopped</Data>
    <Binary>770075006100750073006500720076002F0031000000</Binary>
  </EventData>
</Event>

Имя журнала:   System
Источник:      EventLog
Дата:          08.12.2023 6:40:35
Код события:   6013
Категория задачи:Отсутствует
Уровень:       Сведения
Ключевые слова:Классический
Пользователь:  Н/Д
Компьютер:     WIN-J9D866ESIJ2
Описание:
Время работоспособного состояния 4 сек.
Xml события:
<Event xmlns="http://schemas.microsoft.com/win/2004/08/events/event">
  <System>
    <Provider Name="EventLog" />
    <EventID Qualifiers="32768">6013</EventID>
    <Level>4</Level>
    <Task>0</Task>
    <Keywords>0x80000000000000</Keywords>
    <TimeCreated SystemTime="2023-12-08T01:40:35.9582906Z" />
    <EventRecordID>8568</EventRecordID>
    <Channel>System</Channel>
    <Computer>WIN-J9D866ESIJ2</Computer>
    <Security />
  </System>
  <EventData>
    <Data>
    </Data>
    <Data>
    </Data>
    <Data>
    </Data>
    <Data>
    </Data>
    <Data>4</Data>
    <Data>60</Data>
    <Data>480 Pacific Standard Time</Data>
    <Binary>31002E003100000030000000570069006E0064006F007700730020005300650072007600650072002000320030003100360020005300740061006E0064006100720064000000310030002E0030002E003100340033003900330020004200750069006C0064002000310034003300390033002000200000004D0075006C0074006900700072006F0063006500730073006F007200200046007200650065000000310034003300390033002E007200730031005F00720065006C0065006100730065002E003200330031003100300033002D00310037003300370000003500380031003000370032006400310000004E006F007400200041007600610069006C00610062006C00650000004E006F007400200041007600610069006C00610062006C00650000003900000032000000340030003900360000003400300039000000570049004E002D004A00390044003800360036004500530049004A00320000000000</Binary>
  </EventData>
</Event>

Имя журнала:   System
Источник:      EventLog
Дата:          08.12.2023 6:40:35
Код события:   6005
Категория задачи:Отсутствует
Уровень:       Сведения
Ключевые слова:Классический
Пользователь:  Н/Д
Компьютер:     WIN-J9D866ESIJ2
Описание:
Запущена служба журнала событий.
Xml события:
<Event xmlns="http://schemas.microsoft.com/win/2004/08/events/event">
  <System>
    <Provider Name="EventLog" />
    <EventID Qualifiers="32768">6005</EventID>
    <Level>4</Level>
    <Task>0</Task>
    <Keywords>0x80000000000000</Keywords>
    <TimeCreated SystemTime="2023-12-08T01:40:35.9582906Z" />
    <EventRecordID>8567</EventRecordID>
    <Channel>System</Channel>
    <Computer>WIN-J9D866ESIJ2</Computer>
    <Security />
  </System>
  <EventData>
    <Binary>E7070C0005000800010028002300BE030000000000000000</Binary>
  </EventData>
</Event>

Имя журнала:   System
Источник:      EventLog
Дата:          08.12.2023 6:40:35
Код события:   6009
Категория задачи:Отсутствует
Уровень:       Сведения
Ключевые слова:Классический
Пользователь:  Н/Д
Компьютер:     WIN-J9D866ESIJ2
Описание:
Microsoft (R) Windows (R) 10.00. 14393  Multiprocessor Free.
Xml события:
<Event xmlns="http://schemas.microsoft.com/win/2004/08/events/event">
  <System>
    <Provider Name="EventLog" />
    <EventID Qualifiers="32768">6009</EventID>
    <Level>4</Level>
    <Task>0</Task>
    <Keywords>0x80000000000000</Keywords>
    <TimeCreated SystemTime="2023-12-08T01:40:35.9582906Z" />
    <EventRecordID>8566</EventRecordID>
    <Channel>System</Channel>
    <Computer>WIN-J9D866ESIJ2</Computer>
    <Security />
  </System>
  <EventData>
    <Data>10.00.</Data>
    <Data>14393</Data>
    <Data>
    </Data>
    <Data>Multiprocessor Free</Data>
    <Data>0</Data>
  </EventData>
</Event>

Имя журнала:   System
Источник:      Service Control Manager
Дата:          08.12.2023 6:39:50
Код события:   7036
Категория задачи:Отсутствует
Уровень:       Сведения
Ключевые слова:Классический
Пользователь:  Н/Д
Компьютер:     WIN-J9D866ESIJ2
Описание:
Служба "Windows Connection Manager" перешла в состояние stopped.
Xml события:
<Event xmlns="http://schemas.microsoft.com/win/2004/08/events/event">
  <System>
    <Provider Name="Service Control Manager" Guid="{555908d1-a6d7-4695-8e1e-26931d2012f4}" EventSourceName="Service Control Manager" />
    <EventID Qualifiers="16384">7036</EventID>
    <Version>0</Version>
    <Level>4</Level>
    <Task>0</Task>
    <Opcode>0</Opcode>
    <Keywords>0x8080000000000000</Keywords>
    <TimeCreated SystemTime="2023-12-08T01:39:50.6186098Z" />
    <EventRecordID>8565</EventRecordID>
    <Correlation />
    <Execution ProcessID="532" ThreadID="2768" />
    <Channel>System</Channel>
    <Computer>WIN-J9D866ESIJ2</Computer>
    <Security />
  </System>
  <EventData>
    <Data Name="param1">Windows Connection Manager</Data>
    <Data Name="param2">stopped</Data>
    <Binary>570063006D007300760063002F0031000000</Binary>
  </EventData>
</Event>

Имя журнала:   System
Источник:      Service Control Manager
Дата:          08.12.2023 6:39:50
Код события:   7036
Категория задачи:Отсутствует
Уровень:       Сведения
Ключевые слова:Классический
Пользователь:  Н/Д
Компьютер:     WIN-J9D866ESIJ2
Описание:
Служба "BalloonService" перешла в состояние stopped.
Xml события:
<Event xmlns="http://schemas.microsoft.com/win/2004/08/events/event">
  <System>
    <Provider Name="Service Control Manager" Guid="{555908d1-a6d7-4695-8e1e-26931d2012f4}" EventSourceName="Service Control Manager" />
    <EventID Qualifiers="16384">7036</EventID>
    <Version>0</Version>
    <Level>4</Level>
    <Task>0</Task>
    <Opcode>0</Opcode>
    <Keywords>0x8080000000000000</Keywords>
    <TimeCreated SystemTime="2023-12-08T01:39:50.6186098Z" />
    <EventRecordID>8564</EventRecordID>
    <Correlation />
    <Execution ProcessID="532" ThreadID="2768" />
    <Channel>System</Channel>
    <Computer>WIN-J9D866ESIJ2</Computer>
    <Security />
  </System>
  <EventData>
    <Data Name="param1">BalloonService</Data>
    <Data Name="param2">stopped</Data>
    <Binary>420061006C006C006F006F006E0053006500720076006900630065002F0031000000</Binary>
  </EventData>
</Event>

Имя журнала:   System
Источник:      Service Control Manager
Дата:          08.12.2023 6:39:50
Код события:   7036
Категория задачи:Отсутствует
Уровень:       Сведения
Ключевые слова:Классический
Пользователь:  Н/Д
Компьютер:     WIN-J9D866ESIJ2
Описание:
Служба "Microsoft Software Shadow Copy Provider" перешла в состояние stopped.
Xml события:
<Event xmlns="http://schemas.microsoft.com/win/2004/08/events/event">
  <System>
    <Provider Name="Service Control Manager" Guid="{555908d1-a6d7-4695-8e1e-26931d2012f4}" EventSourceName="Service Control Manager" />
    <EventID Qualifiers="16384">7036</EventID>
    <Version>0</Version>
    <Level>4</Level>
    <Task>0</Task>
    <Opcode>0</Opcode>
    <Keywords>0x8080000000000000</Keywords>
    <TimeCreated SystemTime="2023-12-08T01:39:50.6052914Z" />
    <EventRecordID>8563</EventRecordID>
    <Correlation />
    <Execution ProcessID="532" ThreadID="4328" />
    <Channel>System</Channel>
    <Computer>WIN-J9D866ESIJ2</Computer>
    <Security />
  </System>
  <EventData>
    <Data Name="param1">Microsoft Software Shadow Copy Provider</Data>
    <Data Name="param2">stopped</Data>
    <Binary>730077007000720076002F0031000000</Binary>
  </EventData>
</Event>

Имя журнала:   System
Источник:      Service Control Manager
Дата:          08.12.2023 6:39:50
Код события:   7036
Категория задачи:Отсутствует
Уровень:       Сведения
Ключевые слова:Классический
Пользователь:  Н/Д
Компьютер:     WIN-J9D866ESIJ2
Описание:
Служба "Distributed Link Tracking Client" перешла в состояние stopped.
Xml события:
<Event xmlns="http://schemas.microsoft.com/win/2004/08/events/event">
  <System>
    <Provider Name="Service Control Manager" Guid="{555908d1-a6d7-4695-8e1e-26931d2012f4}" EventSourceName="Service Control Manager" />
    <EventID Qualifiers="16384">7036</EventID>
    <Version>0</Version>
    <Level>4</Level>
    <Task>0</Task>
    <Opcode>0</Opcode>
    <Keywords>0x8080000000000000</Keywords>
    <TimeCreated SystemTime="2023-12-08T01:39:50.6052914Z" />
    <EventRecordID>8562</EventRecordID>
    <Correlation />
    <Execution ProcessID="532" ThreadID="4328" />
    <Channel>System</Channel>
    <Computer>WIN-J9D866ESIJ2</Computer>
    <Security />
  </System>
  <EventData>
    <Data Name="param1">Distributed Link Tracking Client</Data>
    <Data Name="param2">stopped</Data>
    <Binary>540072006B0057006B0073002F0031000000</Binary>
  </EventData>
</Event>

Имя журнала:   System
Источник:      Service Control Manager
Дата:          08.12.2023 6:39:50
Код события:   7036
Категория задачи:Отсутствует
Уровень:       Сведения
Ключевые слова:Классический
Пользователь:  Н/Д
Компьютер:     WIN-J9D866ESIJ2
Описание:
Служба "State Repository Service" перешла в состояние stopped.
Xml события:
<Event xmlns="http://schemas.microsoft.com/win/2004/08/events/event">
  <System>
    <Provider Name="Service Control Manager" Guid="{555908d1-a6d7-4695-8e1e-26931d2012f4}" EventSourceName="Service Control Manager" />
    <EventID Qualifiers="16384">7036</EventID>
    <Version>0</Version>
    <Level>4</Level>
    <Task>0</Task>
    <Opcode>0</Opcode>
    <Keywords>0x8080000000000000</Keywords>
    <TimeCreated SystemTime="2023-12-08T01:39:50.6052914Z" />
    <EventRecordID>8561</EventRecordID>
    <Correlation />
    <Execution ProcessID="532" ThreadID="4328" />
    <Channel>System</Channel>
    <Computer>WIN-J9D866ESIJ2</Computer>
    <Security />
  </System>
  <EventData>
    <Data Name="param1">State Repository Service</Data>
    <Data Name="param2">stopped</Data>
    <Binary>530074006100740065005200650070006F007300690074006F00720079002F0031000000</Binary>
  </EventData>
</Event>

Имя журнала:   System
Источник:      Service Control Manager
Дата:          08.12.2023 6:39:50
Код события:   7036
Категория задачи:Отсутствует
Уровень:       Сведения
Ключевые слова:Классический
Пользователь:  Н/Д
Компьютер:     WIN-J9D866ESIJ2
Описание:
Служба "Distributed Transaction Coordinator" перешла в состояние stopped.
Xml события:
<Event xmlns="http://schemas.microsoft.com/win/2004/08/events/event">
  <System>
    <Provider Name="Service Control Manager" Guid="{555908d1-a6d7-4695-8e1e-26931d2012f4}" EventSourceName="Service Control Manager" />
    <EventID Qualifiers="16384">7036</EventID>
    <Version>0</Version>
    <Level>4</Level>
    <Task>0</Task>
    <Opcode>0</Opcode>
    <Keywords>0x8080000000000000</Keywords>
    <TimeCreated SystemTime="2023-12-08T01:39:50.5717343Z" />
    <EventRecordID>8560</EventRecordID>
    <Correlation />
    <Execution ProcessID="532" ThreadID="4328" />
    <Channel>System</Channel>
    <Computer>WIN-J9D866ESIJ2</Computer>
    <Security />
  </System>
  <EventData>
    <Data Name="param1">Distributed Transaction Coordinator</Data>
    <Data Name="param2">stopped</Data>
    <Binary>4D0053004400540043002F0031000000</Binary>
  </EventData>
</Event>

Имя журнала:   System
Источник:      Service Control Manager
Дата:          08.12.2023 6:39:50
Код события:   7036
Категория задачи:Отсутствует
Уровень:       Сведения
Ключевые слова:Классический
Пользователь:  Н/Д
Компьютер:     WIN-J9D866ESIJ2
Описание:
Служба "Windows Management Instrumentation" перешла в состояние stopped.
Xml события:
<Event xmlns="http://schemas.microsoft.com/win/2004/08/events/event">
  <System>
    <Provider Name="Service Control Manager" Guid="{555908d1-a6d7-4695-8e1e-26931d2012f4}" EventSourceName="Service Control Manager" />
    <EventID Qualifiers="16384">7036</EventID>
    <Version>0</Version>
    <Level>4</Level>
    <Task>0</Task>
    <Opcode>0</Opcode>
    <Keywords>0x8080000000000000</Keywords>
    <TimeCreated SystemTime="2023-12-08T01:39:50.5717343Z" />
    <EventRecordID>8559</EventRecordID>
    <Correlation />
    <Execution ProcessID="532" ThreadID="3308" />
    <Channel>System</Channel>
    <Computer>WIN-J9D866ESIJ2</Computer>
    <Security />
  </System>
  <EventData>
    <Data Name="param1">Windows Management Instrumentation</Data>
    <Data Name="param2">stopped</Data>
    <Binary>570069006E006D0067006D0074002F0031000000</Binary>
  </EventData>
</Event>

Имя журнала:   System
Источник:      Service Control Manager
Дата:          08.12.2023 6:39:50
Код события:   7036
Категория задачи:Отсутствует
Уровень:       Сведения
Ключевые слова:Классический
Пользователь:  Н/Д
Компьютер:     WIN-J9D866ESIJ2
Описание:
Служба "Diagnostic Policy Service" перешла в состояние stopped.
Xml события:
<Event xmlns="http://schemas.microsoft.com/win/2004/08/events/event">
  <System>
    <Provider Name="Service Control Manager" Guid="{555908d1-a6d7-4695-8e1e-26931d2012f4}" EventSourceName="Service Control Manager" />
    <EventID Qualifiers="16384">7036</EventID>
    <Version>0</Version>
    <Level>4</Level>
    <Task>0</Task>
    <Opcode>0</Opcode>
    <Keywords>0x8080000000000000</Keywords>
    <TimeCreated SystemTime="2023-12-08T01:39:50.5717343Z" />
    <EventRecordID>8558</EventRecordID>
    <Correlation />
    <Execution ProcessID="532" ThreadID="4328" />
    <Channel>System</Channel>
    <Computer>WIN-J9D866ESIJ2</Computer>
    <Security />
  </System>
  <EventData>
    <Data Name="param1">Diagnostic Policy Service</Data>
    <Data Name="param2">stopped</Data>
    <Binary>4400500053002F0031000000</Binary>
  </EventData>
</Event>

Имя журнала:   System
Источник:      Service Control Manager
Дата:          08.12.2023 6:39:50
Код события:   7036
Категория задачи:Отсутствует
Уровень:       Сведения
Ключевые слова:Классический
Пользователь:  Н/Д
Компьютер:     WIN-J9D866ESIJ2
Описание:
Служба "Windows Font Cache Service" перешла в состояние stopped.
Xml события:
<Event xmlns="http://schemas.microsoft.com/win/2004/08/events/event">
  <System>
    <Provider Name="Service Control Manager" Guid="{555908d1-a6d7-4695-8e1e-26931d2012f4}" EventSourceName="Service Control Manager" />
    <EventID Qualifiers="16384">7036</EventID>
    <Version>0</Version>
    <Level>4</Level>
    <Task>0</Task>
    <Opcode>0</Opcode>
    <Keywords>0x8080000000000000</Keywords>
    <TimeCreated SystemTime="2023-12-08T01:39:50.5717343Z" />
    <EventRecordID>8557</EventRecordID>
    <Correlation />
    <Execution ProcessID="532" ThreadID="3308" />
    <Channel>System</Channel>
    <Computer>WIN-J9D866ESIJ2</Computer>
    <Security />
  </System>
  <EventData>
    <Data Name="param1">Windows Font Cache Service</Data>
    <Data Name="param2">stopped</Data>
    <Binary>46006F006E007400430061006300680065002F0031000000</Binary>
  </EventData>
</Event>

Имя журнала:   System
Источник:      Service Control Manager
Дата:          08.12.2023 6:39:50
Код события:   7036
Категория задачи:Отсутствует
Уровень:       Сведения
Ключевые слова:Классический
Пользователь:  Н/Д
Компьютер:     WIN-J9D866ESIJ2
Описание:
Служба "User Profile Service" перешла в состояние stopped.
Xml события:
<Event xmlns="http://schemas.microsoft.com/win/2004/08/events/event">
  <System>
    <Provider Name="Service Control Manager" Guid="{555908d1-a6d7-4695-8e1e-26931d2012f4}" EventSourceName="Service Control Manager" />
    <EventID Qualifiers="16384">7036</EventID>
    <Version>0</Version>
    <Level>4</Level>
    <Task>0</Task>
    <Opcode>0</Opcode>
    <Keywords>0x8080000000000000</Keywords>
    <TimeCreated SystemTime="2023-12-08T01:39:50.5717343Z" />
    <EventRecordID>8556</EventRecordID>
    <Correlation />
    <Execution ProcessID="532" ThreadID="3308" />
    <Channel>System</Channel>
    <Computer>WIN-J9D866ESIJ2</Computer>
    <Security />
  </System>
  <EventData>
    <Data Name="param1">User Profile Service</Data>
    <Data Name="param2">stopped</Data>
    <Binary>500072006F0066005300760063002F0031000000</Binary>
  </EventData>
</Event>

Имя журнала:   System
Источник:      Service Control Manager
Дата:          08.12.2023 6:39:50
Код события:   7036
Категория задачи:Отсутствует
Уровень:       Сведения
Ключевые слова:Классический
Пользователь:  Н/Д
Компьютер:     WIN-J9D866ESIJ2
Описание:
Служба "DHCP Client" перешла в состояние stopped.
Xml события:
<Event xmlns="http://schemas.microsoft.com/win/2004/08/events/event">
  <System>
    <Provider Name="Service Control Manager" Guid="{555908d1-a6d7-4695-8e1e-26931d2012f4}" EventSourceName="Service Control Manager" />
    <EventID Qualifiers="16384">7036</EventID>
    <Version>0</Version>
    <Level>4</Level>
    <Task>0</Task>
    <Opcode>0</Opcode>
    <Keywords>0x8080000000000000</Keywords>
    <TimeCreated SystemTime="2023-12-08T01:39:50.5717343Z" />
    <EventRecordID>8555</EventRecordID>
    <Correlation />
    <Execution ProcessID="532" ThreadID="3308" />
    <Channel>System</Channel>
    <Computer>WIN-J9D866ESIJ2</Computer>
    <Security />
  </System>
  <EventData>
    <Data Name="param1">DHCP Client</Data>
    <Data Name="param2">stopped</Data>
    <Binary>44006800630070002F0031000000</Binary>
  </EventData>
</Event>

Имя журнала:   System
Источник:      Microsoft-Windows-Dhcp-Client
Дата:          08.12.2023 6:39:50
Код события:   50037
Категория задачи:Событие состояния службы
Уровень:       Сведения
Ключевые слова:
Пользователь:  LOCAL SERVICE
Компьютер:     WIN-J9D866ESIJ2
Описание:
Остановка клиентской службы DHCPv4. Значение флага завершения работы: 1
Xml события:
<Event xmlns="http://schemas.microsoft.com/win/2004/08/events/event">
  <System>
    <Provider Name="Microsoft-Windows-Dhcp-Client" Guid="{15a7a4f8-0072-4eab-abad-f98a4d666aed}" />
    <EventID>50037</EventID>
    <Version>0</Version>
    <Level>4</Level>
    <Task>4</Task>
    <Opcode>69</Opcode>
    <Keywords>0x2000000000000000</Keywords>
    <TimeCreated SystemTime="2023-12-08T01:39:50.5740711Z" />
    <EventRecordID>8554</EventRecordID>
    <Correlation />
    <Execution ProcessID="980" ThreadID="1076" />
    <Channel>System</Channel>
    <Computer>WIN-J9D866ESIJ2</Computer>
    <Security UserID="S-1-5-19" />
  </System>
  <EventData>
    <Data Name="DwordVal">1</Data>
  </EventData>
</Event>

Имя журнала:   System
Источник:      Microsoft-Windows-DHCPv6-Client
Дата:          08.12.2023 6:39:50
Код события:   51047
Категория задачи:Событие состояния службы
Уровень:       Сведения
Ключевые слова:
Пользователь:  LOCAL SERVICE
Компьютер:     WIN-J9D866ESIJ2
Описание:
Клиентская служба DHCPv6 остановлена. Значение флага завершения работы: 1
Xml события:
<Event xmlns="http://schemas.microsoft.com/win/2004/08/events/event">
  <System>
    <Provider Name="Microsoft-Windows-DHCPv6-Client" Guid="{6a1f2b00-6a90-4c38-95a5-5cab3b056778}" />
    <EventID>51047</EventID>
    <Version>0</Version>
    <Level>4</Level>
    <Task>4</Task>
    <Opcode>63</Opcode>
    <Keywords>0x2000000000000000</Keywords>
    <TimeCreated SystemTime="2023-12-08T01:39:50.5714932Z" />
    <EventRecordID>8553</EventRecordID>
    <Correlation />
    <Execution ProcessID="980" ThreadID="1088" />
    <Channel>System</Channel>
    <Computer>WIN-J9D866ESIJ2</Computer>
    <Security UserID="S-1-5-19" />
  </System>
  <EventData>
    <Data Name="DwordVal">1</Data>
  </EventData>
</Event>

Имя журнала:   System
Источник:      Service Control Manager
Дата:          08.12.2023 6:39:50
Код события:   7036
Категория задачи:Отсутствует
Уровень:       Сведения
Ключевые слова:Классический
Пользователь:  Н/Д
Компьютер:     WIN-J9D866ESIJ2
Описание:
Служба "Certificate Propagation" перешла в состояние stopped.
Xml события:
<Event xmlns="http://schemas.microsoft.com/win/2004/08/events/event">
  <System>
    <Provider Name="Service Control Manager" Guid="{555908d1-a6d7-4695-8e1e-26931d2012f4}" EventSourceName="Service Control Manager" />
    <EventID Qualifiers="16384">7036</EventID>
    <Version>0</Version>
    <Level>4</Level>
    <Task>0</Task>
    <Opcode>0</Opcode>
    <Keywords>0x8080000000000000</Keywords>
    <TimeCreated SystemTime="2023-12-08T01:39:50.5620742Z" />
    <EventRecordID>8552</EventRecordID>
    <Correlation />
    <Execution ProcessID="532" ThreadID="4868" />
    <Channel>System</Channel>
    <Computer>WIN-J9D866ESIJ2</Computer>
    <Security />
  </System>
  <EventData>
    <Data Name="param1">Certificate Propagation</Data>
    <Data Name="param2">stopped</Data>
    <Binary>4300650072007400500072006F0070005300760063002F0031000000</Binary>
  </EventData>
</Event>

Имя журнала:   System
Источник:      Service Control Manager
Дата:          08.12.2023 6:39:50
Код события:   7036
Категория задачи:Отсутствует
Уровень:       Сведения
Ключевые слова:Классический
Пользователь:  Н/Д
Компьютер:     WIN-J9D866ESIJ2
Описание:
Служба "Remote Desktop Services UserMode Port Redirector" перешла в состояние stopped.
Xml события:
<Event xmlns="http://schemas.microsoft.com/win/2004/08/events/event">
  <System>
    <Provider Name="Service Control Manager" Guid="{555908d1-a6d7-4695-8e1e-26931d2012f4}" EventSourceName="Service Control Manager" />
    <EventID Qualifiers="16384">7036</EventID>
    <Version>0</Version>
    <Level>4</Level>
    <Task>0</Task>
    <Opcode>0</Opcode>
    <Keywords>0x8080000000000000</Keywords>
    <TimeCreated SystemTime="2023-12-08T01:39:50.5620742Z" />
    <EventRecordID>8551</EventRecordID>
    <Correlation />
    <Execution ProcessID="532" ThreadID="636" />
    <Channel>System</Channel>
    <Computer>WIN-J9D866ESIJ2</Computer>
    <Security />
  </System>
  <EventData>
    <Data Name="param1">Remote Desktop Services UserMode Port Redirector</Data>
    <Data Name="param2">stopped</Data>
    <Binary>55006D0052006400700053006500720076006900630065002F0031000000</Binary>
  </EventData>
</Event>

Имя журнала:   System
Источник:      Service Control Manager
Дата:          08.12.2023 6:39:50
Код события:   7036
Категория задачи:Отсутствует
Уровень:       Сведения
Ключевые слова:Классический
Пользователь:  Н/Д
Компьютер:     WIN-J9D866ESIJ2
Описание:
Служба "Credential Manager" перешла в состояние stopped.
Xml события:
<Event xmlns="http://schemas.microsoft.com/win/2004/08/events/event">
  <System>
    <Provider Name="Service Control Manager" Guid="{555908d1-a6d7-4695-8e1e-26931d2012f4}" EventSourceName="Service Control Manager" />
    <EventID Qualifiers="16384">7036</EventID>
    <Version>0</Version>
    <Level>4</Level>
    <Task>0</Task>
    <Opcode>0</Opcode>
    <Keywords>0x8080000000000000</Keywords>
    <TimeCreated SystemTime="2023-12-08T01:39:50.5620742Z" />
    <EventRecordID>8550</EventRecordID>
    <Correlation />
    <Execution ProcessID="532" ThreadID="4736" />
    <Channel>System</Channel>
    <Computer>WIN-J9D866ESIJ2</Computer>
    <Security />
  </System>
  <EventData>
    <Data Name="param1">Credential Manager</Data>
    <Data Name="param2">stopped</Data>
    <Binary>5600610075006C0074005300760063002F0031000000</Binary>
  </EventData>
</Event>

Имя журнала:   System
Источник:      Service Control Manager
Дата:          08.12.2023 6:39:50
Код события:   7036
Категория задачи:Отсутствует
Уровень:       Сведения
Ключевые слова:Классический
Пользователь:  Н/Д
Компьютер:     WIN-J9D866ESIJ2
Описание:
Служба "Windows Time" перешла в состояние stopped.
Xml события:
<Event xmlns="http://schemas.microsoft.com/win/2004/08/events/event">
  <System>
    <Provider Name="Service Control Manager" Guid="{555908d1-a6d7-4695-8e1e-26931d2012f4}" EventSourceName="Service Control Manager" />
    <EventID Qualifiers="16384">7036</EventID>
    <Version>0</Version>
    <Level>4</Level>
    <Task>0</Task>
    <Opcode>0</Opcode>
    <Keywords>0x8080000000000000</Keywords>
    <TimeCreated SystemTime="2023-12-08T01:39:50.5620742Z" />
    <EventRecordID>8549</EventRecordID>
    <Correlation />
    <Execution ProcessID="532" ThreadID="4736" />
    <Channel>System</Channel>
    <Computer>WIN-J9D866ESIJ2</Computer>
    <Security />
  </System>
  <EventData>
    <Data Name="param1">Windows Time</Data>
    <Data Name="param2">stopped</Data>
    <Binary>570033003200540069006D0065002F0031000000</Binary>
  </EventData>
</Event>

Имя журнала:   System
Источник:      Service Control Manager
Дата:          08.12.2023 6:39:50
Код события:   7036
Категория задачи:Отсутствует
Уровень:       Сведения
Ключевые слова:Классический
Пользователь:  Н/Д
Компьютер:     WIN-J9D866ESIJ2
Описание:
Служба "QEMU Guest Agent" перешла в состояние stopped.
Xml события:
<Event xmlns="http://schemas.microsoft.com/win/2004/08/events/event">
  <System>
    <Provider Name="Service Control Manager" Guid="{555908d1-a6d7-4695-8e1e-26931d2012f4}" EventSourceName="Service Control Manager" />
    <EventID Qualifiers="16384">7036</EventID>
    <Version>0</Version>
    <Level>4</Level>
    <Task>0</Task>
    <Opcode>0</Opcode>
    <Keywords>0x8080000000000000</Keywords>
    <TimeCreated SystemTime="2023-12-08T01:39:50.5620742Z" />
    <EventRecordID>8548</EventRecordID>
    <Correlation />
    <Execution ProcessID="532" ThreadID="4736" />
    <Channel>System</Channel>
    <Computer>WIN-J9D866ESIJ2</Computer>
    <Security />
  </System>
  <EventData>
    <Data Name="param1">QEMU Guest Agent</Data>
    <Data Name="param2">stopped</Data>
    <Binary>510045004D0055002D00470041002F0031000000</Binary>
  </EventData>
</Event>

Имя журнала:   System
Источник:      Microsoft-Windows-Kernel-General
Дата:          08.12.2023 6:39:50
Код события:   1
Категория задачи:(5)
Уровень:       Сведения
Ключевые слова:Time
Пользователь:  LOCAL SERVICE
Компьютер:     WIN-J9D866ESIJ2
Описание:
Системное время изменено с ‎2023‎-‎12‎-‎08T01:39:50.574904800Z на ‎2023‎-‎12‎-‎08T01:39:50.568000000Z.

Причина изменения: An application or system component changed the time.
Xml события:
<Event xmlns="http://schemas.microsoft.com/win/2004/08/events/event">
  <System>
    <Provider Name="Microsoft-Windows-Kernel-General" Guid="{a68ca8b7-004f-d7b6-a698-07e2de0f1f5d}" />
    <EventID>1</EventID>
    <Version>1</Version>
    <Level>4</Level>
    <Task>5</Task>
    <Opcode>0</Opcode>
    <Keywords>0x8000000000000010</Keywords>
    <TimeCreated SystemTime="2023-12-08T01:39:50.5626977Z" />
    <EventRecordID>8547</EventRecordID>
    <Correlation />
    <Execution ProcessID="232" ThreadID="2012" />
    <Channel>System</Channel>
    <Computer>WIN-J9D866ESIJ2</Computer>
    <Security UserID="S-1-5-19" />
  </System>
  <EventData>
    <Data Name="NewTime">2023-12-08T01:39:50.5680000Z</Data>
    <Data Name="OldTime">2023-12-08T01:39:50.5749048Z</Data>
    <Data Name="Reason">1</Data>
  </EventData>
</Event>

Имя журнала:   System
Источник:      Service Control Manager
Дата:          08.12.2023 6:39:50
Код события:   7036
Категория задачи:Отсутствует
Уровень:       Сведения
Ключевые слова:Классический
Пользователь:  Н/Д
Компьютер:     WIN-J9D866ESIJ2
Описание:
Служба "Plug and Play" перешла в состояние stopped.
Xml события:
<Event xmlns="http://schemas.microsoft.com/win/2004/08/events/event">
  <System>
    <Provider Name="Service Control Manager" Guid="{555908d1-a6d7-4695-8e1e-26931d2012f4}" EventSourceName="Service Control Manager" />
    <EventID Qualifiers="16384">7036</EventID>
    <Version>0</Version>
    <Level>4</Level>
    <Task>0</Task>
    <Opcode>0</Opcode>
    <Keywords>0x8080000000000000</Keywords>
    <TimeCreated SystemTime="2023-12-08T01:39:50.5689790Z" />
    <EventRecordID>8546</EventRecordID>
    <Correlation />
    <Execution ProcessID="532" ThreadID="5752" />
    <Channel>System</Channel>
    <Computer>WIN-J9D866ESIJ2</Computer>
    <Security />
  </System>
  <EventData>
    <Data Name="param1">Plug and Play</Data>
    <Data Name="param2">stopped</Data>
    <Binary>50006C007500670050006C00610079002F0031000000</Binary>
  </EventData>
</Event>

Имя журнала:   System
Источник:      Service Control Manager
Дата:          08.12.2023 6:39:50
Код события:   7036
Категория задачи:Отсутствует
Уровень:       Сведения
Ключевые слова:Классический
Пользователь:  Н/Д
Компьютер:     WIN-J9D866ESIJ2
Описание:
Служба "Connected User Experiences and Telemetry" перешла в состояние stopped.
Xml события:
<Event xmlns="http://schemas.microsoft.com/win/2004/08/events/event">
  <System>
    <Provider Name="Service Control Manager" Guid="{555908d1-a6d7-4695-8e1e-26931d2012f4}" EventSourceName="Service Control Manager" />
    <EventID Qualifiers="16384">7036</EventID>
    <Version>0</Version>
    <Level>4</Level>
    <Task>0</Task>
    <Opcode>0</Opcode>
    <Keywords>0x8080000000000000</Keywords>
    <TimeCreated SystemTime="2023-12-08T01:39:50.5220920Z" />
    <EventRecordID>8545</EventRecordID>
    <Correlation />
    <Execution ProcessID="532" ThreadID="4736" />
    <Channel>System</Channel>
    <Computer>WIN-J9D866ESIJ2</Computer>
    <Security />
  </System>
  <EventData>
    <Data Name="param1">Connected User Experiences and Telemetry</Data>
    <Data Name="param2">stopped</Data>
    <Binary>440069006100670054007200610063006B002F0031000000</Binary>
  </EventData>
</Event>

Имя журнала:   System
Источник:      Service Control Manager
Дата:          08.12.2023 6:39:50
Код события:   7036
Категория задачи:Отсутствует
Уровень:       Сведения
Ключевые слова:Классический
Пользователь:  Н/Д
Компьютер:     WIN-J9D866ESIJ2
Описание:
Служба "User Access Logging Service" перешла в состояние stopped.
Xml события:
<Event xmlns="http://schemas.microsoft.com/win/2004/08/events/event">
  <System>
    <Provider Name="Service Control Manager" Guid="{555908d1-a6d7-4695-8e1e-26931d2012f4}" EventSourceName="Service Control Manager" />
    <EventID Qualifiers="16384">7036</EventID>
    <Version>0</Version>
    <Level>4</Level>
    <Task>0</Task>
    <Opcode>0</Opcode>
    <Keywords>0x8080000000000000</Keywords>
    <TimeCreated SystemTime="2023-12-08T01:39:50.1939436Z" />
    <EventRecordID>8544</EventRecordID>
    <Correlation />
    <Execution ProcessID="532" ThreadID="4736" />
    <Channel>System</Channel>
    <Computer>WIN-J9D866ESIJ2</Computer>
    <Security />
  </System>
  <EventData>
    <Data Name="param1">User Access Logging Service</Data>
    <Data Name="param2">stopped</Data>
    <Binary>550041004C005300560043002F0031000000</Binary>
  </EventData>
</Event>

Имя журнала:   System
Источник:      Service Control Manager
Дата:          08.12.2023 6:39:50
Код события:   7036
Категория задачи:Отсутствует
Уровень:       Сведения
Ключевые слова:Классический
Пользователь:  Н/Д
Компьютер:     WIN-J9D866ESIJ2
Описание:
Служба "Tile Data model server" перешла в состояние stopped.
Xml события:
<Event xmlns="http://schemas.microsoft.com/win/2004/08/events/event">
  <System>
    <Provider Name="Service Control Manager" Guid="{555908d1-a6d7-4695-8e1e-26931d2012f4}" EventSourceName="Service Control Manager" />
    <EventID Qualifiers="16384">7036</EventID>
    <Version>0</Version>
    <Level>4</Level>
    <Task>0</Task>
    <Opcode>0</Opcode>
    <Keywords>0x8080000000000000</Keywords>
    <TimeCreated SystemTime="2023-12-08T01:39:50.1783626Z" />
    <EventRecordID>8543</EventRecordID>
    <Correlation />
    <Execution ProcessID="532" ThreadID="872" />
    <Channel>System</Channel>
    <Computer>WIN-J9D866ESIJ2</Computer>
    <Security />
  </System>
  <EventData>
    <Data Name="param1">Tile Data model server</Data>
    <Data Name="param2">stopped</Data>
    <Binary>740069006C00650064006100740061006D006F00640065006C007300760063002F0031000000</Binary>
  </EventData>
</Event>

