Имя журнала:   System
Источник:      Service Control Manager
Дата:          08.12.2023 6:42:38
Код события:   7036
Категория задачи:Отсутствует
Уровень:       Сведения
Ключевые слова:Классический
Пользователь:  Н/Д
Компьютер:     WIN-J9D866ESIJ2
Описание:
Служба "SSDPSRV" перешла в состояние running.
Xml события:
<Event xmlns="http://schemas.microsoft.com/win/2004/08/events/event">
  <System>
    <Provider Name="Service Control Manager" Guid="{555908d1-a6d7-4695-8e1e-26931d2012f4}" EventSourceName="Service Control Manager" />
    <EventID Qualifiers="16384">7036</EventID>
    <Version>0</Version>
    <Level>4</Level>
    <Task>0</Task>
    <Opcode>0</Opcode>
    <Keywords>0x8080000000000000</Keywords>
    <TimeCreated SystemTime="2023-12-08T01:42:38.7210460Z" />
    <EventRecordID>8697</EventRecordID>
    <Correlation />
    <Execution ProcessID="544" ThreadID="964" />
    <Channel>System</Channel>
    <Computer>WIN-J9D866ESIJ2</Computer>
    <Security />
  </System>
  <EventData>
    <Data Name="param1">SSDPSRV</Data>
    <Data Name="param2">running</Data>
    <Binary>53005300440050005300520056002F0034000000</Binary>
  </EventData>
</Event>

Имя журнала:   System
Источник:      Service Control Manager
Дата:          08.12.2023 6:42:38
Код события:   7036
Категория задачи:Отсутствует
Уровень:       Сведения
Ключевые слова:Классический
Пользователь:  Н/Д
Компьютер:     WIN-J9D866ESIJ2
Описание:
Служба "Connected Devices Platform Service" перешла в состояние stopped.
Xml события:
<Event xmlns="http://schemas.microsoft.com/win/2004/08/events/event">
  <System>
    <Provider Name="Service Control Manager" Guid="{555908d1-a6d7-4695-8e1e-26931d2012f4}" EventSourceName="Service Control Manager" />
    <EventID Qualifiers="16384">7036</EventID>
    <Version>0</Version>
    <Level>4</Level>
    <Task>0</Task>
    <Opcode>0</Opcode>
    <Keywords>0x8080000000000000</Keywords>
    <TimeCreated SystemTime="2023-12-08T01:42:38.5022899Z" />
    <EventRecordID>8696</EventRecordID>
    <Correlation />
    <Execution ProcessID="544" ThreadID="964" />
    <Channel>System</Channel>
    <Computer>WIN-J9D866ESIJ2</Computer>
    <Security />
  </System>
  <EventData>
    <Data Name="param1">Connected Devices Platform Service</Data>
    <Data Name="param2">stopped</Data>
    <Binary>4300440050005300760063002F0031000000</Binary>
  </EventData>
</Event>

Имя журнала:   System
Источник:      Service Control Manager
Дата:          08.12.2023 6:42:38
Код события:   7036
Категория задачи:Отсутствует
Уровень:       Сведения
Ключевые слова:Классический
Пользователь:  Н/Д
Компьютер:     WIN-J9D866ESIJ2
Описание:
Служба "BITS" перешла в состояние running.
Xml события:
<Event xmlns="http://schemas.microsoft.com/win/2004/08/events/event">
  <System>
    <Provider Name="Service Control Manager" Guid="{555908d1-a6d7-4695-8e1e-26931d2012f4}" EventSourceName="Service Control Manager" />
    <EventID Qualifiers="16384">7036</EventID>
    <Version>0</Version>
    <Level>4</Level>
    <Task>0</Task>
    <Opcode>0</Opcode>
    <Keywords>0x8080000000000000</Keywords>
    <TimeCreated SystemTime="2023-12-08T01:42:38.2522764Z" />
    <EventRecordID>8695</EventRecordID>
    <Correlation />
    <Execution ProcessID="544" ThreadID="964" />
    <Channel>System</Channel>
    <Computer>WIN-J9D866ESIJ2</Computer>
    <Security />
  </System>
  <EventData>
    <Data Name="param1">BITS</Data>
    <Data Name="param2">running</Data>
    <Binary>42004900540053002F0034000000</Binary>
  </EventData>
</Event>

Имя журнала:   System
Источник:      Service Control Manager
Дата:          08.12.2023 6:42:36
Код события:   7036
Категория задачи:Отсутствует
Уровень:       Сведения
Ключевые слова:Классический
Пользователь:  Н/Д
Компьютер:     WIN-J9D866ESIJ2
Описание:
Служба "Portable Device Enumerator Service" перешла в состояние stopped.
Xml события:
<Event xmlns="http://schemas.microsoft.com/win/2004/08/events/event">
  <System>
    <Provider Name="Service Control Manager" Guid="{555908d1-a6d7-4695-8e1e-26931d2012f4}" EventSourceName="Service Control Manager" />
    <EventID Qualifiers="16384">7036</EventID>
    <Version>0</Version>
    <Level>4</Level>
    <Task>0</Task>
    <Opcode>0</Opcode>
    <Keywords>0x8080000000000000</Keywords>
    <TimeCreated SystemTime="2023-12-08T01:42:36.7522658Z" />
    <EventRecordID>8694</EventRecordID>
    <Correlation />
    <Execution ProcessID="544" ThreadID="616" />
    <Channel>System</Channel>
    <Computer>WIN-J9D866ESIJ2</Computer>
    <Security />
  </System>
  <EventData>
    <Data Name="param1">Portable Device Enumerator Service</Data>
    <Data Name="param2">stopped</Data>
    <Binary>57005000440042007500730045006E0075006D002F0031000000</Binary>
  </EventData>
</Event>

Имя журнала:   System
Источник:      Service Control Manager
Дата:          08.12.2023 6:41:55
Код события:   7036
Категория задачи:Отсутствует
Уровень:       Сведения
Ключевые слова:Классический
Пользователь:  Н/Д
Компьютер:     WIN-J9D866ESIJ2
Описание:
Служба "sppsvc" перешла в состояние stopped.
Xml события:
<Event xmlns="http://schemas.microsoft.com/win/2004/08/events/event">
  <System>
    <Provider Name="Service Control Manager" Guid="{555908d1-a6d7-4695-8e1e-26931d2012f4}" EventSourceName="Service Control Manager" />
    <EventID Qualifiers="16384">7036</EventID>
    <Version>0</Version>
    <Level>4</Level>
    <Task>0</Task>
    <Opcode>0</Opcode>
    <Keywords>0x8080000000000000</Keywords>
    <TimeCreated SystemTime="2023-12-08T01:41:55.5362139Z" />
    <EventRecordID>8693</EventRecordID>
    <Correlation />
    <Execution ProcessID="544" ThreadID="616" />
    <Channel>System</Channel>
    <Computer>WIN-J9D866ESIJ2</Computer>
    <Security />
  </System>
  <EventData>
    <Data Name="param1">sppsvc</Data>
    <Data Name="param2">stopped</Data>
    <Binary>7300700070007300760063002F0031000000</Binary>
  </EventData>
</Event>

Имя журнала:   System
Источник:      Service Control Manager
Дата:          08.12.2023 6:41:38
Код события:   7036
Категория задачи:Отсутствует
Уровень:       Сведения
Ключевые слова:Классический
Пользователь:  Н/Д
Компьютер:     WIN-J9D866ESIJ2
Описание:
Служба "NetSetupSvc" перешла в состояние stopped.
Xml события:
<Event xmlns="http://schemas.microsoft.com/win/2004/08/events/event">
  <System>
    <Provider Name="Service Control Manager" Guid="{555908d1-a6d7-4695-8e1e-26931d2012f4}" EventSourceName="Service Control Manager" />
    <EventID Qualifiers="16384">7036</EventID>
    <Version>0</Version>
    <Level>4</Level>
    <Task>0</Task>
    <Opcode>0</Opcode>
    <Keywords>0x8080000000000000</Keywords>
    <TimeCreated SystemTime="2023-12-08T01:41:38.3990102Z" />
    <EventRecordID>8692</EventRecordID>
    <Correlation />
    <Execution ProcessID="544" ThreadID="616" />
    <Channel>System</Channel>
    <Computer>WIN-J9D866ESIJ2</Computer>
    <Security />
  </System>
  <EventData>
    <Data Name="param1">NetSetupSvc</Data>
    <Data Name="param2">stopped</Data>
    <Binary>4E0065007400530065007400750070005300760063002F0031000000</Binary>
  </EventData>
</Event>

Имя журнала:   System
Источник:      Service Control Manager
Дата:          08.12.2023 6:41:35
Код события:   7036
Категория задачи:Отсутствует
Уровень:       Сведения
Ключевые слова:Классический
Пользователь:  Н/Д
Компьютер:     WIN-J9D866ESIJ2
Описание:
Служба "NetSetupSvc" перешла в состояние running.
Xml события:
<Event xmlns="http://schemas.microsoft.com/win/2004/08/events/event">
  <System>
    <Provider Name="Service Control Manager" Guid="{555908d1-a6d7-4695-8e1e-26931d2012f4}" EventSourceName="Service Control Manager" />
    <EventID Qualifiers="16384">7036</EventID>
    <Version>0</Version>
    <Level>4</Level>
    <Task>0</Task>
    <Opcode>0</Opcode>
    <Keywords>0x8080000000000000</Keywords>
    <TimeCreated SystemTime="2023-12-08T01:41:35.3587138Z" />
    <EventRecordID>8691</EventRecordID>
    <Correlation />
    <Execution ProcessID="544" ThreadID="616" />
    <Channel>System</Channel>
    <Computer>WIN-J9D866ESIJ2</Computer>
    <Security />
  </System>
  <EventData>
    <Data Name="param1">NetSetupSvc</Data>
    <Data Name="param2">running</Data>
    <Binary>4E0065007400530065007400750070005300760063002F0034000000</Binary>
  </EventData>
</Event>

Имя журнала:   System
Источник:      Service Control Manager
Дата:          08.12.2023 6:41:35
Код события:   7040
Категория задачи:Отсутствует
Уровень:       Сведения
Ключевые слова:Классический
Пользователь:  СИСТЕМА
Компьютер:     WIN-J9D866ESIJ2
Описание:
Тип запуска службы "Windows Modules Installer" был изменен с "auto start" на "demand start".
Xml события:
<Event xmlns="http://schemas.microsoft.com/win/2004/08/events/event">
  <System>
    <Provider Name="Service Control Manager" Guid="{555908d1-a6d7-4695-8e1e-26931d2012f4}" EventSourceName="Service Control Manager" />
    <EventID Qualifiers="16384">7040</EventID>
    <Version>0</Version>
    <Level>4</Level>
    <Task>0</Task>
    <Opcode>0</Opcode>
    <Keywords>0x8080000000000000</Keywords>
    <TimeCreated SystemTime="2023-12-08T01:41:35.0608297Z" />
    <EventRecordID>8690</EventRecordID>
    <Correlation />
    <Execution ProcessID="544" ThreadID="616" />
    <Channel>System</Channel>
    <Computer>WIN-J9D866ESIJ2</Computer>
    <Security UserID="S-1-5-18" />
  </System>
  <EventData>
    <Data Name="param1">Windows Modules Installer</Data>
    <Data Name="param2">auto start</Data>
    <Data Name="param3">demand start</Data>
    <Data Name="param4">TrustedInstaller</Data>
  </EventData>
</Event>

Имя журнала:   System
Источник:      Microsoft-Windows-HttpEvent
Дата:          08.12.2023 6:41:29
Код события:   15007
Категория задачи:Отсутствует
Уровень:       Сведения
Ключевые слова:Классический
Пользователь:  Н/Д
Компьютер:     WIN-J9D866ESIJ2
Описание:
Резервирование для пространства имен с префиксом URL http://+:10246/MDEServer/ было добавлено успешно.
Xml события:
<Event xmlns="http://schemas.microsoft.com/win/2004/08/events/event">
  <System>
    <Provider Name="Microsoft-Windows-HttpEvent" Guid="{7b6bc78c-898b-4170-bbf8-1a469ea43fc5}" EventSourceName="HTTP" />
    <EventID Qualifiers="16384">15007</EventID>
    <Version>0</Version>
    <Level>4</Level>
    <Task>0</Task>
    <Opcode>0</Opcode>
    <Keywords>0x80000000000000</Keywords>
    <TimeCreated SystemTime="2023-12-08T01:41:29.5231513Z" />
    <EventRecordID>8689</EventRecordID>
    <Correlation />
    <Execution ProcessID="4" ThreadID="1992" />
    <Channel>System</Channel>
    <Computer>WIN-J9D866ESIJ2</Computer>
    <Security />
  </System>
  <EventData>
    <Data Name="DeviceObject">
    </Data>
    <Data Name="Url">http://+:10246/MDEServer/</Data>
  </EventData>
</Event>

Имя журнала:   System
Источник:      Microsoft-Windows-HttpEvent
Дата:          08.12.2023 6:41:29
Код события:   15007
Категория задачи:Отсутствует
Уровень:       Сведения
Ключевые слова:Классический
Пользователь:  Н/Д
Компьютер:     WIN-J9D866ESIJ2
Описание:
Резервирование для пространства имен с префиксом URL http://+:10247/apps/ было добавлено успешно.
Xml события:
<Event xmlns="http://schemas.microsoft.com/win/2004/08/events/event">
  <System>
    <Provider Name="Microsoft-Windows-HttpEvent" Guid="{7b6bc78c-898b-4170-bbf8-1a469ea43fc5}" EventSourceName="HTTP" />
    <EventID Qualifiers="16384">15007</EventID>
    <Version>0</Version>
    <Level>4</Level>
    <Task>0</Task>
    <Opcode>0</Opcode>
    <Keywords>0x80000000000000</Keywords>
    <TimeCreated SystemTime="2023-12-08T01:41:29.5074357Z" />
    <EventRecordID>8688</EventRecordID>
    <Correlation />
    <Execution ProcessID="4" ThreadID="1992" />
    <Channel>System</Channel>
    <Computer>WIN-J9D866ESIJ2</Computer>
    <Security />
  </System>
  <EventData>
    <Data Name="DeviceObject">
    </Data>
    <Data Name="Url">http://+:10247/apps/</Data>
  </EventData>
</Event>

Имя журнала:   System
Источник:      Service Control Manager
Дата:          08.12.2023 6:41:29
Код события:   7036
Категория задачи:Отсутствует
Уровень:       Сведения
Ключевые слова:Классический
Пользователь:  Н/Д
Компьютер:     WIN-J9D866ESIJ2
Описание:
Служба "AppReadiness" перешла в состояние running.
Xml события:
<Event xmlns="http://schemas.microsoft.com/win/2004/08/events/event">
  <System>
    <Provider Name="Service Control Manager" Guid="{555908d1-a6d7-4695-8e1e-26931d2012f4}" EventSourceName="Service Control Manager" />
    <EventID Qualifiers="16384">7036</EventID>
    <Version>0</Version>
    <Level>4</Level>
    <Task>0</Task>
    <Opcode>0</Opcode>
    <Keywords>0x8080000000000000</Keywords>
    <TimeCreated SystemTime="2023-12-08T01:41:29.3818571Z" />
    <EventRecordID>8687</EventRecordID>
    <Correlation />
    <Execution ProcessID="544" ThreadID="616" />
    <Channel>System</Channel>
    <Computer>WIN-J9D866ESIJ2</Computer>
    <Security />
  </System>
  <EventData>
    <Data Name="param1">AppReadiness</Data>
    <Data Name="param2">running</Data>
    <Binary>410070007000520065006100640069006E006500730073002F0034000000</Binary>
  </EventData>
</Event>

Имя журнала:   System
Источник:      Service Control Manager
Дата:          08.12.2023 6:41:27
Код события:   7036
Категория задачи:Отсутствует
Уровень:       Сведения
Ключевые слова:Классический
Пользователь:  Н/Д
Компьютер:     WIN-J9D866ESIJ2
Описание:
Служба "NetSetupSvc" перешла в состояние stopped.
Xml события:
<Event xmlns="http://schemas.microsoft.com/win/2004/08/events/event">
  <System>
    <Provider Name="Service Control Manager" Guid="{555908d1-a6d7-4695-8e1e-26931d2012f4}" EventSourceName="Service Control Manager" />
    <EventID Qualifiers="16384">7036</EventID>
    <Version>0</Version>
    <Level>4</Level>
    <Task>0</Task>
    <Opcode>0</Opcode>
    <Keywords>0x8080000000000000</Keywords>
    <TimeCreated SystemTime="2023-12-08T01:41:27.8428418Z" />
    <EventRecordID>8686</EventRecordID>
    <Correlation />
    <Execution ProcessID="544" ThreadID="1972" />
    <Channel>System</Channel>
    <Computer>WIN-J9D866ESIJ2</Computer>
    <Security />
  </System>
  <EventData>
    <Data Name="param1">NetSetupSvc</Data>
    <Data Name="param2">stopped</Data>
    <Binary>4E0065007400530065007400750070005300760063002F0031000000</Binary>
  </EventData>
</Event>

Имя журнала:   System
Источник:      Microsoft-Windows-HttpEvent
Дата:          08.12.2023 6:41:25
Код события:   15007
Категория задачи:Отсутствует
Уровень:       Сведения
Ключевые слова:Классический
Пользователь:  Н/Д
Компьютер:     WIN-J9D866ESIJ2
Описание:
Резервирование для пространства имен с префиксом URL https://+:443/sra_{BA195980-CD49-458b-9E23-C84EE0ADCD75}/ было добавлено успешно.
Xml события:
<Event xmlns="http://schemas.microsoft.com/win/2004/08/events/event">
  <System>
    <Provider Name="Microsoft-Windows-HttpEvent" Guid="{7b6bc78c-898b-4170-bbf8-1a469ea43fc5}" EventSourceName="HTTP" />
    <EventID Qualifiers="16384">15007</EventID>
    <Version>0</Version>
    <Level>4</Level>
    <Task>0</Task>
    <Opcode>0</Opcode>
    <Keywords>0x80000000000000</Keywords>
    <TimeCreated SystemTime="2023-12-08T01:41:25.2027848Z" />
    <EventRecordID>8685</EventRecordID>
    <Correlation />
    <Execution ProcessID="4" ThreadID="288" />
    <Channel>System</Channel>
    <Computer>WIN-J9D866ESIJ2</Computer>
    <Security />
  </System>
  <EventData>
    <Data Name="DeviceObject">
    </Data>
    <Data Name="Url">https://+:443/sra_{BA195980-CD49-458b-9E23-C84EE0ADCD75}/</Data>
  </EventData>
</Event>

Имя журнала:   System
Источник:      Service Control Manager
Дата:          08.12.2023 6:41:23
Код события:   7036
Категория задачи:Отсутствует
Уровень:       Сведения
Ключевые слова:Классический
Пользователь:  Н/Д
Компьютер:     WIN-J9D866ESIJ2
Описание:
Служба "sppsvc" перешла в состояние running.
Xml события:
<Event xmlns="http://schemas.microsoft.com/win/2004/08/events/event">
  <System>
    <Provider Name="Service Control Manager" Guid="{555908d1-a6d7-4695-8e1e-26931d2012f4}" EventSourceName="Service Control Manager" />
    <EventID Qualifiers="16384">7036</EventID>
    <Version>0</Version>
    <Level>4</Level>
    <Task>0</Task>
    <Opcode>0</Opcode>
    <Keywords>0x8080000000000000</Keywords>
    <TimeCreated SystemTime="2023-12-08T01:41:23.4567929Z" />
    <EventRecordID>8684</EventRecordID>
    <Correlation />
    <Execution ProcessID="544" ThreadID="1972" />
    <Channel>System</Channel>
    <Computer>WIN-J9D866ESIJ2</Computer>
    <Security />
  </System>
  <EventData>
    <Data Name="param1">sppsvc</Data>
    <Data Name="param2">running</Data>
    <Binary>7300700070007300760063002F0034000000</Binary>
  </EventData>
</Event>

Имя журнала:   System
Источник:      Service Control Manager
Дата:          08.12.2023 6:41:22
Код события:   7036
Категория задачи:Отсутствует
Уровень:       Сведения
Ключевые слова:Классический
Пользователь:  Н/Д
Компьютер:     WIN-J9D866ESIJ2
Описание:
Служба "NetSetupSvc" перешла в состояние running.
Xml события:
<Event xmlns="http://schemas.microsoft.com/win/2004/08/events/event">
  <System>
    <Provider Name="Service Control Manager" Guid="{555908d1-a6d7-4695-8e1e-26931d2012f4}" EventSourceName="Service Control Manager" />
    <EventID Qualifiers="16384">7036</EventID>
    <Version>0</Version>
    <Level>4</Level>
    <Task>0</Task>
    <Opcode>0</Opcode>
    <Keywords>0x8080000000000000</Keywords>
    <TimeCreated SystemTime="2023-12-08T01:41:22.5597357Z" />
    <EventRecordID>8683</EventRecordID>
    <Correlation />
    <Execution ProcessID="544" ThreadID="616" />
    <Channel>System</Channel>
    <Computer>WIN-J9D866ESIJ2</Computer>
    <Security />
  </System>
  <EventData>
    <Data Name="param1">NetSetupSvc</Data>
    <Data Name="param2">running</Data>
    <Binary>4E0065007400530065007400750070005300760063002F0034000000</Binary>
  </EventData>
</Event>

Имя журнала:   System
Источник:      Microsoft-Windows-Eventlog
Дата:          08.12.2023 6:41:18
Код события:   30
Категория задачи:Запуск службы
Уровень:       Ошибка
Ключевые слова:Доступность службы
Пользователь:  LOCAL SERVICE
Компьютер:     WIN-J9D866ESIJ2
Описание:
Служба ведения журнала событий обнаружила ошибку (5) в ходе открытия доступа к каналу Microsoft-Windows-Kernel-ShimEngine/Operational для издателя {0bf2fb94-7b60-4b4d-9766-e82f658df540}. Данная ошибка не влияет на работу канала, но не позволяет издателю публиковать события в канале. Одна из распространенных причин этой ошибки заключается в том, что поставщик использует систему безопасности поставщика трассировки событий Windows, но не предоставил необходимые права для удостоверения службы журнала событий.
Xml события:
<Event xmlns="http://schemas.microsoft.com/win/2004/08/events/event">
  <System>
    <Provider Name="Microsoft-Windows-Eventlog" Guid="{fc65ddd8-d6ef-4962-83d5-6e5cfe9ce148}" />
    <EventID>30</EventID>
    <Version>0</Version>
    <Level>2</Level>
    <Task>100</Task>
    <Opcode>0</Opcode>
    <Keywords>0x8000000000020000</Keywords>
    <TimeCreated SystemTime="2023-12-08T01:41:18.5677447Z" />
    <EventRecordID>8682</EventRecordID>
    <Correlation />
    <Execution ProcessID="984" ThreadID="804" />
    <Channel>System</Channel>
    <Computer>WIN-J9D866ESIJ2</Computer>
    <Security UserID="S-1-5-19" />
  </System>
  <UserData>
    <InitChannelPublisherEnableFailure xmlns="http://manifests.microsoft.com/win/2004/08/windows/eventlog">
      <Error Code="5">
      </Error>
      <ChannelPath>Microsoft-Windows-Kernel-ShimEngine/Operational</ChannelPath>
      <PublisherGuid>{0bf2fb94-7b60-4b4d-9766-e82f658df540}</PublisherGuid>
    </InitChannelPublisherEnableFailure>
  </UserData>
</Event>

Имя журнала:   System
Источник:      Microsoft-Windows-Kernel-General
Дата:          08.12.2023 6:41:11
Код события:   16
Категория задачи:Отсутствует
Уровень:       Сведения
Ключевые слова:
Пользователь:  СИСТЕМА
Компьютер:     WIN-J9D866ESIJ2
Описание:
Журнал доступа в кусте \??\C:\Users\Default\NTUSER.DAT очищен; обновлено разделов: 98; создано измененных страниц: 17.
Xml события:
<Event xmlns="http://schemas.microsoft.com/win/2004/08/events/event">
  <System>
    <Provider Name="Microsoft-Windows-Kernel-General" Guid="{a68ca8b7-004f-d7b6-a698-07e2de0f1f5d}" />
    <EventID>16</EventID>
    <Version>0</Version>
    <Level>4</Level>
    <Task>0</Task>
    <Opcode>0</Opcode>
    <Keywords>0x8000000000000000</Keywords>
    <TimeCreated SystemTime="2023-12-08T01:41:11.8841636Z" />
    <EventRecordID>8681</EventRecordID>
    <Correlation />
    <Execution ProcessID="1404" ThreadID="1468" />
    <Channel>System</Channel>
    <Computer>WIN-J9D866ESIJ2</Computer>
    <Security UserID="S-1-5-18" />
  </System>
  <EventData>
    <Data Name="HiveNameLength">31</Data>
    <Data Name="HiveName">\??\C:\Users\Default\NTUSER.DAT</Data>
    <Data Name="KeysUpdated">98</Data>
    <Data Name="DirtyPages">17</Data>
  </EventData>
</Event>

Имя журнала:   System
Источник:      Microsoft-Windows-HttpEvent
Дата:          08.12.2023 6:41:11
Код события:   15008
Категория задачи:Отсутствует
Уровень:       Сведения
Ключевые слова:Классический
Пользователь:  Н/Д
Компьютер:     WIN-J9D866ESIJ2
Описание:
Резервирование для пространства имен с префиксом URL https://+:443/sra_{BA195980-CD49-458b-9E23-C84EE0ADCD75}/ было успешно удалено.
Xml события:
<Event xmlns="http://schemas.microsoft.com/win/2004/08/events/event">
  <System>
    <Provider Name="Microsoft-Windows-HttpEvent" Guid="{7b6bc78c-898b-4170-bbf8-1a469ea43fc5}" EventSourceName="HTTP" />
    <EventID Qualifiers="16384">15008</EventID>
    <Version>0</Version>
    <Level>4</Level>
    <Task>0</Task>
    <Opcode>0</Opcode>
    <Keywords>0x80000000000000</Keywords>
    <TimeCreated SystemTime="2023-12-08T01:41:11.2184364Z" />
    <EventRecordID>8680</EventRecordID>
    <Correlation />
    <Execution ProcessID="4" ThreadID="288" />
    <Channel>System</Channel>
    <Computer>WIN-J9D866ESIJ2</Computer>
    <Security />
  </System>
  <EventData>
    <Data Name="DeviceObject">
    </Data>
    <Data Name="Url">https://+:443/sra_{BA195980-CD49-458b-9E23-C84EE0ADCD75}/</Data>
  </EventData>
</Event>

Имя журнала:   System
Источник:      Microsoft-Windows-HttpEvent
Дата:          08.12.2023 6:41:11
Код события:   15008
Категория задачи:Отсутствует
Уровень:       Сведения
Ключевые слова:Классический
Пользователь:  Н/Д
Компьютер:     WIN-J9D866ESIJ2
Описание:
Резервирование для пространства имен с префиксом URL http://+:10247/apps/ было успешно удалено.
Xml события:
<Event xmlns="http://schemas.microsoft.com/win/2004/08/events/event">
  <System>
    <Provider Name="Microsoft-Windows-HttpEvent" Guid="{7b6bc78c-898b-4170-bbf8-1a469ea43fc5}" EventSourceName="HTTP" />
    <EventID Qualifiers="16384">15008</EventID>
    <Version>0</Version>
    <Level>4</Level>
    <Task>0</Task>
    <Opcode>0</Opcode>
    <Keywords>0x80000000000000</Keywords>
    <TimeCreated SystemTime="2023-12-08T01:41:11.0915503Z" />
    <EventRecordID>8679</EventRecordID>
    <Correlation />
    <Execution ProcessID="4" ThreadID="288" />
    <Channel>System</Channel>
    <Computer>WIN-J9D866ESIJ2</Computer>
    <Security />
  </System>
  <EventData>
    <Data Name="DeviceObject">
    </Data>
    <Data Name="Url">http://+:10247/apps/</Data>
  </EventData>
</Event>

Имя журнала:   System
Источник:      Microsoft-Windows-HttpEvent
Дата:          08.12.2023 6:41:11
Код события:   15008
Категория задачи:Отсутствует
Уровень:       Сведения
Ключевые слова:Классический
Пользователь:  Н/Д
Компьютер:     WIN-J9D866ESIJ2
Описание:
Резервирование для пространства имен с префиксом URL http://+:10246/MDEServer/ было успешно удалено.
Xml события:
<Event xmlns="http://schemas.microsoft.com/win/2004/08/events/event">
  <System>
    <Provider Name="Microsoft-Windows-HttpEvent" Guid="{7b6bc78c-898b-4170-bbf8-1a469ea43fc5}" EventSourceName="HTTP" />
    <EventID Qualifiers="16384">15008</EventID>
    <Version>0</Version>
    <Level>4</Level>
    <Task>0</Task>
    <Opcode>0</Opcode>
    <Keywords>0x80000000000000</Keywords>
    <TimeCreated SystemTime="2023-12-08T01:41:11.0757146Z" />
    <EventRecordID>8678</EventRecordID>
    <Correlation />
    <Execution ProcessID="4" ThreadID="288" />
    <Channel>System</Channel>
    <Computer>WIN-J9D866ESIJ2</Computer>
    <Security />
  </System>
  <EventData>
    <Data Name="DeviceObject">
    </Data>
    <Data Name="Url">http://+:10246/MDEServer/</Data>
  </EventData>
</Event>

Имя журнала:   System
Источник:      Microsoft-Windows-Time-Service
Дата:          08.12.2023 6:40:53
Код события:   35
Категория задачи:Отсутствует
Уровень:       Сведения
Ключевые слова:
Пользователь:  LOCAL SERVICE
Компьютер:     WIN-J9D866ESIJ2
Описание:
Служба времени выполняет синхронизацию системного времени с источником времени time.windows.com,0x8 (ntp.m|0x8|0.0.0.0:123->40.119.148.38:123) с идентификатором ссылки %2. Текущий номер локальной страты: %3.
Xml события:
<Event xmlns="http://schemas.microsoft.com/win/2004/08/events/event">
  <System>
    <Provider Name="Microsoft-Windows-Time-Service" Guid="{06edcfeb-0fd0-4e53-acca-a6f8bbf81bcb}" />
    <EventID>35</EventID>
    <Version>0</Version>
    <Level>4</Level>
    <Task>0</Task>
    <Opcode>0</Opcode>
    <Keywords>0x8000000000000000</Keywords>
    <TimeCreated SystemTime="2023-12-08T01:40:53.3821679Z" />
    <EventRecordID>8677</EventRecordID>
    <Correlation />
    <Execution ProcessID="940" ThreadID="2080" />
    <Channel>System</Channel>
    <Computer>WIN-J9D866ESIJ2</Computer>
    <Security UserID="S-1-5-19" />
  </System>
  <EventData Name="TMP_EVENT_TIME_SOURCE_CHOSEN">
    <Data Name="TimeSource">time.windows.com,0x8 (ntp.m|0x8|0.0.0.0:123-&gt;40.119.148.38:123)</Data>
  </EventData>
</Event>

Имя журнала:   System
Источник:      Microsoft-Windows-Time-Service
Дата:          08.12.2023 6:40:51
Код события:   37
Категория задачи:Отсутствует
Уровень:       Сведения
Ключевые слова:
Пользователь:  LOCAL SERVICE
Компьютер:     WIN-J9D866ESIJ2
Описание:
NTP-клиент поставщика времени получает действительные данные о времени от time.windows.com,0x8 (ntp.m|0x8|0.0.0.0:123->40.119.148.38:123).
Xml события:
<Event xmlns="http://schemas.microsoft.com/win/2004/08/events/event">
  <System>
    <Provider Name="Microsoft-Windows-Time-Service" Guid="{06edcfeb-0fd0-4e53-acca-a6f8bbf81bcb}" />
    <EventID>37</EventID>
    <Version>0</Version>
    <Level>4</Level>
    <Task>0</Task>
    <Opcode>0</Opcode>
    <Keywords>0x8000000000000000</Keywords>
    <TimeCreated SystemTime="2023-12-08T01:40:51.4058198Z" />
    <EventRecordID>8676</EventRecordID>
    <Correlation />
    <Execution ProcessID="940" ThreadID="2568" />
    <Channel>System</Channel>
    <Computer>WIN-J9D866ESIJ2</Computer>
    <Security UserID="S-1-5-19" />
  </System>
  <EventData Name="TMP_EVENT_TIME_SOURCE_REACHABLE">
    <Data Name="TimeSource">time.windows.com,0x8 (ntp.m|0x8|0.0.0.0:123-&gt;40.119.148.38:123)</Data>
  </EventData>
</Event>

Имя журнала:   System
Источник:      Service Control Manager
Дата:          08.12.2023 6:40:51
Код события:   7036
Категория задачи:Отсутствует
Уровень:       Сведения
Ключевые слова:Классический
Пользователь:  Н/Д
Компьютер:     WIN-J9D866ESIJ2
Описание:
Служба "WdNisSvc" перешла в состояние running.
Xml события:
<Event xmlns="http://schemas.microsoft.com/win/2004/08/events/event">
  <System>
    <Provider Name="Service Control Manager" Guid="{555908d1-a6d7-4695-8e1e-26931d2012f4}" EventSourceName="Service Control Manager" />
    <EventID Qualifiers="16384">7036</EventID>
    <Version>0</Version>
    <Level>4</Level>
    <Task>0</Task>
    <Opcode>0</Opcode>
    <Keywords>0x8080000000000000</Keywords>
    <TimeCreated SystemTime="2023-12-08T01:40:51.3972579Z" />
    <EventRecordID>8675</EventRecordID>
    <Correlation />
    <Execution ProcessID="544" ThreadID="616" />
    <Channel>System</Channel>
    <Computer>WIN-J9D866ESIJ2</Computer>
    <Security />
  </System>
  <EventData>
    <Data Name="param1">WdNisSvc</Data>
    <Data Name="param2">running</Data>
    <Binary>570064004E00690073005300760063002F0034000000</Binary>
  </EventData>
</Event>

Имя журнала:   System
Источник:      Service Control Manager
Дата:          08.12.2023 6:40:50
Код события:   7036
Категория задачи:Отсутствует
Уровень:       Сведения
Ключевые слова:Классический
Пользователь:  Н/Д
Компьютер:     WIN-J9D866ESIJ2
Описание:
Служба "NetSetupSvc" перешла в состояние stopped.
Xml события:
<Event xmlns="http://schemas.microsoft.com/win/2004/08/events/event">
  <System>
    <Provider Name="Service Control Manager" Guid="{555908d1-a6d7-4695-8e1e-26931d2012f4}" EventSourceName="Service Control Manager" />
    <EventID Qualifiers="16384">7036</EventID>
    <Version>0</Version>
    <Level>4</Level>
    <Task>0</Task>
    <Opcode>0</Opcode>
    <Keywords>0x8080000000000000</Keywords>
    <TimeCreated SystemTime="2023-12-08T01:40:50.6941317Z" />
    <EventRecordID>8674</EventRecordID>
    <Correlation />
    <Execution ProcessID="544" ThreadID="1972" />
    <Channel>System</Channel>
    <Computer>WIN-J9D866ESIJ2</Computer>
    <Security />
  </System>
  <EventData>
    <Data Name="param1">NetSetupSvc</Data>
    <Data Name="param2">stopped</Data>
    <Binary>4E0065007400530065007400750070005300760063002F0031000000</Binary>
  </EventData>
</Event>

Имя журнала:   System
Источник:      Service Control Manager
Дата:          08.12.2023 6:40:38
Код события:   7036
Категория задачи:Отсутствует
Уровень:       Сведения
Ключевые слова:Классический
Пользователь:  Н/Д
Компьютер:     WIN-J9D866ESIJ2
Описание:
Служба "WMI Performance Adapter" перешла в состояние running.
Xml события:
<Event xmlns="http://schemas.microsoft.com/win/2004/08/events/event">
  <System>
    <Provider Name="Service Control Manager" Guid="{555908d1-a6d7-4695-8e1e-26931d2012f4}" EventSourceName="Service Control Manager" />
    <EventID Qualifiers="16384">7036</EventID>
    <Version>0</Version>
    <Level>4</Level>
    <Task>0</Task>
    <Opcode>0</Opcode>
    <Keywords>0x8080000000000000</Keywords>
    <TimeCreated SystemTime="2023-12-08T01:40:38.9582862Z" />
    <EventRecordID>8673</EventRecordID>
    <Correlation />
    <Execution ProcessID="544" ThreadID="1972" />
    <Channel>System</Channel>
    <Computer>WIN-J9D866ESIJ2</Computer>
    <Security />
  </System>
  <EventData>
    <Data Name="param1">WMI Performance Adapter</Data>
    <Data Name="param2">running</Data>
    <Binary>77006D006900410070005300720076002F0034000000</Binary>
  </EventData>
</Event>

Имя журнала:   System
Источник:      Microsoft-Windows-Time-Service
Дата:          08.12.2023 6:40:38
Код события:   37
Категория задачи:Отсутствует
Уровень:       Сведения
Ключевые слова:
Пользователь:  LOCAL SERVICE
Компьютер:     WIN-J9D866ESIJ2
Описание:
NTP-клиент поставщика времени получает действительные данные о времени от time.windows.com,0x8 (ntp.m|0x8|0.0.0.0:123->40.119.148.38:123).
Xml события:
<Event xmlns="http://schemas.microsoft.com/win/2004/08/events/event">
  <System>
    <Provider Name="Microsoft-Windows-Time-Service" Guid="{06edcfeb-0fd0-4e53-acca-a6f8bbf81bcb}" />
    <EventID>37</EventID>
    <Version>0</Version>
    <Level>4</Level>
    <Task>0</Task>
    <Opcode>0</Opcode>
    <Keywords>0x8000000000000000</Keywords>
    <TimeCreated SystemTime="2023-12-08T01:40:38.8841147Z" />
    <EventRecordID>8672</EventRecordID>
    <Correlation />
    <Execution ProcessID="940" ThreadID="1120" />
    <Channel>System</Channel>
    <Computer>WIN-J9D866ESIJ2</Computer>
    <Security UserID="S-1-5-19" />
  </System>
  <EventData Name="TMP_EVENT_TIME_SOURCE_REACHABLE">
    <Data Name="TimeSource">time.windows.com,0x8 (ntp.m|0x8|0.0.0.0:123-&gt;40.119.148.38:123)</Data>
  </EventData>
</Event>

Имя журнала:   System
Источник:      Microsoft-Windows-Iphlpsvc
Дата:          08.12.2023 6:40:38
Код события:   4200
Категория задачи:Отсутствует
Уровень:       Сведения
Ключевые слова:
Пользователь:  СИСТЕМА
Компьютер:     WIN-J9D866ESIJ2
Описание:
Интерфейс Isatap isatap.{B426554C-2DEC-4ECB-BF06-C53C31782C72} с адресом fe80::200:5efe:89.23.96.69 переведен в рабочий режим.
Xml события:
<Event xmlns="http://schemas.microsoft.com/win/2004/08/events/event">
  <System>
    <Provider Name="Microsoft-Windows-Iphlpsvc" Guid="{66a5c15c-4f8e-4044-bf6e-71d896038977}" />
    <EventID>4200</EventID>
    <Version>0</Version>
    <Level>4</Level>
    <Task>0</Task>
    <Opcode>0</Opcode>
    <Keywords>0x8000000000000000</Keywords>
    <TimeCreated SystemTime="2023-12-08T01:40:38.1974693Z" />
    <EventRecordID>8671</EventRecordID>
    <Correlation />
    <Execution ProcessID="856" ThreadID="1840" />
    <Channel>System</Channel>
    <Computer>WIN-J9D866ESIJ2</Computer>
    <Security UserID="S-1-5-18" />
  </System>
  <EventData>
    <Data Name="ProtocolType">1</Data>
    <Data Name="Interface">isatap.{B426554C-2DEC-4ECB-BF06-C53C31782C72}</Data>
    <Data Name="Address">fe80::200:5efe:89.23.96.69</Data>
  </EventData>
</Event>

Имя журнала:   System
Источник:      NetBT
Дата:          08.12.2023 6:40:37
Код события:   4321
Категория задачи:Отсутствует
Уровень:       Ошибка
Ключевые слова:Классический
Пользователь:  Н/Д
Компьютер:     WIN-J9D866ESIJ2
Описание:
Имя "WIN-J9D866ESIJ2:20" не удалось зарегистрировать на интерфейсе с IP-адресом 89.23.96.69. Компьютер с IP-адресом 89.23.96.207 не разрешил использовать имя, запрошенное этим компьютером.
Xml события:
<Event xmlns="http://schemas.microsoft.com/win/2004/08/events/event">
  <System>
    <Provider Name="NetBT" />
    <EventID Qualifiers="49152">4321</EventID>
    <Level>2</Level>
    <Task>0</Task>
    <Keywords>0x80000000000000</Keywords>
    <TimeCreated SystemTime="2023-12-08T01:40:37.9582932Z" />
    <EventRecordID>8670</EventRecordID>
    <Channel>System</Channel>
    <Computer>WIN-J9D866ESIJ2</Computer>
    <Security />
  </System>
  <EventData>
    <Data>
    </Data>
    <Data>WIN-J9D866ESIJ2:20</Data>
    <Data>89.23.96.69</Data>
    <Data>89.23.96.207</Data>
    <Binary>000000000400320000000000E11000C001010000010000C001000000000000000000000000000000</Binary>
  </EventData>
</Event>

Имя журнала:   System
Источник:      Service Control Manager
Дата:          08.12.2023 6:40:37
Код события:   7036
Категория задачи:Отсутствует
Уровень:       Сведения
Ключевые слова:Классический
Пользователь:  Н/Д
Компьютер:     WIN-J9D866ESIJ2
Описание:
Служба "BalloonService" перешла в состояние running.
Xml события:
<Event xmlns="http://schemas.microsoft.com/win/2004/08/events/event">
  <System>
    <Provider Name="Service Control Manager" Guid="{555908d1-a6d7-4695-8e1e-26931d2012f4}" EventSourceName="Service Control Manager" />
    <EventID Qualifiers="16384">7036</EventID>
    <Version>0</Version>
    <Level>4</Level>
    <Task>0</Task>
    <Opcode>0</Opcode>
    <Keywords>0x8080000000000000</Keywords>
    <TimeCreated SystemTime="2023-12-08T01:40:37.9582932Z" />
    <EventRecordID>8669</EventRecordID>
    <Correlation />
    <Execution ProcessID="544" ThreadID="964" />
    <Channel>System</Channel>
    <Computer>WIN-J9D866ESIJ2</Computer>
    <Security />
  </System>
  <EventData>
    <Data Name="param1">BalloonService</Data>
    <Data Name="param2">running</Data>
    <Binary>420061006C006C006F006F006E0053006500720076006900630065002F0034000000</Binary>
  </EventData>
</Event>

Имя журнала:   System
Источник:      Service Control Manager
Дата:          08.12.2023 6:40:37
Код события:   7026
Категория задачи:Отсутствует
Уровень:       Сведения
Ключевые слова:Классический
Пользователь:  Н/Д
Компьютер:     WIN-J9D866ESIJ2
Описание:
Следующие драйверы загрузки или запуска системы не загружены: 
cdrom
dam
Xml события:
<Event xmlns="http://schemas.microsoft.com/win/2004/08/events/event">
  <System>
    <Provider Name="Service Control Manager" Guid="{555908d1-a6d7-4695-8e1e-26931d2012f4}" EventSourceName="Service Control Manager" />
    <EventID Qualifiers="49152">7026</EventID>
    <Version>0</Version>
    <Level>4</Level>
    <Task>0</Task>
    <Opcode>0</Opcode>
    <Keywords>0x8080000000000000</Keywords>
    <TimeCreated SystemTime="2023-12-08T01:40:37.9270168Z" />
    <EventRecordID>8668</EventRecordID>
    <Correlation />
    <Execution ProcessID="544" ThreadID="548" />
    <Channel>System</Channel>
    <Computer>WIN-J9D866ESIJ2</Computer>
    <Security />
  </System>
  <EventData>
    <Data Name="param1">
cdrom
dam</Data>
  </EventData>
</Event>

Имя журнала:   System
Источник:      Service Control Manager
Дата:          08.12.2023 6:40:37
Код события:   7036
Категория задачи:Отсутствует
Уровень:       Сведения
Ключевые слова:Классический
Пользователь:  Н/Д
Компьютер:     WIN-J9D866ESIJ2
Описание:
Служба "LanmanServer" перешла в состояние running.
Xml события:
<Event xmlns="http://schemas.microsoft.com/win/2004/08/events/event">
  <System>
    <Provider Name="Service Control Manager" Guid="{555908d1-a6d7-4695-8e1e-26931d2012f4}" EventSourceName="Service Control Manager" />
    <EventID Qualifiers="16384">7036</EventID>
    <Version>0</Version>
    <Level>4</Level>
    <Task>0</Task>
    <Opcode>0</Opcode>
    <Keywords>0x8080000000000000</Keywords>
    <TimeCreated SystemTime="2023-12-08T01:40:37.6614146Z" />
    <EventRecordID>8667</EventRecordID>
    <Correlation />
    <Execution ProcessID="544" ThreadID="832" />
    <Channel>System</Channel>
    <Computer>WIN-J9D866ESIJ2</Computer>
    <Security />
  </System>
  <EventData>
    <Data Name="param1">LanmanServer</Data>
    <Data Name="param2">running</Data>
    <Binary>4C0061006E006D0061006E005300650072007600650072002F0034000000</Binary>
  </EventData>
</Event>

Имя журнала:   System
Источник:      Service Control Manager
Дата:          08.12.2023 6:40:37
Код события:   7036
Категория задачи:Отсутствует
Уровень:       Сведения
Ключевые слова:Классический
Пользователь:  Н/Д
Компьютер:     WIN-J9D866ESIJ2
Описание:
Служба "DiagTrack" перешла в состояние running.
Xml события:
<Event xmlns="http://schemas.microsoft.com/win/2004/08/events/event">
  <System>
    <Provider Name="Service Control Manager" Guid="{555908d1-a6d7-4695-8e1e-26931d2012f4}" EventSourceName="Service Control Manager" />
    <EventID Qualifiers="16384">7036</EventID>
    <Version>0</Version>
    <Level>4</Level>
    <Task>0</Task>
    <Opcode>0</Opcode>
    <Keywords>0x8080000000000000</Keywords>
    <TimeCreated SystemTime="2023-12-08T01:40:37.6457847Z" />
    <EventRecordID>8666</EventRecordID>
    <Correlation />
    <Execution ProcessID="544" ThreadID="832" />
    <Channel>System</Channel>
    <Computer>WIN-J9D866ESIJ2</Computer>
    <Security />
  </System>
  <EventData>
    <Data Name="param1">DiagTrack</Data>
    <Data Name="param2">running</Data>
    <Binary>440069006100670054007200610063006B002F0034000000</Binary>
  </EventData>
</Event>

Имя журнала:   System
Источник:      Service Control Manager
Дата:          08.12.2023 6:40:37
Код события:   7040
Категория задачи:Отсутствует
Уровень:       Сведения
Ключевые слова:Классический
Пользователь:  СИСТЕМА
Компьютер:     WIN-J9D866ESIJ2
Описание:
Тип запуска службы "Remote Access IP ARP Driver" был изменен с "auto start" на "demand start".
Xml события:
<Event xmlns="http://schemas.microsoft.com/win/2004/08/events/event">
  <System>
    <Provider Name="Service Control Manager" Guid="{555908d1-a6d7-4695-8e1e-26931d2012f4}" EventSourceName="Service Control Manager" />
    <EventID Qualifiers="16384">7040</EventID>
    <Version>0</Version>
    <Level>4</Level>
    <Task>0</Task>
    <Opcode>0</Opcode>
    <Keywords>0x8080000000000000</Keywords>
    <TimeCreated SystemTime="2023-12-08T01:40:37.5832905Z" />
    <EventRecordID>8665</EventRecordID>
    <Correlation />
    <Execution ProcessID="544" ThreadID="832" />
    <Channel>System</Channel>
    <Computer>WIN-J9D866ESIJ2</Computer>
    <Security UserID="S-1-5-18" />
  </System>
  <EventData>
    <Data Name="param1">Remote Access IP ARP Driver</Data>
    <Data Name="param2">auto start</Data>
    <Data Name="param3">demand start</Data>
    <Data Name="param4">wanarp</Data>
  </EventData>
</Event>

Имя журнала:   System
Источник:      Service Control Manager
Дата:          08.12.2023 6:40:37
Код события:   7036
Категория задачи:Отсутствует
Уровень:       Сведения
Ключевые слова:Классический
Пользователь:  Н/Д
Компьютер:     WIN-J9D866ESIJ2
Описание:
Служба "tiledatamodelsvc" перешла в состояние running.
Xml события:
<Event xmlns="http://schemas.microsoft.com/win/2004/08/events/event">
  <System>
    <Provider Name="Service Control Manager" Guid="{555908d1-a6d7-4695-8e1e-26931d2012f4}" EventSourceName="Service Control Manager" />
    <EventID Qualifiers="16384">7036</EventID>
    <Version>0</Version>
    <Level>4</Level>
    <Task>0</Task>
    <Opcode>0</Opcode>
    <Keywords>0x8080000000000000</Keywords>
    <TimeCreated SystemTime="2023-12-08T01:40:37.5520323Z" />
    <EventRecordID>8664</EventRecordID>
    <Correlation />
    <Execution ProcessID="544" ThreadID="832" />
    <Channel>System</Channel>
    <Computer>WIN-J9D866ESIJ2</Computer>
    <Security />
  </System>
  <EventData>
    <Data Name="param1">tiledatamodelsvc</Data>
    <Data Name="param2">running</Data>
    <Binary>740069006C00650064006100740061006D006F00640065006C007300760063002F0034000000</Binary>
  </EventData>
</Event>

Имя журнала:   System
Источник:      Server
Дата:          08.12.2023 6:40:37
Код события:   2505
Категория задачи:Отсутствует
Уровень:       Ошибка
Ключевые слова:Классический
Пользователь:  Н/Д
Компьютер:     WIN-J9D866ESIJ2
Описание:
Невозможно привязать сервер к транспорту \Device\NetBT_Tcpip_{B426554C-2DEC-4ECB-BF06-C53C31782C72}, так как другой компьютер в сети имеет совпадающее имя.  Запуск сервера невозможен.
Xml события:
<Event xmlns="http://schemas.microsoft.com/win/2004/08/events/event">
  <System>
    <Provider Name="Server" />
    <EventID Qualifiers="49152">2505</EventID>
    <Level>2</Level>
    <Task>0</Task>
    <Keywords>0x80000000000000</Keywords>
    <TimeCreated SystemTime="2023-12-08T01:40:37.9582932Z" />
    <EventRecordID>8663</EventRecordID>
    <Channel>System</Channel>
    <Computer>WIN-J9D866ESIJ2</Computer>
    <Security />
  </System>
  <EventData>
    <Data>\Device\NetBT_Tcpip_{B426554C-2DEC-4ECB-BF06-C53C31782C72}</Data>
    <Binary>34000000</Binary>
  </EventData>
</Event>

Имя журнала:   System
Источник:      Service Control Manager
Дата:          08.12.2023 6:40:37
Код события:   7036
Категория задачи:Отсутствует
Уровень:       Сведения
Ключевые слова:Классический
Пользователь:  Н/Д
Компьютер:     WIN-J9D866ESIJ2
Описание:
Служба "NetSetupSvc" перешла в состояние running.
Xml события:
<Event xmlns="http://schemas.microsoft.com/win/2004/08/events/event">
  <System>
    <Provider Name="Service Control Manager" Guid="{555908d1-a6d7-4695-8e1e-26931d2012f4}" EventSourceName="Service Control Manager" />
    <EventID Qualifiers="16384">7036</EventID>
    <Version>0</Version>
    <Level>4</Level>
    <Task>0</Task>
    <Opcode>0</Opcode>
    <Keywords>0x8080000000000000</Keywords>
    <TimeCreated SystemTime="2023-12-08T01:40:37.5364387Z" />
    <EventRecordID>8662</EventRecordID>
    <Correlation />
    <Execution ProcessID="544" ThreadID="964" />
    <Channel>System</Channel>
    <Computer>WIN-J9D866ESIJ2</Computer>
    <Security />
  </System>
  <EventData>
    <Data Name="param1">NetSetupSvc</Data>
    <Data Name="param2">running</Data>
    <Binary>4E0065007400530065007400750070005300760063002F0034000000</Binary>
  </EventData>
</Event>

Имя журнала:   System
Источник:      Service Control Manager
Дата:          08.12.2023 6:40:37
Код события:   7036
Категория задачи:Отсутствует
Уровень:       Сведения
Ключевые слова:Классический
Пользователь:  Н/Д
Компьютер:     WIN-J9D866ESIJ2
Описание:
Служба "WpnService" перешла в состояние running.
Xml события:
<Event xmlns="http://schemas.microsoft.com/win/2004/08/events/event">
  <System>
    <Provider Name="Service Control Manager" Guid="{555908d1-a6d7-4695-8e1e-26931d2012f4}" EventSourceName="Service Control Manager" />
    <EventID Qualifiers="16384">7036</EventID>
    <Version>0</Version>
    <Level>4</Level>
    <Task>0</Task>
    <Opcode>0</Opcode>
    <Keywords>0x8080000000000000</Keywords>
    <TimeCreated SystemTime="2023-12-08T01:40:37.4582902Z" />
    <EventRecordID>8661</EventRecordID>
    <Correlation />
    <Execution ProcessID="544" ThreadID="964" />
    <Channel>System</Channel>
    <Computer>WIN-J9D866ESIJ2</Computer>
    <Security />
  </System>
  <EventData>
    <Data Name="param1">WpnService</Data>
    <Data Name="param2">running</Data>
    <Binary>570070006E0053006500720076006900630065002F0034000000</Binary>
  </EventData>
</Event>

Имя журнала:   System
Источник:      Service Control Manager
Дата:          08.12.2023 6:40:37
Код события:   7036
Категория задачи:Отсутствует
Уровень:       Сведения
Ключевые слова:Классический
Пользователь:  Н/Д
Компьютер:     WIN-J9D866ESIJ2
Описание:
Служба "StateRepository" перешла в состояние running.
Xml события:
<Event xmlns="http://schemas.microsoft.com/win/2004/08/events/event">
  <System>
    <Provider Name="Service Control Manager" Guid="{555908d1-a6d7-4695-8e1e-26931d2012f4}" EventSourceName="Service Control Manager" />
    <EventID Qualifiers="16384">7036</EventID>
    <Version>0</Version>
    <Level>4</Level>
    <Task>0</Task>
    <Opcode>0</Opcode>
    <Keywords>0x8080000000000000</Keywords>
    <TimeCreated SystemTime="2023-12-08T01:40:37.4426603Z" />
    <EventRecordID>8660</EventRecordID>
    <Correlation />
    <Execution ProcessID="544" ThreadID="964" />
    <Channel>System</Channel>
    <Computer>WIN-J9D866ESIJ2</Computer>
    <Security />
  </System>
  <EventData>
    <Data Name="param1">StateRepository</Data>
    <Data Name="param2">running</Data>
    <Binary>530074006100740065005200650070006F007300690074006F00720079002F0034000000</Binary>
  </EventData>
</Event>

Имя журнала:   System
Источник:      Service Control Manager
Дата:          08.12.2023 6:40:37
Код события:   7036
Категория задачи:Отсутствует
Уровень:       Сведения
Ключевые слова:Классический
Пользователь:  Н/Д
Компьютер:     WIN-J9D866ESIJ2
Описание:
Служба "WinDefend" перешла в состояние running.
Xml события:
<Event xmlns="http://schemas.microsoft.com/win/2004/08/events/event">
  <System>
    <Provider Name="Service Control Manager" Guid="{555908d1-a6d7-4695-8e1e-26931d2012f4}" EventSourceName="Service Control Manager" />
    <EventID Qualifiers="16384">7036</EventID>
    <Version>0</Version>
    <Level>4</Level>
    <Task>0</Task>
    <Opcode>0</Opcode>
    <Keywords>0x8080000000000000</Keywords>
    <TimeCreated SystemTime="2023-12-08T01:40:37.4277861Z" />
    <EventRecordID>8659</EventRecordID>
    <Correlation />
    <Execution ProcessID="544" ThreadID="628" />
    <Channel>System</Channel>
    <Computer>WIN-J9D866ESIJ2</Computer>
    <Security />
  </System>
  <EventData>
    <Data Name="param1">WinDefend</Data>
    <Data Name="param2">running</Data>
    <Binary>570069006E0044006500660065006E0064002F0034000000</Binary>
  </EventData>
</Event>

Имя журнала:   System
Источник:      Service Control Manager
Дата:          08.12.2023 6:40:37
Код события:   7036
Категория задачи:Отсутствует
Уровень:       Сведения
Ключевые слова:Классический
Пользователь:  Н/Д
Компьютер:     WIN-J9D866ESIJ2
Описание:
Служба "iphlpsvc" перешла в состояние running.
Xml события:
<Event xmlns="http://schemas.microsoft.com/win/2004/08/events/event">
  <System>
    <Provider Name="Service Control Manager" Guid="{555908d1-a6d7-4695-8e1e-26931d2012f4}" EventSourceName="Service Control Manager" />
    <EventID Qualifiers="16384">7036</EventID>
    <Version>0</Version>
    <Level>4</Level>
    <Task>0</Task>
    <Opcode>0</Opcode>
    <Keywords>0x8080000000000000</Keywords>
    <TimeCreated SystemTime="2023-12-08T01:40:37.4277861Z" />
    <EventRecordID>8658</EventRecordID>
    <Correlation />
    <Execution ProcessID="544" ThreadID="628" />
    <Channel>System</Channel>
    <Computer>WIN-J9D866ESIJ2</Computer>
    <Security />
  </System>
  <EventData>
    <Data Name="param1">iphlpsvc</Data>
    <Data Name="param2">running</Data>
    <Binary>6900700068006C0070007300760063002F0034000000</Binary>
  </EventData>
</Event>

