Имя журнала:   System
Источник:      Service Control Manager
Дата:          08.12.2023 4:07:46
Код события:   7036
Категория задачи:Отсутствует
Уровень:       Сведения
Ключевые слова:Классический
Пользователь:  Н/Д
Компьютер:     WIN-J9D866ESIJ2
Описание:
Служба "SENS" перешла в состояние running.
Xml события:
<Event xmlns="http://schemas.microsoft.com/win/2004/08/events/event">
  <System>
    <Provider Name="Service Control Manager" Guid="{555908d1-a6d7-4695-8e1e-26931d2012f4}" EventSourceName="Service Control Manager" />
    <EventID Qualifiers="16384">7036</EventID>
    <Version>0</Version>
    <Level>4</Level>
    <Task>0</Task>
    <Opcode>0</Opcode>
    <Keywords>0x8080000000000000</Keywords>
    <TimeCreated SystemTime="2023-12-07T23:07:46.5766055Z" />
    <EventRecordID>8193</EventRecordID>
    <Correlation />
    <Execution ProcessID="532" ThreadID="988" />
    <Channel>System</Channel>
    <Computer>WIN-J9D866ESIJ2</Computer>
    <Security />
  </System>
  <EventData>
    <Data Name="param1">SENS</Data>
    <Data Name="param2">running</Data>
    <Binary>530045004E0053002F0034000000</Binary>
  </EventData>
</Event>

Имя журнала:   System
Источник:      Service Control Manager
Дата:          08.12.2023 4:07:46
Код события:   7036
Категория задачи:Отсутствует
Уровень:       Сведения
Ключевые слова:Классический
Пользователь:  Н/Д
Компьютер:     WIN-J9D866ESIJ2
Описание:
Служба "ProfSvc" перешла в состояние running.
Xml события:
<Event xmlns="http://schemas.microsoft.com/win/2004/08/events/event">
  <System>
    <Provider Name="Service Control Manager" Guid="{555908d1-a6d7-4695-8e1e-26931d2012f4}" EventSourceName="Service Control Manager" />
    <EventID Qualifiers="16384">7036</EventID>
    <Version>0</Version>
    <Level>4</Level>
    <Task>0</Task>
    <Opcode>0</Opcode>
    <Keywords>0x8080000000000000</Keywords>
    <TimeCreated SystemTime="2023-12-07T23:07:46.5609731Z" />
    <EventRecordID>8192</EventRecordID>
    <Correlation />
    <Execution ProcessID="532" ThreadID="964" />
    <Channel>System</Channel>
    <Computer>WIN-J9D866ESIJ2</Computer>
    <Security />
  </System>
  <EventData>
    <Data Name="param1">ProfSvc</Data>
    <Data Name="param2">running</Data>
    <Binary>500072006F0066005300760063002F0034000000</Binary>
  </EventData>
</Event>

Имя журнала:   System
Источник:      Service Control Manager
Дата:          08.12.2023 4:07:46
Код события:   7036
Категория задачи:Отсутствует
Уровень:       Сведения
Ключевые слова:Классический
Пользователь:  Н/Д
Компьютер:     WIN-J9D866ESIJ2
Описание:
Служба "EventSystem" перешла в состояние running.
Xml события:
<Event xmlns="http://schemas.microsoft.com/win/2004/08/events/event">
  <System>
    <Provider Name="Service Control Manager" Guid="{555908d1-a6d7-4695-8e1e-26931d2012f4}" EventSourceName="Service Control Manager" />
    <EventID Qualifiers="16384">7036</EventID>
    <Version>0</Version>
    <Level>4</Level>
    <Task>0</Task>
    <Opcode>0</Opcode>
    <Keywords>0x8080000000000000</Keywords>
    <TimeCreated SystemTime="2023-12-07T23:07:46.5609731Z" />
    <EventRecordID>8191</EventRecordID>
    <Correlation />
    <Execution ProcessID="532" ThreadID="964" />
    <Channel>System</Channel>
    <Computer>WIN-J9D866ESIJ2</Computer>
    <Security />
  </System>
  <EventData>
    <Data Name="param1">EventSystem</Data>
    <Data Name="param2">running</Data>
    <Binary>4500760065006E007400530079007300740065006D002F0034000000</Binary>
  </EventData>
</Event>

Имя журнала:   System
Источник:      Service Control Manager
Дата:          08.12.2023 4:07:46
Код события:   7036
Категория задачи:Отсутствует
Уровень:       Сведения
Ключевые слова:Классический
Пользователь:  Н/Д
Компьютер:     WIN-J9D866ESIJ2
Описание:
Служба "Themes" перешла в состояние running.
Xml события:
<Event xmlns="http://schemas.microsoft.com/win/2004/08/events/event">
  <System>
    <Provider Name="Service Control Manager" Guid="{555908d1-a6d7-4695-8e1e-26931d2012f4}" EventSourceName="Service Control Manager" />
    <EventID Qualifiers="16384">7036</EventID>
    <Version>0</Version>
    <Level>4</Level>
    <Task>0</Task>
    <Opcode>0</Opcode>
    <Keywords>0x8080000000000000</Keywords>
    <TimeCreated SystemTime="2023-12-07T23:07:46.5453423Z" />
    <EventRecordID>8190</EventRecordID>
    <Correlation />
    <Execution ProcessID="532" ThreadID="620" />
    <Channel>System</Channel>
    <Computer>WIN-J9D866ESIJ2</Computer>
    <Security />
  </System>
  <EventData>
    <Data Name="param1">Themes</Data>
    <Data Name="param2">running</Data>
    <Binary>5400680065006D00650073002F0034000000</Binary>
  </EventData>
</Event>

Имя журнала:   System
Источник:      Service Control Manager
Дата:          08.12.2023 4:07:46
Код события:   7036
Категория задачи:Отсутствует
Уровень:       Сведения
Ключевые слова:Классический
Пользователь:  Н/Д
Компьютер:     WIN-J9D866ESIJ2
Описание:
Служба "CertPropSvc" перешла в состояние running.
Xml события:
<Event xmlns="http://schemas.microsoft.com/win/2004/08/events/event">
  <System>
    <Provider Name="Service Control Manager" Guid="{555908d1-a6d7-4695-8e1e-26931d2012f4}" EventSourceName="Service Control Manager" />
    <EventID Qualifiers="16384">7036</EventID>
    <Version>0</Version>
    <Level>4</Level>
    <Task>0</Task>
    <Opcode>0</Opcode>
    <Keywords>0x8080000000000000</Keywords>
    <TimeCreated SystemTime="2023-12-07T23:07:46.5297537Z" />
    <EventRecordID>8189</EventRecordID>
    <Correlation />
    <Execution ProcessID="532" ThreadID="620" />
    <Channel>System</Channel>
    <Computer>WIN-J9D866ESIJ2</Computer>
    <Security />
  </System>
  <EventData>
    <Data Name="param1">CertPropSvc</Data>
    <Data Name="param2">running</Data>
    <Binary>4300650072007400500072006F0070005300760063002F0034000000</Binary>
  </EventData>
</Event>

Имя журнала:   System
Источник:      Service Control Manager
Дата:          08.12.2023 4:07:46
Код события:   7036
Категория задачи:Отсутствует
Уровень:       Сведения
Ключевые слова:Классический
Пользователь:  Н/Д
Компьютер:     WIN-J9D866ESIJ2
Описание:
Служба "WPDBusEnum" перешла в состояние running.
Xml события:
<Event xmlns="http://schemas.microsoft.com/win/2004/08/events/event">
  <System>
    <Provider Name="Service Control Manager" Guid="{555908d1-a6d7-4695-8e1e-26931d2012f4}" EventSourceName="Service Control Manager" />
    <EventID Qualifiers="16384">7036</EventID>
    <Version>0</Version>
    <Level>4</Level>
    <Task>0</Task>
    <Opcode>0</Opcode>
    <Keywords>0x8080000000000000</Keywords>
    <TimeCreated SystemTime="2023-12-07T23:07:46.5141059Z" />
    <EventRecordID>8188</EventRecordID>
    <Correlation />
    <Execution ProcessID="532" ThreadID="976" />
    <Channel>System</Channel>
    <Computer>WIN-J9D866ESIJ2</Computer>
    <Security />
  </System>
  <EventData>
    <Data Name="param1">WPDBusEnum</Data>
    <Data Name="param2">running</Data>
    <Binary>57005000440042007500730045006E0075006D002F0034000000</Binary>
  </EventData>
</Event>

Имя журнала:   System
Источник:      Microsoft-Windows-FilterManager
Дата:          08.12.2023 4:07:46
Код события:   6
Категория задачи:Отсутствует
Уровень:       Сведения
Ключевые слова:(70368744177664)
Пользователь:  СИСТЕМА
Компьютер:     WIN-J9D866ESIJ2
Описание:
Не удается найти описание для идентификатора события 6 из источника Microsoft-Windows-FilterManager. Вызывающий данное событие компонент не установлен на этом локальном компьютере или поврежден. Установите или восстановите компонент на локальном компьютере.

Если событие возникло на другом компьютере, возможно, потребуется сохранить отображаемые сведения вместе с событием.

К событию были добавлены следующие сведения: 

0
10
0
10
storqosflt
30.08.2018 12:37:15
203
{ "flags" : "0x00000010" , "registration_version" : "0x00000203" , "tx" : false , "sections" : false , "frame" : 0 , "class_name" : "FSFilter Quota Management" , "instances" : [["244000","0x00000000"]] }
EV_RenderedValue_8,00

Ресурс сообщения существует, но сообщение не найдено в таблице сообщений

Xml события:
<Event xmlns="http://schemas.microsoft.com/win/2004/08/events/event">
  <System>
    <Provider Name="Microsoft-Windows-FilterManager" Guid="{f3c5e28e-63f6-49c7-a204-e48a1bc4b09d}" />
    <EventID>6</EventID>
    <Version>1</Version>
    <Level>4</Level>
    <Task>0</Task>
    <Opcode>0</Opcode>
    <Keywords>0x8000400000000000</Keywords>
    <TimeCreated SystemTime="2023-12-07T23:07:46.5234389Z" />
    <EventRecordID>8187</EventRecordID>
    <Correlation />
    <Execution ProcessID="4" ThreadID="32" />
    <Channel>System</Channel>
    <Computer>WIN-J9D866ESIJ2</Computer>
    <Security UserID="S-1-5-18" />
  </System>
  <EventData>
    <Data Name="FinalStatus">0x0</Data>
    <Data Name="DeviceVersionMajor">10</Data>
    <Data Name="DeviceVersionMinor">0</Data>
    <Data Name="DeviceNameLength">10</Data>
    <Data Name="DeviceName">storqosflt</Data>
    <Data Name="DeviceTime">2018-08-30T12:37:15.0000000Z</Data>
    <Data Name="ExtraInfoLength">203</Data>
    <Data Name="ExtraInfoString">{ "flags" : "0x00000010" , "registration_version" : "0x00000203" , "tx" : false , "sections" : false , "frame" : 0 , "class_name" : "FSFilter Quota Management" , "instances" : [["244000","0x00000000"]] }</Data>
    <Data Name="FilterID">{02000000-0008-0000-43bf-eb306229da01}</Data>
  </EventData>
</Event>

Имя журнала:   System
Источник:      Microsoft-Windows-FilterManager
Дата:          08.12.2023 4:07:46
Код события:   6
Категория задачи:Отсутствует
Уровень:       Сведения
Ключевые слова:(70368744177664)
Пользователь:  СИСТЕМА
Компьютер:     WIN-J9D866ESIJ2
Описание:
Не удается найти описание для идентификатора события 6 из источника Microsoft-Windows-FilterManager. Вызывающий данное событие компонент не установлен на этом локальном компьютере или поврежден. Установите или восстановите компонент на локальном компьютере.

Если событие возникло на другом компьютере, возможно, потребуется сохранить отображаемые сведения вместе с событием.

К событию были добавлены следующие сведения: 

0
10
0
5
wcifs
02.03.2018 0:23:20
201
{ "flags" : "0x00000014" , "registration_version" : "0x00000203" , "tx" : false , "sections" : false , "frame" : 0 , "class_name" : "FSFilter Virtualization" , "instances" : [["189900","0x00000000"]] }
EV_RenderedValue_8,00

Ресурс сообщения существует, но сообщение не найдено в таблице сообщений

Xml события:
<Event xmlns="http://schemas.microsoft.com/win/2004/08/events/event">
  <System>
    <Provider Name="Microsoft-Windows-FilterManager" Guid="{f3c5e28e-63f6-49c7-a204-e48a1bc4b09d}" />
    <EventID>6</EventID>
    <Version>1</Version>
    <Level>4</Level>
    <Task>0</Task>
    <Opcode>0</Opcode>
    <Keywords>0x8000400000000000</Keywords>
    <TimeCreated SystemTime="2023-12-07T23:07:46.5153627Z" />
    <EventRecordID>8186</EventRecordID>
    <Correlation />
    <Execution ProcessID="4" ThreadID="224" />
    <Channel>System</Channel>
    <Computer>WIN-J9D866ESIJ2</Computer>
    <Security UserID="S-1-5-18" />
  </System>
  <EventData>
    <Data Name="FinalStatus">0x0</Data>
    <Data Name="DeviceVersionMajor">10</Data>
    <Data Name="DeviceVersionMinor">0</Data>
    <Data Name="DeviceNameLength">5</Data>
    <Data Name="DeviceName">wcifs</Data>
    <Data Name="DeviceTime">2018-03-02T00:23:20.0000000Z</Data>
    <Data Name="ExtraInfoLength">201</Data>
    <Data Name="ExtraInfoString">{ "flags" : "0x00000014" , "registration_version" : "0x00000203" , "tx" : false , "sections" : false , "frame" : 0 , "class_name" : "FSFilter Virtualization" , "instances" : [["189900","0x00000000"]] }</Data>
    <Data Name="FilterID">{02000000-0007-0000-43bf-eb306229da01}</Data>
  </EventData>
</Event>

Имя журнала:   System
Источник:      Microsoft-Windows-FilterManager
Дата:          08.12.2023 4:07:46
Код события:   6
Категория задачи:Отсутствует
Уровень:       Сведения
Ключевые слова:(70368744177664)
Пользователь:  СИСТЕМА
Компьютер:     WIN-J9D866ESIJ2
Описание:
Не удается найти описание для идентификатора события 6 из источника Microsoft-Windows-FilterManager. Вызывающий данное событие компонент не установлен на этом локальном компьютере или поврежден. Установите или восстановите компонент на локальном компьютере.

Если событие возникло на другом компьютере, возможно, потребуется сохранить отображаемые сведения вместе с событием.

К событию были добавлены следующие сведения: 

0
10
0
5
luafv
01.11.2017 14:09:40
201
{ "flags" : "0x00000014" , "registration_version" : "0x00000203" , "tx" : false , "sections" : false , "frame" : 0 , "class_name" : "FSFilter Virtualization" , "instances" : [["135000","0x00000000"]] }
EV_RenderedValue_8,00

Ресурс сообщения существует, но сообщение не найдено в таблице сообщений

Xml события:
<Event xmlns="http://schemas.microsoft.com/win/2004/08/events/event">
  <System>
    <Provider Name="Microsoft-Windows-FilterManager" Guid="{f3c5e28e-63f6-49c7-a204-e48a1bc4b09d}" />
    <EventID>6</EventID>
    <Version>1</Version>
    <Level>4</Level>
    <Task>0</Task>
    <Opcode>0</Opcode>
    <Keywords>0x8000400000000000</Keywords>
    <TimeCreated SystemTime="2023-12-07T23:07:46.5111821Z" />
    <EventRecordID>8185</EventRecordID>
    <Correlation />
    <Execution ProcessID="4" ThreadID="224" />
    <Channel>System</Channel>
    <Computer>WIN-J9D866ESIJ2</Computer>
    <Security UserID="S-1-5-18" />
  </System>
  <EventData>
    <Data Name="FinalStatus">0x0</Data>
    <Data Name="DeviceVersionMajor">10</Data>
    <Data Name="DeviceVersionMinor">0</Data>
    <Data Name="DeviceNameLength">5</Data>
    <Data Name="DeviceName">luafv</Data>
    <Data Name="DeviceTime">2017-11-01T14:09:40.0000000Z</Data>
    <Data Name="ExtraInfoLength">201</Data>
    <Data Name="ExtraInfoString">{ "flags" : "0x00000014" , "registration_version" : "0x00000203" , "tx" : false , "sections" : false , "frame" : 0 , "class_name" : "FSFilter Virtualization" , "instances" : [["135000","0x00000000"]] }</Data>
    <Data Name="FilterID">{02000000-0006-0000-705c-e9306229da01}</Data>
  </EventData>
</Event>

Имя журнала:   System
Источник:      Service Control Manager
Дата:          08.12.2023 4:07:46
Код события:   7036
Категория задачи:Отсутствует
Уровень:       Сведения
Ключевые слова:Классический
Пользователь:  Н/Д
Компьютер:     WIN-J9D866ESIJ2
Описание:
Служба "gpsvc" перешла в состояние running.
Xml события:
<Event xmlns="http://schemas.microsoft.com/win/2004/08/events/event">
  <System>
    <Provider Name="Service Control Manager" Guid="{555908d1-a6d7-4695-8e1e-26931d2012f4}" EventSourceName="Service Control Manager" />
    <EventID Qualifiers="16384">7036</EventID>
    <Version>0</Version>
    <Level>4</Level>
    <Task>0</Task>
    <Opcode>0</Opcode>
    <Keywords>0x8080000000000000</Keywords>
    <TimeCreated SystemTime="2023-12-07T23:07:46.4672399Z" />
    <EventRecordID>8184</EventRecordID>
    <Correlation />
    <Execution ProcessID="532" ThreadID="620" />
    <Channel>System</Channel>
    <Computer>WIN-J9D866ESIJ2</Computer>
    <Security />
  </System>
  <EventData>
    <Data Name="param1">gpsvc</Data>
    <Data Name="param2">running</Data>
    <Binary>670070007300760063002F0034000000</Binary>
  </EventData>
</Event>

Имя журнала:   System
Источник:      Service Control Manager
Дата:          08.12.2023 4:07:46
Код события:   7036
Категория задачи:Отсутствует
Уровень:       Сведения
Ключевые слова:Классический
Пользователь:  Н/Д
Компьютер:     WIN-J9D866ESIJ2
Описание:
Служба "Dhcp" перешла в состояние running.
Xml события:
<Event xmlns="http://schemas.microsoft.com/win/2004/08/events/event">
  <System>
    <Provider Name="Service Control Manager" Guid="{555908d1-a6d7-4695-8e1e-26931d2012f4}" EventSourceName="Service Control Manager" />
    <EventID Qualifiers="16384">7036</EventID>
    <Version>0</Version>
    <Level>4</Level>
    <Task>0</Task>
    <Opcode>0</Opcode>
    <Keywords>0x8080000000000000</Keywords>
    <TimeCreated SystemTime="2023-12-07T23:07:46.4672399Z" />
    <EventRecordID>8183</EventRecordID>
    <Correlation />
    <Execution ProcessID="532" ThreadID="620" />
    <Channel>System</Channel>
    <Computer>WIN-J9D866ESIJ2</Computer>
    <Security />
  </System>
  <EventData>
    <Data Name="param1">Dhcp</Data>
    <Data Name="param2">running</Data>
    <Binary>44006800630070002F0034000000</Binary>
  </EventData>
</Event>

Имя журнала:   System
Источник:      Service Control Manager
Дата:          08.12.2023 4:07:46
Код события:   7036
Категория задачи:Отсутствует
Уровень:       Сведения
Ключевые слова:Классический
Пользователь:  Н/Д
Компьютер:     WIN-J9D866ESIJ2
Описание:
Служба "UmRdpService" перешла в состояние running.
Xml события:
<Event xmlns="http://schemas.microsoft.com/win/2004/08/events/event">
  <System>
    <Provider Name="Service Control Manager" Guid="{555908d1-a6d7-4695-8e1e-26931d2012f4}" EventSourceName="Service Control Manager" />
    <EventID Qualifiers="16384">7036</EventID>
    <Version>0</Version>
    <Level>4</Level>
    <Task>0</Task>
    <Opcode>0</Opcode>
    <Keywords>0x8080000000000000</Keywords>
    <TimeCreated SystemTime="2023-12-07T23:07:46.4672399Z" />
    <EventRecordID>8182</EventRecordID>
    <Correlation />
    <Execution ProcessID="532" ThreadID="988" />
    <Channel>System</Channel>
    <Computer>WIN-J9D866ESIJ2</Computer>
    <Security />
  </System>
  <EventData>
    <Data Name="param1">UmRdpService</Data>
    <Data Name="param2">running</Data>
    <Binary>55006D0052006400700053006500720076006900630065002F0034000000</Binary>
  </EventData>
</Event>

Имя журнала:   System
Источник:      Microsoft-Windows-DHCPv6-Client
Дата:          08.12.2023 4:07:46
Код события:   51046
Категория задачи:Событие состояния службы
Уровень:       Сведения
Ключевые слова:
Пользователь:  LOCAL SERVICE
Компьютер:     WIN-J9D866ESIJ2
Описание:
Служба клиента DHCPv6 запущена
Xml события:
<Event xmlns="http://schemas.microsoft.com/win/2004/08/events/event">
  <System>
    <Provider Name="Microsoft-Windows-DHCPv6-Client" Guid="{6a1f2b00-6a90-4c38-95a5-5cab3b056778}" />
    <EventID>51046</EventID>
    <Version>0</Version>
    <Level>4</Level>
    <Task>4</Task>
    <Opcode>62</Opcode>
    <Keywords>0x2000000000000000</Keywords>
    <TimeCreated SystemTime="2023-12-07T23:07:46.4509565Z" />
    <EventRecordID>8181</EventRecordID>
    <Correlation />
    <Execution ProcessID="980" ThreadID="1088" />
    <Channel>System</Channel>
    <Computer>WIN-J9D866ESIJ2</Computer>
    <Security UserID="S-1-5-19" />
  </System>
  <EventData>
  </EventData>
</Event>

Имя журнала:   System
Источник:      Microsoft-Windows-Dhcp-Client
Дата:          08.12.2023 4:07:46
Код события:   50036
Категория задачи:Событие состояния службы
Уровень:       Сведения
Ключевые слова:
Пользователь:  LOCAL SERVICE
Компьютер:     WIN-J9D866ESIJ2
Описание:
Служба клиента DHCPv4 запущена
Xml события:
<Event xmlns="http://schemas.microsoft.com/win/2004/08/events/event">
  <System>
    <Provider Name="Microsoft-Windows-Dhcp-Client" Guid="{15a7a4f8-0072-4eab-abad-f98a4d666aed}" />
    <EventID>50036</EventID>
    <Version>0</Version>
    <Level>4</Level>
    <Task>4</Task>
    <Opcode>68</Opcode>
    <Keywords>0x2000000000000000</Keywords>
    <TimeCreated SystemTime="2023-12-07T23:07:46.4294697Z" />
    <EventRecordID>8180</EventRecordID>
    <Correlation />
    <Execution ProcessID="980" ThreadID="1076" />
    <Channel>System</Channel>
    <Computer>WIN-J9D866ESIJ2</Computer>
    <Security UserID="S-1-5-19" />
  </System>
  <EventData>
  </EventData>
</Event>

Имя журнала:   System
Источник:      Service Control Manager
Дата:          08.12.2023 4:07:46
Код события:   7036
Категория задачи:Отсутствует
Уровень:       Сведения
Ключевые слова:Классический
Пользователь:  Н/Д
Компьютер:     WIN-J9D866ESIJ2
Описание:
Служба "FontCache" перешла в состояние running.
Xml события:
<Event xmlns="http://schemas.microsoft.com/win/2004/08/events/event">
  <System>
    <Provider Name="Service Control Manager" Guid="{555908d1-a6d7-4695-8e1e-26931d2012f4}" EventSourceName="Service Control Manager" />
    <EventID Qualifiers="16384">7036</EventID>
    <Version>0</Version>
    <Level>4</Level>
    <Task>0</Task>
    <Opcode>0</Opcode>
    <Keywords>0x8080000000000000</Keywords>
    <TimeCreated SystemTime="2023-12-07T23:07:46.4047370Z" />
    <EventRecordID>8179</EventRecordID>
    <Correlation />
    <Execution ProcessID="532" ThreadID="620" />
    <Channel>System</Channel>
    <Computer>WIN-J9D866ESIJ2</Computer>
    <Security />
  </System>
  <EventData>
    <Data Name="param1">FontCache</Data>
    <Data Name="param2">running</Data>
    <Binary>46006F006E007400430061006300680065002F0034000000</Binary>
  </EventData>
</Event>

Имя журнала:   System
Источник:      Service Control Manager
Дата:          08.12.2023 4:07:46
Код события:   7036
Категория задачи:Отсутствует
Уровень:       Сведения
Ключевые слова:Классический
Пользователь:  Н/Д
Компьютер:     WIN-J9D866ESIJ2
Описание:
Служба "nsi" перешла в состояние running.
Xml события:
<Event xmlns="http://schemas.microsoft.com/win/2004/08/events/event">
  <System>
    <Provider Name="Service Control Manager" Guid="{555908d1-a6d7-4695-8e1e-26931d2012f4}" EventSourceName="Service Control Manager" />
    <EventID Qualifiers="16384">7036</EventID>
    <Version>0</Version>
    <Level>4</Level>
    <Task>0</Task>
    <Opcode>0</Opcode>
    <Keywords>0x8080000000000000</Keywords>
    <TimeCreated SystemTime="2023-12-07T23:07:46.4047370Z" />
    <EventRecordID>8178</EventRecordID>
    <Correlation />
    <Execution ProcessID="532" ThreadID="620" />
    <Channel>System</Channel>
    <Computer>WIN-J9D866ESIJ2</Computer>
    <Security />
  </System>
  <EventData>
    <Data Name="param1">nsi</Data>
    <Data Name="param2">running</Data>
    <Binary>6E00730069002F0034000000</Binary>
  </EventData>
</Event>

Имя журнала:   System
Источник:      Service Control Manager
Дата:          08.12.2023 4:07:46
Код события:   7036
Категория задачи:Отсутствует
Уровень:       Сведения
Ключевые слова:Классический
Пользователь:  Н/Д
Компьютер:     WIN-J9D866ESIJ2
Описание:
Служба "EventLog" перешла в состояние running.
Xml события:
<Event xmlns="http://schemas.microsoft.com/win/2004/08/events/event">
  <System>
    <Provider Name="Service Control Manager" Guid="{555908d1-a6d7-4695-8e1e-26931d2012f4}" EventSourceName="Service Control Manager" />
    <EventID Qualifiers="16384">7036</EventID>
    <Version>0</Version>
    <Level>4</Level>
    <Task>0</Task>
    <Opcode>0</Opcode>
    <Keywords>0x8080000000000000</Keywords>
    <TimeCreated SystemTime="2023-12-07T23:07:46.3734710Z" />
    <EventRecordID>8177</EventRecordID>
    <Correlation />
    <Execution ProcessID="532" ThreadID="620" />
    <Channel>System</Channel>
    <Computer>WIN-J9D866ESIJ2</Computer>
    <Security />
  </System>
  <EventData>
    <Data Name="param1">EventLog</Data>
    <Data Name="param2">running</Data>
    <Binary>4500760065006E0074004C006F0067002F0034000000</Binary>
  </EventData>
</Event>

Имя журнала:   System
Источник:      Service Control Manager
Дата:          08.12.2023 4:07:46
Код события:   7036
Категория задачи:Отсутствует
Уровень:       Сведения
Ключевые слова:Классический
Пользователь:  Н/Д
Компьютер:     WIN-J9D866ESIJ2
Описание:
Служба "TermService" перешла в состояние running.
Xml события:
<Event xmlns="http://schemas.microsoft.com/win/2004/08/events/event">
  <System>
    <Provider Name="Service Control Manager" Guid="{555908d1-a6d7-4695-8e1e-26931d2012f4}" EventSourceName="Service Control Manager" />
    <EventID Qualifiers="16384">7036</EventID>
    <Version>0</Version>
    <Level>4</Level>
    <Task>0</Task>
    <Opcode>0</Opcode>
    <Keywords>0x8080000000000000</Keywords>
    <TimeCreated SystemTime="2023-12-07T23:07:46.3109801Z" />
    <EventRecordID>8176</EventRecordID>
    <Correlation />
    <Execution ProcessID="532" ThreadID="988" />
    <Channel>System</Channel>
    <Computer>WIN-J9D866ESIJ2</Computer>
    <Security />
  </System>
  <EventData>
    <Data Name="param1">TermService</Data>
    <Data Name="param2">running</Data>
    <Binary>5400650072006D0053006500720076006900630065002F0034000000</Binary>
  </EventData>
</Event>

Имя журнала:   System
Источник:      Service Control Manager
Дата:          08.12.2023 4:07:46
Код события:   7036
Категория задачи:Отсутствует
Уровень:       Сведения
Ключевые слова:Классический
Пользователь:  Н/Д
Компьютер:     WIN-J9D866ESIJ2
Описание:
Служба "lmhosts" перешла в состояние running.
Xml события:
<Event xmlns="http://schemas.microsoft.com/win/2004/08/events/event">
  <System>
    <Provider Name="Service Control Manager" Guid="{555908d1-a6d7-4695-8e1e-26931d2012f4}" EventSourceName="Service Control Manager" />
    <EventID Qualifiers="16384">7036</EventID>
    <Version>0</Version>
    <Level>4</Level>
    <Task>0</Task>
    <Opcode>0</Opcode>
    <Keywords>0x8080000000000000</Keywords>
    <TimeCreated SystemTime="2023-12-07T23:07:46.2797169Z" />
    <EventRecordID>8175</EventRecordID>
    <Correlation />
    <Execution ProcessID="532" ThreadID="892" />
    <Channel>System</Channel>
    <Computer>WIN-J9D866ESIJ2</Computer>
    <Security />
  </System>
  <EventData>
    <Data Name="param1">lmhosts</Data>
    <Data Name="param2">running</Data>
    <Binary>6C006D0068006F007300740073002F0034000000</Binary>
  </EventData>
</Event>

Имя журнала:   System
Источник:      Service Control Manager
Дата:          08.12.2023 4:07:46
Код события:   7036
Категория задачи:Отсутствует
Уровень:       Сведения
Ключевые слова:Классический
Пользователь:  Н/Д
Компьютер:     WIN-J9D866ESIJ2
Описание:
Служба "CoreMessagingRegistrar" перешла в состояние running.
Xml события:
<Event xmlns="http://schemas.microsoft.com/win/2004/08/events/event">
  <System>
    <Provider Name="Service Control Manager" Guid="{555908d1-a6d7-4695-8e1e-26931d2012f4}" EventSourceName="Service Control Manager" />
    <EventID Qualifiers="16384">7036</EventID>
    <Version>0</Version>
    <Level>4</Level>
    <Task>0</Task>
    <Opcode>0</Opcode>
    <Keywords>0x8080000000000000</Keywords>
    <TimeCreated SystemTime="2023-12-07T23:07:46.2641024Z" />
    <EventRecordID>8174</EventRecordID>
    <Correlation />
    <Execution ProcessID="532" ThreadID="988" />
    <Channel>System</Channel>
    <Computer>WIN-J9D866ESIJ2</Computer>
    <Security />
  </System>
  <EventData>
    <Data Name="param1">CoreMessagingRegistrar</Data>
    <Data Name="param2">running</Data>
    <Binary>43006F00720065004D006500730073006100670069006E0067005200650067006900730074007200610072002F0034000000</Binary>
  </EventData>
</Event>

Имя журнала:   System
Источник:      Service Control Manager
Дата:          08.12.2023 4:07:46
Код события:   7036
Категория задачи:Отсутствует
Уровень:       Сведения
Ключевые слова:Классический
Пользователь:  Н/Д
Компьютер:     WIN-J9D866ESIJ2
Описание:
Служба "SystemEventsBroker" перешла в состояние running.
Xml события:
<Event xmlns="http://schemas.microsoft.com/win/2004/08/events/event">
  <System>
    <Provider Name="Service Control Manager" Guid="{555908d1-a6d7-4695-8e1e-26931d2012f4}" EventSourceName="Service Control Manager" />
    <EventID Qualifiers="16384">7036</EventID>
    <Version>0</Version>
    <Level>4</Level>
    <Task>0</Task>
    <Opcode>0</Opcode>
    <Keywords>0x8080000000000000</Keywords>
    <TimeCreated SystemTime="2023-12-07T23:07:46.0453816Z" />
    <EventRecordID>8173</EventRecordID>
    <Correlation />
    <Execution ProcessID="532" ThreadID="620" />
    <Channel>System</Channel>
    <Computer>WIN-J9D866ESIJ2</Computer>
    <Security />
  </System>
  <EventData>
    <Data Name="param1">SystemEventsBroker</Data>
    <Data Name="param2">running</Data>
    <Binary>530079007300740065006D004500760065006E0074007300420072006F006B00650072002F0034000000</Binary>
  </EventData>
</Event>

Имя журнала:   System
Источник:      Service Control Manager
Дата:          08.12.2023 4:07:46
Код события:   7036
Категория задачи:Отсутствует
Уровень:       Сведения
Ключевые слова:Классический
Пользователь:  Н/Д
Компьютер:     WIN-J9D866ESIJ2
Описание:
Служба "BrokerInfrastructure" перешла в состояние running.
Xml события:
<Event xmlns="http://schemas.microsoft.com/win/2004/08/events/event">
  <System>
    <Provider Name="Service Control Manager" Guid="{555908d1-a6d7-4695-8e1e-26931d2012f4}" EventSourceName="Service Control Manager" />
    <EventID Qualifiers="16384">7036</EventID>
    <Version>0</Version>
    <Level>4</Level>
    <Task>0</Task>
    <Opcode>0</Opcode>
    <Keywords>0x8080000000000000</Keywords>
    <TimeCreated SystemTime="2023-12-07T23:07:46.0140913Z" />
    <EventRecordID>8172</EventRecordID>
    <Correlation />
    <Execution ProcessID="532" ThreadID="620" />
    <Channel>System</Channel>
    <Computer>WIN-J9D866ESIJ2</Computer>
    <Security />
  </System>
  <EventData>
    <Data Name="param1">BrokerInfrastructure</Data>
    <Data Name="param2">running</Data>
    <Binary>420072006F006B006500720049006E006600720061007300740072007500630074007500720065002F0034000000</Binary>
  </EventData>
</Event>

Имя журнала:   System
Источник:      Service Control Manager
Дата:          08.12.2023 4:07:45
Код события:   7036
Категория задачи:Отсутствует
Уровень:       Сведения
Ключевые слова:Классический
Пользователь:  Н/Д
Компьютер:     WIN-J9D866ESIJ2
Описание:
Служба "LSM" перешла в состояние running.
Xml события:
<Event xmlns="http://schemas.microsoft.com/win/2004/08/events/event">
  <System>
    <Provider Name="Service Control Manager" Guid="{555908d1-a6d7-4695-8e1e-26931d2012f4}" EventSourceName="Service Control Manager" />
    <EventID Qualifiers="16384">7036</EventID>
    <Version>0</Version>
    <Level>4</Level>
    <Task>0</Task>
    <Opcode>0</Opcode>
    <Keywords>0x8080000000000000</Keywords>
    <TimeCreated SystemTime="2023-12-07T23:07:45.9828446Z" />
    <EventRecordID>8171</EventRecordID>
    <Correlation />
    <Execution ProcessID="532" ThreadID="716" />
    <Channel>System</Channel>
    <Computer>WIN-J9D866ESIJ2</Computer>
    <Security />
  </System>
  <EventData>
    <Data Name="param1">LSM</Data>
    <Data Name="param2">running</Data>
    <Binary>4C0053004D002F0034000000</Binary>
  </EventData>
</Event>

Имя журнала:   System
Источник:      Service Control Manager
Дата:          08.12.2023 4:07:45
Код события:   7036
Категория задачи:Отсутствует
Уровень:       Сведения
Ключевые слова:Классический
Пользователь:  Н/Д
Компьютер:     WIN-J9D866ESIJ2
Описание:
Служба "RpcSs" перешла в состояние running.
Xml события:
<Event xmlns="http://schemas.microsoft.com/win/2004/08/events/event">
  <System>
    <Provider Name="Service Control Manager" Guid="{555908d1-a6d7-4695-8e1e-26931d2012f4}" EventSourceName="Service Control Manager" />
    <EventID Qualifiers="16384">7036</EventID>
    <Version>0</Version>
    <Level>4</Level>
    <Task>0</Task>
    <Opcode>0</Opcode>
    <Keywords>0x8080000000000000</Keywords>
    <TimeCreated SystemTime="2023-12-07T23:07:45.9359651Z" />
    <EventRecordID>8170</EventRecordID>
    <Correlation />
    <Execution ProcessID="532" ThreadID="612" />
    <Channel>System</Channel>
    <Computer>WIN-J9D866ESIJ2</Computer>
    <Security />
  </System>
  <EventData>
    <Data Name="param1">RpcSs</Data>
    <Data Name="param2">running</Data>
    <Binary>520070006300530073002F0034000000</Binary>
  </EventData>
</Event>

Имя журнала:   System
Источник:      Service Control Manager
Дата:          08.12.2023 4:07:45
Код события:   7036
Категория задачи:Отсутствует
Уровень:       Сведения
Ключевые слова:Классический
Пользователь:  Н/Д
Компьютер:     WIN-J9D866ESIJ2
Описание:
Служба "RpcEptMapper" перешла в состояние running.
Xml события:
<Event xmlns="http://schemas.microsoft.com/win/2004/08/events/event">
  <System>
    <Provider Name="Service Control Manager" Guid="{555908d1-a6d7-4695-8e1e-26931d2012f4}" EventSourceName="Service Control Manager" />
    <EventID Qualifiers="16384">7036</EventID>
    <Version>0</Version>
    <Level>4</Level>
    <Task>0</Task>
    <Opcode>0</Opcode>
    <Keywords>0x8080000000000000</Keywords>
    <TimeCreated SystemTime="2023-12-07T23:07:45.9203419Z" />
    <EventRecordID>8169</EventRecordID>
    <Correlation />
    <Execution ProcessID="532" ThreadID="612" />
    <Channel>System</Channel>
    <Computer>WIN-J9D866ESIJ2</Computer>
    <Security />
  </System>
  <EventData>
    <Data Name="param1">RpcEptMapper</Data>
    <Data Name="param2">running</Data>
    <Binary>5200700063004500700074004D00610070007000650072002F0034000000</Binary>
  </EventData>
</Event>

Имя журнала:   System
Источник:      Service Control Manager
Дата:          08.12.2023 4:07:45
Код события:   7036
Категория задачи:Отсутствует
Уровень:       Сведения
Ключевые слова:Классический
Пользователь:  Н/Д
Компьютер:     WIN-J9D866ESIJ2
Описание:
Служба "DcomLaunch" перешла в состояние running.
Xml события:
<Event xmlns="http://schemas.microsoft.com/win/2004/08/events/event">
  <System>
    <Provider Name="Service Control Manager" Guid="{555908d1-a6d7-4695-8e1e-26931d2012f4}" EventSourceName="Service Control Manager" />
    <EventID Qualifiers="16384">7036</EventID>
    <Version>0</Version>
    <Level>4</Level>
    <Task>0</Task>
    <Opcode>0</Opcode>
    <Keywords>0x8080000000000000</Keywords>
    <TimeCreated SystemTime="2023-12-07T23:07:45.9047182Z" />
    <EventRecordID>8168</EventRecordID>
    <Correlation />
    <Execution ProcessID="532" ThreadID="620" />
    <Channel>System</Channel>
    <Computer>WIN-J9D866ESIJ2</Computer>
    <Security />
  </System>
  <EventData>
    <Data Name="param1">DcomLaunch</Data>
    <Data Name="param2">running</Data>
    <Binary>440063006F006D004C00610075006E00630068002F0034000000</Binary>
  </EventData>
</Event>

Имя журнала:   System
Источник:      Service Control Manager
Дата:          08.12.2023 4:07:45
Код события:   7036
Категория задачи:Отсутствует
Уровень:       Сведения
Ключевые слова:Классический
Пользователь:  Н/Д
Компьютер:     WIN-J9D866ESIJ2
Описание:
Служба "Power" перешла в состояние running.
Xml события:
<Event xmlns="http://schemas.microsoft.com/win/2004/08/events/event">
  <System>
    <Provider Name="Service Control Manager" Guid="{555908d1-a6d7-4695-8e1e-26931d2012f4}" EventSourceName="Service Control Manager" />
    <EventID Qualifiers="16384">7036</EventID>
    <Version>0</Version>
    <Level>4</Level>
    <Task>0</Task>
    <Opcode>0</Opcode>
    <Keywords>0x8080000000000000</Keywords>
    <TimeCreated SystemTime="2023-12-07T23:07:45.8891072Z" />
    <EventRecordID>8167</EventRecordID>
    <Correlation />
    <Execution ProcessID="532" ThreadID="620" />
    <Channel>System</Channel>
    <Computer>WIN-J9D866ESIJ2</Computer>
    <Security />
  </System>
  <EventData>
    <Data Name="param1">Power</Data>
    <Data Name="param2">running</Data>
    <Binary>50006F007700650072002F0034000000</Binary>
  </EventData>
</Event>

Имя журнала:   System
Источник:      Service Control Manager
Дата:          08.12.2023 4:07:45
Код события:   7036
Категория задачи:Отсутствует
Уровень:       Сведения
Ключевые слова:Классический
Пользователь:  Н/Д
Компьютер:     WIN-J9D866ESIJ2
Описание:
Служба "PlugPlay" перешла в состояние running.
Xml события:
<Event xmlns="http://schemas.microsoft.com/win/2004/08/events/event">
  <System>
    <Provider Name="Service Control Manager" Guid="{555908d1-a6d7-4695-8e1e-26931d2012f4}" EventSourceName="Service Control Manager" />
    <EventID Qualifiers="16384">7036</EventID>
    <Version>0</Version>
    <Level>4</Level>
    <Task>0</Task>
    <Opcode>0</Opcode>
    <Keywords>0x8080000000000000</Keywords>
    <TimeCreated SystemTime="2023-12-07T23:07:45.8109716Z" />
    <EventRecordID>8166</EventRecordID>
    <Correlation />
    <Execution ProcessID="532" ThreadID="620" />
    <Channel>System</Channel>
    <Computer>WIN-J9D866ESIJ2</Computer>
    <Security />
  </System>
  <EventData>
    <Data Name="param1">PlugPlay</Data>
    <Data Name="param2">running</Data>
    <Binary>50006C007500670050006C00610079002F0034000000</Binary>
  </EventData>
</Event>

Имя журнала:   System
Источник:      Microsoft-Windows-Directory-Services-SAM
Дата:          08.12.2023 4:07:45
Код события:   16962
Категория задачи:Отсутствует
Уровень:       Сведения
Ключевые слова:
Пользователь:  СИСТЕМА
Компьютер:     WIN-J9D866ESIJ2
Описание:
Удаленные вызовы к базе данных SAM запрещены с помощью дескриптора безопасности по умолчанию: O:SYG:SYD:(A;;RC;;;BA).
Для получения дополнительных сведений см. http://go.microsoft.com/fwlink/?LinkId=787651.
Xml события:
<Event xmlns="http://schemas.microsoft.com/win/2004/08/events/event">
  <System>
    <Provider Name="Microsoft-Windows-Directory-Services-SAM" Guid="{0d4fdc09-8c27-494a-bda0-505e4fd8adae}" />
    <EventID>16962</EventID>
    <Version>0</Version>
    <Level>4</Level>
    <Task>0</Task>
    <Opcode>0</Opcode>
    <Keywords>0x8000000000000000</Keywords>
    <TimeCreated SystemTime="2023-12-07T23:07:45.7727267Z" />
    <EventRecordID>8165</EventRecordID>
    <Correlation ActivityID="{2f40be9c-2962-0000-babe-402f6229da01}" />
    <Execution ProcessID="540" ThreadID="544" />
    <Channel>System</Channel>
    <Computer>WIN-J9D866ESIJ2</Computer>
    <Security UserID="S-1-5-18" />
  </System>
  <EventData Name="SAMMSG_RESTRICT_REMOTE_SAM_DEFAULT_SD">
    <Data Name="Default SD String:">O:SYG:SYD:(A;;RC;;;BA)</Data>
  </EventData>
</Event>

Имя журнала:   System
Источник:      Microsoft-Windows-Wininit
Дата:          08.12.2023 4:07:45
Код события:   14
Категория задачи:Отсутствует
Уровень:       Сведения
Ключевые слова:
Пользователь:  СИСТЕМА
Компьютер:     WIN-J9D866ESIJ2
Описание:
Конфигурация Credential Guard: 0x0, 0
Xml события:
<Event xmlns="http://schemas.microsoft.com/win/2004/08/events/event">
  <System>
    <Provider Name="Microsoft-Windows-Wininit" Guid="{206f6dea-d3c5-4d10-bc72-989f03c8b84b}" />
    <EventID>14</EventID>
    <Version>0</Version>
    <Level>4</Level>
    <Task>0</Task>
    <Opcode>0</Opcode>
    <Keywords>0x4000000000000000</Keywords>
    <TimeCreated SystemTime="2023-12-07T23:07:45.5993525Z" />
    <EventRecordID>8164</EventRecordID>
    <Correlation />
    <Execution ProcessID="408" ThreadID="412" />
    <Channel>System</Channel>
    <Computer>WIN-J9D866ESIJ2</Computer>
    <Security UserID="S-1-5-18" />
  </System>
  <EventData>
    <Data Name="Config">0</Data>
    <Data Name="IsTestConfig">0</Data>
  </EventData>
</Event>

Имя журнала:   System
Источник:      Microsoft-Windows-Ntfs
Дата:          08.12.2023 4:07:44
Код события:   98
Категория задачи:Отсутствует
Уровень:       Сведения
Ключевые слова:(2)
Пользователь:  СИСТЕМА
Компьютер:     WIN-J9D866ESIJ2
Описание:
Том \\?\Volume{fb5591ef-0000-0000-0000-100000000000} (\Device\HarddiskVolume1) работоспособен.  Не требуется никаких действий.
Xml события:
<Event xmlns="http://schemas.microsoft.com/win/2004/08/events/event">
  <System>
    <Provider Name="Microsoft-Windows-Ntfs" Guid="{3ff37a1c-a68d-4d6e-8c9b-f79e8b16c482}" />
    <EventID>98</EventID>
    <Version>0</Version>
    <Level>4</Level>
    <Task>0</Task>
    <Opcode>0</Opcode>
    <Keywords>0x8000000000000002</Keywords>
    <TimeCreated SystemTime="2023-12-07T23:07:44.6404622Z" />
    <EventRecordID>8163</EventRecordID>
    <Correlation />
    <Execution ProcessID="4" ThreadID="172" />
    <Channel>System</Channel>
    <Computer>WIN-J9D866ESIJ2</Computer>
    <Security UserID="S-1-5-18" />
  </System>
  <EventData>
    <Data Name="DriveName">\\?\Volume{fb5591ef-0000-0000-0000-100000000000}</Data>
    <Data Name="DeviceName">\Device\HarddiskVolume1</Data>
    <Data Name="CorruptionActionState">0</Data>
  </EventData>
</Event>

Имя журнала:   System
Источник:      Microsoft-Windows-Kernel-Power
Дата:          08.12.2023 4:07:44
Код события:   172
Категория задачи:(203)
Уровень:       Сведения
Ключевые слова:(1024),(4)
Пользователь:  СИСТЕМА
Компьютер:     WIN-J9D866ESIJ2
Описание:
Состояние подключения в режиме ожидания: Disconnected, причина: NIC compliance
Xml события:
<Event xmlns="http://schemas.microsoft.com/win/2004/08/events/event">
  <System>
    <Provider Name="Microsoft-Windows-Kernel-Power" Guid="{331c3b3a-2005-44c2-ac5e-77220c37d6b4}" />
    <EventID>172</EventID>
    <Version>0</Version>
    <Level>4</Level>
    <Task>203</Task>
    <Opcode>0</Opcode>
    <Keywords>0x8000000000000404</Keywords>
    <TimeCreated SystemTime="2023-12-07T23:07:44.3985616Z" />
    <EventRecordID>8162</EventRecordID>
    <Correlation />
    <Execution ProcessID="4" ThreadID="168" />
    <Channel>System</Channel>
    <Computer>WIN-J9D866ESIJ2</Computer>
    <Security UserID="S-1-5-18" />
  </System>
  <EventData>
    <Data Name="State">2</Data>
    <Data Name="Reason">6</Data>
  </EventData>
</Event>

Имя журнала:   System
Источник:      Microsoft-Windows-Kernel-Power
Дата:          08.12.2023 4:07:44
Код события:   508
Категория задачи:(159)
Уровень:       Сведения
Ключевые слова:(1024),(4)
Пользователь:  Н/Д
Компьютер:     WIN-J9D866ESIJ2
Описание:
Система ограничена периодическим тактом 

Причина: No HW support.
Xml события:
<Event xmlns="http://schemas.microsoft.com/win/2004/08/events/event">
  <System>
    <Provider Name="Microsoft-Windows-Kernel-Power" Guid="{331c3b3a-2005-44c2-ac5e-77220c37d6b4}" />
    <EventID>508</EventID>
    <Version>0</Version>
    <Level>4</Level>
    <Task>159</Task>
    <Opcode>0</Opcode>
    <Keywords>0x8000000000000404</Keywords>
    <TimeCreated SystemTime="2023-12-07T23:07:44.3966848Z" />
    <EventRecordID>8161</EventRecordID>
    <Correlation />
    <Execution ProcessID="4" ThreadID="8" />
    <Channel>System</Channel>
    <Computer>WIN-J9D866ESIJ2</Computer>
    <Security />
  </System>
  <EventData>
    <Data Name="Reason">2</Data>
  </EventData>
</Event>

Имя журнала:   System
Источник:      Microsoft-Windows-FilterManager
Дата:          08.12.2023 4:07:44
Код события:   6
Категория задачи:Отсутствует
Уровень:       Сведения
Ключевые слова:(70368744177664)
Пользователь:  СИСТЕМА
Компьютер:     WIN-J9D866ESIJ2
Описание:
Не удается найти описание для идентификатора события 6 из источника Microsoft-Windows-FilterManager. Вызывающий данное событие компонент не установлен на этом локальном компьютере или поврежден. Установите или восстановите компонент на локальном компьютере.

Если событие возникло на другом компьютере, возможно, потребуется сохранить отображаемые сведения вместе с событием.

К событию были добавлены следующие сведения: 

0
10
0
9
npsvctrig
15.07.2016 18:28:33
183
{ "flags" : "0x00000018" , "registration_version" : "0x00000203" , "tx" : false , "sections" : false , "frame" : 0 , "class_name" : "(null)" , "instances" : [["46000","0x00000000"]] }
EV_RenderedValue_8,00

Ресурс сообщения существует, но сообщение не найдено в таблице сообщений

Xml события:
<Event xmlns="http://schemas.microsoft.com/win/2004/08/events/event">
  <System>
    <Provider Name="Microsoft-Windows-FilterManager" Guid="{f3c5e28e-63f6-49c7-a204-e48a1bc4b09d}" />
    <EventID>6</EventID>
    <Version>1</Version>
    <Level>4</Level>
    <Task>0</Task>
    <Opcode>0</Opcode>
    <Keywords>0x8000400000000000</Keywords>
    <TimeCreated SystemTime="2023-12-07T23:07:44.3757095Z" />
    <EventRecordID>8160</EventRecordID>
    <Correlation />
    <Execution ProcessID="4" ThreadID="8" />
    <Channel>System</Channel>
    <Computer>WIN-J9D866ESIJ2</Computer>
    <Security UserID="S-1-5-18" />
  </System>
  <EventData>
    <Data Name="FinalStatus">0x0</Data>
    <Data Name="DeviceVersionMajor">10</Data>
    <Data Name="DeviceVersionMinor">0</Data>
    <Data Name="DeviceNameLength">9</Data>
    <Data Name="DeviceName">npsvctrig</Data>
    <Data Name="DeviceTime">2016-07-15T18:28:33.0000000Z</Data>
    <Data Name="ExtraInfoLength">183</Data>
    <Data Name="ExtraInfoString">{ "flags" : "0x00000018" , "registration_version" : "0x00000203" , "tx" : false , "sections" : false , "frame" : 0 , "class_name" : "(null)" , "instances" : [["46000","0x00000000"]] }</Data>
    <Data Name="FilterID">{02000000-0005-0000-8ad5-a42f6229da01}</Data>
  </EventData>
</Event>

Имя журнала:   System
Источник:      Microsoft-Windows-FilterManager
Дата:          08.12.2023 4:07:44
Код события:   6
Категория задачи:Отсутствует
Уровень:       Сведения
Ключевые слова:(70368744177664)
Пользователь:  СИСТЕМА
Компьютер:     WIN-J9D866ESIJ2
Описание:
Не удается найти описание для идентификатора события 6 из источника Microsoft-Windows-FilterManager. Вызывающий данное событие компонент не установлен на этом локальном компьютере или поврежден. Установите или восстановите компонент на локальном компьютере.

Если событие возникло на другом компьютере, возможно, потребуется сохранить отображаемые сведения вместе с событием.

К событию были добавлены следующие сведения: 

0
10
0
9
FileCrypt
30.08.2018 12:44:27
197
{ "flags" : "0x00000000" , "registration_version" : "0x00000203" , "tx" : false , "sections" : false , "frame" : 0 , "class_name" : "FSFilter Encryption" , "instances" : [["141100","0x00000000"]] }
EV_RenderedValue_8,00

Ресурс сообщения существует, но сообщение не найдено в таблице сообщений

Xml события:
<Event xmlns="http://schemas.microsoft.com/win/2004/08/events/event">
  <System>
    <Provider Name="Microsoft-Windows-FilterManager" Guid="{f3c5e28e-63f6-49c7-a204-e48a1bc4b09d}" />
    <EventID>6</EventID>
    <Version>1</Version>
    <Level>4</Level>
    <Task>0</Task>
    <Opcode>0</Opcode>
    <Keywords>0x8000400000000000</Keywords>
    <TimeCreated SystemTime="2023-12-07T23:07:44.3085418Z" />
    <EventRecordID>8159</EventRecordID>
    <Correlation />
    <Execution ProcessID="4" ThreadID="8" />
    <Channel>System</Channel>
    <Computer>WIN-J9D866ESIJ2</Computer>
    <Security UserID="S-1-5-18" />
  </System>
  <EventData>
    <Data Name="FinalStatus">0x0</Data>
    <Data Name="DeviceVersionMajor">10</Data>
    <Data Name="DeviceVersionMinor">0</Data>
    <Data Name="DeviceNameLength">9</Data>
    <Data Name="DeviceName">FileCrypt</Data>
    <Data Name="DeviceTime">2018-08-30T12:44:27.0000000Z</Data>
    <Data Name="ExtraInfoLength">197</Data>
    <Data Name="ExtraInfoString">{ "flags" : "0x00000000" , "registration_version" : "0x00000203" , "tx" : false , "sections" : false , "frame" : 0 , "class_name" : "FSFilter Encryption" , "instances" : [["141100","0x00000000"]] }</Data>
    <Data Name="FilterID">{02000000-0004-0000-97ea-982f6229da01}</Data>
  </EventData>
</Event>

Имя журнала:   System
Источник:      Microsoft-Windows-Ntfs
Дата:          08.12.2023 4:07:44
Код события:   98
Категория задачи:Отсутствует
Уровень:       Предупреждение
Ключевые слова:(2)
Пользователь:  СИСТЕМА
Компьютер:     WIN-J9D866ESIJ2
Описание:
Том C: (\Device\HarddiskVolume2) требуется оперативное сканирование.  Оперативное сканирование будет автоматически запущено в рамках следующей плановой задачи обслуживания.  Вы также можете запустить команду "CHKDSK /SCAN" локально с помощью командной строки либо выполнить команду "REPAIR-VOLUME <диск:> -SCAN" локально или удаленно с использованием PowerShell.
Xml события:
<Event xmlns="http://schemas.microsoft.com/win/2004/08/events/event">
  <System>
    <Provider Name="Microsoft-Windows-Ntfs" Guid="{3ff37a1c-a68d-4d6e-8c9b-f79e8b16c482}" />
    <EventID>98</EventID>
    <Version>0</Version>
    <Level>3</Level>
    <Task>0</Task>
    <Opcode>0</Opcode>
    <Keywords>0x8000000000000002</Keywords>
    <TimeCreated SystemTime="2023-12-07T23:07:44.2012840Z" />
    <EventRecordID>8158</EventRecordID>
    <Correlation />
    <Execution ProcessID="4" ThreadID="168" />
    <Channel>System</Channel>
    <Computer>WIN-J9D866ESIJ2</Computer>
    <Security UserID="S-1-5-18" />
  </System>
  <EventData>
    <Data Name="DriveName">C:</Data>
    <Data Name="DeviceName">\Device\HarddiskVolume2</Data>
    <Data Name="CorruptionActionState">1</Data>
  </EventData>
</Event>

