Имя журнала:   System
Источник:      Service Control Manager
Дата:          08.12.2023 6:40:36
Код события:   7036
Категория задачи:Отсутствует
Уровень:       Сведения
Ключевые слова:Классический
Пользователь:  Н/Д
Компьютер:     WIN-J9D866ESIJ2
Описание:
Служба "nsi" перешла в состояние running.
Xml события:
<Event xmlns="http://schemas.microsoft.com/win/2004/08/events/event">
  <System>
    <Provider Name="Service Control Manager" Guid="{555908d1-a6d7-4695-8e1e-26931d2012f4}" EventSourceName="Service Control Manager" />
    <EventID Qualifiers="16384">7036</EventID>
    <Version>0</Version>
    <Level>4</Level>
    <Task>0</Task>
    <Opcode>0</Opcode>
    <Keywords>0x8080000000000000</Keywords>
    <TimeCreated SystemTime="2023-12-08T01:40:36.0989066Z" />
    <EventRecordID>8616</EventRecordID>
    <Correlation />
    <Execution ProcessID="544" ThreadID="920" />
    <Channel>System</Channel>
    <Computer>WIN-J9D866ESIJ2</Computer>
    <Security />
  </System>
  <EventData>
    <Data Name="param1">nsi</Data>
    <Data Name="param2">running</Data>
    <Binary>6E00730069002F0034000000</Binary>
  </EventData>
</Event>

Имя журнала:   System
Источник:      Service Control Manager
Дата:          08.12.2023 6:40:36
Код события:   7036
Категория задачи:Отсутствует
Уровень:       Сведения
Ключевые слова:Классический
Пользователь:  Н/Д
Компьютер:     WIN-J9D866ESIJ2
Описание:
Служба "WPDBusEnum" перешла в состояние running.
Xml события:
<Event xmlns="http://schemas.microsoft.com/win/2004/08/events/event">
  <System>
    <Provider Name="Service Control Manager" Guid="{555908d1-a6d7-4695-8e1e-26931d2012f4}" EventSourceName="Service Control Manager" />
    <EventID Qualifiers="16384">7036</EventID>
    <Version>0</Version>
    <Level>4</Level>
    <Task>0</Task>
    <Opcode>0</Opcode>
    <Keywords>0x8080000000000000</Keywords>
    <TimeCreated SystemTime="2023-12-08T01:40:36.0676532Z" />
    <EventRecordID>8615</EventRecordID>
    <Correlation />
    <Execution ProcessID="544" ThreadID="792" />
    <Channel>System</Channel>
    <Computer>WIN-J9D866ESIJ2</Computer>
    <Security />
  </System>
  <EventData>
    <Data Name="param1">WPDBusEnum</Data>
    <Data Name="param2">running</Data>
    <Binary>57005000440042007500730045006E0075006D002F0034000000</Binary>
  </EventData>
</Event>

Имя журнала:   System
Источник:      Microsoft-Windows-FilterManager
Дата:          08.12.2023 6:40:36
Код события:   6
Категория задачи:Отсутствует
Уровень:       Сведения
Ключевые слова:(70368744177664)
Пользователь:  СИСТЕМА
Компьютер:     WIN-J9D866ESIJ2
Описание:
Не удается найти описание для идентификатора события 6 из источника Microsoft-Windows-FilterManager. Вызывающий данное событие компонент не установлен на этом локальном компьютере или поврежден. Установите или восстановите компонент на локальном компьютере.

Если событие возникло на другом компьютере, возможно, потребуется сохранить отображаемые сведения вместе с событием.

К событию были добавлены следующие сведения: 

0
10
0
10
storqosflt
16.02.2019 18:00:41
203
{ "flags" : "0x00000010" , "registration_version" : "0x00000203" , "tx" : false , "sections" : false , "frame" : 0 , "class_name" : "FSFilter Quota Management" , "instances" : [["244000","0x00000000"]] }
EV_RenderedValue_8,00

Ресурс сообщения существует, но сообщение не найдено в таблице сообщений

Xml события:
<Event xmlns="http://schemas.microsoft.com/win/2004/08/events/event">
  <System>
    <Provider Name="Microsoft-Windows-FilterManager" Guid="{f3c5e28e-63f6-49c7-a204-e48a1bc4b09d}" />
    <EventID>6</EventID>
    <Version>1</Version>
    <Level>4</Level>
    <Task>0</Task>
    <Opcode>0</Opcode>
    <Keywords>0x8000400000000000</Keywords>
    <TimeCreated SystemTime="2023-12-08T01:40:36.0590741Z" />
    <EventRecordID>8614</EventRecordID>
    <Correlation />
    <Execution ProcessID="4" ThreadID="168" />
    <Channel>System</Channel>
    <Computer>WIN-J9D866ESIJ2</Computer>
    <Security UserID="S-1-5-18" />
  </System>
  <EventData>
    <Data Name="FinalStatus">0x0</Data>
    <Data Name="DeviceVersionMajor">10</Data>
    <Data Name="DeviceVersionMinor">0</Data>
    <Data Name="DeviceNameLength">10</Data>
    <Data Name="DeviceName">storqosflt</Data>
    <Data Name="DeviceTime">2019-02-16T18:00:41.0000000Z</Data>
    <Data Name="ExtraInfoLength">203</Data>
    <Data Name="ExtraInfoString">{ "flags" : "0x00000010" , "registration_version" : "0x00000203" , "tx" : false , "sections" : false , "frame" : 0 , "class_name" : "FSFilter Quota Management" , "instances" : [["244000","0x00000000"]] }</Data>
    <Data Name="FilterID">{02000000-0008-0000-2e32-648a7729da01}</Data>
  </EventData>
</Event>

Имя журнала:   System
Источник:      Microsoft-Windows-FilterManager
Дата:          08.12.2023 6:40:36
Код события:   6
Категория задачи:Отсутствует
Уровень:       Сведения
Ключевые слова:(70368744177664)
Пользователь:  СИСТЕМА
Компьютер:     WIN-J9D866ESIJ2
Описание:
Не удается найти описание для идентификатора события 6 из источника Microsoft-Windows-FilterManager. Вызывающий данное событие компонент не установлен на этом локальном компьютере или поврежден. Установите или восстановите компонент на локальном компьютере.

Если событие возникло на другом компьютере, возможно, потребуется сохранить отображаемые сведения вместе с событием.

К событию были добавлены следующие сведения: 

0
10
0
5
luafv
07.01.2021 14:49:16
201
{ "flags" : "0x00000014" , "registration_version" : "0x00000203" , "tx" : false , "sections" : false , "frame" : 0 , "class_name" : "FSFilter Virtualization" , "instances" : [["135000","0x00000000"]] }
EV_RenderedValue_8,00

Ресурс сообщения существует, но сообщение не найдено в таблице сообщений

Xml события:
<Event xmlns="http://schemas.microsoft.com/win/2004/08/events/event">
  <System>
    <Provider Name="Microsoft-Windows-FilterManager" Guid="{f3c5e28e-63f6-49c7-a204-e48a1bc4b09d}" />
    <EventID>6</EventID>
    <Version>1</Version>
    <Level>4</Level>
    <Task>0</Task>
    <Opcode>0</Opcode>
    <Keywords>0x8000400000000000</Keywords>
    <TimeCreated SystemTime="2023-12-08T01:40:36.0545048Z" />
    <EventRecordID>8613</EventRecordID>
    <Correlation />
    <Execution ProcessID="4" ThreadID="168" />
    <Channel>System</Channel>
    <Computer>WIN-J9D866ESIJ2</Computer>
    <Security UserID="S-1-5-18" />
  </System>
  <EventData>
    <Data Name="FinalStatus">0x0</Data>
    <Data Name="DeviceVersionMajor">10</Data>
    <Data Name="DeviceVersionMinor">0</Data>
    <Data Name="DeviceNameLength">5</Data>
    <Data Name="DeviceName">luafv</Data>
    <Data Name="DeviceTime">2021-01-07T14:49:16.0000000Z</Data>
    <Data Name="ExtraInfoLength">201</Data>
    <Data Name="ExtraInfoString">{ "flags" : "0x00000014" , "registration_version" : "0x00000203" , "tx" : false , "sections" : false , "frame" : 0 , "class_name" : "FSFilter Virtualization" , "instances" : [["135000","0x00000000"]] }</Data>
    <Data Name="FilterID">{02000000-0007-0000-2e32-648a7729da01}</Data>
  </EventData>
</Event>

Имя журнала:   System
Источник:      Microsoft-Windows-FilterManager
Дата:          08.12.2023 6:40:36
Код события:   6
Категория задачи:Отсутствует
Уровень:       Сведения
Ключевые слова:(70368744177664)
Пользователь:  СИСТЕМА
Компьютер:     WIN-J9D866ESIJ2
Описание:
Не удается найти описание для идентификатора события 6 из источника Microsoft-Windows-FilterManager. Вызывающий данное событие компонент не установлен на этом локальном компьютере или поврежден. Установите или восстановите компонент на локальном компьютере.

Если событие возникло на другом компьютере, возможно, потребуется сохранить отображаемые сведения вместе с событием.

К событию были добавлены следующие сведения: 

0
10
0
5
wcifs
01.11.2021 16:43:44
201
{ "flags" : "0x00000014" , "registration_version" : "0x00000203" , "tx" : false , "sections" : false , "frame" : 0 , "class_name" : "FSFilter Virtualization" , "instances" : [["189900","0x00000000"]] }
EV_RenderedValue_8,00

Ресурс сообщения существует, но сообщение не найдено в таблице сообщений

Xml события:
<Event xmlns="http://schemas.microsoft.com/win/2004/08/events/event">
  <System>
    <Provider Name="Microsoft-Windows-FilterManager" Guid="{f3c5e28e-63f6-49c7-a204-e48a1bc4b09d}" />
    <EventID>6</EventID>
    <Version>1</Version>
    <Level>4</Level>
    <Task>0</Task>
    <Opcode>0</Opcode>
    <Keywords>0x8000400000000000</Keywords>
    <TimeCreated SystemTime="2023-12-08T01:40:36.0391705Z" />
    <EventRecordID>8612</EventRecordID>
    <Correlation />
    <Execution ProcessID="4" ThreadID="32" />
    <Channel>System</Channel>
    <Computer>WIN-J9D866ESIJ2</Computer>
    <Security UserID="S-1-5-18" />
  </System>
  <EventData>
    <Data Name="FinalStatus">0x0</Data>
    <Data Name="DeviceVersionMajor">10</Data>
    <Data Name="DeviceVersionMinor">0</Data>
    <Data Name="DeviceNameLength">5</Data>
    <Data Name="DeviceName">wcifs</Data>
    <Data Name="DeviceTime">2021-11-01T16:43:44.0000000Z</Data>
    <Data Name="ExtraInfoLength">201</Data>
    <Data Name="ExtraInfoString">{ "flags" : "0x00000014" , "registration_version" : "0x00000203" , "tx" : false , "sections" : false , "frame" : 0 , "class_name" : "FSFilter Virtualization" , "instances" : [["189900","0x00000000"]] }</Data>
    <Data Name="FilterID">{02000000-0006-0000-29d0-618a7729da01}</Data>
  </EventData>
</Event>

Имя журнала:   System
Источник:      Service Control Manager
Дата:          08.12.2023 6:40:35
Код события:   7036
Категория задачи:Отсутствует
Уровень:       Сведения
Ключевые слова:Классический
Пользователь:  Н/Д
Компьютер:     WIN-J9D866ESIJ2
Описание:
Служба "EventLog" перешла в состояние running.
Xml события:
<Event xmlns="http://schemas.microsoft.com/win/2004/08/events/event">
  <System>
    <Provider Name="Service Control Manager" Guid="{555908d1-a6d7-4695-8e1e-26931d2012f4}" EventSourceName="Service Control Manager" />
    <EventID Qualifiers="16384">7036</EventID>
    <Version>0</Version>
    <Level>4</Level>
    <Task>0</Task>
    <Opcode>0</Opcode>
    <Keywords>0x8080000000000000</Keywords>
    <TimeCreated SystemTime="2023-12-08T01:40:35.9582906Z" />
    <EventRecordID>8611</EventRecordID>
    <Correlation />
    <Execution ProcessID="544" ThreadID="832" />
    <Channel>System</Channel>
    <Computer>WIN-J9D866ESIJ2</Computer>
    <Security />
  </System>
  <EventData>
    <Data Name="param1">EventLog</Data>
    <Data Name="param2">running</Data>
    <Binary>4500760065006E0074004C006F0067002F0034000000</Binary>
  </EventData>
</Event>

Имя журнала:   System
Источник:      Service Control Manager
Дата:          08.12.2023 6:40:35
Код события:   7036
Категория задачи:Отсутствует
Уровень:       Сведения
Ключевые слова:Классический
Пользователь:  Н/Д
Компьютер:     WIN-J9D866ESIJ2
Описание:
Служба "CoreMessagingRegistrar" перешла в состояние running.
Xml события:
<Event xmlns="http://schemas.microsoft.com/win/2004/08/events/event">
  <System>
    <Provider Name="Service Control Manager" Guid="{555908d1-a6d7-4695-8e1e-26931d2012f4}" EventSourceName="Service Control Manager" />
    <EventID Qualifiers="16384">7036</EventID>
    <Version>0</Version>
    <Level>4</Level>
    <Task>0</Task>
    <Opcode>0</Opcode>
    <Keywords>0x8080000000000000</Keywords>
    <TimeCreated SystemTime="2023-12-08T01:40:35.9426571Z" />
    <EventRecordID>8610</EventRecordID>
    <Correlation />
    <Execution ProcessID="544" ThreadID="888" />
    <Channel>System</Channel>
    <Computer>WIN-J9D866ESIJ2</Computer>
    <Security />
  </System>
  <EventData>
    <Data Name="param1">CoreMessagingRegistrar</Data>
    <Data Name="param2">running</Data>
    <Binary>43006F00720065004D006500730073006100670069006E0067005200650067006900730074007200610072002F0034000000</Binary>
  </EventData>
</Event>

Имя журнала:   System
Источник:      Service Control Manager
Дата:          08.12.2023 6:40:35
Код события:   7036
Категория задачи:Отсутствует
Уровень:       Сведения
Ключевые слова:Классический
Пользователь:  Н/Д
Компьютер:     WIN-J9D866ESIJ2
Описание:
Служба "lmhosts" перешла в состояние running.
Xml события:
<Event xmlns="http://schemas.microsoft.com/win/2004/08/events/event">
  <System>
    <Provider Name="Service Control Manager" Guid="{555908d1-a6d7-4695-8e1e-26931d2012f4}" EventSourceName="Service Control Manager" />
    <EventID Qualifiers="16384">7036</EventID>
    <Version>0</Version>
    <Level>4</Level>
    <Task>0</Task>
    <Opcode>0</Opcode>
    <Keywords>0x8080000000000000</Keywords>
    <TimeCreated SystemTime="2023-12-08T01:40:35.9426571Z" />
    <EventRecordID>8609</EventRecordID>
    <Correlation />
    <Execution ProcessID="544" ThreadID="320" />
    <Channel>System</Channel>
    <Computer>WIN-J9D866ESIJ2</Computer>
    <Security />
  </System>
  <EventData>
    <Data Name="param1">lmhosts</Data>
    <Data Name="param2">running</Data>
    <Binary>6C006D0068006F007300740073002F0034000000</Binary>
  </EventData>
</Event>

Имя журнала:   System
Источник:      Service Control Manager
Дата:          08.12.2023 6:40:35
Код события:   7036
Категория задачи:Отсутствует
Уровень:       Сведения
Ключевые слова:Классический
Пользователь:  Н/Д
Компьютер:     WIN-J9D866ESIJ2
Описание:
Служба "TermService" перешла в состояние running.
Xml события:
<Event xmlns="http://schemas.microsoft.com/win/2004/08/events/event">
  <System>
    <Provider Name="Service Control Manager" Guid="{555908d1-a6d7-4695-8e1e-26931d2012f4}" EventSourceName="Service Control Manager" />
    <EventID Qualifiers="16384">7036</EventID>
    <Version>0</Version>
    <Level>4</Level>
    <Task>0</Task>
    <Opcode>0</Opcode>
    <Keywords>0x8080000000000000</Keywords>
    <TimeCreated SystemTime="2023-12-08T01:40:35.9426571Z" />
    <EventRecordID>8608</EventRecordID>
    <Correlation />
    <Execution ProcessID="544" ThreadID="308" />
    <Channel>System</Channel>
    <Computer>WIN-J9D866ESIJ2</Computer>
    <Security />
  </System>
  <EventData>
    <Data Name="param1">TermService</Data>
    <Data Name="param2">running</Data>
    <Binary>5400650072006D0053006500720076006900630065002F0034000000</Binary>
  </EventData>
</Event>

Имя журнала:   System
Источник:      Service Control Manager
Дата:          08.12.2023 6:40:35
Код события:   7036
Категория задачи:Отсутствует
Уровень:       Сведения
Ключевые слова:Классический
Пользователь:  Н/Д
Компьютер:     WIN-J9D866ESIJ2
Описание:
Служба "SystemEventsBroker" перешла в состояние running.
Xml события:
<Event xmlns="http://schemas.microsoft.com/win/2004/08/events/event">
  <System>
    <Provider Name="Service Control Manager" Guid="{555908d1-a6d7-4695-8e1e-26931d2012f4}" EventSourceName="Service Control Manager" />
    <EventID Qualifiers="16384">7036</EventID>
    <Version>0</Version>
    <Level>4</Level>
    <Task>0</Task>
    <Opcode>0</Opcode>
    <Keywords>0x8080000000000000</Keywords>
    <TimeCreated SystemTime="2023-12-08T01:40:35.7395268Z" />
    <EventRecordID>8607</EventRecordID>
    <Correlation />
    <Execution ProcessID="544" ThreadID="632" />
    <Channel>System</Channel>
    <Computer>WIN-J9D866ESIJ2</Computer>
    <Security />
  </System>
  <EventData>
    <Data Name="param1">SystemEventsBroker</Data>
    <Data Name="param2">running</Data>
    <Binary>530079007300740065006D004500760065006E0074007300420072006F006B00650072002F0034000000</Binary>
  </EventData>
</Event>

Имя журнала:   System
Источник:      Service Control Manager
Дата:          08.12.2023 6:40:35
Код события:   7036
Категория задачи:Отсутствует
Уровень:       Сведения
Ключевые слова:Классический
Пользователь:  Н/Д
Компьютер:     WIN-J9D866ESIJ2
Описание:
Служба "BrokerInfrastructure" перешла в состояние running.
Xml события:
<Event xmlns="http://schemas.microsoft.com/win/2004/08/events/event">
  <System>
    <Provider Name="Service Control Manager" Guid="{555908d1-a6d7-4695-8e1e-26931d2012f4}" EventSourceName="Service Control Manager" />
    <EventID Qualifiers="16384">7036</EventID>
    <Version>0</Version>
    <Level>4</Level>
    <Task>0</Task>
    <Opcode>0</Opcode>
    <Keywords>0x8080000000000000</Keywords>
    <TimeCreated SystemTime="2023-12-08T01:40:35.7395268Z" />
    <EventRecordID>8606</EventRecordID>
    <Correlation />
    <Execution ProcessID="544" ThreadID="628" />
    <Channel>System</Channel>
    <Computer>WIN-J9D866ESIJ2</Computer>
    <Security />
  </System>
  <EventData>
    <Data Name="param1">BrokerInfrastructure</Data>
    <Data Name="param2">running</Data>
    <Binary>420072006F006B006500720049006E006600720061007300740072007500630074007500720065002F0034000000</Binary>
  </EventData>
</Event>

Имя журнала:   System
Источник:      Service Control Manager
Дата:          08.12.2023 6:40:35
Код события:   7036
Категория задачи:Отсутствует
Уровень:       Сведения
Ключевые слова:Классический
Пользователь:  Н/Д
Компьютер:     WIN-J9D866ESIJ2
Описание:
Служба "LSM" перешла в состояние running.
Xml события:
<Event xmlns="http://schemas.microsoft.com/win/2004/08/events/event">
  <System>
    <Provider Name="Service Control Manager" Guid="{555908d1-a6d7-4695-8e1e-26931d2012f4}" EventSourceName="Service Control Manager" />
    <EventID Qualifiers="16384">7036</EventID>
    <Version>0</Version>
    <Level>4</Level>
    <Task>0</Task>
    <Opcode>0</Opcode>
    <Keywords>0x8080000000000000</Keywords>
    <TimeCreated SystemTime="2023-12-08T01:40:35.7239050Z" />
    <EventRecordID>8605</EventRecordID>
    <Correlation />
    <Execution ProcessID="544" ThreadID="632" />
    <Channel>System</Channel>
    <Computer>WIN-J9D866ESIJ2</Computer>
    <Security />
  </System>
  <EventData>
    <Data Name="param1">LSM</Data>
    <Data Name="param2">running</Data>
    <Binary>4C0053004D002F0034000000</Binary>
  </EventData>
</Event>

Имя журнала:   System
Источник:      Service Control Manager
Дата:          08.12.2023 6:40:35
Код события:   7036
Категория задачи:Отсутствует
Уровень:       Сведения
Ключевые слова:Классический
Пользователь:  Н/Д
Компьютер:     WIN-J9D866ESIJ2
Описание:
Служба "RpcSs" перешла в состояние running.
Xml события:
<Event xmlns="http://schemas.microsoft.com/win/2004/08/events/event">
  <System>
    <Provider Name="Service Control Manager" Guid="{555908d1-a6d7-4695-8e1e-26931d2012f4}" EventSourceName="Service Control Manager" />
    <EventID Qualifiers="16384">7036</EventID>
    <Version>0</Version>
    <Level>4</Level>
    <Task>0</Task>
    <Opcode>0</Opcode>
    <Keywords>0x8080000000000000</Keywords>
    <TimeCreated SystemTime="2023-12-08T01:40:35.6926552Z" />
    <EventRecordID>8604</EventRecordID>
    <Correlation />
    <Execution ProcessID="544" ThreadID="632" />
    <Channel>System</Channel>
    <Computer>WIN-J9D866ESIJ2</Computer>
    <Security />
  </System>
  <EventData>
    <Data Name="param1">RpcSs</Data>
    <Data Name="param2">running</Data>
    <Binary>520070006300530073002F0034000000</Binary>
  </EventData>
</Event>

Имя журнала:   System
Источник:      Service Control Manager
Дата:          08.12.2023 6:40:35
Код события:   7036
Категория задачи:Отсутствует
Уровень:       Сведения
Ключевые слова:Классический
Пользователь:  Н/Д
Компьютер:     WIN-J9D866ESIJ2
Описание:
Служба "RpcEptMapper" перешла в состояние running.
Xml события:
<Event xmlns="http://schemas.microsoft.com/win/2004/08/events/event">
  <System>
    <Provider Name="Service Control Manager" Guid="{555908d1-a6d7-4695-8e1e-26931d2012f4}" EventSourceName="Service Control Manager" />
    <EventID Qualifiers="16384">7036</EventID>
    <Version>0</Version>
    <Level>4</Level>
    <Task>0</Task>
    <Opcode>0</Opcode>
    <Keywords>0x8080000000000000</Keywords>
    <TimeCreated SystemTime="2023-12-08T01:40:35.6926552Z" />
    <EventRecordID>8603</EventRecordID>
    <Correlation />
    <Execution ProcessID="544" ThreadID="632" />
    <Channel>System</Channel>
    <Computer>WIN-J9D866ESIJ2</Computer>
    <Security />
  </System>
  <EventData>
    <Data Name="param1">RpcEptMapper</Data>
    <Data Name="param2">running</Data>
    <Binary>5200700063004500700074004D00610070007000650072002F0034000000</Binary>
  </EventData>
</Event>

Имя журнала:   System
Источник:      Service Control Manager
Дата:          08.12.2023 6:40:35
Код события:   7036
Категория задачи:Отсутствует
Уровень:       Сведения
Ключевые слова:Классический
Пользователь:  Н/Д
Компьютер:     WIN-J9D866ESIJ2
Описание:
Служба "DcomLaunch" перешла в состояние running.
Xml события:
<Event xmlns="http://schemas.microsoft.com/win/2004/08/events/event">
  <System>
    <Provider Name="Service Control Manager" Guid="{555908d1-a6d7-4695-8e1e-26931d2012f4}" EventSourceName="Service Control Manager" />
    <EventID Qualifiers="16384">7036</EventID>
    <Version>0</Version>
    <Level>4</Level>
    <Task>0</Task>
    <Opcode>0</Opcode>
    <Keywords>0x8080000000000000</Keywords>
    <TimeCreated SystemTime="2023-12-08T01:40:35.6770362Z" />
    <EventRecordID>8602</EventRecordID>
    <Correlation />
    <Execution ProcessID="544" ThreadID="632" />
    <Channel>System</Channel>
    <Computer>WIN-J9D866ESIJ2</Computer>
    <Security />
  </System>
  <EventData>
    <Data Name="param1">DcomLaunch</Data>
    <Data Name="param2">running</Data>
    <Binary>440063006F006D004C00610075006E00630068002F0034000000</Binary>
  </EventData>
</Event>

Имя журнала:   System
Источник:      Service Control Manager
Дата:          08.12.2023 6:40:35
Код события:   7036
Категория задачи:Отсутствует
Уровень:       Сведения
Ключевые слова:Классический
Пользователь:  Н/Д
Компьютер:     WIN-J9D866ESIJ2
Описание:
Служба "Power" перешла в состояние running.
Xml события:
<Event xmlns="http://schemas.microsoft.com/win/2004/08/events/event">
  <System>
    <Provider Name="Service Control Manager" Guid="{555908d1-a6d7-4695-8e1e-26931d2012f4}" EventSourceName="Service Control Manager" />
    <EventID Qualifiers="16384">7036</EventID>
    <Version>0</Version>
    <Level>4</Level>
    <Task>0</Task>
    <Opcode>0</Opcode>
    <Keywords>0x8080000000000000</Keywords>
    <TimeCreated SystemTime="2023-12-08T01:40:35.6614160Z" />
    <EventRecordID>8601</EventRecordID>
    <Correlation />
    <Execution ProcessID="544" ThreadID="632" />
    <Channel>System</Channel>
    <Computer>WIN-J9D866ESIJ2</Computer>
    <Security />
  </System>
  <EventData>
    <Data Name="param1">Power</Data>
    <Data Name="param2">running</Data>
    <Binary>50006F007700650072002F0034000000</Binary>
  </EventData>
</Event>

Имя журнала:   System
Источник:      Service Control Manager
Дата:          08.12.2023 6:40:35
Код события:   7036
Категория задачи:Отсутствует
Уровень:       Сведения
Ключевые слова:Классический
Пользователь:  Н/Д
Компьютер:     WIN-J9D866ESIJ2
Описание:
Служба "PlugPlay" перешла в состояние running.
Xml события:
<Event xmlns="http://schemas.microsoft.com/win/2004/08/events/event">
  <System>
    <Provider Name="Service Control Manager" Guid="{555908d1-a6d7-4695-8e1e-26931d2012f4}" EventSourceName="Service Control Manager" />
    <EventID Qualifiers="16384">7036</EventID>
    <Version>0</Version>
    <Level>4</Level>
    <Task>0</Task>
    <Opcode>0</Opcode>
    <Keywords>0x8080000000000000</Keywords>
    <TimeCreated SystemTime="2023-12-08T01:40:35.5989092Z" />
    <EventRecordID>8600</EventRecordID>
    <Correlation />
    <Execution ProcessID="544" ThreadID="632" />
    <Channel>System</Channel>
    <Computer>WIN-J9D866ESIJ2</Computer>
    <Security />
  </System>
  <EventData>
    <Data Name="param1">PlugPlay</Data>
    <Data Name="param2">running</Data>
    <Binary>50006C007500670050006C00610079002F0034000000</Binary>
  </EventData>
</Event>

Имя журнала:   System
Источник:      Microsoft-Windows-Directory-Services-SAM
Дата:          08.12.2023 6:40:35
Код события:   16983
Категория задачи:Отсутствует
Уровень:       Сведения
Ключевые слова:
Пользователь:  СИСТЕМА
Компьютер:     WIN-J9D866ESIJ2
Описание:
Диспетчер учетных записей безопасности теперь ведет журнал периодических сводных событий для удаленных клиентов, которые вызывают изменение устаревшего пароля или задают методы RPC. 

Дополнительные сведения см. на странице https://go.microsoft.com/fwlink/?linkid=2150956.

Xml события:
<Event xmlns="http://schemas.microsoft.com/win/2004/08/events/event">
  <System>
    <Provider Name="Microsoft-Windows-Directory-Services-SAM" Guid="{0d4fdc09-8c27-494a-bda0-505e4fd8adae}" />
    <EventID>16983</EventID>
    <Version>0</Version>
    <Level>4</Level>
    <Task>0</Task>
    <Opcode>0</Opcode>
    <Keywords>0x8000000000000000</Keywords>
    <TimeCreated SystemTime="2023-12-08T01:40:35.5928400Z" />
    <EventRecordID>8599</EventRecordID>
    <Correlation ActivityID="{87cc1b3d-2977-0000-561b-cc877729da01}" />
    <Execution ProcessID="560" ThreadID="564" />
    <Channel>System</Channel>
    <Computer>WIN-J9D866ESIJ2</Computer>
    <Security UserID="S-1-5-18" />
  </System>
  <EventData Name="SAMMSG_AUDIT_LEGACY_PWD_RPC_METHODS_OFF">
  </EventData>
</Event>

Имя журнала:   System
Источник:      Microsoft-Windows-Directory-Services-SAM
Дата:          08.12.2023 6:40:35
Код события:   16977
Категория задачи:Отсутствует
Уровень:       Сведения
Ключевые слова:
Пользователь:  СИСТЕМА
Компьютер:     WIN-J9D866ESIJ2
Описание:
Для домена настроены следующие минимальные параметры, связанные с длиной пароля.

MinimumPasswordLength: 0

RelaxMinimumPasswordLengthLimits: -1

MinimumPasswordLengthAudit: %3

Дополнительные сведения см. на веб-странице https://go.microsoft.com/fwlink/?LinkId=2097191.

Xml события:
<Event xmlns="http://schemas.microsoft.com/win/2004/08/events/event">
  <System>
    <Provider Name="Microsoft-Windows-Directory-Services-SAM" Guid="{0d4fdc09-8c27-494a-bda0-505e4fd8adae}" />
    <EventID>16977</EventID>
    <Version>0</Version>
    <Level>4</Level>
    <Task>0</Task>
    <Opcode>0</Opcode>
    <Keywords>0x8000000000000000</Keywords>
    <TimeCreated SystemTime="2023-12-08T01:40:35.5928322Z" />
    <EventRecordID>8598</EventRecordID>
    <Correlation ActivityID="{87cc1b3d-2977-0000-561b-cc877729da01}" />
    <Execution ProcessID="560" ThreadID="564" />
    <Channel>System</Channel>
    <Computer>WIN-J9D866ESIJ2</Computer>
    <Security UserID="S-1-5-18" />
  </System>
  <EventData Name="SAMMSG_MINPWDLEN_SETTINGS_IN_EFFECT">
    <Data Name="MinimumPasswordLength">0</Data>
    <Data Name="MinimumPasswordLengthAudit">-1</Data>
  </EventData>
</Event>

Имя журнала:   System
Источник:      Microsoft-Windows-Directory-Services-SAM
Дата:          08.12.2023 6:40:35
Код события:   16962
Категория задачи:Отсутствует
Уровень:       Сведения
Ключевые слова:
Пользователь:  СИСТЕМА
Компьютер:     WIN-J9D866ESIJ2
Описание:
Удаленные вызовы к базе данных SAM запрещены с помощью дескриптора безопасности по умолчанию: O:SYG:SYD:(A;;RC;;;BA).
Для получения дополнительных сведений см. http://go.microsoft.com/fwlink/?LinkId=787651.
Xml события:
<Event xmlns="http://schemas.microsoft.com/win/2004/08/events/event">
  <System>
    <Provider Name="Microsoft-Windows-Directory-Services-SAM" Guid="{0d4fdc09-8c27-494a-bda0-505e4fd8adae}" />
    <EventID>16962</EventID>
    <Version>0</Version>
    <Level>4</Level>
    <Task>0</Task>
    <Opcode>0</Opcode>
    <Keywords>0x8000000000000000</Keywords>
    <TimeCreated SystemTime="2023-12-08T01:40:35.5837305Z" />
    <EventRecordID>8597</EventRecordID>
    <Correlation ActivityID="{87cc1b3d-2977-0000-561b-cc877729da01}" />
    <Execution ProcessID="560" ThreadID="564" />
    <Channel>System</Channel>
    <Computer>WIN-J9D866ESIJ2</Computer>
    <Security UserID="S-1-5-18" />
  </System>
  <EventData Name="SAMMSG_RESTRICT_REMOTE_SAM_DEFAULT_SD">
    <Data Name="Default SD String:">O:SYG:SYD:(A;;RC;;;BA)</Data>
  </EventData>
</Event>

Имя журнала:   System
Источник:      Microsoft-Windows-Wininit
Дата:          08.12.2023 6:40:35
Код события:   14
Категория задачи:Отсутствует
Уровень:       Сведения
Ключевые слова:
Пользователь:  СИСТЕМА
Компьютер:     WIN-J9D866ESIJ2
Описание:
Конфигурация Credential Guard: 0x0, 0
Xml события:
<Event xmlns="http://schemas.microsoft.com/win/2004/08/events/event">
  <System>
    <Provider Name="Microsoft-Windows-Wininit" Guid="{206f6dea-d3c5-4d10-bc72-989f03c8b84b}" />
    <EventID>14</EventID>
    <Version>0</Version>
    <Level>4</Level>
    <Task>0</Task>
    <Opcode>0</Opcode>
    <Keywords>0x4000000000000000</Keywords>
    <TimeCreated SystemTime="2023-12-08T01:40:35.4750593Z" />
    <EventRecordID>8596</EventRecordID>
    <Correlation />
    <Execution ProcessID="420" ThreadID="424" />
    <Channel>System</Channel>
    <Computer>WIN-J9D866ESIJ2</Computer>
    <Security UserID="S-1-5-18" />
  </System>
  <EventData>
    <Data Name="Config">0</Data>
    <Data Name="IsTestConfig">0</Data>
  </EventData>
</Event>

Имя журнала:   System
Источник:      Microsoft-Windows-Ntfs
Дата:          08.12.2023 6:40:32
Код события:   98
Категория задачи:Отсутствует
Уровень:       Сведения
Ключевые слова:(2)
Пользователь:  СИСТЕМА
Компьютер:     WIN-J9D866ESIJ2
Описание:
Том \\?\Volume{fb5591ef-0000-0000-0000-100000000000} (\Device\HarddiskVolume1) работоспособен.  Не требуется никаких действий.
Xml события:
<Event xmlns="http://schemas.microsoft.com/win/2004/08/events/event">
  <System>
    <Provider Name="Microsoft-Windows-Ntfs" Guid="{3ff37a1c-a68d-4d6e-8c9b-f79e8b16c482}" />
    <EventID>98</EventID>
    <Version>0</Version>
    <Level>4</Level>
    <Task>0</Task>
    <Opcode>0</Opcode>
    <Keywords>0x8000000000000002</Keywords>
    <TimeCreated SystemTime="2023-12-08T01:40:32.7224995Z" />
    <EventRecordID>8595</EventRecordID>
    <Correlation />
    <Execution ProcessID="4" ThreadID="168" />
    <Channel>System</Channel>
    <Computer>WIN-J9D866ESIJ2</Computer>
    <Security UserID="S-1-5-18" />
  </System>
  <EventData>
    <Data Name="DriveName">\\?\Volume{fb5591ef-0000-0000-0000-100000000000}</Data>
    <Data Name="DeviceName">\Device\HarddiskVolume1</Data>
    <Data Name="CorruptionActionState">0</Data>
  </EventData>
</Event>

Имя журнала:   System
Источник:      Microsoft-Windows-Kernel-Power
Дата:          08.12.2023 6:40:32
Код события:   172
Категория задачи:(203)
Уровень:       Сведения
Ключевые слова:(1024),(4)
Пользователь:  СИСТЕМА
Компьютер:     WIN-J9D866ESIJ2
Описание:
Состояние подключения в режиме ожидания: Disconnected, причина: NIC compliance
Xml события:
<Event xmlns="http://schemas.microsoft.com/win/2004/08/events/event">
  <System>
    <Provider Name="Microsoft-Windows-Kernel-Power" Guid="{331c3b3a-2005-44c2-ac5e-77220c37d6b4}" />
    <EventID>172</EventID>
    <Version>0</Version>
    <Level>4</Level>
    <Task>203</Task>
    <Opcode>0</Opcode>
    <Keywords>0x8000000000000404</Keywords>
    <TimeCreated SystemTime="2023-12-08T01:40:32.5410496Z" />
    <EventRecordID>8594</EventRecordID>
    <Correlation />
    <Execution ProcessID="4" ThreadID="252" />
    <Channel>System</Channel>
    <Computer>WIN-J9D866ESIJ2</Computer>
    <Security UserID="S-1-5-18" />
  </System>
  <EventData>
    <Data Name="State">2</Data>
    <Data Name="Reason">6</Data>
  </EventData>
</Event>

Имя журнала:   System
Источник:      Microsoft-Windows-Kernel-Power
Дата:          08.12.2023 6:40:32
Код события:   508
Категория задачи:(159)
Уровень:       Сведения
Ключевые слова:(1024),(4)
Пользователь:  Н/Д
Компьютер:     WIN-J9D866ESIJ2
Описание:
Система ограничена периодическим тактом 

Причина: No HW support.
Xml события:
<Event xmlns="http://schemas.microsoft.com/win/2004/08/events/event">
  <System>
    <Provider Name="Microsoft-Windows-Kernel-Power" Guid="{331c3b3a-2005-44c2-ac5e-77220c37d6b4}" />
    <EventID>508</EventID>
    <Version>0</Version>
    <Level>4</Level>
    <Task>159</Task>
    <Opcode>0</Opcode>
    <Keywords>0x8000000000000404</Keywords>
    <TimeCreated SystemTime="2023-12-08T01:40:32.5399294Z" />
    <EventRecordID>8593</EventRecordID>
    <Correlation />
    <Execution ProcessID="4" ThreadID="8" />
    <Channel>System</Channel>
    <Computer>WIN-J9D866ESIJ2</Computer>
    <Security />
  </System>
  <EventData>
    <Data Name="Reason">2</Data>
  </EventData>
</Event>

Имя журнала:   System
Источник:      Microsoft-Windows-FilterManager
Дата:          08.12.2023 6:40:32
Код события:   6
Категория задачи:Отсутствует
Уровень:       Сведения
Ключевые слова:(70368744177664)
Пользователь:  СИСТЕМА
Компьютер:     WIN-J9D866ESIJ2
Описание:
Не удается найти описание для идентификатора события 6 из источника Microsoft-Windows-FilterManager. Вызывающий данное событие компонент не установлен на этом локальном компьютере или поврежден. Установите или восстановите компонент на локальном компьютере.

Если событие возникло на другом компьютере, возможно, потребуется сохранить отображаемые сведения вместе с событием.

К событию были добавлены следующие сведения: 

0
10
0
9
npsvctrig
15.07.2016 18:28:33
183
{ "flags" : "0x00000018" , "registration_version" : "0x00000203" , "tx" : false , "sections" : false , "frame" : 0 , "class_name" : "(null)" , "instances" : [["46000","0x00000000"]] }
EV_RenderedValue_8,00

Ресурс сообщения существует, но сообщение не найдено в таблице сообщений

Xml события:
<Event xmlns="http://schemas.microsoft.com/win/2004/08/events/event">
  <System>
    <Provider Name="Microsoft-Windows-FilterManager" Guid="{f3c5e28e-63f6-49c7-a204-e48a1bc4b09d}" />
    <EventID>6</EventID>
    <Version>1</Version>
    <Level>4</Level>
    <Task>0</Task>
    <Opcode>0</Opcode>
    <Keywords>0x8000400000000000</Keywords>
    <TimeCreated SystemTime="2023-12-08T01:40:32.5119548Z" />
    <EventRecordID>8592</EventRecordID>
    <Correlation />
    <Execution ProcessID="4" ThreadID="8" />
    <Channel>System</Channel>
    <Computer>WIN-J9D866ESIJ2</Computer>
    <Security UserID="S-1-5-18" />
  </System>
  <EventData>
    <Data Name="FinalStatus">0x0</Data>
    <Data Name="DeviceVersionMajor">10</Data>
    <Data Name="DeviceVersionMinor">0</Data>
    <Data Name="DeviceNameLength">9</Data>
    <Data Name="DeviceName">npsvctrig</Data>
    <Data Name="DeviceTime">2016-07-15T18:28:33.0000000Z</Data>
    <Data Name="ExtraInfoLength">183</Data>
    <Data Name="ExtraInfoString">{ "flags" : "0x00000018" , "registration_version" : "0x00000203" , "tx" : false , "sections" : false , "frame" : 0 , "class_name" : "(null)" , "instances" : [["46000","0x00000000"]] }</Data>
    <Data Name="FilterID">{02000000-0005-0000-f2b1-45887729da01}</Data>
  </EventData>
</Event>

Имя журнала:   System
Источник:      Microsoft-Windows-FilterManager
Дата:          08.12.2023 6:40:32
Код события:   6
Категория задачи:Отсутствует
Уровень:       Сведения
Ключевые слова:(70368744177664)
Пользователь:  СИСТЕМА
Компьютер:     WIN-J9D866ESIJ2
Описание:
Не удается найти описание для идентификатора события 6 из источника Microsoft-Windows-FilterManager. Вызывающий данное событие компонент не установлен на этом локальном компьютере или поврежден. Установите или восстановите компонент на локальном компьютере.

Если событие возникло на другом компьютере, возможно, потребуется сохранить отображаемые сведения вместе с событием.

К событию были добавлены следующие сведения: 

0
10
0
9
FileCrypt
30.08.2018 12:44:27
197
{ "flags" : "0x00000000" , "registration_version" : "0x00000203" , "tx" : false , "sections" : false , "frame" : 0 , "class_name" : "FSFilter Encryption" , "instances" : [["141100","0x00000000"]] }
EV_RenderedValue_8,00

Ресурс сообщения существует, но сообщение не найдено в таблице сообщений

Xml события:
<Event xmlns="http://schemas.microsoft.com/win/2004/08/events/event">
  <System>
    <Provider Name="Microsoft-Windows-FilterManager" Guid="{f3c5e28e-63f6-49c7-a204-e48a1bc4b09d}" />
    <EventID>6</EventID>
    <Version>1</Version>
    <Level>4</Level>
    <Task>0</Task>
    <Opcode>0</Opcode>
    <Keywords>0x8000400000000000</Keywords>
    <TimeCreated SystemTime="2023-12-08T01:40:32.4554325Z" />
    <EventRecordID>8591</EventRecordID>
    <Correlation />
    <Execution ProcessID="4" ThreadID="8" />
    <Channel>System</Channel>
    <Computer>WIN-J9D866ESIJ2</Computer>
    <Security UserID="S-1-5-18" />
  </System>
  <EventData>
    <Data Name="FinalStatus">0x0</Data>
    <Data Name="DeviceVersionMajor">10</Data>
    <Data Name="DeviceVersionMinor">0</Data>
    <Data Name="DeviceNameLength">9</Data>
    <Data Name="DeviceName">FileCrypt</Data>
    <Data Name="DeviceTime">2018-08-30T12:44:27.0000000Z</Data>
    <Data Name="ExtraInfoLength">197</Data>
    <Data Name="ExtraInfoString">{ "flags" : "0x00000000" , "registration_version" : "0x00000203" , "tx" : false , "sections" : false , "frame" : 0 , "class_name" : "FSFilter Encryption" , "instances" : [["141100","0x00000000"]] }</Data>
    <Data Name="FilterID">{02000000-0004-0000-708b-3e887729da01}</Data>
  </EventData>
</Event>

Имя журнала:   System
Источник:      Microsoft-Windows-Ntfs
Дата:          08.12.2023 6:40:32
Код события:   98
Категория задачи:Отсутствует
Уровень:       Сведения
Ключевые слова:(2)
Пользователь:  СИСТЕМА
Компьютер:     WIN-J9D866ESIJ2
Описание:
Том C: (\Device\HarddiskVolume2) работоспособен.  Не требуется никаких действий.
Xml события:
<Event xmlns="http://schemas.microsoft.com/win/2004/08/events/event">
  <System>
    <Provider Name="Microsoft-Windows-Ntfs" Guid="{3ff37a1c-a68d-4d6e-8c9b-f79e8b16c482}" />
    <EventID>98</EventID>
    <Version>0</Version>
    <Level>4</Level>
    <Task>0</Task>
    <Opcode>0</Opcode>
    <Keywords>0x8000000000000002</Keywords>
    <TimeCreated SystemTime="2023-12-08T01:40:32.4052491Z" />
    <EventRecordID>8590</EventRecordID>
    <Correlation />
    <Execution ProcessID="4" ThreadID="172" />
    <Channel>System</Channel>
    <Computer>WIN-J9D866ESIJ2</Computer>
    <Security UserID="S-1-5-18" />
  </System>
  <EventData>
    <Data Name="DriveName">C:</Data>
    <Data Name="DeviceName">\Device\HarddiskVolume2</Data>
    <Data Name="CorruptionActionState">0</Data>
  </EventData>
</Event>

Имя журнала:   System
Источник:      Microsoft-Windows-FilterManager
Дата:          08.12.2023 6:40:32
Код события:   6
Категория задачи:Отсутствует
Уровень:       Сведения
Ключевые слова:(70368744177664)
Пользователь:  СИСТЕМА
Компьютер:     WIN-J9D866ESIJ2
Описание:
Не удается найти описание для идентификатора события 6 из источника Microsoft-Windows-FilterManager. Вызывающий данное событие компонент не установлен на этом локальном компьютере или поврежден. Установите или восстановите компонент на локальном компьютере.

Если событие возникло на другом компьютере, возможно, потребуется сохранить отображаемые сведения вместе с событием.

К событию были добавлены следующие сведения: 

0
10
0
8
WdFilter
28.04.2047 16:32:56
196
{ "flags" : "0x00000030" , "registration_version" : "0x00000203" , "tx" : true , "sections" : false , "frame" : 0 , "class_name" : "FSFilter Anti-Virus" , "instances" : [["328010","0x00000000"]] }
EV_RenderedValue_8,00

Ресурс сообщения существует, но сообщение не найдено в таблице сообщений

Xml события:
<Event xmlns="http://schemas.microsoft.com/win/2004/08/events/event">
  <System>
    <Provider Name="Microsoft-Windows-FilterManager" Guid="{f3c5e28e-63f6-49c7-a204-e48a1bc4b09d}" />
    <EventID>6</EventID>
    <Version>1</Version>
    <Level>4</Level>
    <Task>0</Task>
    <Opcode>0</Opcode>
    <Keywords>0x8000400000000000</Keywords>
    <TimeCreated SystemTime="2023-12-08T01:40:32.2808483Z" />
    <EventRecordID>8589</EventRecordID>
    <Correlation />
    <Execution ProcessID="4" ThreadID="8" />
    <Channel>System</Channel>
    <Computer>WIN-J9D866ESIJ2</Computer>
    <Security UserID="S-1-5-18" />
  </System>
  <EventData>
    <Data Name="FinalStatus">0x0</Data>
    <Data Name="DeviceVersionMajor">10</Data>
    <Data Name="DeviceVersionMinor">0</Data>
    <Data Name="DeviceNameLength">8</Data>
    <Data Name="DeviceName">WdFilter</Data>
    <Data Name="DeviceTime">2047-04-28T16:32:56.0000000Z</Data>
    <Data Name="ExtraInfoLength">196</Data>
    <Data Name="ExtraInfoString">{ "flags" : "0x00000030" , "registration_version" : "0x00000203" , "tx" : true , "sections" : false , "frame" : 0 , "class_name" : "FSFilter Anti-Virus" , "instances" : [["328010","0x00000000"]] }</Data>
    <Data Name="FilterID">{02000000-0002-0000-f756-24887729da01}</Data>
  </EventData>
</Event>

Имя журнала:   System
Источник:      Microsoft-Windows-FilterManager
Дата:          08.12.2023 6:40:32
Код события:   6
Категория задачи:Отсутствует
Уровень:       Сведения
Ключевые слова:(70368744177664)
Пользователь:  СИСТЕМА
Компьютер:     WIN-J9D866ESIJ2
Описание:
Не удается найти описание для идентификатора события 6 из источника Microsoft-Windows-FilterManager. Вызывающий данное событие компонент не установлен на этом локальном компьютере или поврежден. Установите или восстановите компонент на локальном компьютере.

Если событие возникло на другом компьютере, возможно, потребуется сохранить отображаемые сведения вместе с событием.

К событию были добавлены следующие сведения: 

0
10
0
3
Wof
05.01.2023 19:22:00
196
{ "flags" : "0x00000010" , "registration_version" : "0x00000203" , "tx" : true , "sections" : false , "frame" : 0 , "class_name" : "FSFilter Compression" , "instances" : [["40700","0x00000000"]] }
EV_RenderedValue_8,00

Ресурс сообщения существует, но сообщение не найдено в таблице сообщений

Xml события:
<Event xmlns="http://schemas.microsoft.com/win/2004/08/events/event">
  <System>
    <Provider Name="Microsoft-Windows-FilterManager" Guid="{f3c5e28e-63f6-49c7-a204-e48a1bc4b09d}" />
    <EventID>6</EventID>
    <Version>1</Version>
    <Level>4</Level>
    <Task>0</Task>
    <Opcode>0</Opcode>
    <Keywords>0x8000400000000000</Keywords>
    <TimeCreated SystemTime="2023-12-08T01:40:32.2802159Z" />
    <EventRecordID>8588</EventRecordID>
    <Correlation />
    <Execution ProcessID="4" ThreadID="8" />
    <Channel>System</Channel>
    <Computer>WIN-J9D866ESIJ2</Computer>
    <Security UserID="S-1-5-18" />
  </System>
  <EventData>
    <Data Name="FinalStatus">0x0</Data>
    <Data Name="DeviceVersionMajor">10</Data>
    <Data Name="DeviceVersionMinor">0</Data>
    <Data Name="DeviceNameLength">3</Data>
    <Data Name="DeviceName">Wof</Data>
    <Data Name="DeviceTime">2023-01-05T19:22:00.0000000Z</Data>
    <Data Name="ExtraInfoLength">196</Data>
    <Data Name="ExtraInfoString">{ "flags" : "0x00000010" , "registration_version" : "0x00000203" , "tx" : true , "sections" : false , "frame" : 0 , "class_name" : "FSFilter Compression" , "instances" : [["40700","0x00000000"]] }</Data>
    <Data Name="FilterID">{02000000-0001-0000-f756-24887729da01}</Data>
  </EventData>
</Event>

Имя журнала:   System
Источник:      Microsoft-Windows-Kernel-Boot
Дата:          08.12.2023 6:40:31
Код события:   32
Категория задачи:Отсутствует
Уровень:       Сведения
Ключевые слова:
Пользователь:  СИСТЕМА
Компьютер:     WIN-J9D866ESIJ2
Описание:
Диспетчер загрузки затратил 0 мс на ожидание ввода данных пользователем.
Xml события:
<Event xmlns="http://schemas.microsoft.com/win/2004/08/events/event">
  <System>
    <Provider Name="Microsoft-Windows-Kernel-Boot" Guid="{15ca44ff-4d7a-4baa-bba5-0998955e531e}" />
    <EventID>32</EventID>
    <Version>0</Version>
    <Level>4</Level>
    <Task>0</Task>
    <Opcode>0</Opcode>
    <Keywords>0x8000000000000000</Keywords>
    <TimeCreated SystemTime="2023-12-08T01:40:31.7304161Z" />
    <EventRecordID>8587</EventRecordID>
    <Correlation />
    <Execution ProcessID="4" ThreadID="8" />
    <Channel>System</Channel>
    <Computer>WIN-J9D866ESIJ2</Computer>
    <Security UserID="S-1-5-18" />
  </System>
  <EventData>
    <Data Name="BitlockerUserInputTime">0</Data>
  </EventData>
</Event>

Имя журнала:   System
Источник:      Microsoft-Windows-Kernel-Boot
Дата:          08.12.2023 6:40:31
Код события:   18
Категория задачи:Отсутствует
Уровень:       Сведения
Ключевые слова:
Пользователь:  СИСТЕМА
Компьютер:     WIN-J9D866ESIJ2
Описание:
Число вариантов загрузки данной системы: 0x1.
Xml события:
<Event xmlns="http://schemas.microsoft.com/win/2004/08/events/event">
  <System>
    <Provider Name="Microsoft-Windows-Kernel-Boot" Guid="{15ca44ff-4d7a-4baa-bba5-0998955e531e}" />
    <EventID>18</EventID>
    <Version>0</Version>
    <Level>4</Level>
    <Task>0</Task>
    <Opcode>0</Opcode>
    <Keywords>0x8000000000000000</Keywords>
    <TimeCreated SystemTime="2023-12-08T01:40:31.7303667Z" />
    <EventRecordID>8586</EventRecordID>
    <Correlation />
    <Execution ProcessID="4" ThreadID="8" />
    <Channel>System</Channel>
    <Computer>WIN-J9D866ESIJ2</Computer>
    <Security UserID="S-1-5-18" />
  </System>
  <EventData>
    <Data Name="EntryCount">1</Data>
  </EventData>
</Event>

Имя журнала:   System
Источник:      Microsoft-Windows-Kernel-Boot
Дата:          08.12.2023 6:40:31
Код события:   25
Категория задачи:(32)
Уровень:       Сведения
Ключевые слова:
Пользователь:  СИСТЕМА
Компьютер:     WIN-J9D866ESIJ2
Описание:
Использовалась следующая политика меню загрузки: 0x0.
Xml события:
<Event xmlns="http://schemas.microsoft.com/win/2004/08/events/event">
  <System>
    <Provider Name="Microsoft-Windows-Kernel-Boot" Guid="{15ca44ff-4d7a-4baa-bba5-0998955e531e}" />
    <EventID>25</EventID>
    <Version>0</Version>
    <Level>4</Level>
    <Task>32</Task>
    <Opcode>0</Opcode>
    <Keywords>0x8000000000000000</Keywords>
    <TimeCreated SystemTime="2023-12-08T01:40:31.7303033Z" />
    <EventRecordID>8585</EventRecordID>
    <Correlation />
    <Execution ProcessID="4" ThreadID="8" />
    <Channel>System</Channel>
    <Computer>WIN-J9D866ESIJ2</Computer>
    <Security UserID="S-1-5-18" />
  </System>
  <EventData>
    <Data Name="BootMenuPolicy">0</Data>
  </EventData>
</Event>

Имя журнала:   System
Источник:      Microsoft-Windows-Kernel-Boot
Дата:          08.12.2023 6:40:31
Код события:   27
Категория задачи:(33)
Уровень:       Сведения
Ключевые слова:
Пользователь:  СИСТЕМА
Компьютер:     WIN-J9D866ESIJ2
Описание:
Использовался следующий тип загрузки: 0x0.
Xml события:
<Event xmlns="http://schemas.microsoft.com/win/2004/08/events/event">
  <System>
    <Provider Name="Microsoft-Windows-Kernel-Boot" Guid="{15ca44ff-4d7a-4baa-bba5-0998955e531e}" />
    <EventID>27</EventID>
    <Version>1</Version>
    <Level>4</Level>
    <Task>33</Task>
    <Opcode>0</Opcode>
    <Keywords>0x8000000000000000</Keywords>
    <TimeCreated SystemTime="2023-12-08T01:40:31.7302994Z" />
    <EventRecordID>8584</EventRecordID>
    <Correlation />
    <Execution ProcessID="4" ThreadID="8" />
    <Channel>System</Channel>
    <Computer>WIN-J9D866ESIJ2</Computer>
    <Security UserID="S-1-5-18" />
  </System>
  <EventData>
    <Data Name="BootType">0</Data>
    <Data Name="LoadOptions"> NOEXECUTE=OPTOUT</Data>
  </EventData>
</Event>

Имя журнала:   System
Источник:      Microsoft-Windows-Kernel-Boot
Дата:          08.12.2023 6:40:31
Код события:   20
Категория задачи:(31)
Уровень:       Сведения
Ключевые слова:
Пользователь:  СИСТЕМА
Компьютер:     WIN-J9D866ESIJ2
Описание:
Состояние успешного выполнения последнего завершения работы: false. Состояние успешного выполнения последней загрузки: false.
Xml события:
<Event xmlns="http://schemas.microsoft.com/win/2004/08/events/event">
  <System>
    <Provider Name="Microsoft-Windows-Kernel-Boot" Guid="{15ca44ff-4d7a-4baa-bba5-0998955e531e}" />
    <EventID>20</EventID>
    <Version>0</Version>
    <Level>4</Level>
    <Task>31</Task>
    <Opcode>0</Opcode>
    <Keywords>0x8000000000000000</Keywords>
    <TimeCreated SystemTime="2023-12-08T01:40:31.7302376Z" />
    <EventRecordID>8583</EventRecordID>
    <Correlation />
    <Execution ProcessID="4" ThreadID="8" />
    <Channel>System</Channel>
    <Computer>WIN-J9D866ESIJ2</Computer>
    <Security UserID="S-1-5-18" />
  </System>
  <EventData>
    <Data Name="LastShutdownGood">false</Data>
    <Data Name="LastBootGood">false</Data>
  </EventData>
</Event>

