Имя журнала:   System
Источник:      Microsoft-Windows-WindowsUpdateClient
Дата:          07.12.2023 20:31:01
Код события:   19
Категория задачи:Агент Центра обновления Windows
Уровень:       Сведения
Ключевые слова:Установка,Установка
Пользователь:  СИСТЕМА
Компьютер:     WIN-J9D866ESIJ2
Описание:
Установка завершена: следующее обновление было успешно установлено: Security Intelligence Update for Microsoft Defender Antivirus - KB2267602 (Version 1.403.92.0) - Current Channel (Broad)
Xml события:
<Event xmlns="http://schemas.microsoft.com/win/2004/08/events/event">
  <System>
    <Provider Name="Microsoft-Windows-WindowsUpdateClient" Guid="{945a8954-c147-4acd-923f-40c45405a658}" />
    <EventID>19</EventID>
    <Version>1</Version>
    <Level>4</Level>
    <Task>1</Task>
    <Opcode>13</Opcode>
    <Keywords>0x8000000000000018</Keywords>
    <TimeCreated SystemTime="2023-12-07T15:31:01.1212791Z" />
    <EventRecordID>8347</EventRecordID>
    <Correlation />
    <Execution ProcessID="920" ThreadID="2760" />
    <Channel>System</Channel>
    <Computer>WIN-J9D866ESIJ2</Computer>
    <Security UserID="S-1-5-18" />
  </System>
  <EventData>
    <Data Name="updateTitle">Security Intelligence Update for Microsoft Defender Antivirus - KB2267602 (Version 1.403.92.0) - Current Channel (Broad)</Data>
    <Data Name="updateGuid">{40f25525-4697-4a45-9077-ec0ca64b5a63}</Data>
    <Data Name="updateRevisionNumber">200</Data>
    <Data Name="serviceGuid">{9482f4b4-e343-43b6-b170-9a65bc822c77}</Data>
  </EventData>
</Event>

Имя журнала:   System
Источник:      Service Control Manager
Дата:          07.12.2023 20:30:50
Код события:   7036
Категория задачи:Отсутствует
Уровень:       Сведения
Ключевые слова:Классический
Пользователь:  Н/Д
Компьютер:     WIN-J9D866ESIJ2
Описание:
Служба "Microsoft Account Sign-in Assistant" перешла в состояние stopped.
Xml события:
<Event xmlns="http://schemas.microsoft.com/win/2004/08/events/event">
  <System>
    <Provider Name="Service Control Manager" Guid="{555908d1-a6d7-4695-8e1e-26931d2012f4}" EventSourceName="Service Control Manager" />
    <EventID Qualifiers="16384">7036</EventID>
    <Version>0</Version>
    <Level>4</Level>
    <Task>0</Task>
    <Opcode>0</Opcode>
    <Keywords>0x8080000000000000</Keywords>
    <TimeCreated SystemTime="2023-12-07T15:30:50.7175315Z" />
    <EventRecordID>8346</EventRecordID>
    <Correlation />
    <Execution ProcessID="532" ThreadID="1912" />
    <Channel>System</Channel>
    <Computer>WIN-J9D866ESIJ2</Computer>
    <Security />
  </System>
  <EventData>
    <Data Name="param1">Microsoft Account Sign-in Assistant</Data>
    <Data Name="param2">stopped</Data>
    <Binary>77006C00690064007300760063002F0031000000</Binary>
  </EventData>
</Event>

Имя журнала:   System
Источник:      Service Control Manager
Дата:          07.12.2023 20:30:50
Код события:   7036
Категория задачи:Отсутствует
Уровень:       Сведения
Ключевые слова:Классический
Пользователь:  Н/Д
Компьютер:     WIN-J9D866ESIJ2
Описание:
Служба "Windows Insider Service" перешла в состояние stopped.
Xml события:
<Event xmlns="http://schemas.microsoft.com/win/2004/08/events/event">
  <System>
    <Provider Name="Service Control Manager" Guid="{555908d1-a6d7-4695-8e1e-26931d2012f4}" EventSourceName="Service Control Manager" />
    <EventID Qualifiers="16384">7036</EventID>
    <Version>0</Version>
    <Level>4</Level>
    <Task>0</Task>
    <Opcode>0</Opcode>
    <Keywords>0x8080000000000000</Keywords>
    <TimeCreated SystemTime="2023-12-07T15:30:50.7155888Z" />
    <EventRecordID>8345</EventRecordID>
    <Correlation />
    <Execution ProcessID="532" ThreadID="1812" />
    <Channel>System</Channel>
    <Computer>WIN-J9D866ESIJ2</Computer>
    <Security />
  </System>
  <EventData>
    <Data Name="param1">Windows Insider Service</Data>
    <Data Name="param2">stopped</Data>
    <Binary>770069007300760063002F0031000000</Binary>
  </EventData>
</Event>

Имя журнала:   System
Источник:      Microsoft-Windows-WindowsUpdateClient
Дата:          07.12.2023 20:30:43
Код события:   43
Категория задачи:Агент Центра обновления Windows
Уровень:       Сведения
Ключевые слова:Установка,Установка
Пользователь:  СИСТЕМА
Компьютер:     WIN-J9D866ESIJ2
Описание:
Установка начата: ОС Windows начала устанавливать следующее обновление: Security Intelligence Update for Microsoft Defender Antivirus - KB2267602 (Version 1.403.92.0) - Current Channel (Broad)
Xml события:
<Event xmlns="http://schemas.microsoft.com/win/2004/08/events/event">
  <System>
    <Provider Name="Microsoft-Windows-WindowsUpdateClient" Guid="{945a8954-c147-4acd-923f-40c45405a658}" />
    <EventID>43</EventID>
    <Version>1</Version>
    <Level>4</Level>
    <Task>1</Task>
    <Opcode>13</Opcode>
    <Keywords>0x8000000000002008</Keywords>
    <TimeCreated SystemTime="2023-12-07T15:30:43.6302156Z" />
    <EventRecordID>8344</EventRecordID>
    <Correlation />
    <Execution ProcessID="920" ThreadID="2760" />
    <Channel>System</Channel>
    <Computer>WIN-J9D866ESIJ2</Computer>
    <Security UserID="S-1-5-18" />
  </System>
  <EventData>
    <Data Name="updateTitle">Security Intelligence Update for Microsoft Defender Antivirus - KB2267602 (Version 1.403.92.0) - Current Channel (Broad)</Data>
    <Data Name="updateGuid">{40f25525-4697-4a45-9077-ec0ca64b5a63}</Data>
    <Data Name="updateRevisionNumber">200</Data>
  </EventData>
</Event>

Имя журнала:   System
Источник:      Service Control Manager
Дата:          07.12.2023 20:30:42
Код события:   7040
Категория задачи:Отсутствует
Уровень:       Сведения
Ключевые слова:Классический
Пользователь:  СИСТЕМА
Компьютер:     WIN-J9D866ESIJ2
Описание:
Тип запуска службы "Windows Modules Installer" был изменен с "auto start" на "demand start".
Xml события:
<Event xmlns="http://schemas.microsoft.com/win/2004/08/events/event">
  <System>
    <Provider Name="Service Control Manager" Guid="{555908d1-a6d7-4695-8e1e-26931d2012f4}" EventSourceName="Service Control Manager" />
    <EventID Qualifiers="16384">7040</EventID>
    <Version>0</Version>
    <Level>4</Level>
    <Task>0</Task>
    <Opcode>0</Opcode>
    <Keywords>0x8080000000000000</Keywords>
    <TimeCreated SystemTime="2023-12-07T15:30:42.7771119Z" />
    <EventRecordID>8343</EventRecordID>
    <Correlation />
    <Execution ProcessID="532" ThreadID="1912" />
    <Channel>System</Channel>
    <Computer>WIN-J9D866ESIJ2</Computer>
    <Security UserID="S-1-5-18" />
  </System>
  <EventData>
    <Data Name="param1">Windows Modules Installer</Data>
    <Data Name="param2">auto start</Data>
    <Data Name="param3">demand start</Data>
    <Data Name="param4">TrustedInstaller</Data>
  </EventData>
</Event>

Имя журнала:   System
Источник:      Service Control Manager
Дата:          07.12.2023 20:29:50
Код события:   7036
Категория задачи:Отсутствует
Уровень:       Сведения
Ключевые слова:Классический
Пользователь:  Н/Д
Компьютер:     WIN-J9D866ESIJ2
Описание:
Служба "Windows Insider Service" перешла в состояние running.
Xml события:
<Event xmlns="http://schemas.microsoft.com/win/2004/08/events/event">
  <System>
    <Provider Name="Service Control Manager" Guid="{555908d1-a6d7-4695-8e1e-26931d2012f4}" EventSourceName="Service Control Manager" />
    <EventID Qualifiers="16384">7036</EventID>
    <Version>0</Version>
    <Level>4</Level>
    <Task>0</Task>
    <Opcode>0</Opcode>
    <Keywords>0x8080000000000000</Keywords>
    <TimeCreated SystemTime="2023-12-07T15:29:50.6042601Z" />
    <EventRecordID>8342</EventRecordID>
    <Correlation />
    <Execution ProcessID="532" ThreadID="1912" />
    <Channel>System</Channel>
    <Computer>WIN-J9D866ESIJ2</Computer>
    <Security />
  </System>
  <EventData>
    <Data Name="param1">Windows Insider Service</Data>
    <Data Name="param2">running</Data>
    <Binary>770069007300760063002F0034000000</Binary>
  </EventData>
</Event>

Имя журнала:   System
Источник:      Microsoft-Windows-WindowsUpdateClient
Дата:          07.12.2023 20:29:41
Код события:   44
Категория задачи:Агент Центра обновления Windows
Уровень:       Сведения
Ключевые слова:Скачивание,Скачивание
Пользователь:  СИСТЕМА
Компьютер:     WIN-J9D866ESIJ2
Описание:
Центр обновления Windows начал скачивать обновление.
Xml события:
<Event xmlns="http://schemas.microsoft.com/win/2004/08/events/event">
  <System>
    <Provider Name="Microsoft-Windows-WindowsUpdateClient" Guid="{945a8954-c147-4acd-923f-40c45405a658}" />
    <EventID>44</EventID>
    <Version>1</Version>
    <Level>4</Level>
    <Task>1</Task>
    <Opcode>12</Opcode>
    <Keywords>0x8000000000002004</Keywords>
    <TimeCreated SystemTime="2023-12-07T15:29:41.1426495Z" />
    <EventRecordID>8341</EventRecordID>
    <Correlation />
    <Execution ProcessID="920" ThreadID="2760" />
    <Channel>System</Channel>
    <Computer>WIN-J9D866ESIJ2</Computer>
    <Security UserID="S-1-5-18" />
  </System>
  <EventData>
    <Data Name="updateTitle">Security Intelligence Update for Microsoft Defender Antivirus - KB2267602 (Version 1.403.92.0) - Current Channel (Broad)</Data>
    <Data Name="updateGuid">{40f25525-4697-4a45-9077-ec0ca64b5a63}</Data>
    <Data Name="updateRevisionNumber">200</Data>
  </EventData>
</Event>

Имя журнала:   System
Источник:      Service Control Manager
Дата:          07.12.2023 20:29:36
Код события:   7040
Категория задачи:Отсутствует
Уровень:       Сведения
Ключевые слова:Классический
Пользователь:  СИСТЕМА
Компьютер:     WIN-J9D866ESIJ2
Описание:
Тип запуска службы "Background Intelligent Transfer Service" был изменен с "demand start" на "auto start".
Xml события:
<Event xmlns="http://schemas.microsoft.com/win/2004/08/events/event">
  <System>
    <Provider Name="Service Control Manager" Guid="{555908d1-a6d7-4695-8e1e-26931d2012f4}" EventSourceName="Service Control Manager" />
    <EventID Qualifiers="16384">7040</EventID>
    <Version>0</Version>
    <Level>4</Level>
    <Task>0</Task>
    <Opcode>0</Opcode>
    <Keywords>0x8080000000000000</Keywords>
    <TimeCreated SystemTime="2023-12-07T15:29:36.2468337Z" />
    <EventRecordID>8340</EventRecordID>
    <Correlation />
    <Execution ProcessID="532" ThreadID="1912" />
    <Channel>System</Channel>
    <Computer>WIN-J9D866ESIJ2</Computer>
    <Security UserID="S-1-5-18" />
  </System>
  <EventData>
    <Data Name="param1">Background Intelligent Transfer Service</Data>
    <Data Name="param2">demand start</Data>
    <Data Name="param3">auto start</Data>
    <Data Name="param4">BITS</Data>
  </EventData>
</Event>

Имя журнала:   System
Источник:      Service Control Manager
Дата:          07.12.2023 20:29:36
Код события:   7036
Категория задачи:Отсутствует
Уровень:       Сведения
Ключевые слова:Классический
Пользователь:  Н/Д
Компьютер:     WIN-J9D866ESIJ2
Описание:
Служба "Background Intelligent Transfer Service" перешла в состояние running.
Xml события:
<Event xmlns="http://schemas.microsoft.com/win/2004/08/events/event">
  <System>
    <Provider Name="Service Control Manager" Guid="{555908d1-a6d7-4695-8e1e-26931d2012f4}" EventSourceName="Service Control Manager" />
    <EventID Qualifiers="16384">7036</EventID>
    <Version>0</Version>
    <Level>4</Level>
    <Task>0</Task>
    <Opcode>0</Opcode>
    <Keywords>0x8080000000000000</Keywords>
    <TimeCreated SystemTime="2023-12-07T15:29:36.2390248Z" />
    <EventRecordID>8339</EventRecordID>
    <Correlation />
    <Execution ProcessID="532" ThreadID="1912" />
    <Channel>System</Channel>
    <Computer>WIN-J9D866ESIJ2</Computer>
    <Security />
  </System>
  <EventData>
    <Data Name="param1">Background Intelligent Transfer Service</Data>
    <Data Name="param2">running</Data>
    <Binary>42004900540053002F0034000000</Binary>
  </EventData>
</Event>

Имя журнала:   System
Источник:      Microsoft-Windows-Kernel-General
Дата:          07.12.2023 20:27:52
Код события:   16
Категория задачи:Отсутствует
Уровень:       Сведения
Ключевые слова:
Пользователь:  СИСТЕМА
Компьютер:     WIN-J9D866ESIJ2
Описание:
Журнал доступа в кусте \??\C:\Windows\System32\SMI\Store\Machine\SCHEMA.DAT очищен; обновлено разделов: 1; создано измененных страниц: 1.
Xml события:
<Event xmlns="http://schemas.microsoft.com/win/2004/08/events/event">
  <System>
    <Provider Name="Microsoft-Windows-Kernel-General" Guid="{a68ca8b7-004f-d7b6-a698-07e2de0f1f5d}" />
    <EventID>16</EventID>
    <Version>0</Version>
    <Level>4</Level>
    <Task>0</Task>
    <Opcode>0</Opcode>
    <Keywords>0x8000000000000000</Keywords>
    <TimeCreated SystemTime="2023-12-07T15:27:52.6513820Z" />
    <EventRecordID>8338</EventRecordID>
    <Correlation />
    <Execution ProcessID="4792" ThreadID="5880" />
    <Channel>System</Channel>
    <Computer>WIN-J9D866ESIJ2</Computer>
    <Security UserID="S-1-5-18" />
  </System>
  <EventData>
    <Data Name="HiveNameLength">52</Data>
    <Data Name="HiveName">\??\C:\Windows\System32\SMI\Store\Machine\SCHEMA.DAT</Data>
    <Data Name="KeysUpdated">1</Data>
    <Data Name="DirtyPages">1</Data>
  </EventData>
</Event>

Имя журнала:   System
Источник:      Service Control Manager
Дата:          07.12.2023 20:26:28
Код события:   7036
Категория задачи:Отсутствует
Уровень:       Сведения
Ключевые слова:Классический
Пользователь:  Н/Д
Компьютер:     WIN-J9D866ESIJ2
Описание:
Служба "Secondary Logon" перешла в состояние running.
Xml события:
<Event xmlns="http://schemas.microsoft.com/win/2004/08/events/event">
  <System>
    <Provider Name="Service Control Manager" Guid="{555908d1-a6d7-4695-8e1e-26931d2012f4}" EventSourceName="Service Control Manager" />
    <EventID Qualifiers="16384">7036</EventID>
    <Version>0</Version>
    <Level>4</Level>
    <Task>0</Task>
    <Opcode>0</Opcode>
    <Keywords>0x8080000000000000</Keywords>
    <TimeCreated SystemTime="2023-12-07T15:26:28.4133121Z" />
    <EventRecordID>8337</EventRecordID>
    <Correlation />
    <Execution ProcessID="532" ThreadID="1812" />
    <Channel>System</Channel>
    <Computer>WIN-J9D866ESIJ2</Computer>
    <Security />
  </System>
  <EventData>
    <Data Name="param1">Secondary Logon</Data>
    <Data Name="param2">running</Data>
    <Binary>7300650063006C006F0067006F006E002F0034000000</Binary>
  </EventData>
</Event>

Имя журнала:   System
Источник:      Service Control Manager
Дата:          07.12.2023 20:26:28
Код события:   7036
Категория задачи:Отсутствует
Уровень:       Сведения
Ключевые слова:Классический
Пользователь:  Н/Д
Компьютер:     WIN-J9D866ESIJ2
Описание:
Служба "Background Intelligent Transfer Service" перешла в состояние stopped.
Xml события:
<Event xmlns="http://schemas.microsoft.com/win/2004/08/events/event">
  <System>
    <Provider Name="Service Control Manager" Guid="{555908d1-a6d7-4695-8e1e-26931d2012f4}" EventSourceName="Service Control Manager" />
    <EventID Qualifiers="16384">7036</EventID>
    <Version>0</Version>
    <Level>4</Level>
    <Task>0</Task>
    <Opcode>0</Opcode>
    <Keywords>0x8080000000000000</Keywords>
    <TimeCreated SystemTime="2023-12-07T15:26:28.0070730Z" />
    <EventRecordID>8336</EventRecordID>
    <Correlation />
    <Execution ProcessID="532" ThreadID="1812" />
    <Channel>System</Channel>
    <Computer>WIN-J9D866ESIJ2</Computer>
    <Security />
  </System>
  <EventData>
    <Data Name="param1">Background Intelligent Transfer Service</Data>
    <Data Name="param2">stopped</Data>
    <Binary>42004900540053002F0031000000</Binary>
  </EventData>
</Event>

Имя журнала:   System
Источник:      Service Control Manager
Дата:          07.12.2023 20:26:27
Код события:   7040
Категория задачи:Отсутствует
Уровень:       Сведения
Ключевые слова:Классический
Пользователь:  СИСТЕМА
Компьютер:     WIN-J9D866ESIJ2
Описание:
Тип запуска службы "Background Intelligent Transfer Service" был изменен с "auto start" на "demand start".
Xml события:
<Event xmlns="http://schemas.microsoft.com/win/2004/08/events/event">
  <System>
    <Provider Name="Service Control Manager" Guid="{555908d1-a6d7-4695-8e1e-26931d2012f4}" EventSourceName="Service Control Manager" />
    <EventID Qualifiers="16384">7040</EventID>
    <Version>0</Version>
    <Level>4</Level>
    <Task>0</Task>
    <Opcode>0</Opcode>
    <Keywords>0x8080000000000000</Keywords>
    <TimeCreated SystemTime="2023-12-07T15:26:27.6633145Z" />
    <EventRecordID>8335</EventRecordID>
    <Correlation />
    <Execution ProcessID="532" ThreadID="1812" />
    <Channel>System</Channel>
    <Computer>WIN-J9D866ESIJ2</Computer>
    <Security UserID="S-1-5-18" />
  </System>
  <EventData>
    <Data Name="param1">Background Intelligent Transfer Service</Data>
    <Data Name="param2">auto start</Data>
    <Data Name="param3">demand start</Data>
    <Data Name="param4">BITS</Data>
  </EventData>
</Event>

Имя журнала:   System
Источник:      Service Control Manager
Дата:          07.12.2023 20:26:01
Код события:   7036
Категория задачи:Отсутствует
Уровень:       Сведения
Ключевые слова:Классический
Пользователь:  Н/Д
Компьютер:     WIN-J9D866ESIJ2
Описание:
Служба "WMI Performance Adapter" перешла в состояние stopped.
Xml события:
<Event xmlns="http://schemas.microsoft.com/win/2004/08/events/event">
  <System>
    <Provider Name="Service Control Manager" Guid="{555908d1-a6d7-4695-8e1e-26931d2012f4}" EventSourceName="Service Control Manager" />
    <EventID Qualifiers="16384">7036</EventID>
    <Version>0</Version>
    <Level>4</Level>
    <Task>0</Task>
    <Opcode>0</Opcode>
    <Keywords>0x8080000000000000</Keywords>
    <TimeCreated SystemTime="2023-12-07T15:26:01.5834466Z" />
    <EventRecordID>8334</EventRecordID>
    <Correlation />
    <Execution ProcessID="532" ThreadID="1812" />
    <Channel>System</Channel>
    <Computer>WIN-J9D866ESIJ2</Computer>
    <Security />
  </System>
  <EventData>
    <Data Name="param1">WMI Performance Adapter</Data>
    <Data Name="param2">stopped</Data>
    <Binary>77006D006900410070005300720076002F0031000000</Binary>
  </EventData>
</Event>

Имя журнала:   System
Источник:      Service Control Manager
Дата:          07.12.2023 20:25:51
Код события:   7036
Категория задачи:Отсутствует
Уровень:       Сведения
Ключевые слова:Классический
Пользователь:  Н/Д
Компьютер:     WIN-J9D866ESIJ2
Описание:
Служба "Windows Insider Service" перешла в состояние stopped.
Xml события:
<Event xmlns="http://schemas.microsoft.com/win/2004/08/events/event">
  <System>
    <Provider Name="Service Control Manager" Guid="{555908d1-a6d7-4695-8e1e-26931d2012f4}" EventSourceName="Service Control Manager" />
    <EventID Qualifiers="16384">7036</EventID>
    <Version>0</Version>
    <Level>4</Level>
    <Task>0</Task>
    <Opcode>0</Opcode>
    <Keywords>0x8080000000000000</Keywords>
    <TimeCreated SystemTime="2023-12-07T15:25:51.2358811Z" />
    <EventRecordID>8333</EventRecordID>
    <Correlation />
    <Execution ProcessID="532" ThreadID="1812" />
    <Channel>System</Channel>
    <Computer>WIN-J9D866ESIJ2</Computer>
    <Security />
  </System>
  <EventData>
    <Data Name="param1">Windows Insider Service</Data>
    <Data Name="param2">stopped</Data>
    <Binary>770069007300760063002F0031000000</Binary>
  </EventData>
</Event>

Имя журнала:   System
Источник:      Service Control Manager
Дата:          07.12.2023 20:25:03
Код события:   7036
Категория задачи:Отсутствует
Уровень:       Сведения
Ключевые слова:Классический
Пользователь:  Н/Д
Компьютер:     WIN-J9D866ESIJ2
Описание:
Служба "Windows Installer" перешла в состояние running.
Xml события:
<Event xmlns="http://schemas.microsoft.com/win/2004/08/events/event">
  <System>
    <Provider Name="Service Control Manager" Guid="{555908d1-a6d7-4695-8e1e-26931d2012f4}" EventSourceName="Service Control Manager" />
    <EventID Qualifiers="16384">7036</EventID>
    <Version>0</Version>
    <Level>4</Level>
    <Task>0</Task>
    <Opcode>0</Opcode>
    <Keywords>0x8080000000000000</Keywords>
    <TimeCreated SystemTime="2023-12-07T15:25:03.1739836Z" />
    <EventRecordID>8332</EventRecordID>
    <Correlation />
    <Execution ProcessID="532" ThreadID="1812" />
    <Channel>System</Channel>
    <Computer>WIN-J9D866ESIJ2</Computer>
    <Security />
  </System>
  <EventData>
    <Data Name="param1">Windows Installer</Data>
    <Data Name="param2">running</Data>
    <Binary>6D00730069007300650072007600650072002F0034000000</Binary>
  </EventData>
</Event>

Имя журнала:   System
Источник:      Service Control Manager
Дата:          07.12.2023 20:24:51
Код события:   7036
Категория задачи:Отсутствует
Уровень:       Сведения
Ключевые слова:Классический
Пользователь:  Н/Д
Компьютер:     WIN-J9D866ESIJ2
Описание:
Служба "Windows Insider Service" перешла в состояние running.
Xml события:
<Event xmlns="http://schemas.microsoft.com/win/2004/08/events/event">
  <System>
    <Provider Name="Service Control Manager" Guid="{555908d1-a6d7-4695-8e1e-26931d2012f4}" EventSourceName="Service Control Manager" />
    <EventID Qualifiers="16384">7036</EventID>
    <Version>0</Version>
    <Level>4</Level>
    <Task>0</Task>
    <Opcode>0</Opcode>
    <Keywords>0x8080000000000000</Keywords>
    <TimeCreated SystemTime="2023-12-07T15:24:51.2328861Z" />
    <EventRecordID>8331</EventRecordID>
    <Correlation />
    <Execution ProcessID="532" ThreadID="608" />
    <Channel>System</Channel>
    <Computer>WIN-J9D866ESIJ2</Computer>
    <Security />
  </System>
  <EventData>
    <Data Name="param1">Windows Insider Service</Data>
    <Data Name="param2">running</Data>
    <Binary>770069007300760063002F0034000000</Binary>
  </EventData>
</Event>

Имя журнала:   System
Источник:      Service Control Manager
Дата:          07.12.2023 20:24:50
Код события:   7036
Категория задачи:Отсутствует
Уровень:       Сведения
Ключевые слова:Классический
Пользователь:  Н/Д
Компьютер:     WIN-J9D866ESIJ2
Описание:
Служба "Microsoft Account Sign-in Assistant" перешла в состояние running.
Xml события:
<Event xmlns="http://schemas.microsoft.com/win/2004/08/events/event">
  <System>
    <Provider Name="Service Control Manager" Guid="{555908d1-a6d7-4695-8e1e-26931d2012f4}" EventSourceName="Service Control Manager" />
    <EventID Qualifiers="16384">7036</EventID>
    <Version>0</Version>
    <Level>4</Level>
    <Task>0</Task>
    <Opcode>0</Opcode>
    <Keywords>0x8080000000000000</Keywords>
    <TimeCreated SystemTime="2023-12-07T15:24:50.8265808Z" />
    <EventRecordID>8330</EventRecordID>
    <Correlation />
    <Execution ProcessID="532" ThreadID="608" />
    <Channel>System</Channel>
    <Computer>WIN-J9D866ESIJ2</Computer>
    <Security />
  </System>
  <EventData>
    <Data Name="param1">Microsoft Account Sign-in Assistant</Data>
    <Data Name="param2">running</Data>
    <Binary>77006C00690064007300760063002F0034000000</Binary>
  </EventData>
</Event>

Имя журнала:   System
Источник:      Service Control Manager
Дата:          07.12.2023 20:24:39
Код события:   7036
Категория задачи:Отсутствует
Уровень:       Сведения
Ключевые слова:Классический
Пользователь:  Н/Д
Компьютер:     WIN-J9D866ESIJ2
Описание:
Служба "AppX Deployment Service (AppXSVC)" перешла в состояние running.
Xml события:
<Event xmlns="http://schemas.microsoft.com/win/2004/08/events/event">
  <System>
    <Provider Name="Service Control Manager" Guid="{555908d1-a6d7-4695-8e1e-26931d2012f4}" EventSourceName="Service Control Manager" />
    <EventID Qualifiers="16384">7036</EventID>
    <Version>0</Version>
    <Level>4</Level>
    <Task>0</Task>
    <Opcode>0</Opcode>
    <Keywords>0x8080000000000000</Keywords>
    <TimeCreated SystemTime="2023-12-07T15:24:39.8924132Z" />
    <EventRecordID>8329</EventRecordID>
    <Correlation />
    <Execution ProcessID="532" ThreadID="1812" />
    <Channel>System</Channel>
    <Computer>WIN-J9D866ESIJ2</Computer>
    <Security />
  </System>
  <EventData>
    <Data Name="param1">AppX Deployment Service (AppXSVC)</Data>
    <Data Name="param2">running</Data>
    <Binary>41007000700058005300760063002F0034000000</Binary>
  </EventData>
</Event>

Имя журнала:   System
Источник:      Service Control Manager
Дата:          07.12.2023 20:24:14
Код события:   7036
Категория задачи:Отсутствует
Уровень:       Сведения
Ключевые слова:Классический
Пользователь:  Н/Д
Компьютер:     WIN-J9D866ESIJ2
Описание:
Служба "AppX Deployment Service (AppXSVC)" перешла в состояние stopped.
Xml события:
<Event xmlns="http://schemas.microsoft.com/win/2004/08/events/event">
  <System>
    <Provider Name="Service Control Manager" Guid="{555908d1-a6d7-4695-8e1e-26931d2012f4}" EventSourceName="Service Control Manager" />
    <EventID Qualifiers="16384">7036</EventID>
    <Version>0</Version>
    <Level>4</Level>
    <Task>0</Task>
    <Opcode>0</Opcode>
    <Keywords>0x8080000000000000</Keywords>
    <TimeCreated SystemTime="2023-12-07T15:24:14.7177446Z" />
    <EventRecordID>8328</EventRecordID>
    <Correlation />
    <Execution ProcessID="532" ThreadID="608" />
    <Channel>System</Channel>
    <Computer>WIN-J9D866ESIJ2</Computer>
    <Security />
  </System>
  <EventData>
    <Data Name="param1">AppX Deployment Service (AppXSVC)</Data>
    <Data Name="param2">stopped</Data>
    <Binary>41007000700058005300760063002F0031000000</Binary>
  </EventData>
</Event>

Имя журнала:   System
Источник:      Service Control Manager
Дата:          07.12.2023 20:23:54
Код события:   7036
Категория задачи:Отсутствует
Уровень:       Сведения
Ключевые слова:Классический
Пользователь:  Н/Д
Компьютер:     WIN-J9D866ESIJ2
Описание:
Служба "WMI Performance Adapter" перешла в состояние running.
Xml события:
<Event xmlns="http://schemas.microsoft.com/win/2004/08/events/event">
  <System>
    <Provider Name="Service Control Manager" Guid="{555908d1-a6d7-4695-8e1e-26931d2012f4}" EventSourceName="Service Control Manager" />
    <EventID Qualifiers="16384">7036</EventID>
    <Version>0</Version>
    <Level>4</Level>
    <Task>0</Task>
    <Opcode>0</Opcode>
    <Keywords>0x8080000000000000</Keywords>
    <TimeCreated SystemTime="2023-12-07T15:23:54.8709440Z" />
    <EventRecordID>8327</EventRecordID>
    <Correlation />
    <Execution ProcessID="532" ThreadID="608" />
    <Channel>System</Channel>
    <Computer>WIN-J9D866ESIJ2</Computer>
    <Security />
  </System>
  <EventData>
    <Data Name="param1">WMI Performance Adapter</Data>
    <Data Name="param2">running</Data>
    <Binary>77006D006900410070005300720076002F0034000000</Binary>
  </EventData>
</Event>

Имя журнала:   System
Источник:      Service Control Manager
Дата:          07.12.2023 20:23:45
Код события:   7036
Категория задачи:Отсутствует
Уровень:       Сведения
Ключевые слова:Классический
Пользователь:  Н/Д
Компьютер:     WIN-J9D866ESIJ2
Описание:
Служба "Application Management" перешла в состояние running.
Xml события:
<Event xmlns="http://schemas.microsoft.com/win/2004/08/events/event">
  <System>
    <Provider Name="Service Control Manager" Guid="{555908d1-a6d7-4695-8e1e-26931d2012f4}" EventSourceName="Service Control Manager" />
    <EventID Qualifiers="16384">7036</EventID>
    <Version>0</Version>
    <Level>4</Level>
    <Task>0</Task>
    <Opcode>0</Opcode>
    <Keywords>0x8080000000000000</Keywords>
    <TimeCreated SystemTime="2023-12-07T15:23:45.0996504Z" />
    <EventRecordID>8326</EventRecordID>
    <Correlation />
    <Execution ProcessID="532" ThreadID="1812" />
    <Channel>System</Channel>
    <Computer>WIN-J9D866ESIJ2</Computer>
    <Security />
  </System>
  <EventData>
    <Data Name="param1">Application Management</Data>
    <Data Name="param2">running</Data>
    <Binary>4100700070004D0067006D0074002F0034000000</Binary>
  </EventData>
</Event>

Имя журнала:   System
Источник:      Service Control Manager
Дата:          07.12.2023 20:23:30
Код события:   7036
Категория задачи:Отсутствует
Уровень:       Сведения
Ключевые слова:Классический
Пользователь:  Н/Д
Компьютер:     WIN-J9D866ESIJ2
Описание:
Служба "Google Update Service (gupdate)" перешла в состояние stopped.
Xml события:
<Event xmlns="http://schemas.microsoft.com/win/2004/08/events/event">
  <System>
    <Provider Name="Service Control Manager" Guid="{555908d1-a6d7-4695-8e1e-26931d2012f4}" EventSourceName="Service Control Manager" />
    <EventID Qualifiers="16384">7036</EventID>
    <Version>0</Version>
    <Level>4</Level>
    <Task>0</Task>
    <Opcode>0</Opcode>
    <Keywords>0x8080000000000000</Keywords>
    <TimeCreated SystemTime="2023-12-07T15:23:30.6817051Z" />
    <EventRecordID>8325</EventRecordID>
    <Correlation />
    <Execution ProcessID="532" ThreadID="1812" />
    <Channel>System</Channel>
    <Computer>WIN-J9D866ESIJ2</Computer>
    <Security />
  </System>
  <EventData>
    <Data Name="param1">Google Update Service (gupdate)</Data>
    <Data Name="param2">stopped</Data>
    <Binary>67007500700064006100740065002F0031000000</Binary>
  </EventData>
</Event>

Имя журнала:   System
Источник:      Service Control Manager
Дата:          07.12.2023 20:23:30
Код события:   7036
Категория задачи:Отсутствует
Уровень:       Сведения
Ключевые слова:Классический
Пользователь:  Н/Д
Компьютер:     WIN-J9D866ESIJ2
Описание:
Служба "Google Update Service (gupdate)" перешла в состояние running.
Xml события:
<Event xmlns="http://schemas.microsoft.com/win/2004/08/events/event">
  <System>
    <Provider Name="Service Control Manager" Guid="{555908d1-a6d7-4695-8e1e-26931d2012f4}" EventSourceName="Service Control Manager" />
    <EventID Qualifiers="16384">7036</EventID>
    <Version>0</Version>
    <Level>4</Level>
    <Task>0</Task>
    <Opcode>0</Opcode>
    <Keywords>0x8080000000000000</Keywords>
    <TimeCreated SystemTime="2023-12-07T15:23:30.3036356Z" />
    <EventRecordID>8324</EventRecordID>
    <Correlation />
    <Execution ProcessID="532" ThreadID="1812" />
    <Channel>System</Channel>
    <Computer>WIN-J9D866ESIJ2</Computer>
    <Security />
  </System>
  <EventData>
    <Data Name="param1">Google Update Service (gupdate)</Data>
    <Data Name="param2">running</Data>
    <Binary>67007500700064006100740065002F0034000000</Binary>
  </EventData>
</Event>

Имя журнала:   System
Источник:      Service Control Manager
Дата:          07.12.2023 20:21:01
Код события:   7036
Категория задачи:Отсутствует
Уровень:       Сведения
Ключевые слова:Классический
Пользователь:  Н/Д
Компьютер:     WIN-J9D866ESIJ2
Описание:
Служба "Microsoft Account Sign-in Assistant" перешла в состояние stopped.
Xml события:
<Event xmlns="http://schemas.microsoft.com/win/2004/08/events/event">
  <System>
    <Provider Name="Service Control Manager" Guid="{555908d1-a6d7-4695-8e1e-26931d2012f4}" EventSourceName="Service Control Manager" />
    <EventID Qualifiers="16384">7036</EventID>
    <Version>0</Version>
    <Level>4</Level>
    <Task>0</Task>
    <Opcode>0</Opcode>
    <Keywords>0x8080000000000000</Keywords>
    <TimeCreated SystemTime="2023-12-07T15:21:01.7780744Z" />
    <EventRecordID>8323</EventRecordID>
    <Correlation />
    <Execution ProcessID="532" ThreadID="612" />
    <Channel>System</Channel>
    <Computer>WIN-J9D866ESIJ2</Computer>
    <Security />
  </System>
  <EventData>
    <Data Name="param1">Microsoft Account Sign-in Assistant</Data>
    <Data Name="param2">stopped</Data>
    <Binary>77006C00690064007300760063002F0031000000</Binary>
  </EventData>
</Event>

Имя журнала:   System
Источник:      Service Control Manager
Дата:          07.12.2023 20:19:51
Код события:   7040
Категория задачи:Отсутствует
Уровень:       Сведения
Ключевые слова:Классический
Пользователь:  СИСТЕМА
Компьютер:     WIN-J9D866ESIJ2
Описание:
Тип запуска службы "Windows Modules Installer" был изменен с "demand start" на "auto start".
Xml события:
<Event xmlns="http://schemas.microsoft.com/win/2004/08/events/event">
  <System>
    <Provider Name="Service Control Manager" Guid="{555908d1-a6d7-4695-8e1e-26931d2012f4}" EventSourceName="Service Control Manager" />
    <EventID Qualifiers="16384">7040</EventID>
    <Version>0</Version>
    <Level>4</Level>
    <Task>0</Task>
    <Opcode>0</Opcode>
    <Keywords>0x8080000000000000</Keywords>
    <TimeCreated SystemTime="2023-12-07T15:19:51.5571999Z" />
    <EventRecordID>8322</EventRecordID>
    <Correlation />
    <Execution ProcessID="532" ThreadID="1912" />
    <Channel>System</Channel>
    <Computer>WIN-J9D866ESIJ2</Computer>
    <Security UserID="S-1-5-18" />
  </System>
  <EventData>
    <Data Name="param1">Windows Modules Installer</Data>
    <Data Name="param2">demand start</Data>
    <Data Name="param3">auto start</Data>
    <Data Name="param4">TrustedInstaller</Data>
  </EventData>
</Event>

Имя журнала:   System
Источник:      Microsoft-Windows-WindowsUpdateClient
Дата:          07.12.2023 20:19:36
Код события:   19
Категория задачи:Агент Центра обновления Windows
Уровень:       Сведения
Ключевые слова:Установка,Установка
Пользователь:  СИСТЕМА
Компьютер:     WIN-J9D866ESIJ2
Описание:
Установка завершена: следующее обновление было успешно установлено: Update for Microsoft Defender Antivirus antimalware platform - KB4052623 (Version 4.18.23110.3) - Current Channel (Broad)
Xml события:
<Event xmlns="http://schemas.microsoft.com/win/2004/08/events/event">
  <System>
    <Provider Name="Microsoft-Windows-WindowsUpdateClient" Guid="{945a8954-c147-4acd-923f-40c45405a658}" />
    <EventID>19</EventID>
    <Version>1</Version>
    <Level>4</Level>
    <Task>1</Task>
    <Opcode>13</Opcode>
    <Keywords>0x8000000000000018</Keywords>
    <TimeCreated SystemTime="2023-12-07T15:19:36.9152906Z" />
    <EventRecordID>8321</EventRecordID>
    <Correlation />
    <Execution ProcessID="920" ThreadID="2760" />
    <Channel>System</Channel>
    <Computer>WIN-J9D866ESIJ2</Computer>
    <Security UserID="S-1-5-18" />
  </System>
  <EventData>
    <Data Name="updateTitle">Update for Microsoft Defender Antivirus antimalware platform - KB4052623 (Version 4.18.23110.3) - Current Channel (Broad)</Data>
    <Data Name="updateGuid">{0e3c82fd-3e83-4e50-a043-46bf11486c7f}</Data>
    <Data Name="updateRevisionNumber">200</Data>
    <Data Name="serviceGuid">{9482f4b4-e343-43b6-b170-9a65bc822c77}</Data>
  </EventData>
</Event>

Имя журнала:   System
Источник:      Service Control Manager
Дата:          07.12.2023 20:19:33
Код события:   7036
Категория задачи:Отсутствует
Уровень:       Сведения
Ключевые слова:Классический
Пользователь:  Н/Д
Компьютер:     WIN-J9D866ESIJ2
Описание:
Служба "Windows Defender Network Inspection Service" перешла в состояние running.
Xml события:
<Event xmlns="http://schemas.microsoft.com/win/2004/08/events/event">
  <System>
    <Provider Name="Service Control Manager" Guid="{555908d1-a6d7-4695-8e1e-26931d2012f4}" EventSourceName="Service Control Manager" />
    <EventID Qualifiers="16384">7036</EventID>
    <Version>0</Version>
    <Level>4</Level>
    <Task>0</Task>
    <Opcode>0</Opcode>
    <Keywords>0x8080000000000000</Keywords>
    <TimeCreated SystemTime="2023-12-07T15:19:33.2738192Z" />
    <EventRecordID>8320</EventRecordID>
    <Correlation />
    <Execution ProcessID="532" ThreadID="1912" />
    <Channel>System</Channel>
    <Computer>WIN-J9D866ESIJ2</Computer>
    <Security />
  </System>
  <EventData>
    <Data Name="param1">Windows Defender Network Inspection Service</Data>
    <Data Name="param2">running</Data>
    <Binary>570064004E00690073005300760063002F0034000000</Binary>
  </EventData>
</Event>

Имя журнала:   System
Источник:      Microsoft-Windows-FilterManager
Дата:          07.12.2023 20:19:26
Код события:   6
Категория задачи:Отсутствует
Уровень:       Сведения
Ключевые слова:(70368744177664)
Пользователь:  СИСТЕМА
Компьютер:     WIN-J9D866ESIJ2
Описание:
Не удается найти описание для идентификатора события 6 из источника Microsoft-Windows-FilterManager. Вызывающий данное событие компонент не установлен на этом локальном компьютере или поврежден. Установите или восстановите компонент на локальном компьютере.

Если событие возникло на другом компьютере, возможно, потребуется сохранить отображаемые сведения вместе с событием.

К событию были добавлены следующие сведения: 

0
10
0
8
WdFilter
28.04.2047 16:32:56
196
{ "flags" : "0x00000030" , "registration_version" : "0x00000203" , "tx" : true , "sections" : false , "frame" : 0 , "class_name" : "FSFilter Anti-Virus" , "instances" : [["328010","0x00000000"]] }
EV_RenderedValue_8,00

Ресурс сообщения существует, но сообщение не найдено в таблице сообщений

Xml события:
<Event xmlns="http://schemas.microsoft.com/win/2004/08/events/event">
  <System>
    <Provider Name="Microsoft-Windows-FilterManager" Guid="{f3c5e28e-63f6-49c7-a204-e48a1bc4b09d}" />
    <EventID>6</EventID>
    <Version>1</Version>
    <Level>4</Level>
    <Task>0</Task>
    <Opcode>0</Opcode>
    <Keywords>0x8000400000000000</Keywords>
    <TimeCreated SystemTime="2023-12-07T15:19:26.7171009Z" />
    <EventRecordID>8319</EventRecordID>
    <Correlation />
    <Execution ProcessID="4" ThreadID="1672" />
    <Channel>System</Channel>
    <Computer>WIN-J9D866ESIJ2</Computer>
    <Security UserID="S-1-5-18" />
  </System>
  <EventData>
    <Data Name="FinalStatus">0x0</Data>
    <Data Name="DeviceVersionMajor">10</Data>
    <Data Name="DeviceVersionMinor">0</Data>
    <Data Name="DeviceNameLength">8</Data>
    <Data Name="DeviceName">WdFilter</Data>
    <Data Name="DeviceTime">2047-04-28T16:32:56.0000000Z</Data>
    <Data Name="ExtraInfoLength">196</Data>
    <Data Name="ExtraInfoString">{ "flags" : "0x00000030" , "registration_version" : "0x00000203" , "tx" : true , "sections" : false , "frame" : 0 , "class_name" : "FSFilter Anti-Virus" , "instances" : [["328010","0x00000000"]] }</Data>
    <Data Name="FilterID">{02000000-000b-0000-2f1e-22c42029da01}</Data>
  </EventData>
</Event>

Имя журнала:   System
Источник:      Service Control Manager
Дата:          07.12.2023 20:19:25
Код события:   7036
Категория задачи:Отсутствует
Уровень:       Сведения
Ключевые слова:Классический
Пользователь:  Н/Д
Компьютер:     WIN-J9D866ESIJ2
Описание:
Служба "Windows Defender Service" перешла в состояние running.
Xml события:
<Event xmlns="http://schemas.microsoft.com/win/2004/08/events/event">
  <System>
    <Provider Name="Service Control Manager" Guid="{555908d1-a6d7-4695-8e1e-26931d2012f4}" EventSourceName="Service Control Manager" />
    <EventID Qualifiers="16384">7036</EventID>
    <Version>0</Version>
    <Level>4</Level>
    <Task>0</Task>
    <Opcode>0</Opcode>
    <Keywords>0x8080000000000000</Keywords>
    <TimeCreated SystemTime="2023-12-07T15:19:25.8675704Z" />
    <EventRecordID>8318</EventRecordID>
    <Correlation />
    <Execution ProcessID="532" ThreadID="1812" />
    <Channel>System</Channel>
    <Computer>WIN-J9D866ESIJ2</Computer>
    <Security />
  </System>
  <EventData>
    <Data Name="param1">Windows Defender Service</Data>
    <Data Name="param2">running</Data>
    <Binary>570069006E0044006500660065006E0064002F0034000000</Binary>
  </EventData>
</Event>

Имя журнала:   System
Источник:      Service Control Manager
Дата:          07.12.2023 20:19:22
Код события:   7036
Категория задачи:Отсутствует
Уровень:       Сведения
Ключевые слова:Классический
Пользователь:  Н/Д
Компьютер:     WIN-J9D866ESIJ2
Описание:
Служба "Windows Defender Service" перешла в состояние stopped.
Xml события:
<Event xmlns="http://schemas.microsoft.com/win/2004/08/events/event">
  <System>
    <Provider Name="Service Control Manager" Guid="{555908d1-a6d7-4695-8e1e-26931d2012f4}" EventSourceName="Service Control Manager" />
    <EventID Qualifiers="16384">7036</EventID>
    <Version>0</Version>
    <Level>4</Level>
    <Task>0</Task>
    <Opcode>0</Opcode>
    <Keywords>0x8080000000000000</Keywords>
    <TimeCreated SystemTime="2023-12-07T15:19:22.8051071Z" />
    <EventRecordID>8317</EventRecordID>
    <Correlation />
    <Execution ProcessID="532" ThreadID="1812" />
    <Channel>System</Channel>
    <Computer>WIN-J9D866ESIJ2</Computer>
    <Security />
  </System>
  <EventData>
    <Data Name="param1">Windows Defender Service</Data>
    <Data Name="param2">stopped</Data>
    <Binary>570069006E0044006500660065006E0064002F0031000000</Binary>
  </EventData>
</Event>

Имя журнала:   System
Источник:      Service Control Manager
Дата:          07.12.2023 20:19:21
Код события:   7036
Категория задачи:Отсутствует
Уровень:       Сведения
Ключевые слова:Классический
Пользователь:  Н/Д
Компьютер:     WIN-J9D866ESIJ2
Описание:
Служба "Windows Defender Service" перешла в состояние running.
Xml события:
<Event xmlns="http://schemas.microsoft.com/win/2004/08/events/event">
  <System>
    <Provider Name="Service Control Manager" Guid="{555908d1-a6d7-4695-8e1e-26931d2012f4}" EventSourceName="Service Control Manager" />
    <EventID Qualifiers="16384">7036</EventID>
    <Version>0</Version>
    <Level>4</Level>
    <Task>0</Task>
    <Opcode>0</Opcode>
    <Keywords>0x8080000000000000</Keywords>
    <TimeCreated SystemTime="2023-12-07T15:19:21.0238140Z" />
    <EventRecordID>8316</EventRecordID>
    <Correlation />
    <Execution ProcessID="532" ThreadID="1912" />
    <Channel>System</Channel>
    <Computer>WIN-J9D866ESIJ2</Computer>
    <Security />
  </System>
  <EventData>
    <Data Name="param1">Windows Defender Service</Data>
    <Data Name="param2">running</Data>
    <Binary>570069006E0044006500660065006E0064002F0034000000</Binary>
  </EventData>
</Event>

Имя журнала:   System
Источник:      Microsoft-Windows-FilterManager
Дата:          07.12.2023 20:19:20
Код события:   1
Категория задачи:Отсутствует
Уровень:       Сведения
Ключевые слова:(70368744177664)
Пользователь:  СИСТЕМА
Компьютер:     WIN-J9D866ESIJ2
Описание:
Не удается найти описание для идентификатора события 1 из источника Microsoft-Windows-FilterManager. Вызывающий данное событие компонент не установлен на этом локальном компьютере или поврежден. Установите или восстановите компонент на локальном компьютере.

Если событие возникло на другом компьютере, возможно, потребуется сохранить отображаемые сведения вместе с событием.

К событию были добавлены следующие сведения: 

0
10
0
8
WdFilter
04.12.2046 19:55:53
0
EV_RenderedValue_8,00

Ресурс сообщения существует, но сообщение не найдено в таблице сообщений

Xml события:
<Event xmlns="http://schemas.microsoft.com/win/2004/08/events/event">
  <System>
    <Provider Name="Microsoft-Windows-FilterManager" Guid="{f3c5e28e-63f6-49c7-a204-e48a1bc4b09d}" />
    <EventID>1</EventID>
    <Version>1</Version>
    <Level>4</Level>
    <Task>0</Task>
    <Opcode>0</Opcode>
    <Keywords>0x8000400000000000</Keywords>
    <TimeCreated SystemTime="2023-12-07T15:19:20.9155596Z" />
    <EventRecordID>8315</EventRecordID>
    <Correlation />
    <Execution ProcessID="4" ThreadID="172" />
    <Channel>System</Channel>
    <Computer>WIN-J9D866ESIJ2</Computer>
    <Security UserID="S-1-5-18" />
  </System>
  <EventData>
    <Data Name="FinalStatus">0x0</Data>
    <Data Name="DeviceVersionMajor">10</Data>
    <Data Name="DeviceVersionMinor">0</Data>
    <Data Name="DeviceNameLength">8</Data>
    <Data Name="DeviceName">WdFilter</Data>
    <Data Name="DeviceTime">2046-12-04T19:55:53.0000000Z</Data>
    <Data Name="ExtraInfoLength">0</Data>
    <Data Name="ExtraInfoString">
    </Data>
    <Data Name="FilterID">{02000000-0002-0000-23bb-7e2f6229da01}</Data>
  </EventData>
</Event>

Имя журнала:   System
Источник:      Service Control Manager
Дата:          07.12.2023 20:19:19
Код события:   7036
Категория задачи:Отсутствует
Уровень:       Сведения
Ключевые слова:Классический
Пользователь:  Н/Д
Компьютер:     WIN-J9D866ESIJ2
Описание:
Служба "Windows Defender Service" перешла в состояние stopped.
Xml события:
<Event xmlns="http://schemas.microsoft.com/win/2004/08/events/event">
  <System>
    <Provider Name="Service Control Manager" Guid="{555908d1-a6d7-4695-8e1e-26931d2012f4}" EventSourceName="Service Control Manager" />
    <EventID Qualifiers="16384">7036</EventID>
    <Version>0</Version>
    <Level>4</Level>
    <Task>0</Task>
    <Opcode>0</Opcode>
    <Keywords>0x8080000000000000</Keywords>
    <TimeCreated SystemTime="2023-12-07T15:19:19.2581781Z" />
    <EventRecordID>8314</EventRecordID>
    <Correlation />
    <Execution ProcessID="532" ThreadID="1912" />
    <Channel>System</Channel>
    <Computer>WIN-J9D866ESIJ2</Computer>
    <Security />
  </System>
  <EventData>
    <Data Name="param1">Windows Defender Service</Data>
    <Data Name="param2">stopped</Data>
    <Binary>570069006E0044006500660065006E0064002F0031000000</Binary>
  </EventData>
</Event>

Имя журнала:   System
Источник:      Service Control Manager
Дата:          07.12.2023 20:19:18
Код события:   7036
Категория задачи:Отсутствует
Уровень:       Сведения
Ключевые слова:Классический
Пользователь:  Н/Д
Компьютер:     WIN-J9D866ESIJ2
Описание:
Служба "Windows Defender Network Inspection Service" перешла в состояние stopped.
Xml события:
<Event xmlns="http://schemas.microsoft.com/win/2004/08/events/event">
  <System>
    <Provider Name="Service Control Manager" Guid="{555908d1-a6d7-4695-8e1e-26931d2012f4}" EventSourceName="Service Control Manager" />
    <EventID Qualifiers="16384">7036</EventID>
    <Version>0</Version>
    <Level>4</Level>
    <Task>0</Task>
    <Opcode>0</Opcode>
    <Keywords>0x8080000000000000</Keywords>
    <TimeCreated SystemTime="2023-12-07T15:19:18.7113360Z" />
    <EventRecordID>8313</EventRecordID>
    <Correlation />
    <Execution ProcessID="532" ThreadID="1912" />
    <Channel>System</Channel>
    <Computer>WIN-J9D866ESIJ2</Computer>
    <Security />
  </System>
  <EventData>
    <Data Name="param1">Windows Defender Network Inspection Service</Data>
    <Data Name="param2">stopped</Data>
    <Binary>570064004E00690073005300760063002F0031000000</Binary>
  </EventData>
</Event>

Имя журнала:   System
Источник:      Microsoft-Windows-WindowsUpdateClient
Дата:          07.12.2023 20:19:17
Код события:   43
Категория задачи:Агент Центра обновления Windows
Уровень:       Сведения
Ключевые слова:Установка,Установка
Пользователь:  СИСТЕМА
Компьютер:     WIN-J9D866ESIJ2
Описание:
Установка начата: ОС Windows начала устанавливать следующее обновление: Update for Microsoft Defender Antivirus antimalware platform - KB4052623 (Version 4.18.23110.3) - Current Channel (Broad)
Xml события:
<Event xmlns="http://schemas.microsoft.com/win/2004/08/events/event">
  <System>
    <Provider Name="Microsoft-Windows-WindowsUpdateClient" Guid="{945a8954-c147-4acd-923f-40c45405a658}" />
    <EventID>43</EventID>
    <Version>1</Version>
    <Level>4</Level>
    <Task>1</Task>
    <Opcode>13</Opcode>
    <Keywords>0x8000000000002008</Keywords>
    <TimeCreated SystemTime="2023-12-07T15:19:17.7586520Z" />
    <EventRecordID>8312</EventRecordID>
    <Correlation />
    <Execution ProcessID="920" ThreadID="2760" />
    <Channel>System</Channel>
    <Computer>WIN-J9D866ESIJ2</Computer>
    <Security UserID="S-1-5-18" />
  </System>
  <EventData>
    <Data Name="updateTitle">Update for Microsoft Defender Antivirus antimalware platform - KB4052623 (Version 4.18.23110.3) - Current Channel (Broad)</Data>
    <Data Name="updateGuid">{0e3c82fd-3e83-4e50-a043-46bf11486c7f}</Data>
    <Data Name="updateRevisionNumber">200</Data>
  </EventData>
</Event>

Имя журнала:   System
Источник:      Service Control Manager
Дата:          07.12.2023 20:19:17
Код события:   7036
Категория задачи:Отсутствует
Уровень:       Сведения
Ключевые слова:Классический
Пользователь:  Н/Д
Компьютер:     WIN-J9D866ESIJ2
Описание:
Служба "Windows Insider Service" перешла в состояние stopped.
Xml события:
<Event xmlns="http://schemas.microsoft.com/win/2004/08/events/event">
  <System>
    <Provider Name="Service Control Manager" Guid="{555908d1-a6d7-4695-8e1e-26931d2012f4}" EventSourceName="Service Control Manager" />
    <EventID Qualifiers="16384">7036</EventID>
    <Version>0</Version>
    <Level>4</Level>
    <Task>0</Task>
    <Opcode>0</Opcode>
    <Keywords>0x8080000000000000</Keywords>
    <TimeCreated SystemTime="2023-12-07T15:19:17.5550862Z" />
    <EventRecordID>8311</EventRecordID>
    <Correlation />
    <Execution ProcessID="532" ThreadID="1812" />
    <Channel>System</Channel>
    <Computer>WIN-J9D866ESIJ2</Computer>
    <Security />
  </System>
  <EventData>
    <Data Name="param1">Windows Insider Service</Data>
    <Data Name="param2">stopped</Data>
    <Binary>770069007300760063002F0031000000</Binary>
  </EventData>
</Event>

