Имя журнала:   System
Источник:      Service Control Manager
Дата:          07.12.2023 20:19:12
Код события:   7036
Категория задачи:Отсутствует
Уровень:       Сведения
Ключевые слова:Классический
Пользователь:  Н/Д
Компьютер:     WIN-J9D866ESIJ2
Описание:
Служба "Diagnostic System Host" перешла в состояние running.
Xml события:
<Event xmlns="http://schemas.microsoft.com/win/2004/08/events/event">
  <System>
    <Provider Name="Service Control Manager" Guid="{555908d1-a6d7-4695-8e1e-26931d2012f4}" EventSourceName="Service Control Manager" />
    <EventID Qualifiers="16384">7036</EventID>
    <Version>0</Version>
    <Level>4</Level>
    <Task>0</Task>
    <Opcode>0</Opcode>
    <Keywords>0x8080000000000000</Keywords>
    <TimeCreated SystemTime="2023-12-07T15:19:12.1176385Z" />
    <EventRecordID>8310</EventRecordID>
    <Correlation />
    <Execution ProcessID="532" ThreadID="1812" />
    <Channel>System</Channel>
    <Computer>WIN-J9D866ESIJ2</Computer>
    <Security />
  </System>
  <EventData>
    <Data Name="param1">Diagnostic System Host</Data>
    <Data Name="param2">running</Data>
    <Binary>570064006900530079007300740065006D0048006F00730074002F0034000000</Binary>
  </EventData>
</Event>

Имя журнала:   System
Источник:      Service Control Manager
Дата:          07.12.2023 20:19:09
Код события:   7036
Категория задачи:Отсутствует
Уровень:       Сведения
Ключевые слова:Классический
Пользователь:  Н/Д
Компьютер:     WIN-J9D866ESIJ2
Описание:
Служба "AppX Deployment Service (AppXSVC)" перешла в состояние running.
Xml события:
<Event xmlns="http://schemas.microsoft.com/win/2004/08/events/event">
  <System>
    <Provider Name="Service Control Manager" Guid="{555908d1-a6d7-4695-8e1e-26931d2012f4}" EventSourceName="Service Control Manager" />
    <EventID Qualifiers="16384">7036</EventID>
    <Version>0</Version>
    <Level>4</Level>
    <Task>0</Task>
    <Opcode>0</Opcode>
    <Keywords>0x8080000000000000</Keywords>
    <TimeCreated SystemTime="2023-12-07T15:19:09.7894733Z" />
    <EventRecordID>8309</EventRecordID>
    <Correlation />
    <Execution ProcessID="532" ThreadID="1812" />
    <Channel>System</Channel>
    <Computer>WIN-J9D866ESIJ2</Computer>
    <Security />
  </System>
  <EventData>
    <Data Name="param1">AppX Deployment Service (AppXSVC)</Data>
    <Data Name="param2">running</Data>
    <Binary>41007000700058005300760063002F0034000000</Binary>
  </EventData>
</Event>

Имя журнала:   System
Источник:      Microsoft-Windows-WindowsUpdateClient
Дата:          07.12.2023 20:18:58
Код события:   44
Категория задачи:Агент Центра обновления Windows
Уровень:       Сведения
Ключевые слова:Скачивание,Скачивание
Пользователь:  СИСТЕМА
Компьютер:     WIN-J9D866ESIJ2
Описание:
Центр обновления Windows начал скачивать обновление.
Xml события:
<Event xmlns="http://schemas.microsoft.com/win/2004/08/events/event">
  <System>
    <Provider Name="Microsoft-Windows-WindowsUpdateClient" Guid="{945a8954-c147-4acd-923f-40c45405a658}" />
    <EventID>44</EventID>
    <Version>1</Version>
    <Level>4</Level>
    <Task>1</Task>
    <Opcode>12</Opcode>
    <Keywords>0x8000000000002004</Keywords>
    <TimeCreated SystemTime="2023-12-07T15:18:58.6648305Z" />
    <EventRecordID>8308</EventRecordID>
    <Correlation />
    <Execution ProcessID="920" ThreadID="2760" />
    <Channel>System</Channel>
    <Computer>WIN-J9D866ESIJ2</Computer>
    <Security UserID="S-1-5-18" />
  </System>
  <EventData>
    <Data Name="updateTitle">Update for Microsoft Defender Antivirus antimalware platform - KB4052623 (Version 4.18.23110.3) - Current Channel (Broad)</Data>
    <Data Name="updateGuid">{bbdff08e-e357-4ba6-95fe-23c0d2ce2fab}</Data>
    <Data Name="updateRevisionNumber">200</Data>
  </EventData>
</Event>

Имя журнала:   System
Источник:      Microsoft-Windows-WindowsUpdateClient
Дата:          07.12.2023 20:18:54
Код события:   44
Категория задачи:Агент Центра обновления Windows
Уровень:       Сведения
Ключевые слова:Скачивание,Скачивание
Пользователь:  СИСТЕМА
Компьютер:     WIN-J9D866ESIJ2
Описание:
Центр обновления Windows начал скачивать обновление.
Xml события:
<Event xmlns="http://schemas.microsoft.com/win/2004/08/events/event">
  <System>
    <Provider Name="Microsoft-Windows-WindowsUpdateClient" Guid="{945a8954-c147-4acd-923f-40c45405a658}" />
    <EventID>44</EventID>
    <Version>1</Version>
    <Level>4</Level>
    <Task>1</Task>
    <Opcode>12</Opcode>
    <Keywords>0x8000000000002004</Keywords>
    <TimeCreated SystemTime="2023-12-07T15:18:54.9498607Z" />
    <EventRecordID>8307</EventRecordID>
    <Correlation />
    <Execution ProcessID="920" ThreadID="2760" />
    <Channel>System</Channel>
    <Computer>WIN-J9D866ESIJ2</Computer>
    <Security UserID="S-1-5-18" />
  </System>
  <EventData>
    <Data Name="updateTitle">2023-11 Servicing Stack Update for Windows Server 2016 for x64-based Systems (KB5032391)</Data>
    <Data Name="updateGuid">{f65e5a24-6948-436d-9ecd-9b23a30c7653}</Data>
    <Data Name="updateRevisionNumber">200</Data>
  </EventData>
</Event>

Имя журнала:   System
Источник:      Microsoft-Windows-WindowsUpdateClient
Дата:          07.12.2023 20:18:54
Код события:   44
Категория задачи:Агент Центра обновления Windows
Уровень:       Сведения
Ключевые слова:Скачивание,Скачивание
Пользователь:  СИСТЕМА
Компьютер:     WIN-J9D866ESIJ2
Описание:
Центр обновления Windows начал скачивать обновление.
Xml события:
<Event xmlns="http://schemas.microsoft.com/win/2004/08/events/event">
  <System>
    <Provider Name="Microsoft-Windows-WindowsUpdateClient" Guid="{945a8954-c147-4acd-923f-40c45405a658}" />
    <EventID>44</EventID>
    <Version>1</Version>
    <Level>4</Level>
    <Task>1</Task>
    <Opcode>12</Opcode>
    <Keywords>0x8000000000002004</Keywords>
    <TimeCreated SystemTime="2023-12-07T15:18:54.9498556Z" />
    <EventRecordID>8306</EventRecordID>
    <Correlation />
    <Execution ProcessID="920" ThreadID="2760" />
    <Channel>System</Channel>
    <Computer>WIN-J9D866ESIJ2</Computer>
    <Security UserID="S-1-5-18" />
  </System>
  <EventData>
    <Data Name="updateTitle">2023-11 Cumulative Update for Windows Server 2016 for x64-based Systems (KB5032197)</Data>
    <Data Name="updateGuid">{4b8b8172-356b-45aa-9e86-aa459ab0b939}</Data>
    <Data Name="updateRevisionNumber">200</Data>
  </EventData>
</Event>

Имя журнала:   System
Источник:      Microsoft-Windows-WindowsUpdateClient
Дата:          07.12.2023 20:18:54
Код события:   44
Категория задачи:Агент Центра обновления Windows
Уровень:       Сведения
Ключевые слова:Скачивание,Скачивание
Пользователь:  СИСТЕМА
Компьютер:     WIN-J9D866ESIJ2
Описание:
Центр обновления Windows начал скачивать обновление.
Xml события:
<Event xmlns="http://schemas.microsoft.com/win/2004/08/events/event">
  <System>
    <Provider Name="Microsoft-Windows-WindowsUpdateClient" Guid="{945a8954-c147-4acd-923f-40c45405a658}" />
    <EventID>44</EventID>
    <Version>1</Version>
    <Level>4</Level>
    <Task>1</Task>
    <Opcode>12</Opcode>
    <Keywords>0x8000000000002004</Keywords>
    <TimeCreated SystemTime="2023-12-07T15:18:54.9498506Z" />
    <EventRecordID>8305</EventRecordID>
    <Correlation />
    <Execution ProcessID="920" ThreadID="2760" />
    <Channel>System</Channel>
    <Computer>WIN-J9D866ESIJ2</Computer>
    <Security UserID="S-1-5-18" />
  </System>
  <EventData>
    <Data Name="updateTitle">Windows Malicious Software Removal Tool x64 - v5.119 (KB890830)</Data>
    <Data Name="updateGuid">{4aaf207e-4c20-40b1-a9a4-4599129527bd}</Data>
    <Data Name="updateRevisionNumber">200</Data>
  </EventData>
</Event>

Имя журнала:   System
Источник:      Microsoft-Windows-WindowsUpdateClient
Дата:          07.12.2023 20:18:54
Код события:   44
Категория задачи:Агент Центра обновления Windows
Уровень:       Сведения
Ключевые слова:Скачивание,Скачивание
Пользователь:  СИСТЕМА
Компьютер:     WIN-J9D866ESIJ2
Описание:
Центр обновления Windows начал скачивать обновление.
Xml события:
<Event xmlns="http://schemas.microsoft.com/win/2004/08/events/event">
  <System>
    <Provider Name="Microsoft-Windows-WindowsUpdateClient" Guid="{945a8954-c147-4acd-923f-40c45405a658}" />
    <EventID>44</EventID>
    <Version>1</Version>
    <Level>4</Level>
    <Task>1</Task>
    <Opcode>12</Opcode>
    <Keywords>0x8000000000002004</Keywords>
    <TimeCreated SystemTime="2023-12-07T15:18:54.9498447Z" />
    <EventRecordID>8304</EventRecordID>
    <Correlation />
    <Execution ProcessID="920" ThreadID="2760" />
    <Channel>System</Channel>
    <Computer>WIN-J9D866ESIJ2</Computer>
    <Security UserID="S-1-5-18" />
  </System>
  <EventData>
    <Data Name="updateTitle">Update for Windows Defender Antivirus antimalware platform - KB4052623 (Version 4.18.2001.10)</Data>
    <Data Name="updateGuid">{62afbd9b-097b-4300-9e4d-275c9a35be2c}</Data>
    <Data Name="updateRevisionNumber">201</Data>
  </EventData>
</Event>

Имя журнала:   System
Источник:      Microsoft-Windows-WindowsUpdateClient
Дата:          07.12.2023 20:18:54
Код события:   44
Категория задачи:Агент Центра обновления Windows
Уровень:       Сведения
Ключевые слова:Скачивание,Скачивание
Пользователь:  СИСТЕМА
Компьютер:     WIN-J9D866ESIJ2
Описание:
Центр обновления Windows начал скачивать обновление.
Xml события:
<Event xmlns="http://schemas.microsoft.com/win/2004/08/events/event">
  <System>
    <Provider Name="Microsoft-Windows-WindowsUpdateClient" Guid="{945a8954-c147-4acd-923f-40c45405a658}" />
    <EventID>44</EventID>
    <Version>1</Version>
    <Level>4</Level>
    <Task>1</Task>
    <Opcode>12</Opcode>
    <Keywords>0x8000000000002004</Keywords>
    <TimeCreated SystemTime="2023-12-07T15:18:54.9493849Z" />
    <EventRecordID>8303</EventRecordID>
    <Correlation />
    <Execution ProcessID="920" ThreadID="2760" />
    <Channel>System</Channel>
    <Computer>WIN-J9D866ESIJ2</Computer>
    <Security UserID="S-1-5-18" />
  </System>
  <EventData>
    <Data Name="updateTitle">Update for Microsoft Defender Antivirus antimalware platform - KB4052623 (Version 4.18.23110.3) - Current Channel (Broad)</Data>
    <Data Name="updateGuid">{0e3c82fd-3e83-4e50-a043-46bf11486c7f}</Data>
    <Data Name="updateRevisionNumber">200</Data>
  </EventData>
</Event>

Имя журнала:   System
Источник:      Service Control Manager
Дата:          07.12.2023 20:18:43
Код события:   7036
Категория задачи:Отсутствует
Уровень:       Сведения
Ключевые слова:Классический
Пользователь:  Н/Д
Компьютер:     WIN-J9D866ESIJ2
Описание:
Служба "Google Chrome Elevation Service (GoogleChromeElevationService)" перешла в состояние stopped.
Xml события:
<Event xmlns="http://schemas.microsoft.com/win/2004/08/events/event">
  <System>
    <Provider Name="Service Control Manager" Guid="{555908d1-a6d7-4695-8e1e-26931d2012f4}" EventSourceName="Service Control Manager" />
    <EventID Qualifiers="16384">7036</EventID>
    <Version>0</Version>
    <Level>4</Level>
    <Task>0</Task>
    <Opcode>0</Opcode>
    <Keywords>0x8080000000000000</Keywords>
    <TimeCreated SystemTime="2023-12-07T15:18:43.4849022Z" />
    <EventRecordID>8302</EventRecordID>
    <Correlation />
    <Execution ProcessID="532" ThreadID="1812" />
    <Channel>System</Channel>
    <Computer>WIN-J9D866ESIJ2</Computer>
    <Security />
  </System>
  <EventData>
    <Data Name="param1">Google Chrome Elevation Service (GoogleChromeElevationService)</Data>
    <Data Name="param2">stopped</Data>
    <Binary>47006F006F0067006C0065004300680072006F006D00650045006C00650076006100740069006F006E0053006500720076006900630065002F0031000000</Binary>
  </EventData>
</Event>

Имя журнала:   System
Источник:      Service Control Manager
Дата:          07.12.2023 20:18:42
Код события:   7036
Категория задачи:Отсутствует
Уровень:       Сведения
Ключевые слова:Классический
Пользователь:  Н/Д
Компьютер:     WIN-J9D866ESIJ2
Описание:
Служба "Google Update Service (gupdate)" перешла в состояние stopped.
Xml события:
<Event xmlns="http://schemas.microsoft.com/win/2004/08/events/event">
  <System>
    <Provider Name="Service Control Manager" Guid="{555908d1-a6d7-4695-8e1e-26931d2012f4}" EventSourceName="Service Control Manager" />
    <EventID Qualifiers="16384">7036</EventID>
    <Version>0</Version>
    <Level>4</Level>
    <Task>0</Task>
    <Opcode>0</Opcode>
    <Keywords>0x8080000000000000</Keywords>
    <TimeCreated SystemTime="2023-12-07T15:18:42.9326376Z" />
    <EventRecordID>8301</EventRecordID>
    <Correlation />
    <Execution ProcessID="532" ThreadID="1812" />
    <Channel>System</Channel>
    <Computer>WIN-J9D866ESIJ2</Computer>
    <Security />
  </System>
  <EventData>
    <Data Name="param1">Google Update Service (gupdate)</Data>
    <Data Name="param2">stopped</Data>
    <Binary>67007500700064006100740065002F0031000000</Binary>
  </EventData>
</Event>

Имя журнала:   System
Источник:      Service Control Manager
Дата:          07.12.2023 20:18:42
Код события:   7036
Категория задачи:Отсутствует
Уровень:       Сведения
Ключевые слова:Классический
Пользователь:  Н/Д
Компьютер:     WIN-J9D866ESIJ2
Описание:
Служба "Google Chrome Elevation Service (GoogleChromeElevationService)" перешла в состояние running.
Xml события:
<Event xmlns="http://schemas.microsoft.com/win/2004/08/events/event">
  <System>
    <Provider Name="Service Control Manager" Guid="{555908d1-a6d7-4695-8e1e-26931d2012f4}" EventSourceName="Service Control Manager" />
    <EventID Qualifiers="16384">7036</EventID>
    <Version>0</Version>
    <Level>4</Level>
    <Task>0</Task>
    <Opcode>0</Opcode>
    <Keywords>0x8080000000000000</Keywords>
    <TimeCreated SystemTime="2023-12-07T15:18:42.7230866Z" />
    <EventRecordID>8300</EventRecordID>
    <Correlation />
    <Execution ProcessID="532" ThreadID="1812" />
    <Channel>System</Channel>
    <Computer>WIN-J9D866ESIJ2</Computer>
    <Security />
  </System>
  <EventData>
    <Data Name="param1">Google Chrome Elevation Service (GoogleChromeElevationService)</Data>
    <Data Name="param2">running</Data>
    <Binary>47006F006F0067006C0065004300680072006F006D00650045006C00650076006100740069006F006E0053006500720076006900630065002F0034000000</Binary>
  </EventData>
</Event>

Имя журнала:   System
Источник:      Service Control Manager
Дата:          07.12.2023 20:18:38
Код события:   7045
Категория задачи:Отсутствует
Уровень:       Сведения
Ключевые слова:Классический
Пользователь:  S-1-5-21-2174175842-4115508165-805983055-500
Компьютер:     WIN-J9D866ESIJ2
Описание:
В системе установлена служба.

Имя службы:  Google Chrome Elevation Service (GoogleChromeElevationService)
Имя файла службы:  "C:\Program Files\Google\Chrome\Application\120.0.6099.71\elevation_service.exe"
Тип службы:  user mode service
Тип запуска службы:  demand start
Учетная запись службы:  LocalSystem
Xml события:
<Event xmlns="http://schemas.microsoft.com/win/2004/08/events/event">
  <System>
    <Provider Name="Service Control Manager" Guid="{555908d1-a6d7-4695-8e1e-26931d2012f4}" EventSourceName="Service Control Manager" />
    <EventID Qualifiers="16384">7045</EventID>
    <Version>0</Version>
    <Level>4</Level>
    <Task>0</Task>
    <Opcode>0</Opcode>
    <Keywords>0x8080000000000000</Keywords>
    <TimeCreated SystemTime="2023-12-07T15:18:38.7077068Z" />
    <EventRecordID>8299</EventRecordID>
    <Correlation />
    <Execution ProcessID="532" ThreadID="612" />
    <Channel>System</Channel>
    <Computer>WIN-J9D866ESIJ2</Computer>
    <Security UserID="S-1-5-21-2174175842-4115508165-805983055-500" />
  </System>
  <EventData>
    <Data Name="ServiceName">Google Chrome Elevation Service (GoogleChromeElevationService)</Data>
    <Data Name="ImagePath">"C:\Program Files\Google\Chrome\Application\120.0.6099.71\elevation_service.exe"</Data>
    <Data Name="ServiceType">user mode service</Data>
    <Data Name="StartType">demand start</Data>
    <Data Name="AccountName">LocalSystem</Data>
  </EventData>
</Event>

Имя журнала:   System
Источник:      Service Control Manager
Дата:          07.12.2023 20:18:17
Код события:   7040
Категория задачи:Отсутствует
Уровень:       Сведения
Ключевые слова:Классический
Пользователь:  СИСТЕМА
Компьютер:     WIN-J9D866ESIJ2
Описание:
Тип запуска службы "Background Intelligent Transfer Service" был изменен с "demand start" на "auto start".
Xml события:
<Event xmlns="http://schemas.microsoft.com/win/2004/08/events/event">
  <System>
    <Provider Name="Service Control Manager" Guid="{555908d1-a6d7-4695-8e1e-26931d2012f4}" EventSourceName="Service Control Manager" />
    <EventID Qualifiers="16384">7040</EventID>
    <Version>0</Version>
    <Level>4</Level>
    <Task>0</Task>
    <Opcode>0</Opcode>
    <Keywords>0x8080000000000000</Keywords>
    <TimeCreated SystemTime="2023-12-07T15:18:17.4421194Z" />
    <EventRecordID>8298</EventRecordID>
    <Correlation />
    <Execution ProcessID="532" ThreadID="612" />
    <Channel>System</Channel>
    <Computer>WIN-J9D866ESIJ2</Computer>
    <Security UserID="S-1-5-18" />
  </System>
  <EventData>
    <Data Name="param1">Background Intelligent Transfer Service</Data>
    <Data Name="param2">demand start</Data>
    <Data Name="param3">auto start</Data>
    <Data Name="param4">BITS</Data>
  </EventData>
</Event>

Имя журнала:   System
Источник:      Service Control Manager
Дата:          07.12.2023 20:18:17
Код события:   7036
Категория задачи:Отсутствует
Уровень:       Сведения
Ключевые слова:Классический
Пользователь:  Н/Д
Компьютер:     WIN-J9D866ESIJ2
Описание:
Служба "Background Intelligent Transfer Service" перешла в состояние running.
Xml события:
<Event xmlns="http://schemas.microsoft.com/win/2004/08/events/event">
  <System>
    <Provider Name="Service Control Manager" Guid="{555908d1-a6d7-4695-8e1e-26931d2012f4}" EventSourceName="Service Control Manager" />
    <EventID Qualifiers="16384">7036</EventID>
    <Version>0</Version>
    <Level>4</Level>
    <Task>0</Task>
    <Opcode>0</Opcode>
    <Keywords>0x8080000000000000</Keywords>
    <TimeCreated SystemTime="2023-12-07T15:18:17.4264305Z" />
    <EventRecordID>8297</EventRecordID>
    <Correlation />
    <Execution ProcessID="532" ThreadID="612" />
    <Channel>System</Channel>
    <Computer>WIN-J9D866ESIJ2</Computer>
    <Security />
  </System>
  <EventData>
    <Data Name="param1">Background Intelligent Transfer Service</Data>
    <Data Name="param2">running</Data>
    <Binary>42004900540053002F0034000000</Binary>
  </EventData>
</Event>

Имя журнала:   System
Источник:      Service Control Manager
Дата:          07.12.2023 20:18:16
Код события:   7036
Категория задачи:Отсутствует
Уровень:       Сведения
Ключевые слова:Классический
Пользователь:  Н/Д
Компьютер:     WIN-J9D866ESIJ2
Описание:
Служба "Google Update Service (gupdate)" перешла в состояние running.
Xml события:
<Event xmlns="http://schemas.microsoft.com/win/2004/08/events/event">
  <System>
    <Provider Name="Service Control Manager" Guid="{555908d1-a6d7-4695-8e1e-26931d2012f4}" EventSourceName="Service Control Manager" />
    <EventID Qualifiers="16384">7036</EventID>
    <Version>0</Version>
    <Level>4</Level>
    <Task>0</Task>
    <Opcode>0</Opcode>
    <Keywords>0x8080000000000000</Keywords>
    <TimeCreated SystemTime="2023-12-07T15:18:16.9264427Z" />
    <EventRecordID>8296</EventRecordID>
    <Correlation />
    <Execution ProcessID="532" ThreadID="612" />
    <Channel>System</Channel>
    <Computer>WIN-J9D866ESIJ2</Computer>
    <Security />
  </System>
  <EventData>
    <Data Name="param1">Google Update Service (gupdate)</Data>
    <Data Name="param2">running</Data>
    <Binary>67007500700064006100740065002F0034000000</Binary>
  </EventData>
</Event>

Имя журнала:   System
Источник:      Service Control Manager
Дата:          07.12.2023 20:18:16
Код события:   7045
Категория задачи:Отсутствует
Уровень:       Сведения
Ключевые слова:Классический
Пользователь:  S-1-5-21-2174175842-4115508165-805983055-500
Компьютер:     WIN-J9D866ESIJ2
Описание:
В системе установлена служба.

Имя службы:  Google Update Service (gupdatem)
Имя файла службы:  "C:\Program Files (x86)\Google\Update\GoogleUpdate.exe" /medsvc
Тип службы:  user mode service
Тип запуска службы:  demand start
Учетная запись службы:  LocalSystem
Xml события:
<Event xmlns="http://schemas.microsoft.com/win/2004/08/events/event">
  <System>
    <Provider Name="Service Control Manager" Guid="{555908d1-a6d7-4695-8e1e-26931d2012f4}" EventSourceName="Service Control Manager" />
    <EventID Qualifiers="16384">7045</EventID>
    <Version>0</Version>
    <Level>4</Level>
    <Task>0</Task>
    <Opcode>0</Opcode>
    <Keywords>0x8080000000000000</Keywords>
    <TimeCreated SystemTime="2023-12-07T15:18:16.1920613Z" />
    <EventRecordID>8295</EventRecordID>
    <Correlation />
    <Execution ProcessID="532" ThreadID="1812" />
    <Channel>System</Channel>
    <Computer>WIN-J9D866ESIJ2</Computer>
    <Security UserID="S-1-5-21-2174175842-4115508165-805983055-500" />
  </System>
  <EventData>
    <Data Name="ServiceName">Google Update Service (gupdatem)</Data>
    <Data Name="ImagePath">"C:\Program Files (x86)\Google\Update\GoogleUpdate.exe" /medsvc</Data>
    <Data Name="ServiceType">user mode service</Data>
    <Data Name="StartType">demand start</Data>
    <Data Name="AccountName">LocalSystem</Data>
  </EventData>
</Event>

Имя журнала:   System
Источник:      Service Control Manager
Дата:          07.12.2023 20:18:16
Код события:   7045
Категория задачи:Отсутствует
Уровень:       Сведения
Ключевые слова:Классический
Пользователь:  S-1-5-21-2174175842-4115508165-805983055-500
Компьютер:     WIN-J9D866ESIJ2
Описание:
В системе установлена служба.

Имя службы:  Google Update Service (gupdate)
Имя файла службы:  "C:\Program Files (x86)\Google\Update\GoogleUpdate.exe" /svc
Тип службы:  user mode service
Тип запуска службы:  auto start
Учетная запись службы:  LocalSystem
Xml события:
<Event xmlns="http://schemas.microsoft.com/win/2004/08/events/event">
  <System>
    <Provider Name="Service Control Manager" Guid="{555908d1-a6d7-4695-8e1e-26931d2012f4}" EventSourceName="Service Control Manager" />
    <EventID Qualifiers="16384">7045</EventID>
    <Version>0</Version>
    <Level>4</Level>
    <Task>0</Task>
    <Opcode>0</Opcode>
    <Keywords>0x8080000000000000</Keywords>
    <TimeCreated SystemTime="2023-12-07T15:18:16.1764297Z" />
    <EventRecordID>8294</EventRecordID>
    <Correlation />
    <Execution ProcessID="532" ThreadID="1812" />
    <Channel>System</Channel>
    <Computer>WIN-J9D866ESIJ2</Computer>
    <Security UserID="S-1-5-21-2174175842-4115508165-805983055-500" />
  </System>
  <EventData>
    <Data Name="ServiceName">Google Update Service (gupdate)</Data>
    <Data Name="ImagePath">"C:\Program Files (x86)\Google\Update\GoogleUpdate.exe" /svc</Data>
    <Data Name="ServiceType">user mode service</Data>
    <Data Name="StartType">auto start</Data>
    <Data Name="AccountName">LocalSystem</Data>
  </EventData>
</Event>

Имя журнала:   System
Источник:      Service Control Manager
Дата:          07.12.2023 20:18:01
Код события:   7036
Категория задачи:Отсутствует
Уровень:       Сведения
Ключевые слова:Классический
Пользователь:  Н/Д
Компьютер:     WIN-J9D866ESIJ2
Описание:
Служба "wisvc" перешла в состояние running.
Xml события:
<Event xmlns="http://schemas.microsoft.com/win/2004/08/events/event">
  <System>
    <Provider Name="Service Control Manager" Guid="{555908d1-a6d7-4695-8e1e-26931d2012f4}" EventSourceName="Service Control Manager" />
    <EventID Qualifiers="16384">7036</EventID>
    <Version>0</Version>
    <Level>4</Level>
    <Task>0</Task>
    <Opcode>0</Opcode>
    <Keywords>0x8080000000000000</Keywords>
    <TimeCreated SystemTime="2023-12-07T15:18:01.7155354Z" />
    <EventRecordID>8293</EventRecordID>
    <Correlation />
    <Execution ProcessID="532" ThreadID="612" />
    <Channel>System</Channel>
    <Computer>WIN-J9D866ESIJ2</Computer>
    <Security />
  </System>
  <EventData>
    <Data Name="param1">wisvc</Data>
    <Data Name="param2">running</Data>
    <Binary>770069007300760063002F0034000000</Binary>
  </EventData>
</Event>

Имя журнала:   System
Источник:      Service Control Manager
Дата:          07.12.2023 20:18:01
Код события:   7036
Категория задачи:Отсутствует
Уровень:       Сведения
Ключевые слова:Классический
Пользователь:  Н/Д
Компьютер:     WIN-J9D866ESIJ2
Описание:
Служба "Microsoft Account Sign-in Assistant" перешла в состояние running.
Xml события:
<Event xmlns="http://schemas.microsoft.com/win/2004/08/events/event">
  <System>
    <Provider Name="Service Control Manager" Guid="{555908d1-a6d7-4695-8e1e-26931d2012f4}" EventSourceName="Service Control Manager" />
    <EventID Qualifiers="16384">7036</EventID>
    <Version>0</Version>
    <Level>4</Level>
    <Task>0</Task>
    <Opcode>0</Opcode>
    <Keywords>0x8080000000000000</Keywords>
    <TimeCreated SystemTime="2023-12-07T15:18:01.0436419Z" />
    <EventRecordID>8292</EventRecordID>
    <Correlation />
    <Execution ProcessID="532" ThreadID="1812" />
    <Channel>System</Channel>
    <Computer>WIN-J9D866ESIJ2</Computer>
    <Security />
  </System>
  <EventData>
    <Data Name="param1">Microsoft Account Sign-in Assistant</Data>
    <Data Name="param2">running</Data>
    <Binary>77006C00690064007300760063002F0034000000</Binary>
  </EventData>
</Event>

Имя журнала:   System
Источник:      Service Control Manager
Дата:          07.12.2023 20:17:48
Код события:   7036
Категория задачи:Отсутствует
Уровень:       Сведения
Ключевые слова:Классический
Пользователь:  Н/Д
Компьютер:     WIN-J9D866ESIJ2
Описание:
Служба "RemoteRegistry" перешла в состояние stopped.
Xml события:
<Event xmlns="http://schemas.microsoft.com/win/2004/08/events/event">
  <System>
    <Provider Name="Service Control Manager" Guid="{555908d1-a6d7-4695-8e1e-26931d2012f4}" EventSourceName="Service Control Manager" />
    <EventID Qualifiers="16384">7036</EventID>
    <Version>0</Version>
    <Level>4</Level>
    <Task>0</Task>
    <Opcode>0</Opcode>
    <Keywords>0x8080000000000000</Keywords>
    <TimeCreated SystemTime="2023-12-07T15:17:48.1842257Z" />
    <EventRecordID>8291</EventRecordID>
    <Correlation />
    <Execution ProcessID="532" ThreadID="896" />
    <Channel>System</Channel>
    <Computer>WIN-J9D866ESIJ2</Computer>
    <Security />
  </System>
  <EventData>
    <Data Name="param1">RemoteRegistry</Data>
    <Data Name="param2">stopped</Data>
    <Binary>520065006D006F0074006500520065006700690073007400720079002F0031000000</Binary>
  </EventData>
</Event>

Имя журнала:   System
Источник:      Microsoft-Windows-Kernel-General
Дата:          07.12.2023 20:16:07
Код события:   15
Категория задачи:Отсутствует
Уровень:       Сведения
Ключевые слова:
Пользователь:  СИСТЕМА
Компьютер:     WIN-J9D866ESIJ2
Описание:
Куст \??\C:\Windows\System32\config\COMPONENTS был реорганизован; исходный размер: 79355904 байт, итоговый размер: 79376384 байт.
Xml события:
<Event xmlns="http://schemas.microsoft.com/win/2004/08/events/event">
  <System>
    <Provider Name="Microsoft-Windows-Kernel-General" Guid="{a68ca8b7-004f-d7b6-a698-07e2de0f1f5d}" />
    <EventID>15</EventID>
    <Version>0</Version>
    <Level>4</Level>
    <Task>0</Task>
    <Opcode>0</Opcode>
    <Keywords>0x8000000000000000</Keywords>
    <TimeCreated SystemTime="2023-12-07T15:16:07.9374536Z" />
    <EventRecordID>8290</EventRecordID>
    <Correlation />
    <Execution ProcessID="4792" ThreadID="4804" />
    <Channel>System</Channel>
    <Computer>WIN-J9D866ESIJ2</Computer>
    <Security UserID="S-1-5-18" />
  </System>
  <EventData>
    <Data Name="HiveNameLength">41</Data>
    <Data Name="HiveName">\??\C:\Windows\System32\config\COMPONENTS</Data>
    <Data Name="OriginalSize">79355904</Data>
    <Data Name="NewSize">79376384</Data>
  </EventData>
</Event>

Имя журнала:   System
Источник:      Service Control Manager
Дата:          07.12.2023 20:14:46
Код события:   7036
Категория задачи:Отсутствует
Уровень:       Сведения
Ключевые слова:Классический
Пользователь:  Н/Д
Компьютер:     WIN-J9D866ESIJ2
Описание:
Служба "lfsvc" перешла в состояние running.
Xml события:
<Event xmlns="http://schemas.microsoft.com/win/2004/08/events/event">
  <System>
    <Provider Name="Service Control Manager" Guid="{555908d1-a6d7-4695-8e1e-26931d2012f4}" EventSourceName="Service Control Manager" />
    <EventID Qualifiers="16384">7036</EventID>
    <Version>0</Version>
    <Level>4</Level>
    <Task>0</Task>
    <Opcode>0</Opcode>
    <Keywords>0x8080000000000000</Keywords>
    <TimeCreated SystemTime="2023-12-07T15:14:46.1866037Z" />
    <EventRecordID>8289</EventRecordID>
    <Correlation />
    <Execution ProcessID="532" ThreadID="896" />
    <Channel>System</Channel>
    <Computer>WIN-J9D866ESIJ2</Computer>
    <Security />
  </System>
  <EventData>
    <Data Name="param1">lfsvc</Data>
    <Data Name="param2">running</Data>
    <Binary>6C0066007300760063002F0034000000</Binary>
  </EventData>
</Event>

Имя журнала:   System
Источник:      Lfsvc
Дата:          07.12.2023 20:14:46
Код события:   2
Категория задачи:Отсутствует
Уровень:       Сведения
Ключевые слова:Классический
Пользователь:  Н/Д
Компьютер:     WIN-J9D866ESIJ2
Описание:
Определение географического положения отключено пользователем.
Xml события:
<Event xmlns="http://schemas.microsoft.com/win/2004/08/events/event">
  <System>
    <Provider Name="Lfsvc" />
    <EventID Qualifiers="0">2</EventID>
    <Level>4</Level>
    <Task>0</Task>
    <Keywords>0x80000000000000</Keywords>
    <TimeCreated SystemTime="2023-12-07T15:14:46.1709847Z" />
    <EventRecordID>8288</EventRecordID>
    <Channel>System</Channel>
    <Computer>WIN-J9D866ESIJ2</Computer>
    <Security />
  </System>
  <EventData>
  </EventData>
</Event>

Имя журнала:   System
Источник:      Service Control Manager
Дата:          07.12.2023 20:14:12
Код события:   7036
Категория задачи:Отсутствует
Уровень:       Сведения
Ключевые слова:Классический
Пользователь:  Н/Д
Компьютер:     WIN-J9D866ESIJ2
Описание:
Служба "Microsoft Account Sign-in Assistant" перешла в состояние stopped.
Xml события:
<Event xmlns="http://schemas.microsoft.com/win/2004/08/events/event">
  <System>
    <Provider Name="Service Control Manager" Guid="{555908d1-a6d7-4695-8e1e-26931d2012f4}" EventSourceName="Service Control Manager" />
    <EventID Qualifiers="16384">7036</EventID>
    <Version>0</Version>
    <Level>4</Level>
    <Task>0</Task>
    <Opcode>0</Opcode>
    <Keywords>0x8080000000000000</Keywords>
    <TimeCreated SystemTime="2023-12-07T15:14:12.3585441Z" />
    <EventRecordID>8287</EventRecordID>
    <Correlation />
    <Execution ProcessID="532" ThreadID="1912" />
    <Channel>System</Channel>
    <Computer>WIN-J9D866ESIJ2</Computer>
    <Security />
  </System>
  <EventData>
    <Data Name="param1">Microsoft Account Sign-in Assistant</Data>
    <Data Name="param2">stopped</Data>
    <Binary>77006C00690064007300760063002F0031000000</Binary>
  </EventData>
</Event>

Имя журнала:   System
Источник:      Service Control Manager
Дата:          07.12.2023 20:13:09
Код события:   7036
Категория задачи:Отсутствует
Уровень:       Сведения
Ключевые слова:Классический
Пользователь:  Н/Д
Компьютер:     WIN-J9D866ESIJ2
Описание:
Служба "VaultSvc" перешла в состояние running.
Xml события:
<Event xmlns="http://schemas.microsoft.com/win/2004/08/events/event">
  <System>
    <Provider Name="Service Control Manager" Guid="{555908d1-a6d7-4695-8e1e-26931d2012f4}" EventSourceName="Service Control Manager" />
    <EventID Qualifiers="16384">7036</EventID>
    <Version>0</Version>
    <Level>4</Level>
    <Task>0</Task>
    <Opcode>0</Opcode>
    <Keywords>0x8080000000000000</Keywords>
    <TimeCreated SystemTime="2023-12-07T15:13:09.7960319Z" />
    <EventRecordID>8286</EventRecordID>
    <Correlation />
    <Execution ProcessID="532" ThreadID="1912" />
    <Channel>System</Channel>
    <Computer>WIN-J9D866ESIJ2</Computer>
    <Security />
  </System>
  <EventData>
    <Data Name="param1">VaultSvc</Data>
    <Data Name="param2">running</Data>
    <Binary>5600610075006C0074005300760063002F0034000000</Binary>
  </EventData>
</Event>

Имя журнала:   System
Источник:      Service Control Manager
Дата:          07.12.2023 20:13:09
Код события:   7036
Категория задачи:Отсутствует
Уровень:       Сведения
Ключевые слова:Классический
Пользователь:  Н/Д
Компьютер:     WIN-J9D866ESIJ2
Описание:
Служба "Sync Host_8365b" перешла в состояние running.
Xml события:
<Event xmlns="http://schemas.microsoft.com/win/2004/08/events/event">
  <System>
    <Provider Name="Service Control Manager" Guid="{555908d1-a6d7-4695-8e1e-26931d2012f4}" EventSourceName="Service Control Manager" />
    <EventID Qualifiers="16384">7036</EventID>
    <Version>0</Version>
    <Level>4</Level>
    <Task>0</Task>
    <Opcode>0</Opcode>
    <Keywords>0x8080000000000000</Keywords>
    <TimeCreated SystemTime="2023-12-07T15:13:09.7804484Z" />
    <EventRecordID>8285</EventRecordID>
    <Correlation />
    <Execution ProcessID="532" ThreadID="896" />
    <Channel>System</Channel>
    <Computer>WIN-J9D866ESIJ2</Computer>
    <Security />
  </System>
  <EventData>
    <Data Name="param1">Sync Host_8365b</Data>
    <Data Name="param2">running</Data>
    <Binary>4F006E006500530079006E0063005300760063005F00380033003600350062002F0034000000</Binary>
  </EventData>
</Event>

Имя журнала:   System
Источник:      Service Control Manager
Дата:          07.12.2023 20:12:06
Код события:   7036
Категория задачи:Отсутствует
Уровень:       Сведения
Ключевые слова:Классический
Пользователь:  Н/Д
Компьютер:     WIN-J9D866ESIJ2
Описание:
Служба "Windows Modules Installer" перешла в состояние running.
Xml события:
<Event xmlns="http://schemas.microsoft.com/win/2004/08/events/event">
  <System>
    <Provider Name="Service Control Manager" Guid="{555908d1-a6d7-4695-8e1e-26931d2012f4}" EventSourceName="Service Control Manager" />
    <EventID Qualifiers="16384">7036</EventID>
    <Version>0</Version>
    <Level>4</Level>
    <Task>0</Task>
    <Opcode>0</Opcode>
    <Keywords>0x8080000000000000</Keywords>
    <TimeCreated SystemTime="2023-12-07T15:12:06.0549456Z" />
    <EventRecordID>8284</EventRecordID>
    <Correlation />
    <Execution ProcessID="532" ThreadID="896" />
    <Channel>System</Channel>
    <Computer>WIN-J9D866ESIJ2</Computer>
    <Security />
  </System>
  <EventData>
    <Data Name="param1">Windows Modules Installer</Data>
    <Data Name="param2">running</Data>
    <Binary>540072007500730074006500640049006E007300740061006C006C00650072002F0034000000</Binary>
  </EventData>
</Event>

Имя журнала:   System
Источник:      Service Control Manager
Дата:          07.12.2023 20:11:50
Код события:   7036
Категория задачи:Отсутствует
Уровень:       Сведения
Ключевые слова:Классический
Пользователь:  Н/Д
Компьютер:     WIN-J9D866ESIJ2
Описание:
Служба "wisvc" перешла в состояние stopped.
Xml события:
<Event xmlns="http://schemas.microsoft.com/win/2004/08/events/event">
  <System>
    <Provider Name="Service Control Manager" Guid="{555908d1-a6d7-4695-8e1e-26931d2012f4}" EventSourceName="Service Control Manager" />
    <EventID Qualifiers="16384">7036</EventID>
    <Version>0</Version>
    <Level>4</Level>
    <Task>0</Task>
    <Opcode>0</Opcode>
    <Keywords>0x8080000000000000</Keywords>
    <TimeCreated SystemTime="2023-12-07T15:11:50.3441302Z" />
    <EventRecordID>8283</EventRecordID>
    <Correlation />
    <Execution ProcessID="532" ThreadID="1912" />
    <Channel>System</Channel>
    <Computer>WIN-J9D866ESIJ2</Computer>
    <Security />
  </System>
  <EventData>
    <Data Name="param1">wisvc</Data>
    <Data Name="param2">stopped</Data>
    <Binary>770069007300760063002F0031000000</Binary>
  </EventData>
</Event>

Имя журнала:   System
Источник:      Service Control Manager
Дата:          07.12.2023 20:11:41
Код события:   7036
Категория задачи:Отсутствует
Уровень:       Сведения
Ключевые слова:Классический
Пользователь:  Н/Д
Компьютер:     WIN-J9D866ESIJ2
Описание:
Служба "sppsvc" перешла в состояние stopped.
Xml события:
<Event xmlns="http://schemas.microsoft.com/win/2004/08/events/event">
  <System>
    <Provider Name="Service Control Manager" Guid="{555908d1-a6d7-4695-8e1e-26931d2012f4}" EventSourceName="Service Control Manager" />
    <EventID Qualifiers="16384">7036</EventID>
    <Version>0</Version>
    <Level>4</Level>
    <Task>0</Task>
    <Opcode>0</Opcode>
    <Keywords>0x8080000000000000</Keywords>
    <TimeCreated SystemTime="2023-12-07T15:11:41.2582139Z" />
    <EventRecordID>8282</EventRecordID>
    <Correlation />
    <Execution ProcessID="532" ThreadID="1912" />
    <Channel>System</Channel>
    <Computer>WIN-J9D866ESIJ2</Computer>
    <Security />
  </System>
  <EventData>
    <Data Name="param1">sppsvc</Data>
    <Data Name="param2">stopped</Data>
    <Binary>7300700070007300760063002F0031000000</Binary>
  </EventData>
</Event>

Имя журнала:   System
Источник:      Service Control Manager
Дата:          07.12.2023 20:11:15
Код события:   7036
Категория задачи:Отсутствует
Уровень:       Сведения
Ключевые слова:Классический
Пользователь:  Н/Д
Компьютер:     WIN-J9D866ESIJ2
Описание:
Служба "Appinfo" перешла в состояние running.
Xml события:
<Event xmlns="http://schemas.microsoft.com/win/2004/08/events/event">
  <System>
    <Provider Name="Service Control Manager" Guid="{555908d1-a6d7-4695-8e1e-26931d2012f4}" EventSourceName="Service Control Manager" />
    <EventID Qualifiers="16384">7036</EventID>
    <Version>0</Version>
    <Level>4</Level>
    <Task>0</Task>
    <Opcode>0</Opcode>
    <Keywords>0x8080000000000000</Keywords>
    <TimeCreated SystemTime="2023-12-07T15:11:15.5692241Z" />
    <EventRecordID>8281</EventRecordID>
    <Correlation />
    <Execution ProcessID="532" ThreadID="1912" />
    <Channel>System</Channel>
    <Computer>WIN-J9D866ESIJ2</Computer>
    <Security />
  </System>
  <EventData>
    <Data Name="param1">Appinfo</Data>
    <Data Name="param2">running</Data>
    <Binary>41007000700069006E0066006F002F0034000000</Binary>
  </EventData>
</Event>

Имя журнала:   System
Источник:      Microsoft-Windows-Kernel-General
Дата:          07.12.2023 20:11:11
Код события:   16
Категория задачи:Отсутствует
Уровень:       Сведения
Ключевые слова:
Пользователь:  S-1-5-21-2174175842-4115508165-805983055-500
Компьютер:     WIN-J9D866ESIJ2
Описание:
Журнал доступа в кусте \??\C:\Users\Administrator\AppData\Local\Packages\Microsoft.Windows.Cortana_cw5n1h2txyewy\Settings\settings.dat очищен; обновлено разделов: 12; создано измененных страниц: 4.
Xml события:
<Event xmlns="http://schemas.microsoft.com/win/2004/08/events/event">
  <System>
    <Provider Name="Microsoft-Windows-Kernel-General" Guid="{a68ca8b7-004f-d7b6-a698-07e2de0f1f5d}" />
    <EventID>16</EventID>
    <Version>0</Version>
    <Level>4</Level>
    <Task>0</Task>
    <Opcode>0</Opcode>
    <Keywords>0x8000000000000000</Keywords>
    <TimeCreated SystemTime="2023-12-07T15:11:11.9582875Z" />
    <EventRecordID>8280</EventRecordID>
    <Correlation />
    <Execution ProcessID="3872" ThreadID="3900" />
    <Channel>System</Channel>
    <Computer>WIN-J9D866ESIJ2</Computer>
    <Security UserID="S-1-5-21-2174175842-4115508165-805983055-500" />
  </System>
  <EventData>
    <Data Name="HiveNameLength">111</Data>
    <Data Name="HiveName">\??\C:\Users\Administrator\AppData\Local\Packages\Microsoft.Windows.Cortana_cw5n1h2txyewy\Settings\settings.dat</Data>
    <Data Name="KeysUpdated">12</Data>
    <Data Name="DirtyPages">4</Data>
  </EventData>
</Event>

Имя журнала:   System
Источник:      Microsoft-Windows-Kernel-General
Дата:          07.12.2023 20:11:11
Код события:   16
Категория задачи:Отсутствует
Уровень:       Сведения
Ключевые слова:
Пользователь:  S-1-5-21-2174175842-4115508165-805983055-500
Компьютер:     WIN-J9D866ESIJ2
Описание:
Журнал доступа в кусте \??\C:\Users\Administrator\AppData\Local\Packages\Microsoft.Windows.ShellExperienceHost_cw5n1h2txyewy\Settings\settings.dat очищен; обновлено разделов: 2; создано измененных страниц: 1.
Xml события:
<Event xmlns="http://schemas.microsoft.com/win/2004/08/events/event">
  <System>
    <Provider Name="Microsoft-Windows-Kernel-General" Guid="{a68ca8b7-004f-d7b6-a698-07e2de0f1f5d}" />
    <EventID>16</EventID>
    <Version>0</Version>
    <Level>4</Level>
    <Task>0</Task>
    <Opcode>0</Opcode>
    <Keywords>0x8000000000000000</Keywords>
    <TimeCreated SystemTime="2023-12-07T15:11:11.8945046Z" />
    <EventRecordID>8279</EventRecordID>
    <Correlation />
    <Execution ProcessID="3792" ThreadID="3852" />
    <Channel>System</Channel>
    <Computer>WIN-J9D866ESIJ2</Computer>
    <Security UserID="S-1-5-21-2174175842-4115508165-805983055-500" />
  </System>
  <EventData>
    <Data Name="HiveNameLength">123</Data>
    <Data Name="HiveName">\??\C:\Users\Administrator\AppData\Local\Packages\Microsoft.Windows.ShellExperienceHost_cw5n1h2txyewy\Settings\settings.dat</Data>
    <Data Name="KeysUpdated">2</Data>
    <Data Name="DirtyPages">1</Data>
  </EventData>
</Event>

Имя журнала:   System
Источник:      Microsoft-Windows-Kernel-General
Дата:          07.12.2023 20:11:10
Код события:   15
Категория задачи:Отсутствует
Уровень:       Сведения
Ключевые слова:
Пользователь:  СИСТЕМА
Компьютер:     WIN-J9D866ESIJ2
Описание:
Куст \SystemRoot\System32\config\DRIVERS был реорганизован; исходный размер: 5193728 байт, итоговый размер: 5193728 байт.
Xml события:
<Event xmlns="http://schemas.microsoft.com/win/2004/08/events/event">
  <System>
    <Provider Name="Microsoft-Windows-Kernel-General" Guid="{a68ca8b7-004f-d7b6-a698-07e2de0f1f5d}" />
    <EventID>15</EventID>
    <Version>0</Version>
    <Level>4</Level>
    <Task>0</Task>
    <Opcode>0</Opcode>
    <Keywords>0x8000000000000000</Keywords>
    <TimeCreated SystemTime="2023-12-07T15:11:10.0690991Z" />
    <EventRecordID>8278</EventRecordID>
    <Correlation />
    <Execution ProcessID="4" ThreadID="2496" />
    <Channel>System</Channel>
    <Computer>WIN-J9D866ESIJ2</Computer>
    <Security UserID="S-1-5-18" />
  </System>
  <EventData>
    <Data Name="HiveNameLength">35</Data>
    <Data Name="HiveName">\SystemRoot\System32\config\DRIVERS</Data>
    <Data Name="OriginalSize">5193728</Data>
    <Data Name="NewSize">5193728</Data>
  </EventData>
</Event>

Имя журнала:   System
Источник:      Microsoft-Windows-DistributedCOM
Дата:          07.12.2023 20:11:09
Код события:   10016
Категория задачи:Отсутствует
Уровень:       Ошибка
Ключевые слова:Классический
Пользователь:  СИСТЕМА
Компьютер:     WIN-J9D866ESIJ2
Описание:
Параметры разрешений application-specific не дают разрешения Local Activation для приложения COM-сервера с CLSID 
{8D8F4F83-3594-4F07-8369-FC3C3CAE4919}
 и APPID 
{F72671A9-012C-4725-9D2F-2A4D32D65169}
 пользователю NT AUTHORITY\SYSTEM с ИД безопасности (S-1-5-18) и адресом LocalHost (Using LRPC), выполняемого в контейнере приложения Unavailable с ИД безопасности (Unavailable). Это разрешение безопасности можно изменить с помощью средства администрирования служб компонентов.
Xml события:
<Event xmlns="http://schemas.microsoft.com/win/2004/08/events/event">
  <System>
    <Provider Name="Microsoft-Windows-DistributedCOM" Guid="{1B562E86-B7AA-4131-BADC-B6F3A001407E}" EventSourceName="DCOM" />
    <EventID Qualifiers="0">10016</EventID>
    <Version>0</Version>
    <Level>2</Level>
    <Task>0</Task>
    <Opcode>0</Opcode>
    <Keywords>0x8080000000000000</Keywords>
    <TimeCreated SystemTime="2023-12-07T15:11:09.9129946Z" />
    <EventRecordID>8277</EventRecordID>
    <Correlation />
    <Execution ProcessID="680" ThreadID="956" />
    <Channel>System</Channel>
    <Computer>WIN-J9D866ESIJ2</Computer>
    <Security UserID="S-1-5-18" />
  </System>
  <EventData>
    <Data Name="param1">application-specific</Data>
    <Data Name="param2">Local</Data>
    <Data Name="param3">Activation</Data>
    <Data Name="param4">{8D8F4F83-3594-4F07-8369-FC3C3CAE4919}</Data>
    <Data Name="param5">{F72671A9-012C-4725-9D2F-2A4D32D65169}</Data>
    <Data Name="param6">NT AUTHORITY</Data>
    <Data Name="param7">SYSTEM</Data>
    <Data Name="param8">S-1-5-18</Data>
    <Data Name="param9">LocalHost (Using LRPC)</Data>
    <Data Name="param10">Unavailable</Data>
    <Data Name="param11">Unavailable</Data>
  </EventData>
</Event>

Имя журнала:   System
Источник:      Service Control Manager
Дата:          07.12.2023 20:11:09
Код события:   7036
Категория задачи:Отсутствует
Уровень:       Сведения
Ключевые слова:Классический
Пользователь:  Н/Д
Компьютер:     WIN-J9D866ESIJ2
Описание:
Служба "CDPUserSvc_8365b" перешла в состояние running.
Xml события:
<Event xmlns="http://schemas.microsoft.com/win/2004/08/events/event">
  <System>
    <Provider Name="Service Control Manager" Guid="{555908d1-a6d7-4695-8e1e-26931d2012f4}" EventSourceName="Service Control Manager" />
    <EventID Qualifiers="16384">7036</EventID>
    <Version>0</Version>
    <Level>4</Level>
    <Task>0</Task>
    <Opcode>0</Opcode>
    <Keywords>0x8080000000000000</Keywords>
    <TimeCreated SystemTime="2023-12-07T15:11:09.8348587Z" />
    <EventRecordID>8276</EventRecordID>
    <Correlation />
    <Execution ProcessID="532" ThreadID="608" />
    <Channel>System</Channel>
    <Computer>WIN-J9D866ESIJ2</Computer>
    <Security />
  </System>
  <EventData>
    <Data Name="param1">CDPUserSvc_8365b</Data>
    <Data Name="param2">running</Data>
    <Binary>43004400500055007300650072005300760063005F00380033003600350062002F0034000000</Binary>
  </EventData>
</Event>

Имя журнала:   System
Источник:      Service Control Manager
Дата:          07.12.2023 20:11:09
Код события:   7036
Категория задачи:Отсутствует
Уровень:       Сведения
Ключевые слова:Классический
Пользователь:  Н/Д
Компьютер:     WIN-J9D866ESIJ2
Описание:
Служба "ScDeviceEnum" перешла в состояние running.
Xml события:
<Event xmlns="http://schemas.microsoft.com/win/2004/08/events/event">
  <System>
    <Provider Name="Service Control Manager" Guid="{555908d1-a6d7-4695-8e1e-26931d2012f4}" EventSourceName="Service Control Manager" />
    <EventID Qualifiers="16384">7036</EventID>
    <Version>0</Version>
    <Level>4</Level>
    <Task>0</Task>
    <Opcode>0</Opcode>
    <Keywords>0x8080000000000000</Keywords>
    <TimeCreated SystemTime="2023-12-07T15:11:09.0848556Z" />
    <EventRecordID>8275</EventRecordID>
    <Correlation />
    <Execution ProcessID="532" ThreadID="612" />
    <Channel>System</Channel>
    <Computer>WIN-J9D866ESIJ2</Computer>
    <Security />
  </System>
  <EventData>
    <Data Name="param1">ScDeviceEnum</Data>
    <Data Name="param2">running</Data>
    <Binary>5300630044006500760069006300650045006E0075006D002F0034000000</Binary>
  </EventData>
</Event>

Имя журнала:   System
Источник:      Microsoft-Windows-Kernel-General
Дата:          07.12.2023 20:11:08
Код события:   16
Категория задачи:Отсутствует
Уровень:       Сведения
Ключевые слова:
Пользователь:  СИСТЕМА
Компьютер:     WIN-J9D866ESIJ2
Описание:
Журнал доступа в кусте \??\C:\Users\Administrator\AppData\Local\Microsoft\Windows\UsrClass.dat очищен; обновлено разделов: 10; создано измененных страниц: 5.
Xml события:
<Event xmlns="http://schemas.microsoft.com/win/2004/08/events/event">
  <System>
    <Provider Name="Microsoft-Windows-Kernel-General" Guid="{a68ca8b7-004f-d7b6-a698-07e2de0f1f5d}" />
    <EventID>16</EventID>
    <Version>0</Version>
    <Level>4</Level>
    <Task>0</Task>
    <Opcode>0</Opcode>
    <Keywords>0x8000000000000000</Keywords>
    <TimeCreated SystemTime="2023-12-07T15:11:08.8635369Z" />
    <EventRecordID>8274</EventRecordID>
    <Correlation />
    <Execution ProcessID="920" ThreadID="2492" />
    <Channel>System</Channel>
    <Computer>WIN-J9D866ESIJ2</Computer>
    <Security UserID="S-1-5-18" />
  </System>
  <EventData>
    <Data Name="HiveNameLength">71</Data>
    <Data Name="HiveName">\??\C:\Users\Administrator\AppData\Local\Microsoft\Windows\UsrClass.dat</Data>
    <Data Name="KeysUpdated">10</Data>
    <Data Name="DirtyPages">5</Data>
  </EventData>
</Event>

