Имя журнала:   System
Источник:      Service Control Manager
Дата:          08.12.2023 6:40:37
Код события:   7036
Категория задачи:Отсутствует
Уровень:       Сведения
Ключевые слова:Классический
Пользователь:  Н/Д
Компьютер:     WIN-J9D866ESIJ2
Описание:
Служба "WinRM" перешла в состояние running.
Xml события:
<Event xmlns="http://schemas.microsoft.com/win/2004/08/events/event">
  <System>
    <Provider Name="Service Control Manager" Guid="{555908d1-a6d7-4695-8e1e-26931d2012f4}" EventSourceName="Service Control Manager" />
    <EventID Qualifiers="16384">7036</EventID>
    <Version>0</Version>
    <Level>4</Level>
    <Task>0</Task>
    <Opcode>0</Opcode>
    <Keywords>0x8080000000000000</Keywords>
    <TimeCreated SystemTime="2023-12-08T01:40:37.3020254Z" />
    <EventRecordID>8657</EventRecordID>
    <Correlation />
    <Execution ProcessID="544" ThreadID="1972" />
    <Channel>System</Channel>
    <Computer>WIN-J9D866ESIJ2</Computer>
    <Security />
  </System>
  <EventData>
    <Data Name="param1">WinRM</Data>
    <Data Name="param2">running</Data>
    <Binary>570069006E0052004D002F0034000000</Binary>
  </EventData>
</Event>

Имя журнала:   System
Источник:      Service Control Manager
Дата:          08.12.2023 6:40:37
Код события:   7036
Категория задачи:Отсутствует
Уровень:       Сведения
Ключевые слова:Классический
Пользователь:  Н/Д
Компьютер:     WIN-J9D866ESIJ2
Описание:
Служба "RemoteRegistry" перешла в состояние running.
Xml события:
<Event xmlns="http://schemas.microsoft.com/win/2004/08/events/event">
  <System>
    <Provider Name="Service Control Manager" Guid="{555908d1-a6d7-4695-8e1e-26931d2012f4}" EventSourceName="Service Control Manager" />
    <EventID Qualifiers="16384">7036</EventID>
    <Version>0</Version>
    <Level>4</Level>
    <Task>0</Task>
    <Opcode>0</Opcode>
    <Keywords>0x8080000000000000</Keywords>
    <TimeCreated SystemTime="2023-12-08T01:40:37.2864307Z" />
    <EventRecordID>8656</EventRecordID>
    <Correlation />
    <Execution ProcessID="544" ThreadID="628" />
    <Channel>System</Channel>
    <Computer>WIN-J9D866ESIJ2</Computer>
    <Security />
  </System>
  <EventData>
    <Data Name="param1">RemoteRegistry</Data>
    <Data Name="param2">running</Data>
    <Binary>520065006D006F0074006500520065006700690073007400720079002F0034000000</Binary>
  </EventData>
</Event>

Имя журнала:   System
Источник:      Service Control Manager
Дата:          08.12.2023 6:40:37
Код события:   7036
Категория задачи:Отсутствует
Уровень:       Сведения
Ключевые слова:Классический
Пользователь:  Н/Д
Компьютер:     WIN-J9D866ESIJ2
Описание:
Служба "W32Time" перешла в состояние running.
Xml события:
<Event xmlns="http://schemas.microsoft.com/win/2004/08/events/event">
  <System>
    <Provider Name="Service Control Manager" Guid="{555908d1-a6d7-4695-8e1e-26931d2012f4}" EventSourceName="Service Control Manager" />
    <EventID Qualifiers="16384">7036</EventID>
    <Version>0</Version>
    <Level>4</Level>
    <Task>0</Task>
    <Opcode>0</Opcode>
    <Keywords>0x8080000000000000</Keywords>
    <TimeCreated SystemTime="2023-12-08T01:40:37.2551633Z" />
    <EventRecordID>8655</EventRecordID>
    <Correlation />
    <Execution ProcessID="544" ThreadID="1972" />
    <Channel>System</Channel>
    <Computer>WIN-J9D866ESIJ2</Computer>
    <Security />
  </System>
  <EventData>
    <Data Name="param1">W32Time</Data>
    <Data Name="param2">running</Data>
    <Binary>570033003200540069006D0065002F0034000000</Binary>
  </EventData>
</Event>

Имя журнала:   System
Источник:      Service Control Manager
Дата:          08.12.2023 6:40:37
Код события:   7036
Категория задачи:Отсутствует
Уровень:       Сведения
Ключевые слова:Классический
Пользователь:  Н/Д
Компьютер:     WIN-J9D866ESIJ2
Описание:
Служба "PcaSvc" перешла в состояние running.
Xml события:
<Event xmlns="http://schemas.microsoft.com/win/2004/08/events/event">
  <System>
    <Provider Name="Service Control Manager" Guid="{555908d1-a6d7-4695-8e1e-26931d2012f4}" EventSourceName="Service Control Manager" />
    <EventID Qualifiers="16384">7036</EventID>
    <Version>0</Version>
    <Level>4</Level>
    <Task>0</Task>
    <Opcode>0</Opcode>
    <Keywords>0x8080000000000000</Keywords>
    <TimeCreated SystemTime="2023-12-08T01:40:37.2082917Z" />
    <EventRecordID>8654</EventRecordID>
    <Correlation />
    <Execution ProcessID="544" ThreadID="628" />
    <Channel>System</Channel>
    <Computer>WIN-J9D866ESIJ2</Computer>
    <Security />
  </System>
  <EventData>
    <Data Name="param1">PcaSvc</Data>
    <Data Name="param2">running</Data>
    <Binary>5000630061005300760063002F0034000000</Binary>
  </EventData>
</Event>

Имя журнала:   System
Источник:      Service Control Manager
Дата:          08.12.2023 6:40:37
Код события:   7036
Категория задачи:Отсутствует
Уровень:       Сведения
Ключевые слова:Классический
Пользователь:  Н/Д
Компьютер:     WIN-J9D866ESIJ2
Описание:
Служба "TrkWks" перешла в состояние running.
Xml события:
<Event xmlns="http://schemas.microsoft.com/win/2004/08/events/event">
  <System>
    <Provider Name="Service Control Manager" Guid="{555908d1-a6d7-4695-8e1e-26931d2012f4}" EventSourceName="Service Control Manager" />
    <EventID Qualifiers="16384">7036</EventID>
    <Version>0</Version>
    <Level>4</Level>
    <Task>0</Task>
    <Opcode>0</Opcode>
    <Keywords>0x8080000000000000</Keywords>
    <TimeCreated SystemTime="2023-12-08T01:40:37.1458069Z" />
    <EventRecordID>8653</EventRecordID>
    <Correlation />
    <Execution ProcessID="544" ThreadID="1984" />
    <Channel>System</Channel>
    <Computer>WIN-J9D866ESIJ2</Computer>
    <Security />
  </System>
  <EventData>
    <Data Name="param1">TrkWks</Data>
    <Data Name="param2">running</Data>
    <Binary>540072006B0057006B0073002F0034000000</Binary>
  </EventData>
</Event>

Имя журнала:   System
Источник:      Service Control Manager
Дата:          08.12.2023 6:40:37
Код события:   7036
Категория задачи:Отсутствует
Уровень:       Сведения
Ключевые слова:Классический
Пользователь:  Н/Д
Компьютер:     WIN-J9D866ESIJ2
Описание:
Служба "QEMU-GA" перешла в состояние running.
Xml события:
<Event xmlns="http://schemas.microsoft.com/win/2004/08/events/event">
  <System>
    <Provider Name="Service Control Manager" Guid="{555908d1-a6d7-4695-8e1e-26931d2012f4}" EventSourceName="Service Control Manager" />
    <EventID Qualifiers="16384">7036</EventID>
    <Version>0</Version>
    <Level>4</Level>
    <Task>0</Task>
    <Opcode>0</Opcode>
    <Keywords>0x8080000000000000</Keywords>
    <TimeCreated SystemTime="2023-12-08T01:40:37.1458069Z" />
    <EventRecordID>8652</EventRecordID>
    <Correlation />
    <Execution ProcessID="544" ThreadID="1976" />
    <Channel>System</Channel>
    <Computer>WIN-J9D866ESIJ2</Computer>
    <Security />
  </System>
  <EventData>
    <Data Name="param1">QEMU-GA</Data>
    <Data Name="param2">running</Data>
    <Binary>510045004D0055002D00470041002F0034000000</Binary>
  </EventData>
</Event>

Имя журнала:   System
Источник:      Service Control Manager
Дата:          08.12.2023 6:40:37
Код события:   7036
Категория задачи:Отсутствует
Уровень:       Сведения
Ключевые слова:Классический
Пользователь:  Н/Д
Компьютер:     WIN-J9D866ESIJ2
Описание:
Служба "CryptSvc" перешла в состояние running.
Xml события:
<Event xmlns="http://schemas.microsoft.com/win/2004/08/events/event">
  <System>
    <Provider Name="Service Control Manager" Guid="{555908d1-a6d7-4695-8e1e-26931d2012f4}" EventSourceName="Service Control Manager" />
    <EventID Qualifiers="16384">7036</EventID>
    <Version>0</Version>
    <Level>4</Level>
    <Task>0</Task>
    <Opcode>0</Opcode>
    <Keywords>0x8080000000000000</Keywords>
    <TimeCreated SystemTime="2023-12-08T01:40:37.1145303Z" />
    <EventRecordID>8651</EventRecordID>
    <Correlation />
    <Execution ProcessID="544" ThreadID="628" />
    <Channel>System</Channel>
    <Computer>WIN-J9D866ESIJ2</Computer>
    <Security />
  </System>
  <EventData>
    <Data Name="param1">CryptSvc</Data>
    <Data Name="param2">running</Data>
    <Binary>430072007900700074005300760063002F0034000000</Binary>
  </EventData>
</Event>

Имя журнала:   System
Источник:      Service Control Manager
Дата:          08.12.2023 6:40:37
Код события:   7036
Категория задачи:Отсутствует
Уровень:       Сведения
Ключевые слова:Классический
Пользователь:  Н/Д
Компьютер:     WIN-J9D866ESIJ2
Описание:
Служба "Winmgmt" перешла в состояние running.
Xml события:
<Event xmlns="http://schemas.microsoft.com/win/2004/08/events/event">
  <System>
    <Provider Name="Service Control Manager" Guid="{555908d1-a6d7-4695-8e1e-26931d2012f4}" EventSourceName="Service Control Manager" />
    <EventID Qualifiers="16384">7036</EventID>
    <Version>0</Version>
    <Level>4</Level>
    <Task>0</Task>
    <Opcode>0</Opcode>
    <Keywords>0x8080000000000000</Keywords>
    <TimeCreated SystemTime="2023-12-08T01:40:37.1145303Z" />
    <EventRecordID>8650</EventRecordID>
    <Correlation />
    <Execution ProcessID="544" ThreadID="1976" />
    <Channel>System</Channel>
    <Computer>WIN-J9D866ESIJ2</Computer>
    <Security />
  </System>
  <EventData>
    <Data Name="param1">Winmgmt</Data>
    <Data Name="param2">running</Data>
    <Binary>570069006E006D0067006D0074002F0034000000</Binary>
  </EventData>
</Event>

Имя журнала:   System
Источник:      Service Control Manager
Дата:          08.12.2023 6:40:36
Код события:   7036
Категория задачи:Отсутствует
Уровень:       Сведения
Ключевые слова:Классический
Пользователь:  Н/Д
Компьютер:     WIN-J9D866ESIJ2
Описание:
Служба "Spooler" перешла в состояние running.
Xml события:
<Event xmlns="http://schemas.microsoft.com/win/2004/08/events/event">
  <System>
    <Provider Name="Service Control Manager" Guid="{555908d1-a6d7-4695-8e1e-26931d2012f4}" EventSourceName="Service Control Manager" />
    <EventID Qualifiers="16384">7036</EventID>
    <Version>0</Version>
    <Level>4</Level>
    <Task>0</Task>
    <Opcode>0</Opcode>
    <Keywords>0x8080000000000000</Keywords>
    <TimeCreated SystemTime="2023-12-08T01:40:36.9114040Z" />
    <EventRecordID>8649</EventRecordID>
    <Correlation />
    <Execution ProcessID="544" ThreadID="948" />
    <Channel>System</Channel>
    <Computer>WIN-J9D866ESIJ2</Computer>
    <Security />
  </System>
  <EventData>
    <Data Name="param1">Spooler</Data>
    <Data Name="param2">running</Data>
    <Binary>530070006F006F006C00650072002F0034000000</Binary>
  </EventData>
</Event>

Имя журнала:   System
Источник:      Service Control Manager
Дата:          08.12.2023 6:40:36
Код события:   7036
Категория задачи:Отсутствует
Уровень:       Сведения
Ключевые слова:Классический
Пользователь:  Н/Д
Компьютер:     WIN-J9D866ESIJ2
Описание:
Служба "SamSs" перешла в состояние running.
Xml события:
<Event xmlns="http://schemas.microsoft.com/win/2004/08/events/event">
  <System>
    <Provider Name="Service Control Manager" Guid="{555908d1-a6d7-4695-8e1e-26931d2012f4}" EventSourceName="Service Control Manager" />
    <EventID Qualifiers="16384">7036</EventID>
    <Version>0</Version>
    <Level>4</Level>
    <Task>0</Task>
    <Opcode>0</Opcode>
    <Keywords>0x8080000000000000</Keywords>
    <TimeCreated SystemTime="2023-12-08T01:40:36.8489103Z" />
    <EventRecordID>8648</EventRecordID>
    <Correlation />
    <Execution ProcessID="544" ThreadID="632" />
    <Channel>System</Channel>
    <Computer>WIN-J9D866ESIJ2</Computer>
    <Security />
  </System>
  <EventData>
    <Data Name="param1">SamSs</Data>
    <Data Name="param2">running</Data>
    <Binary>530061006D00530073002F0034000000</Binary>
  </EventData>
</Event>

Имя журнала:   System
Источник:      Service Control Manager
Дата:          08.12.2023 6:40:36
Код события:   7036
Категория задачи:Отсутствует
Уровень:       Сведения
Ключевые слова:Классический
Пользователь:  Н/Д
Компьютер:     WIN-J9D866ESIJ2
Описание:
Служба "MpsSvc" перешла в состояние running.
Xml события:
<Event xmlns="http://schemas.microsoft.com/win/2004/08/events/event">
  <System>
    <Provider Name="Service Control Manager" Guid="{555908d1-a6d7-4695-8e1e-26931d2012f4}" EventSourceName="Service Control Manager" />
    <EventID Qualifiers="16384">7036</EventID>
    <Version>0</Version>
    <Level>4</Level>
    <Task>0</Task>
    <Opcode>0</Opcode>
    <Keywords>0x8080000000000000</Keywords>
    <TimeCreated SystemTime="2023-12-08T01:40:36.8489103Z" />
    <EventRecordID>8647</EventRecordID>
    <Correlation />
    <Execution ProcessID="544" ThreadID="320" />
    <Channel>System</Channel>
    <Computer>WIN-J9D866ESIJ2</Computer>
    <Security />
  </System>
  <EventData>
    <Data Name="param1">MpsSvc</Data>
    <Data Name="param2">running</Data>
    <Binary>4D00700073005300760063002F0034000000</Binary>
  </EventData>
</Event>

Имя журнала:   System
Источник:      Service Control Manager
Дата:          08.12.2023 6:40:36
Код события:   7036
Категория задачи:Отсутствует
Уровень:       Сведения
Ключевые слова:Классический
Пользователь:  Н/Д
Компьютер:     WIN-J9D866ESIJ2
Описание:
Служба "BFE" перешла в состояние running.
Xml события:
<Event xmlns="http://schemas.microsoft.com/win/2004/08/events/event">
  <System>
    <Provider Name="Service Control Manager" Guid="{555908d1-a6d7-4695-8e1e-26931d2012f4}" EventSourceName="Service Control Manager" />
    <EventID Qualifiers="16384">7036</EventID>
    <Version>0</Version>
    <Level>4</Level>
    <Task>0</Task>
    <Opcode>0</Opcode>
    <Keywords>0x8080000000000000</Keywords>
    <TimeCreated SystemTime="2023-12-08T01:40:36.5051554Z" />
    <EventRecordID>8646</EventRecordID>
    <Correlation />
    <Execution ProcessID="544" ThreadID="320" />
    <Channel>System</Channel>
    <Computer>WIN-J9D866ESIJ2</Computer>
    <Security />
  </System>
  <EventData>
    <Data Name="param1">BFE</Data>
    <Data Name="param2">running</Data>
    <Binary>4200460045002F0034000000</Binary>
  </EventData>
</Event>

Имя журнала:   System
Источник:      Microsoft-Windows-WinRM
Дата:          08.12.2023 6:40:37
Код события:   10148
Категория задачи:Отсутствует
Уровень:       Сведения
Ключевые слова:Классический
Пользователь:  Н/Д
Компьютер:     WIN-J9D866ESIJ2
Описание:
Служба WinRM прослушивает запросы WS-Management. 

 Действие пользователя 
 Чтобы посмотреть конкретные IP-адреса, на которых служба WinRM выполняет прослушивание, воспользуйтесь следующей командой: 

 winrm enumerate winrm/config/listener
Xml события:
<Event xmlns="http://schemas.microsoft.com/win/2004/08/events/event">
  <System>
    <Provider Name="Microsoft-Windows-WinRM" Guid="{A7975C8F-AC13-49F1-87DA-5A984A4AB417}" EventSourceName="WinRM" />
    <EventID Qualifiers="7">10148</EventID>
    <Version>0</Version>
    <Level>4</Level>
    <Task>0</Task>
    <Opcode>0</Opcode>
    <Keywords>0x80000000000000</Keywords>
    <TimeCreated SystemTime="2023-12-08T01:40:37.2551633Z" />
    <EventRecordID>8645</EventRecordID>
    <Correlation />
    <Execution ProcessID="0" ThreadID="0" />
    <Channel>System</Channel>
    <Computer>WIN-J9D866ESIJ2</Computer>
    <Security />
  </System>
  <EventData Name="Started Listening">
  </EventData>
</Event>

Имя журнала:   System
Источник:      Service Control Manager
Дата:          08.12.2023 6:40:36
Код события:   7036
Категория задачи:Отсутствует
Уровень:       Сведения
Ключевые слова:Классический
Пользователь:  Н/Д
Компьютер:     WIN-J9D866ESIJ2
Описание:
Служба "UserManager" перешла в состояние running.
Xml события:
<Event xmlns="http://schemas.microsoft.com/win/2004/08/events/event">
  <System>
    <Provider Name="Service Control Manager" Guid="{555908d1-a6d7-4695-8e1e-26931d2012f4}" EventSourceName="Service Control Manager" />
    <EventID Qualifiers="16384">7036</EventID>
    <Version>0</Version>
    <Level>4</Level>
    <Task>0</Task>
    <Opcode>0</Opcode>
    <Keywords>0x8080000000000000</Keywords>
    <TimeCreated SystemTime="2023-12-08T01:40:36.3801638Z" />
    <EventRecordID>8644</EventRecordID>
    <Correlation />
    <Execution ProcessID="544" ThreadID="948" />
    <Channel>System</Channel>
    <Computer>WIN-J9D866ESIJ2</Computer>
    <Security />
  </System>
  <EventData>
    <Data Name="param1">UserManager</Data>
    <Data Name="param2">running</Data>
    <Binary>55007300650072004D0061006E0061006700650072002F0034000000</Binary>
  </EventData>
</Event>

Имя журнала:   System
Источник:      Service Control Manager
Дата:          08.12.2023 6:40:36
Код события:   7036
Категория задачи:Отсутствует
Уровень:       Сведения
Ключевые слова:Классический
Пользователь:  Н/Д
Компьютер:     WIN-J9D866ESIJ2
Описание:
Служба "WinHttpAutoProxySvc" перешла в состояние running.
Xml события:
<Event xmlns="http://schemas.microsoft.com/win/2004/08/events/event">
  <System>
    <Provider Name="Service Control Manager" Guid="{555908d1-a6d7-4695-8e1e-26931d2012f4}" EventSourceName="Service Control Manager" />
    <EventID Qualifiers="16384">7036</EventID>
    <Version>0</Version>
    <Level>4</Level>
    <Task>0</Task>
    <Opcode>0</Opcode>
    <Keywords>0x8080000000000000</Keywords>
    <TimeCreated SystemTime="2023-12-08T01:40:36.3801638Z" />
    <EventRecordID>8643</EventRecordID>
    <Correlation />
    <Execution ProcessID="544" ThreadID="948" />
    <Channel>System</Channel>
    <Computer>WIN-J9D866ESIJ2</Computer>
    <Security />
  </System>
  <EventData>
    <Data Name="param1">WinHttpAutoProxySvc</Data>
    <Data Name="param2">running</Data>
    <Binary>570069006E0048007400740070004100750074006F00500072006F00780079005300760063002F0034000000</Binary>
  </EventData>
</Event>

Имя журнала:   System
Источник:      Service Control Manager
Дата:          08.12.2023 6:40:36
Код события:   7036
Категория задачи:Отсутствует
Уровень:       Сведения
Ключевые слова:Классический
Пользователь:  Н/Д
Компьютер:     WIN-J9D866ESIJ2
Описание:
Служба "WbioSrvc" перешла в состояние running.
Xml события:
<Event xmlns="http://schemas.microsoft.com/win/2004/08/events/event">
  <System>
    <Provider Name="Service Control Manager" Guid="{555908d1-a6d7-4695-8e1e-26931d2012f4}" EventSourceName="Service Control Manager" />
    <EventID Qualifiers="16384">7036</EventID>
    <Version>0</Version>
    <Level>4</Level>
    <Task>0</Task>
    <Opcode>0</Opcode>
    <Keywords>0x8080000000000000</Keywords>
    <TimeCreated SystemTime="2023-12-08T01:40:36.3489160Z" />
    <EventRecordID>8642</EventRecordID>
    <Correlation />
    <Execution ProcessID="544" ThreadID="964" />
    <Channel>System</Channel>
    <Computer>WIN-J9D866ESIJ2</Computer>
    <Security />
  </System>
  <EventData>
    <Data Name="param1">WbioSrvc</Data>
    <Data Name="param2">running</Data>
    <Binary>5700620069006F0053007200760063002F0034000000</Binary>
  </EventData>
</Event>

Имя журнала:   System
Источник:      Service Control Manager
Дата:          08.12.2023 6:40:36
Код события:   7036
Категория задачи:Отсутствует
Уровень:       Сведения
Ключевые слова:Классический
Пользователь:  Н/Д
Компьютер:     WIN-J9D866ESIJ2
Описание:
Служба "TimeBrokerSvc" перешла в состояние running.
Xml события:
<Event xmlns="http://schemas.microsoft.com/win/2004/08/events/event">
  <System>
    <Provider Name="Service Control Manager" Guid="{555908d1-a6d7-4695-8e1e-26931d2012f4}" EventSourceName="Service Control Manager" />
    <EventID Qualifiers="16384">7036</EventID>
    <Version>0</Version>
    <Level>4</Level>
    <Task>0</Task>
    <Opcode>0</Opcode>
    <Keywords>0x8080000000000000</Keywords>
    <TimeCreated SystemTime="2023-12-08T01:40:36.3176553Z" />
    <EventRecordID>8641</EventRecordID>
    <Correlation />
    <Execution ProcessID="544" ThreadID="948" />
    <Channel>System</Channel>
    <Computer>WIN-J9D866ESIJ2</Computer>
    <Security />
  </System>
  <EventData>
    <Data Name="param1">TimeBrokerSvc</Data>
    <Data Name="param2">running</Data>
    <Binary>540069006D006500420072006F006B00650072005300760063002F0034000000</Binary>
  </EventData>
</Event>

Имя журнала:   System
Источник:      Service Control Manager
Дата:          08.12.2023 6:40:36
Код события:   7036
Категория задачи:Отсутствует
Уровень:       Сведения
Ключевые слова:Классический
Пользователь:  Н/Д
Компьютер:     WIN-J9D866ESIJ2
Описание:
Служба "NcbService" перешла в состояние running.
Xml события:
<Event xmlns="http://schemas.microsoft.com/win/2004/08/events/event">
  <System>
    <Provider Name="Service Control Manager" Guid="{555908d1-a6d7-4695-8e1e-26931d2012f4}" EventSourceName="Service Control Manager" />
    <EventID Qualifiers="16384">7036</EventID>
    <Version>0</Version>
    <Level>4</Level>
    <Task>0</Task>
    <Opcode>0</Opcode>
    <Keywords>0x8080000000000000</Keywords>
    <TimeCreated SystemTime="2023-12-08T01:40:36.3176553Z" />
    <EventRecordID>8640</EventRecordID>
    <Correlation />
    <Execution ProcessID="544" ThreadID="320" />
    <Channel>System</Channel>
    <Computer>WIN-J9D866ESIJ2</Computer>
    <Security />
  </System>
  <EventData>
    <Data Name="param1">NcbService</Data>
    <Data Name="param2">running</Data>
    <Binary>4E006300620053006500720076006900630065002F0034000000</Binary>
  </EventData>
</Event>

Имя журнала:   System
Источник:      Service Control Manager
Дата:          08.12.2023 6:40:36
Код события:   7036
Категория задачи:Отсутствует
Уровень:       Сведения
Ключевые слова:Классический
Пользователь:  Н/Д
Компьютер:     WIN-J9D866ESIJ2
Описание:
Служба "SessionEnv" перешла в состояние running.
Xml события:
<Event xmlns="http://schemas.microsoft.com/win/2004/08/events/event">
  <System>
    <Provider Name="Service Control Manager" Guid="{555908d1-a6d7-4695-8e1e-26931d2012f4}" EventSourceName="Service Control Manager" />
    <EventID Qualifiers="16384">7036</EventID>
    <Version>0</Version>
    <Level>4</Level>
    <Task>0</Task>
    <Opcode>0</Opcode>
    <Keywords>0x8080000000000000</Keywords>
    <TimeCreated SystemTime="2023-12-08T01:40:36.3176553Z" />
    <EventRecordID>8639</EventRecordID>
    <Correlation />
    <Execution ProcessID="544" ThreadID="976" />
    <Channel>System</Channel>
    <Computer>WIN-J9D866ESIJ2</Computer>
    <Security />
  </System>
  <EventData>
    <Data Name="param1">SessionEnv</Data>
    <Data Name="param2">running</Data>
    <Binary>530065007300730069006F006E0045006E0076002F0034000000</Binary>
  </EventData>
</Event>

Имя журнала:   System
Источник:      Service Control Manager
Дата:          08.12.2023 6:40:36
Код события:   7036
Категория задачи:Отсутствует
Уровень:       Сведения
Ключевые слова:Классический
Пользователь:  Н/Д
Компьютер:     WIN-J9D866ESIJ2
Описание:
Служба "DsmSvc" перешла в состояние running.
Xml события:
<Event xmlns="http://schemas.microsoft.com/win/2004/08/events/event">
  <System>
    <Provider Name="Service Control Manager" Guid="{555908d1-a6d7-4695-8e1e-26931d2012f4}" EventSourceName="Service Control Manager" />
    <EventID Qualifiers="16384">7036</EventID>
    <Version>0</Version>
    <Level>4</Level>
    <Task>0</Task>
    <Opcode>0</Opcode>
    <Keywords>0x8080000000000000</Keywords>
    <TimeCreated SystemTime="2023-12-08T01:40:36.3020422Z" />
    <EventRecordID>8638</EventRecordID>
    <Correlation />
    <Execution ProcessID="544" ThreadID="888" />
    <Channel>System</Channel>
    <Computer>WIN-J9D866ESIJ2</Computer>
    <Security />
  </System>
  <EventData>
    <Data Name="param1">DsmSvc</Data>
    <Data Name="param2">running</Data>
    <Binary>440073006D005300760063002F0034000000</Binary>
  </EventData>
</Event>

Имя журнала:   System
Источник:      Service Control Manager
Дата:          08.12.2023 6:40:36
Код события:   7036
Категория задачи:Отсутствует
Уровень:       Сведения
Ключевые слова:Классический
Пользователь:  Н/Д
Компьютер:     WIN-J9D866ESIJ2
Описание:
Служба "netprofm" перешла в состояние running.
Xml события:
<Event xmlns="http://schemas.microsoft.com/win/2004/08/events/event">
  <System>
    <Provider Name="Service Control Manager" Guid="{555908d1-a6d7-4695-8e1e-26931d2012f4}" EventSourceName="Service Control Manager" />
    <EventID Qualifiers="16384">7036</EventID>
    <Version>0</Version>
    <Level>4</Level>
    <Task>0</Task>
    <Opcode>0</Opcode>
    <Keywords>0x8080000000000000</Keywords>
    <TimeCreated SystemTime="2023-12-08T01:40:36.2864106Z" />
    <EventRecordID>8637</EventRecordID>
    <Correlation />
    <Execution ProcessID="544" ThreadID="308" />
    <Channel>System</Channel>
    <Computer>WIN-J9D866ESIJ2</Computer>
    <Security />
  </System>
  <EventData>
    <Data Name="param1">netprofm</Data>
    <Data Name="param2">running</Data>
    <Binary>6E0065007400700072006F0066006D002F0034000000</Binary>
  </EventData>
</Event>

Имя журнала:   System
Источник:      Service Control Manager
Дата:          08.12.2023 6:40:36
Код события:   7036
Категория задачи:Отсутствует
Уровень:       Сведения
Ключевые слова:Классический
Пользователь:  Н/Д
Компьютер:     WIN-J9D866ESIJ2
Описание:
Служба "wudfsvc" перешла в состояние running.
Xml события:
<Event xmlns="http://schemas.microsoft.com/win/2004/08/events/event">
  <System>
    <Provider Name="Service Control Manager" Guid="{555908d1-a6d7-4695-8e1e-26931d2012f4}" EventSourceName="Service Control Manager" />
    <EventID Qualifiers="16384">7036</EventID>
    <Version>0</Version>
    <Level>4</Level>
    <Task>0</Task>
    <Opcode>0</Opcode>
    <Keywords>0x8080000000000000</Keywords>
    <TimeCreated SystemTime="2023-12-08T01:40:36.2707913Z" />
    <EventRecordID>8636</EventRecordID>
    <Correlation />
    <Execution ProcessID="544" ThreadID="632" />
    <Channel>System</Channel>
    <Computer>WIN-J9D866ESIJ2</Computer>
    <Security />
  </System>
  <EventData>
    <Data Name="param1">wudfsvc</Data>
    <Data Name="param2">running</Data>
    <Binary>77007500640066007300760063002F0034000000</Binary>
  </EventData>
</Event>

Имя журнала:   System
Источник:      Service Control Manager
Дата:          08.12.2023 6:40:36
Код события:   7036
Категория задачи:Отсутствует
Уровень:       Сведения
Ключевые слова:Классический
Пользователь:  Н/Д
Компьютер:     WIN-J9D866ESIJ2
Описание:
Служба "LanmanWorkstation" перешла в состояние running.
Xml события:
<Event xmlns="http://schemas.microsoft.com/win/2004/08/events/event">
  <System>
    <Provider Name="Service Control Manager" Guid="{555908d1-a6d7-4695-8e1e-26931d2012f4}" EventSourceName="Service Control Manager" />
    <EventID Qualifiers="16384">7036</EventID>
    <Version>0</Version>
    <Level>4</Level>
    <Task>0</Task>
    <Opcode>0</Opcode>
    <Keywords>0x8080000000000000</Keywords>
    <TimeCreated SystemTime="2023-12-08T01:40:36.2707913Z" />
    <EventRecordID>8635</EventRecordID>
    <Correlation />
    <Execution ProcessID="544" ThreadID="320" />
    <Channel>System</Channel>
    <Computer>WIN-J9D866ESIJ2</Computer>
    <Security />
  </System>
  <EventData>
    <Data Name="param1">LanmanWorkstation</Data>
    <Data Name="param2">running</Data>
    <Binary>4C0061006E006D0061006E0057006F0072006B00730074006100740069006F006E002F0034000000</Binary>
  </EventData>
</Event>

Имя журнала:   System
Источник:      Service Control Manager
Дата:          08.12.2023 6:40:36
Код события:   7036
Категория задачи:Отсутствует
Уровень:       Сведения
Ключевые слова:Классический
Пользователь:  Н/Д
Компьютер:     WIN-J9D866ESIJ2
Описание:
Служба "ShellHWDetection" перешла в состояние running.
Xml события:
<Event xmlns="http://schemas.microsoft.com/win/2004/08/events/event">
  <System>
    <Provider Name="Service Control Manager" Guid="{555908d1-a6d7-4695-8e1e-26931d2012f4}" EventSourceName="Service Control Manager" />
    <EventID Qualifiers="16384">7036</EventID>
    <Version>0</Version>
    <Level>4</Level>
    <Task>0</Task>
    <Opcode>0</Opcode>
    <Keywords>0x8080000000000000</Keywords>
    <TimeCreated SystemTime="2023-12-08T01:40:36.2707913Z" />
    <EventRecordID>8634</EventRecordID>
    <Correlation />
    <Execution ProcessID="544" ThreadID="308" />
    <Channel>System</Channel>
    <Computer>WIN-J9D866ESIJ2</Computer>
    <Security />
  </System>
  <EventData>
    <Data Name="param1">ShellHWDetection</Data>
    <Data Name="param2">running</Data>
    <Binary>5300680065006C006C004800570044006500740065006300740069006F006E002F0034000000</Binary>
  </EventData>
</Event>

Имя журнала:   System
Источник:      Service Control Manager
Дата:          08.12.2023 6:40:36
Код события:   7036
Категория задачи:Отсутствует
Уровень:       Сведения
Ключевые слова:Классический
Пользователь:  Н/Д
Компьютер:     WIN-J9D866ESIJ2
Описание:
Служба "CertPropSvc" перешла в состояние running.
Xml события:
<Event xmlns="http://schemas.microsoft.com/win/2004/08/events/event">
  <System>
    <Provider Name="Service Control Manager" Guid="{555908d1-a6d7-4695-8e1e-26931d2012f4}" EventSourceName="Service Control Manager" />
    <EventID Qualifiers="16384">7036</EventID>
    <Version>0</Version>
    <Level>4</Level>
    <Task>0</Task>
    <Opcode>0</Opcode>
    <Keywords>0x8080000000000000</Keywords>
    <TimeCreated SystemTime="2023-12-08T01:40:36.2551717Z" />
    <EventRecordID>8633</EventRecordID>
    <Correlation />
    <Execution ProcessID="544" ThreadID="948" />
    <Channel>System</Channel>
    <Computer>WIN-J9D866ESIJ2</Computer>
    <Security />
  </System>
  <EventData>
    <Data Name="param1">CertPropSvc</Data>
    <Data Name="param2">running</Data>
    <Binary>4300650072007400500072006F0070005300760063002F0034000000</Binary>
  </EventData>
</Event>

Имя журнала:   System
Источник:      NetBT
Дата:          08.12.2023 6:40:36
Код события:   4321
Категория задачи:Отсутствует
Уровень:       Ошибка
Ключевые слова:Классический
Пользователь:  Н/Д
Компьютер:     WIN-J9D866ESIJ2
Описание:
Имя "WIN-J9D866ESIJ2:0" не удалось зарегистрировать на интерфейсе с IP-адресом 89.23.96.69. Компьютер с IP-адресом 89.23.96.15 не разрешил использовать имя, запрошенное этим компьютером.
Xml события:
<Event xmlns="http://schemas.microsoft.com/win/2004/08/events/event">
  <System>
    <Provider Name="NetBT" />
    <EventID Qualifiers="49152">4321</EventID>
    <Level>2</Level>
    <Task>0</Task>
    <Keywords>0x80000000000000</Keywords>
    <TimeCreated SystemTime="2023-12-08T01:40:36.2551717Z" />
    <EventRecordID>8632</EventRecordID>
    <Channel>System</Channel>
    <Computer>WIN-J9D866ESIJ2</Computer>
    <Security />
  </System>
  <EventData>
    <Data>
    </Data>
    <Data>WIN-J9D866ESIJ2:0</Data>
    <Data>89.23.96.69</Data>
    <Data>89.23.96.15</Data>
    <Binary>000000000400320000000000E11000C001010000010000C000000000000000000000000000000000</Binary>
  </EventData>
</Event>

Имя журнала:   System
Источник:      Service Control Manager
Дата:          08.12.2023 6:40:36
Код события:   7036
Категория задачи:Отсутствует
Уровень:       Сведения
Ключевые слова:Классический
Пользователь:  Н/Д
Компьютер:     WIN-J9D866ESIJ2
Описание:
Служба "Dnscache" перешла в состояние running.
Xml события:
<Event xmlns="http://schemas.microsoft.com/win/2004/08/events/event">
  <System>
    <Provider Name="Service Control Manager" Guid="{555908d1-a6d7-4695-8e1e-26931d2012f4}" EventSourceName="Service Control Manager" />
    <EventID Qualifiers="16384">7036</EventID>
    <Version>0</Version>
    <Level>4</Level>
    <Task>0</Task>
    <Opcode>0</Opcode>
    <Keywords>0x8080000000000000</Keywords>
    <TimeCreated SystemTime="2023-12-08T01:40:36.2551717Z" />
    <EventRecordID>8631</EventRecordID>
    <Correlation />
    <Execution ProcessID="544" ThreadID="320" />
    <Channel>System</Channel>
    <Computer>WIN-J9D866ESIJ2</Computer>
    <Security />
  </System>
  <EventData>
    <Data Name="param1">Dnscache</Data>
    <Data Name="param2">running</Data>
    <Binary>44006E007300630061006300680065002F0034000000</Binary>
  </EventData>
</Event>

Имя журнала:   System
Источник:      Service Control Manager
Дата:          08.12.2023 6:40:36
Код события:   7036
Категория задачи:Отсутствует
Уровень:       Сведения
Ключевые слова:Классический
Пользователь:  Н/Д
Компьютер:     WIN-J9D866ESIJ2
Описание:
Служба "NlaSvc" перешла в состояние running.
Xml события:
<Event xmlns="http://schemas.microsoft.com/win/2004/08/events/event">
  <System>
    <Provider Name="Service Control Manager" Guid="{555908d1-a6d7-4695-8e1e-26931d2012f4}" EventSourceName="Service Control Manager" />
    <EventID Qualifiers="16384">7036</EventID>
    <Version>0</Version>
    <Level>4</Level>
    <Task>0</Task>
    <Opcode>0</Opcode>
    <Keywords>0x8080000000000000</Keywords>
    <TimeCreated SystemTime="2023-12-08T01:40:36.2395250Z" />
    <EventRecordID>8630</EventRecordID>
    <Correlation />
    <Execution ProcessID="544" ThreadID="628" />
    <Channel>System</Channel>
    <Computer>WIN-J9D866ESIJ2</Computer>
    <Security />
  </System>
  <EventData>
    <Data Name="param1">NlaSvc</Data>
    <Data Name="param2">running</Data>
    <Binary>4E006C0061005300760063002F0034000000</Binary>
  </EventData>
</Event>

Имя журнала:   System
Источник:      Service Control Manager
Дата:          08.12.2023 6:40:36
Код события:   7036
Категория задачи:Отсутствует
Уровень:       Сведения
Ключевые слова:Классический
Пользователь:  Н/Д
Компьютер:     WIN-J9D866ESIJ2
Описание:
Служба "Schedule" перешла в состояние running.
Xml события:
<Event xmlns="http://schemas.microsoft.com/win/2004/08/events/event">
  <System>
    <Provider Name="Service Control Manager" Guid="{555908d1-a6d7-4695-8e1e-26931d2012f4}" EventSourceName="Service Control Manager" />
    <EventID Qualifiers="16384">7036</EventID>
    <Version>0</Version>
    <Level>4</Level>
    <Task>0</Task>
    <Opcode>0</Opcode>
    <Keywords>0x8080000000000000</Keywords>
    <TimeCreated SystemTime="2023-12-08T01:40:36.2082839Z" />
    <EventRecordID>8629</EventRecordID>
    <Correlation />
    <Execution ProcessID="544" ThreadID="320" />
    <Channel>System</Channel>
    <Computer>WIN-J9D866ESIJ2</Computer>
    <Security />
  </System>
  <EventData>
    <Data Name="param1">Schedule</Data>
    <Data Name="param2">running</Data>
    <Binary>5300630068006500640075006C0065002F0034000000</Binary>
  </EventData>
</Event>

Имя журнала:   System
Источник:      Service Control Manager
Дата:          08.12.2023 6:40:36
Код события:   7036
Категория задачи:Отсутствует
Уровень:       Сведения
Ключевые слова:Классический
Пользователь:  Н/Д
Компьютер:     WIN-J9D866ESIJ2
Описание:
Служба "Wcmsvc" перешла в состояние running.
Xml события:
<Event xmlns="http://schemas.microsoft.com/win/2004/08/events/event">
  <System>
    <Provider Name="Service Control Manager" Guid="{555908d1-a6d7-4695-8e1e-26931d2012f4}" EventSourceName="Service Control Manager" />
    <EventID Qualifiers="16384">7036</EventID>
    <Version>0</Version>
    <Level>4</Level>
    <Task>0</Task>
    <Opcode>0</Opcode>
    <Keywords>0x8080000000000000</Keywords>
    <TimeCreated SystemTime="2023-12-08T01:40:36.1926743Z" />
    <EventRecordID>8628</EventRecordID>
    <Correlation />
    <Execution ProcessID="544" ThreadID="628" />
    <Channel>System</Channel>
    <Computer>WIN-J9D866ESIJ2</Computer>
    <Security />
  </System>
  <EventData>
    <Data Name="param1">Wcmsvc</Data>
    <Data Name="param2">running</Data>
    <Binary>570063006D007300760063002F0034000000</Binary>
  </EventData>
</Event>

Имя журнала:   System
Источник:      Service Control Manager
Дата:          08.12.2023 6:40:36
Код события:   7036
Категория задачи:Отсутствует
Уровень:       Сведения
Ключевые слова:Классический
Пользователь:  Н/Д
Компьютер:     WIN-J9D866ESIJ2
Описание:
Служба "UmRdpService" перешла в состояние running.
Xml события:
<Event xmlns="http://schemas.microsoft.com/win/2004/08/events/event">
  <System>
    <Provider Name="Service Control Manager" Guid="{555908d1-a6d7-4695-8e1e-26931d2012f4}" EventSourceName="Service Control Manager" />
    <EventID Qualifiers="16384">7036</EventID>
    <Version>0</Version>
    <Level>4</Level>
    <Task>0</Task>
    <Opcode>0</Opcode>
    <Keywords>0x8080000000000000</Keywords>
    <TimeCreated SystemTime="2023-12-08T01:40:36.1614221Z" />
    <EventRecordID>8627</EventRecordID>
    <Correlation />
    <Execution ProcessID="544" ThreadID="320" />
    <Channel>System</Channel>
    <Computer>WIN-J9D866ESIJ2</Computer>
    <Security />
  </System>
  <EventData>
    <Data Name="param1">UmRdpService</Data>
    <Data Name="param2">running</Data>
    <Binary>55006D0052006400700053006500720076006900630065002F0034000000</Binary>
  </EventData>
</Event>

Имя журнала:   System
Источник:      Service Control Manager
Дата:          08.12.2023 6:40:36
Код события:   7036
Категория задачи:Отсутствует
Уровень:       Сведения
Ключевые слова:Классический
Пользователь:  Н/Д
Компьютер:     WIN-J9D866ESIJ2
Описание:
Служба "TrustedInstaller" перешла в состояние running.
Xml события:
<Event xmlns="http://schemas.microsoft.com/win/2004/08/events/event">
  <System>
    <Provider Name="Service Control Manager" Guid="{555908d1-a6d7-4695-8e1e-26931d2012f4}" EventSourceName="Service Control Manager" />
    <EventID Qualifiers="16384">7036</EventID>
    <Version>0</Version>
    <Level>4</Level>
    <Task>0</Task>
    <Opcode>0</Opcode>
    <Keywords>0x8080000000000000</Keywords>
    <TimeCreated SystemTime="2023-12-08T01:40:36.1458128Z" />
    <EventRecordID>8626</EventRecordID>
    <Correlation />
    <Execution ProcessID="544" ThreadID="920" />
    <Channel>System</Channel>
    <Computer>WIN-J9D866ESIJ2</Computer>
    <Security />
  </System>
  <EventData>
    <Data Name="param1">TrustedInstaller</Data>
    <Data Name="param2">running</Data>
    <Binary>540072007500730074006500640049006E007300740061006C006C00650072002F0034000000</Binary>
  </EventData>
</Event>

Имя журнала:   System
Источник:      Service Control Manager
Дата:          08.12.2023 6:40:36
Код события:   7036
Категория задачи:Отсутствует
Уровень:       Сведения
Ключевые слова:Классический
Пользователь:  Н/Д
Компьютер:     WIN-J9D866ESIJ2
Описание:
Служба "Dhcp" перешла в состояние running.
Xml события:
<Event xmlns="http://schemas.microsoft.com/win/2004/08/events/event">
  <System>
    <Provider Name="Service Control Manager" Guid="{555908d1-a6d7-4695-8e1e-26931d2012f4}" EventSourceName="Service Control Manager" />
    <EventID Qualifiers="16384">7036</EventID>
    <Version>0</Version>
    <Level>4</Level>
    <Task>0</Task>
    <Opcode>0</Opcode>
    <Keywords>0x8080000000000000</Keywords>
    <TimeCreated SystemTime="2023-12-08T01:40:36.1301793Z" />
    <EventRecordID>8625</EventRecordID>
    <Correlation />
    <Execution ProcessID="544" ThreadID="920" />
    <Channel>System</Channel>
    <Computer>WIN-J9D866ESIJ2</Computer>
    <Security />
  </System>
  <EventData>
    <Data Name="param1">Dhcp</Data>
    <Data Name="param2">running</Data>
    <Binary>44006800630070002F0034000000</Binary>
  </EventData>
</Event>

Имя журнала:   System
Источник:      Microsoft-Windows-DHCPv6-Client
Дата:          08.12.2023 6:40:36
Код события:   51046
Категория задачи:Событие состояния службы
Уровень:       Сведения
Ключевые слова:
Пользователь:  LOCAL SERVICE
Компьютер:     WIN-J9D866ESIJ2
Описание:
Служба клиента DHCPv6 запущена
Xml события:
<Event xmlns="http://schemas.microsoft.com/win/2004/08/events/event">
  <System>
    <Provider Name="Microsoft-Windows-DHCPv6-Client" Guid="{6a1f2b00-6a90-4c38-95a5-5cab3b056778}" />
    <EventID>51046</EventID>
    <Version>0</Version>
    <Level>4</Level>
    <Task>4</Task>
    <Opcode>62</Opcode>
    <Keywords>0x2000000000000000</Keywords>
    <TimeCreated SystemTime="2023-12-08T01:40:36.1428295Z" />
    <EventRecordID>8624</EventRecordID>
    <Correlation />
    <Execution ProcessID="984" ThreadID="1184" />
    <Channel>System</Channel>
    <Computer>WIN-J9D866ESIJ2</Computer>
    <Security UserID="S-1-5-19" />
  </System>
  <EventData>
  </EventData>
</Event>

Имя журнала:   System
Источник:      Service Control Manager
Дата:          08.12.2023 6:40:36
Код события:   7036
Категория задачи:Отсутствует
Уровень:       Сведения
Ключевые слова:Классический
Пользователь:  Н/Д
Компьютер:     WIN-J9D866ESIJ2
Описание:
Служба "SENS" перешла в состояние running.
Xml события:
<Event xmlns="http://schemas.microsoft.com/win/2004/08/events/event">
  <System>
    <Provider Name="Service Control Manager" Guid="{555908d1-a6d7-4695-8e1e-26931d2012f4}" EventSourceName="Service Control Manager" />
    <EventID Qualifiers="16384">7036</EventID>
    <Version>0</Version>
    <Level>4</Level>
    <Task>0</Task>
    <Opcode>0</Opcode>
    <Keywords>0x8080000000000000</Keywords>
    <TimeCreated SystemTime="2023-12-08T01:40:36.1301793Z" />
    <EventRecordID>8623</EventRecordID>
    <Correlation />
    <Execution ProcessID="544" ThreadID="628" />
    <Channel>System</Channel>
    <Computer>WIN-J9D866ESIJ2</Computer>
    <Security />
  </System>
  <EventData>
    <Data Name="param1">SENS</Data>
    <Data Name="param2">running</Data>
    <Binary>530045004E0053002F0034000000</Binary>
  </EventData>
</Event>

Имя журнала:   System
Источник:      Microsoft-Windows-Dhcp-Client
Дата:          08.12.2023 6:40:36
Код события:   50036
Категория задачи:Событие состояния службы
Уровень:       Сведения
Ключевые слова:
Пользователь:  LOCAL SERVICE
Компьютер:     WIN-J9D866ESIJ2
Описание:
Служба клиента DHCPv4 запущена
Xml события:
<Event xmlns="http://schemas.microsoft.com/win/2004/08/events/event">
  <System>
    <Provider Name="Microsoft-Windows-Dhcp-Client" Guid="{15a7a4f8-0072-4eab-abad-f98a4d666aed}" />
    <EventID>50036</EventID>
    <Version>0</Version>
    <Level>4</Level>
    <Task>4</Task>
    <Opcode>68</Opcode>
    <Keywords>0x2000000000000000</Keywords>
    <TimeCreated SystemTime="2023-12-08T01:40:36.1309444Z" />
    <EventRecordID>8622</EventRecordID>
    <Correlation />
    <Execution ProcessID="984" ThreadID="1136" />
    <Channel>System</Channel>
    <Computer>WIN-J9D866ESIJ2</Computer>
    <Security UserID="S-1-5-19" />
  </System>
  <EventData>
  </EventData>
</Event>

Имя журнала:   System
Источник:      Service Control Manager
Дата:          08.12.2023 6:40:36
Код события:   7036
Категория задачи:Отсутствует
Уровень:       Сведения
Ключевые слова:Классический
Пользователь:  Н/Д
Компьютер:     WIN-J9D866ESIJ2
Описание:
Служба "FontCache" перешла в состояние running.
Xml события:
<Event xmlns="http://schemas.microsoft.com/win/2004/08/events/event">
  <System>
    <Provider Name="Service Control Manager" Guid="{555908d1-a6d7-4695-8e1e-26931d2012f4}" EventSourceName="Service Control Manager" />
    <EventID Qualifiers="16384">7036</EventID>
    <Version>0</Version>
    <Level>4</Level>
    <Task>0</Task>
    <Opcode>0</Opcode>
    <Keywords>0x8080000000000000</Keywords>
    <TimeCreated SystemTime="2023-12-08T01:40:36.1145281Z" />
    <EventRecordID>8621</EventRecordID>
    <Correlation />
    <Execution ProcessID="544" ThreadID="628" />
    <Channel>System</Channel>
    <Computer>WIN-J9D866ESIJ2</Computer>
    <Security />
  </System>
  <EventData>
    <Data Name="param1">FontCache</Data>
    <Data Name="param2">running</Data>
    <Binary>46006F006E007400430061006300680065002F0034000000</Binary>
  </EventData>
</Event>

Имя журнала:   System
Источник:      Service Control Manager
Дата:          08.12.2023 6:40:36
Код события:   7036
Категория задачи:Отсутствует
Уровень:       Сведения
Ключевые слова:Классический
Пользователь:  Н/Д
Компьютер:     WIN-J9D866ESIJ2
Описание:
Служба "ProfSvc" перешла в состояние running.
Xml события:
<Event xmlns="http://schemas.microsoft.com/win/2004/08/events/event">
  <System>
    <Provider Name="Service Control Manager" Guid="{555908d1-a6d7-4695-8e1e-26931d2012f4}" EventSourceName="Service Control Manager" />
    <EventID Qualifiers="16384">7036</EventID>
    <Version>0</Version>
    <Level>4</Level>
    <Task>0</Task>
    <Opcode>0</Opcode>
    <Keywords>0x8080000000000000</Keywords>
    <TimeCreated SystemTime="2023-12-08T01:40:36.1145281Z" />
    <EventRecordID>8620</EventRecordID>
    <Correlation />
    <Execution ProcessID="544" ThreadID="628" />
    <Channel>System</Channel>
    <Computer>WIN-J9D866ESIJ2</Computer>
    <Security />
  </System>
  <EventData>
    <Data Name="param1">ProfSvc</Data>
    <Data Name="param2">running</Data>
    <Binary>500072006F0066005300760063002F0034000000</Binary>
  </EventData>
</Event>

Имя журнала:   System
Источник:      Service Control Manager
Дата:          08.12.2023 6:40:36
Код события:   7036
Категория задачи:Отсутствует
Уровень:       Сведения
Ключевые слова:Классический
Пользователь:  Н/Д
Компьютер:     WIN-J9D866ESIJ2
Описание:
Служба "Themes" перешла в состояние running.
Xml события:
<Event xmlns="http://schemas.microsoft.com/win/2004/08/events/event">
  <System>
    <Provider Name="Service Control Manager" Guid="{555908d1-a6d7-4695-8e1e-26931d2012f4}" EventSourceName="Service Control Manager" />
    <EventID Qualifiers="16384">7036</EventID>
    <Version>0</Version>
    <Level>4</Level>
    <Task>0</Task>
    <Opcode>0</Opcode>
    <Keywords>0x8080000000000000</Keywords>
    <TimeCreated SystemTime="2023-12-08T01:40:36.1145281Z" />
    <EventRecordID>8619</EventRecordID>
    <Correlation />
    <Execution ProcessID="544" ThreadID="964" />
    <Channel>System</Channel>
    <Computer>WIN-J9D866ESIJ2</Computer>
    <Security />
  </System>
  <EventData>
    <Data Name="param1">Themes</Data>
    <Data Name="param2">running</Data>
    <Binary>5400680065006D00650073002F0034000000</Binary>
  </EventData>
</Event>

Имя журнала:   System
Источник:      Service Control Manager
Дата:          08.12.2023 6:40:36
Код события:   7036
Категория задачи:Отсутствует
Уровень:       Сведения
Ключевые слова:Классический
Пользователь:  Н/Д
Компьютер:     WIN-J9D866ESIJ2
Описание:
Служба "gpsvc" перешла в состояние running.
Xml события:
<Event xmlns="http://schemas.microsoft.com/win/2004/08/events/event">
  <System>
    <Provider Name="Service Control Manager" Guid="{555908d1-a6d7-4695-8e1e-26931d2012f4}" EventSourceName="Service Control Manager" />
    <EventID Qualifiers="16384">7036</EventID>
    <Version>0</Version>
    <Level>4</Level>
    <Task>0</Task>
    <Opcode>0</Opcode>
    <Keywords>0x8080000000000000</Keywords>
    <TimeCreated SystemTime="2023-12-08T01:40:36.0989066Z" />
    <EventRecordID>8618</EventRecordID>
    <Correlation />
    <Execution ProcessID="544" ThreadID="832" />
    <Channel>System</Channel>
    <Computer>WIN-J9D866ESIJ2</Computer>
    <Security />
  </System>
  <EventData>
    <Data Name="param1">gpsvc</Data>
    <Data Name="param2">running</Data>
    <Binary>670070007300760063002F0034000000</Binary>
  </EventData>
</Event>

Имя журнала:   System
Источник:      Service Control Manager
Дата:          08.12.2023 6:40:36
Код события:   7036
Категория задачи:Отсутствует
Уровень:       Сведения
Ключевые слова:Классический
Пользователь:  Н/Д
Компьютер:     WIN-J9D866ESIJ2
Описание:
Служба "EventSystem" перешла в состояние running.
Xml события:
<Event xmlns="http://schemas.microsoft.com/win/2004/08/events/event">
  <System>
    <Provider Name="Service Control Manager" Guid="{555908d1-a6d7-4695-8e1e-26931d2012f4}" EventSourceName="Service Control Manager" />
    <EventID Qualifiers="16384">7036</EventID>
    <Version>0</Version>
    <Level>4</Level>
    <Task>0</Task>
    <Opcode>0</Opcode>
    <Keywords>0x8080000000000000</Keywords>
    <TimeCreated SystemTime="2023-12-08T01:40:36.0989066Z" />
    <EventRecordID>8617</EventRecordID>
    <Correlation />
    <Execution ProcessID="544" ThreadID="888" />
    <Channel>System</Channel>
    <Computer>WIN-J9D866ESIJ2</Computer>
    <Security />
  </System>
  <EventData>
    <Data Name="param1">EventSystem</Data>
    <Data Name="param2">running</Data>
    <Binary>4500760065006E007400530079007300740065006D002F0034000000</Binary>
  </EventData>
</Event>

