Имя журнала:   System
Источник:      EventLog
Дата:          08.12.2023 1:00:00
Код события:   6013
Категория задачи:Отсутствует
Уровень:       Сведения
Ключевые слова:Классический
Пользователь:  Н/Д
Компьютер:     WIN-J9D866ESIJ2
Описание:
Время работоспособного состояния 17535 сек.
Xml события:
<Event xmlns="http://schemas.microsoft.com/win/2004/08/events/event">
  <System>
    <Provider Name="EventLog" />
    <EventID Qualifiers="32768">6013</EventID>
    <Level>4</Level>
    <Task>0</Task>
    <Keywords>0x80000000000000</Keywords>
    <TimeCreated SystemTime="2023-12-07T20:00:00.2866552Z" />
    <EventRecordID>8424</EventRecordID>
    <Channel>System</Channel>
    <Computer>WIN-J9D866ESIJ2</Computer>
    <Security />
  </System>
  <EventData>
    <Data>
    </Data>
    <Data>
    </Data>
    <Data>
    </Data>
    <Data>
    </Data>
    <Data>17535</Data>
    <Data>60</Data>
    <Data>480 Pacific Standard Time</Data>
    <Binary>31002E003100000030000000570069006E0064006F007700730020005300650072007600650072002000320030003100360020005300740061006E0064006100720064000000310030002E0030002E003100340033003900330020004200750069006C0064002000310034003300390033002000200000004D0075006C0074006900700072006F0063006500730073006F007200200046007200650065000000310034003300390033002E007200730031005F00720065006C0065006100730065005F0031002E003100380030003800330030002D00310030003400340000003500380031003000370032006400310000004E006F007400200041007600610069006C00610062006C00650000004E006F007400200041007600610069006C00610062006C00650000003900000032000000340030003900360000003400300039000000570049004E002D004A00390044003800360036004500530049004A00320000000000</Binary>
  </EventData>
</Event>

Имя журнала:   System
Источник:      Service Control Manager
Дата:          08.12.2023 0:59:41
Код события:   7036
Категория задачи:Отсутствует
Уровень:       Сведения
Ключевые слова:Классический
Пользователь:  Н/Д
Компьютер:     WIN-J9D866ESIJ2
Описание:
Служба "WMI Performance Adapter" перешла в состояние stopped.
Xml события:
<Event xmlns="http://schemas.microsoft.com/win/2004/08/events/event">
  <System>
    <Provider Name="Service Control Manager" Guid="{555908d1-a6d7-4695-8e1e-26931d2012f4}" EventSourceName="Service Control Manager" />
    <EventID Qualifiers="16384">7036</EventID>
    <Version>0</Version>
    <Level>4</Level>
    <Task>0</Task>
    <Opcode>0</Opcode>
    <Keywords>0x8080000000000000</Keywords>
    <TimeCreated SystemTime="2023-12-07T19:59:41.3960446Z" />
    <EventRecordID>8423</EventRecordID>
    <Correlation />
    <Execution ProcessID="532" ThreadID="4160" />
    <Channel>System</Channel>
    <Computer>WIN-J9D866ESIJ2</Computer>
    <Security />
  </System>
  <EventData>
    <Data Name="param1">WMI Performance Adapter</Data>
    <Data Name="param2">stopped</Data>
    <Binary>77006D006900410070005300720076002F0031000000</Binary>
  </EventData>
</Event>

Имя журнала:   System
Источник:      Service Control Manager
Дата:          08.12.2023 0:57:36
Код события:   7036
Категория задачи:Отсутствует
Уровень:       Сведения
Ключевые слова:Классический
Пользователь:  Н/Д
Компьютер:     WIN-J9D866ESIJ2
Описание:
Служба "WMI Performance Adapter" перешла в состояние running.
Xml события:
<Event xmlns="http://schemas.microsoft.com/win/2004/08/events/event">
  <System>
    <Provider Name="Service Control Manager" Guid="{555908d1-a6d7-4695-8e1e-26931d2012f4}" EventSourceName="Service Control Manager" />
    <EventID Qualifiers="16384">7036</EventID>
    <Version>0</Version>
    <Level>4</Level>
    <Task>0</Task>
    <Opcode>0</Opcode>
    <Keywords>0x8080000000000000</Keywords>
    <TimeCreated SystemTime="2023-12-07T19:57:36.3428408Z" />
    <EventRecordID>8422</EventRecordID>
    <Correlation />
    <Execution ProcessID="532" ThreadID="4160" />
    <Channel>System</Channel>
    <Computer>WIN-J9D866ESIJ2</Computer>
    <Security />
  </System>
  <EventData>
    <Data Name="param1">WMI Performance Adapter</Data>
    <Data Name="param2">running</Data>
    <Binary>77006D006900410070005300720076002F0034000000</Binary>
  </EventData>
</Event>

Имя журнала:   System
Источник:      Service Control Manager
Дата:          08.12.2023 0:52:48
Код события:   7036
Категория задачи:Отсутствует
Уровень:       Сведения
Ключевые слова:Классический
Пользователь:  Н/Д
Компьютер:     WIN-J9D866ESIJ2
Описание:
Служба "WinHTTP Web Proxy Auto-Discovery Service" перешла в состояние running.
Xml события:
<Event xmlns="http://schemas.microsoft.com/win/2004/08/events/event">
  <System>
    <Provider Name="Service Control Manager" Guid="{555908d1-a6d7-4695-8e1e-26931d2012f4}" EventSourceName="Service Control Manager" />
    <EventID Qualifiers="16384">7036</EventID>
    <Version>0</Version>
    <Level>4</Level>
    <Task>0</Task>
    <Opcode>0</Opcode>
    <Keywords>0x8080000000000000</Keywords>
    <TimeCreated SystemTime="2023-12-07T19:52:48.6581781Z" />
    <EventRecordID>8421</EventRecordID>
    <Correlation />
    <Execution ProcessID="532" ThreadID="4160" />
    <Channel>System</Channel>
    <Computer>WIN-J9D866ESIJ2</Computer>
    <Security />
  </System>
  <EventData>
    <Data Name="param1">WinHTTP Web Proxy Auto-Discovery Service</Data>
    <Data Name="param2">running</Data>
    <Binary>570069006E0048007400740070004100750074006F00500072006F00780079005300760063002F0034000000</Binary>
  </EventData>
</Event>

Имя журнала:   System
Источник:      Service Control Manager
Дата:          08.12.2023 0:51:18
Код события:   7036
Категория задачи:Отсутствует
Уровень:       Сведения
Ключевые слова:Классический
Пользователь:  Н/Д
Компьютер:     WIN-J9D866ESIJ2
Описание:
Служба "WinHTTP Web Proxy Auto-Discovery Service" перешла в состояние stopped.
Xml события:
<Event xmlns="http://schemas.microsoft.com/win/2004/08/events/event">
  <System>
    <Provider Name="Service Control Manager" Guid="{555908d1-a6d7-4695-8e1e-26931d2012f4}" EventSourceName="Service Control Manager" />
    <EventID Qualifiers="16384">7036</EventID>
    <Version>0</Version>
    <Level>4</Level>
    <Task>0</Task>
    <Opcode>0</Opcode>
    <Keywords>0x8080000000000000</Keywords>
    <TimeCreated SystemTime="2023-12-07T19:51:18.6777141Z" />
    <EventRecordID>8420</EventRecordID>
    <Correlation />
    <Execution ProcessID="532" ThreadID="4160" />
    <Channel>System</Channel>
    <Computer>WIN-J9D866ESIJ2</Computer>
    <Security />
  </System>
  <EventData>
    <Data Name="param1">WinHTTP Web Proxy Auto-Discovery Service</Data>
    <Data Name="param2">stopped</Data>
    <Binary>570069006E0048007400740070004100750074006F00500072006F00780079005300760063002F0031000000</Binary>
  </EventData>
</Event>

Имя журнала:   System
Источник:      Service Control Manager
Дата:          08.12.2023 0:43:35
Код события:   7036
Категория задачи:Отсутствует
Уровень:       Сведения
Ключевые слова:Классический
Пользователь:  Н/Д
Компьютер:     WIN-J9D866ESIJ2
Описание:
Служба "WMI Performance Adapter" перешла в состояние stopped.
Xml события:
<Event xmlns="http://schemas.microsoft.com/win/2004/08/events/event">
  <System>
    <Provider Name="Service Control Manager" Guid="{555908d1-a6d7-4695-8e1e-26931d2012f4}" EventSourceName="Service Control Manager" />
    <EventID Qualifiers="16384">7036</EventID>
    <Version>0</Version>
    <Level>4</Level>
    <Task>0</Task>
    <Opcode>0</Opcode>
    <Keywords>0x8080000000000000</Keywords>
    <TimeCreated SystemTime="2023-12-07T19:43:35.8251376Z" />
    <EventRecordID>8419</EventRecordID>
    <Correlation />
    <Execution ProcessID="532" ThreadID="4160" />
    <Channel>System</Channel>
    <Computer>WIN-J9D866ESIJ2</Computer>
    <Security />
  </System>
  <EventData>
    <Data Name="param1">WMI Performance Adapter</Data>
    <Data Name="param2">stopped</Data>
    <Binary>77006D006900410070005300720076002F0031000000</Binary>
  </EventData>
</Event>

Имя журнала:   System
Источник:      Service Control Manager
Дата:          08.12.2023 0:41:30
Код события:   7036
Категория задачи:Отсутствует
Уровень:       Сведения
Ключевые слова:Классический
Пользователь:  Н/Д
Компьютер:     WIN-J9D866ESIJ2
Описание:
Служба "WMI Performance Adapter" перешла в состояние running.
Xml события:
<Event xmlns="http://schemas.microsoft.com/win/2004/08/events/event">
  <System>
    <Provider Name="Service Control Manager" Guid="{555908d1-a6d7-4695-8e1e-26931d2012f4}" EventSourceName="Service Control Manager" />
    <EventID Qualifiers="16384">7036</EventID>
    <Version>0</Version>
    <Level>4</Level>
    <Task>0</Task>
    <Opcode>0</Opcode>
    <Keywords>0x8080000000000000</Keywords>
    <TimeCreated SystemTime="2023-12-07T19:41:30.8895899Z" />
    <EventRecordID>8418</EventRecordID>
    <Correlation />
    <Execution ProcessID="532" ThreadID="4160" />
    <Channel>System</Channel>
    <Computer>WIN-J9D866ESIJ2</Computer>
    <Security />
  </System>
  <EventData>
    <Data Name="param1">WMI Performance Adapter</Data>
    <Data Name="param2">running</Data>
    <Binary>77006D006900410070005300720076002F0034000000</Binary>
  </EventData>
</Event>

Имя журнала:   System
Источник:      Service Control Manager
Дата:          08.12.2023 0:27:30
Код события:   7036
Категория задачи:Отсутствует
Уровень:       Сведения
Ключевые слова:Классический
Пользователь:  Н/Д
Компьютер:     WIN-J9D866ESIJ2
Описание:
Служба "WMI Performance Adapter" перешла в состояние stopped.
Xml события:
<Event xmlns="http://schemas.microsoft.com/win/2004/08/events/event">
  <System>
    <Provider Name="Service Control Manager" Guid="{555908d1-a6d7-4695-8e1e-26931d2012f4}" EventSourceName="Service Control Manager" />
    <EventID Qualifiers="16384">7036</EventID>
    <Version>0</Version>
    <Level>4</Level>
    <Task>0</Task>
    <Opcode>0</Opcode>
    <Keywords>0x8080000000000000</Keywords>
    <TimeCreated SystemTime="2023-12-07T19:27:30.3607495Z" />
    <EventRecordID>8417</EventRecordID>
    <Correlation />
    <Execution ProcessID="532" ThreadID="4160" />
    <Channel>System</Channel>
    <Computer>WIN-J9D866ESIJ2</Computer>
    <Security />
  </System>
  <EventData>
    <Data Name="param1">WMI Performance Adapter</Data>
    <Data Name="param2">stopped</Data>
    <Binary>77006D006900410070005300720076002F0031000000</Binary>
  </EventData>
</Event>

Имя журнала:   System
Источник:      Service Control Manager
Дата:          08.12.2023 0:25:25
Код события:   7036
Категория задачи:Отсутствует
Уровень:       Сведения
Ключевые слова:Классический
Пользователь:  Н/Д
Компьютер:     WIN-J9D866ESIJ2
Описание:
Служба "WMI Performance Adapter" перешла в состояние running.
Xml события:
<Event xmlns="http://schemas.microsoft.com/win/2004/08/events/event">
  <System>
    <Provider Name="Service Control Manager" Guid="{555908d1-a6d7-4695-8e1e-26931d2012f4}" EventSourceName="Service Control Manager" />
    <EventID Qualifiers="16384">7036</EventID>
    <Version>0</Version>
    <Level>4</Level>
    <Task>0</Task>
    <Opcode>0</Opcode>
    <Keywords>0x8080000000000000</Keywords>
    <TimeCreated SystemTime="2023-12-07T19:25:25.3822751Z" />
    <EventRecordID>8416</EventRecordID>
    <Correlation />
    <Execution ProcessID="532" ThreadID="4160" />
    <Channel>System</Channel>
    <Computer>WIN-J9D866ESIJ2</Computer>
    <Security />
  </System>
  <EventData>
    <Data Name="param1">WMI Performance Adapter</Data>
    <Data Name="param2">running</Data>
    <Binary>77006D006900410070005300720076002F0034000000</Binary>
  </EventData>
</Event>

Имя журнала:   System
Источник:      Service Control Manager
Дата:          08.12.2023 0:11:24
Код события:   7036
Категория задачи:Отсутствует
Уровень:       Сведения
Ключевые слова:Классический
Пользователь:  Н/Д
Компьютер:     WIN-J9D866ESIJ2
Описание:
Служба "WMI Performance Adapter" перешла в состояние stopped.
Xml события:
<Event xmlns="http://schemas.microsoft.com/win/2004/08/events/event">
  <System>
    <Provider Name="Service Control Manager" Guid="{555908d1-a6d7-4695-8e1e-26931d2012f4}" EventSourceName="Service Control Manager" />
    <EventID Qualifiers="16384">7036</EventID>
    <Version>0</Version>
    <Level>4</Level>
    <Task>0</Task>
    <Opcode>0</Opcode>
    <Keywords>0x8080000000000000</Keywords>
    <TimeCreated SystemTime="2023-12-07T19:11:24.7711579Z" />
    <EventRecordID>8415</EventRecordID>
    <Correlation />
    <Execution ProcessID="532" ThreadID="3760" />
    <Channel>System</Channel>
    <Computer>WIN-J9D866ESIJ2</Computer>
    <Security />
  </System>
  <EventData>
    <Data Name="param1">WMI Performance Adapter</Data>
    <Data Name="param2">stopped</Data>
    <Binary>77006D006900410070005300720076002F0031000000</Binary>
  </EventData>
</Event>

Имя журнала:   System
Источник:      Service Control Manager
Дата:          08.12.2023 0:09:19
Код события:   7036
Категория задачи:Отсутствует
Уровень:       Сведения
Ключевые слова:Классический
Пользователь:  Н/Д
Компьютер:     WIN-J9D866ESIJ2
Описание:
Служба "WMI Performance Adapter" перешла в состояние running.
Xml события:
<Event xmlns="http://schemas.microsoft.com/win/2004/08/events/event">
  <System>
    <Provider Name="Service Control Manager" Guid="{555908d1-a6d7-4695-8e1e-26931d2012f4}" EventSourceName="Service Control Manager" />
    <EventID Qualifiers="16384">7036</EventID>
    <Version>0</Version>
    <Level>4</Level>
    <Task>0</Task>
    <Opcode>0</Opcode>
    <Keywords>0x8080000000000000</Keywords>
    <TimeCreated SystemTime="2023-12-07T19:09:19.9127580Z" />
    <EventRecordID>8414</EventRecordID>
    <Correlation />
    <Execution ProcessID="532" ThreadID="3760" />
    <Channel>System</Channel>
    <Computer>WIN-J9D866ESIJ2</Computer>
    <Security />
  </System>
  <EventData>
    <Data Name="param1">WMI Performance Adapter</Data>
    <Data Name="param2">running</Data>
    <Binary>77006D006900410070005300720076002F0034000000</Binary>
  </EventData>
</Event>

Имя журнала:   System
Источник:      Service Control Manager
Дата:          07.12.2023 23:55:19
Код события:   7036
Категория задачи:Отсутствует
Уровень:       Сведения
Ключевые слова:Классический
Пользователь:  Н/Д
Компьютер:     WIN-J9D866ESIJ2
Описание:
Служба "WMI Performance Adapter" перешла в состояние stopped.
Xml события:
<Event xmlns="http://schemas.microsoft.com/win/2004/08/events/event">
  <System>
    <Provider Name="Service Control Manager" Guid="{555908d1-a6d7-4695-8e1e-26931d2012f4}" EventSourceName="Service Control Manager" />
    <EventID Qualifiers="16384">7036</EventID>
    <Version>0</Version>
    <Level>4</Level>
    <Task>0</Task>
    <Opcode>0</Opcode>
    <Keywords>0x8080000000000000</Keywords>
    <TimeCreated SystemTime="2023-12-07T18:55:19.3125591Z" />
    <EventRecordID>8413</EventRecordID>
    <Correlation />
    <Execution ProcessID="532" ThreadID="2980" />
    <Channel>System</Channel>
    <Computer>WIN-J9D866ESIJ2</Computer>
    <Security />
  </System>
  <EventData>
    <Data Name="param1">WMI Performance Adapter</Data>
    <Data Name="param2">stopped</Data>
    <Binary>77006D006900410070005300720076002F0031000000</Binary>
  </EventData>
</Event>

Имя журнала:   System
Источник:      Service Control Manager
Дата:          07.12.2023 23:53:14
Код события:   7036
Категория задачи:Отсутствует
Уровень:       Сведения
Ключевые слова:Классический
Пользователь:  Н/Д
Компьютер:     WIN-J9D866ESIJ2
Описание:
Служба "WMI Performance Adapter" перешла в состояние running.
Xml события:
<Event xmlns="http://schemas.microsoft.com/win/2004/08/events/event">
  <System>
    <Provider Name="Service Control Manager" Guid="{555908d1-a6d7-4695-8e1e-26931d2012f4}" EventSourceName="Service Control Manager" />
    <EventID Qualifiers="16384">7036</EventID>
    <Version>0</Version>
    <Level>4</Level>
    <Task>0</Task>
    <Opcode>0</Opcode>
    <Keywords>0x8080000000000000</Keywords>
    <TimeCreated SystemTime="2023-12-07T18:53:14.3379505Z" />
    <EventRecordID>8412</EventRecordID>
    <Correlation />
    <Execution ProcessID="532" ThreadID="2980" />
    <Channel>System</Channel>
    <Computer>WIN-J9D866ESIJ2</Computer>
    <Security />
  </System>
  <EventData>
    <Data Name="param1">WMI Performance Adapter</Data>
    <Data Name="param2">running</Data>
    <Binary>77006D006900410070005300720076002F0034000000</Binary>
  </EventData>
</Event>

Имя журнала:   System
Источник:      Service Control Manager
Дата:          07.12.2023 23:52:48
Код события:   7036
Категория задачи:Отсутствует
Уровень:       Сведения
Ключевые слова:Классический
Пользователь:  Н/Д
Компьютер:     WIN-J9D866ESIJ2
Описание:
Служба "WinHTTP Web Proxy Auto-Discovery Service" перешла в состояние running.
Xml события:
<Event xmlns="http://schemas.microsoft.com/win/2004/08/events/event">
  <System>
    <Provider Name="Service Control Manager" Guid="{555908d1-a6d7-4695-8e1e-26931d2012f4}" EventSourceName="Service Control Manager" />
    <EventID Qualifiers="16384">7036</EventID>
    <Version>0</Version>
    <Level>4</Level>
    <Task>0</Task>
    <Opcode>0</Opcode>
    <Keywords>0x8080000000000000</Keywords>
    <TimeCreated SystemTime="2023-12-07T18:52:48.6553303Z" />
    <EventRecordID>8411</EventRecordID>
    <Correlation />
    <Execution ProcessID="532" ThreadID="2980" />
    <Channel>System</Channel>
    <Computer>WIN-J9D866ESIJ2</Computer>
    <Security />
  </System>
  <EventData>
    <Data Name="param1">WinHTTP Web Proxy Auto-Discovery Service</Data>
    <Data Name="param2">running</Data>
    <Binary>570069006E0048007400740070004100750074006F00500072006F00780079005300760063002F0034000000</Binary>
  </EventData>
</Event>

Имя журнала:   System
Источник:      Service Control Manager
Дата:          07.12.2023 23:49:48
Код события:   7036
Категория задачи:Отсутствует
Уровень:       Сведения
Ключевые слова:Классический
Пользователь:  Н/Д
Компьютер:     WIN-J9D866ESIJ2
Описание:
Служба "WinHTTP Web Proxy Auto-Discovery Service" перешла в состояние stopped.
Xml события:
<Event xmlns="http://schemas.microsoft.com/win/2004/08/events/event">
  <System>
    <Provider Name="Service Control Manager" Guid="{555908d1-a6d7-4695-8e1e-26931d2012f4}" EventSourceName="Service Control Manager" />
    <EventID Qualifiers="16384">7036</EventID>
    <Version>0</Version>
    <Level>4</Level>
    <Task>0</Task>
    <Opcode>0</Opcode>
    <Keywords>0x8080000000000000</Keywords>
    <TimeCreated SystemTime="2023-12-07T18:49:48.6533775Z" />
    <EventRecordID>8410</EventRecordID>
    <Correlation />
    <Execution ProcessID="532" ThreadID="2980" />
    <Channel>System</Channel>
    <Computer>WIN-J9D866ESIJ2</Computer>
    <Security />
  </System>
  <EventData>
    <Data Name="param1">WinHTTP Web Proxy Auto-Discovery Service</Data>
    <Data Name="param2">stopped</Data>
    <Binary>570069006E0048007400740070004100750074006F00500072006F00780079005300760063002F0031000000</Binary>
  </EventData>
</Event>

Имя журнала:   System
Источник:      Service Control Manager
Дата:          07.12.2023 23:39:13
Код события:   7036
Категория задачи:Отсутствует
Уровень:       Сведения
Ключевые слова:Классический
Пользователь:  Н/Д
Компьютер:     WIN-J9D866ESIJ2
Описание:
Служба "WMI Performance Adapter" перешла в состояние stopped.
Xml события:
<Event xmlns="http://schemas.microsoft.com/win/2004/08/events/event">
  <System>
    <Provider Name="Service Control Manager" Guid="{555908d1-a6d7-4695-8e1e-26931d2012f4}" EventSourceName="Service Control Manager" />
    <EventID Qualifiers="16384">7036</EventID>
    <Version>0</Version>
    <Level>4</Level>
    <Task>0</Task>
    <Opcode>0</Opcode>
    <Keywords>0x8080000000000000</Keywords>
    <TimeCreated SystemTime="2023-12-07T18:39:13.7603085Z" />
    <EventRecordID>8409</EventRecordID>
    <Correlation />
    <Execution ProcessID="532" ThreadID="4160" />
    <Channel>System</Channel>
    <Computer>WIN-J9D866ESIJ2</Computer>
    <Security />
  </System>
  <EventData>
    <Data Name="param1">WMI Performance Adapter</Data>
    <Data Name="param2">stopped</Data>
    <Binary>77006D006900410070005300720076002F0031000000</Binary>
  </EventData>
</Event>

Имя журнала:   System
Источник:      Service Control Manager
Дата:          07.12.2023 23:37:08
Код события:   7036
Категория задачи:Отсутствует
Уровень:       Сведения
Ключевые слова:Классический
Пользователь:  Н/Д
Компьютер:     WIN-J9D866ESIJ2
Описание:
Служба "WMI Performance Adapter" перешла в состояние running.
Xml события:
<Event xmlns="http://schemas.microsoft.com/win/2004/08/events/event">
  <System>
    <Provider Name="Service Control Manager" Guid="{555908d1-a6d7-4695-8e1e-26931d2012f4}" EventSourceName="Service Control Manager" />
    <EventID Qualifiers="16384">7036</EventID>
    <Version>0</Version>
    <Level>4</Level>
    <Task>0</Task>
    <Opcode>0</Opcode>
    <Keywords>0x8080000000000000</Keywords>
    <TimeCreated SystemTime="2023-12-07T18:37:08.7710187Z" />
    <EventRecordID>8408</EventRecordID>
    <Correlation />
    <Execution ProcessID="532" ThreadID="4160" />
    <Channel>System</Channel>
    <Computer>WIN-J9D866ESIJ2</Computer>
    <Security />
  </System>
  <EventData>
    <Data Name="param1">WMI Performance Adapter</Data>
    <Data Name="param2">running</Data>
    <Binary>77006D006900410070005300720076002F0034000000</Binary>
  </EventData>
</Event>

Имя журнала:   System
Источник:      Service Control Manager
Дата:          07.12.2023 23:23:08
Код события:   7036
Категория задачи:Отсутствует
Уровень:       Сведения
Ключевые слова:Классический
Пользователь:  Н/Д
Компьютер:     WIN-J9D866ESIJ2
Описание:
Служба "WMI Performance Adapter" перешла в состояние stopped.
Xml события:
<Event xmlns="http://schemas.microsoft.com/win/2004/08/events/event">
  <System>
    <Provider Name="Service Control Manager" Guid="{555908d1-a6d7-4695-8e1e-26931d2012f4}" EventSourceName="Service Control Manager" />
    <EventID Qualifiers="16384">7036</EventID>
    <Version>0</Version>
    <Level>4</Level>
    <Task>0</Task>
    <Opcode>0</Opcode>
    <Keywords>0x8080000000000000</Keywords>
    <TimeCreated SystemTime="2023-12-07T18:23:08.2410360Z" />
    <EventRecordID>8407</EventRecordID>
    <Correlation />
    <Execution ProcessID="532" ThreadID="4160" />
    <Channel>System</Channel>
    <Computer>WIN-J9D866ESIJ2</Computer>
    <Security />
  </System>
  <EventData>
    <Data Name="param1">WMI Performance Adapter</Data>
    <Data Name="param2">stopped</Data>
    <Binary>77006D006900410070005300720076002F0031000000</Binary>
  </EventData>
</Event>

Имя журнала:   System
Источник:      Service Control Manager
Дата:          07.12.2023 23:22:48
Код события:   7036
Категория задачи:Отсутствует
Уровень:       Сведения
Ключевые слова:Классический
Пользователь:  Н/Д
Компьютер:     WIN-J9D866ESIJ2
Описание:
Служба "WinHTTP Web Proxy Auto-Discovery Service" перешла в состояние running.
Xml события:
<Event xmlns="http://schemas.microsoft.com/win/2004/08/events/event">
  <System>
    <Provider Name="Service Control Manager" Guid="{555908d1-a6d7-4695-8e1e-26931d2012f4}" EventSourceName="Service Control Manager" />
    <EventID Qualifiers="16384">7036</EventID>
    <Version>0</Version>
    <Level>4</Level>
    <Task>0</Task>
    <Opcode>0</Opcode>
    <Keywords>0x8080000000000000</Keywords>
    <TimeCreated SystemTime="2023-12-07T18:22:48.6404541Z" />
    <EventRecordID>8406</EventRecordID>
    <Correlation />
    <Execution ProcessID="532" ThreadID="4160" />
    <Channel>System</Channel>
    <Computer>WIN-J9D866ESIJ2</Computer>
    <Security />
  </System>
  <EventData>
    <Data Name="param1">WinHTTP Web Proxy Auto-Discovery Service</Data>
    <Data Name="param2">running</Data>
    <Binary>570069006E0048007400740070004100750074006F00500072006F00780079005300760063002F0034000000</Binary>
  </EventData>
</Event>

Имя журнала:   System
Источник:      Service Control Manager
Дата:          07.12.2023 23:21:18
Код события:   7036
Категория задачи:Отсутствует
Уровень:       Сведения
Ключевые слова:Классический
Пользователь:  Н/Д
Компьютер:     WIN-J9D866ESIJ2
Описание:
Служба "WinHTTP Web Proxy Auto-Discovery Service" перешла в состояние stopped.
Xml события:
<Event xmlns="http://schemas.microsoft.com/win/2004/08/events/event">
  <System>
    <Provider Name="Service Control Manager" Guid="{555908d1-a6d7-4695-8e1e-26931d2012f4}" EventSourceName="Service Control Manager" />
    <EventID Qualifiers="16384">7036</EventID>
    <Version>0</Version>
    <Level>4</Level>
    <Task>0</Task>
    <Opcode>0</Opcode>
    <Keywords>0x8080000000000000</Keywords>
    <TimeCreated SystemTime="2023-12-07T18:21:18.6404862Z" />
    <EventRecordID>8405</EventRecordID>
    <Correlation />
    <Execution ProcessID="532" ThreadID="4160" />
    <Channel>System</Channel>
    <Computer>WIN-J9D866ESIJ2</Computer>
    <Security />
  </System>
  <EventData>
    <Data Name="param1">WinHTTP Web Proxy Auto-Discovery Service</Data>
    <Data Name="param2">stopped</Data>
    <Binary>570069006E0048007400740070004100750074006F00500072006F00780079005300760063002F0031000000</Binary>
  </EventData>
</Event>

Имя журнала:   System
Источник:      Service Control Manager
Дата:          07.12.2023 23:21:03
Код события:   7036
Категория задачи:Отсутствует
Уровень:       Сведения
Ключевые слова:Классический
Пользователь:  Н/Д
Компьютер:     WIN-J9D866ESIJ2
Описание:
Служба "WMI Performance Adapter" перешла в состояние running.
Xml события:
<Event xmlns="http://schemas.microsoft.com/win/2004/08/events/event">
  <System>
    <Provider Name="Service Control Manager" Guid="{555908d1-a6d7-4695-8e1e-26931d2012f4}" EventSourceName="Service Control Manager" />
    <EventID Qualifiers="16384">7036</EventID>
    <Version>0</Version>
    <Level>4</Level>
    <Task>0</Task>
    <Opcode>0</Opcode>
    <Keywords>0x8080000000000000</Keywords>
    <TimeCreated SystemTime="2023-12-07T18:21:03.3748675Z" />
    <EventRecordID>8404</EventRecordID>
    <Correlation />
    <Execution ProcessID="532" ThreadID="4160" />
    <Channel>System</Channel>
    <Computer>WIN-J9D866ESIJ2</Computer>
    <Security />
  </System>
  <EventData>
    <Data Name="param1">WMI Performance Adapter</Data>
    <Data Name="param2">running</Data>
    <Binary>77006D006900410070005300720076002F0034000000</Binary>
  </EventData>
</Event>

Имя журнала:   System
Источник:      Service Control Manager
Дата:          07.12.2023 23:07:02
Код события:   7036
Категория задачи:Отсутствует
Уровень:       Сведения
Ключевые слова:Классический
Пользователь:  Н/Д
Компьютер:     WIN-J9D866ESIJ2
Описание:
Служба "WMI Performance Adapter" перешла в состояние stopped.
Xml события:
<Event xmlns="http://schemas.microsoft.com/win/2004/08/events/event">
  <System>
    <Provider Name="Service Control Manager" Guid="{555908d1-a6d7-4695-8e1e-26931d2012f4}" EventSourceName="Service Control Manager" />
    <EventID Qualifiers="16384">7036</EventID>
    <Version>0</Version>
    <Level>4</Level>
    <Task>0</Task>
    <Opcode>0</Opcode>
    <Keywords>0x8080000000000000</Keywords>
    <TimeCreated SystemTime="2023-12-07T18:07:02.7676737Z" />
    <EventRecordID>8403</EventRecordID>
    <Correlation />
    <Execution ProcessID="532" ThreadID="2436" />
    <Channel>System</Channel>
    <Computer>WIN-J9D866ESIJ2</Computer>
    <Security />
  </System>
  <EventData>
    <Data Name="param1">WMI Performance Adapter</Data>
    <Data Name="param2">stopped</Data>
    <Binary>77006D006900410070005300720076002F0031000000</Binary>
  </EventData>
</Event>

Имя журнала:   System
Источник:      Service Control Manager
Дата:          07.12.2023 23:04:57
Код события:   7036
Категория задачи:Отсутствует
Уровень:       Сведения
Ключевые слова:Классический
Пользователь:  Н/Д
Компьютер:     WIN-J9D866ESIJ2
Описание:
Служба "WMI Performance Adapter" перешла в состояние running.
Xml события:
<Event xmlns="http://schemas.microsoft.com/win/2004/08/events/event">
  <System>
    <Provider Name="Service Control Manager" Guid="{555908d1-a6d7-4695-8e1e-26931d2012f4}" EventSourceName="Service Control Manager" />
    <EventID Qualifiers="16384">7036</EventID>
    <Version>0</Version>
    <Level>4</Level>
    <Task>0</Task>
    <Opcode>0</Opcode>
    <Keywords>0x8080000000000000</Keywords>
    <TimeCreated SystemTime="2023-12-07T18:04:57.8057799Z" />
    <EventRecordID>8402</EventRecordID>
    <Correlation />
    <Execution ProcessID="532" ThreadID="2436" />
    <Channel>System</Channel>
    <Computer>WIN-J9D866ESIJ2</Computer>
    <Security />
  </System>
  <EventData>
    <Data Name="param1">WMI Performance Adapter</Data>
    <Data Name="param2">running</Data>
    <Binary>77006D006900410070005300720076002F0034000000</Binary>
  </EventData>
</Event>

Имя журнала:   System
Источник:      Service Control Manager
Дата:          07.12.2023 22:52:48
Код события:   7036
Категория задачи:Отсутствует
Уровень:       Сведения
Ключевые слова:Классический
Пользователь:  Н/Д
Компьютер:     WIN-J9D866ESIJ2
Описание:
Служба "WinHTTP Web Proxy Auto-Discovery Service" перешла в состояние running.
Xml события:
<Event xmlns="http://schemas.microsoft.com/win/2004/08/events/event">
  <System>
    <Provider Name="Service Control Manager" Guid="{555908d1-a6d7-4695-8e1e-26931d2012f4}" EventSourceName="Service Control Manager" />
    <EventID Qualifiers="16384">7036</EventID>
    <Version>0</Version>
    <Level>4</Level>
    <Task>0</Task>
    <Opcode>0</Opcode>
    <Keywords>0x8080000000000000</Keywords>
    <TimeCreated SystemTime="2023-12-07T17:52:48.6259922Z" />
    <EventRecordID>8401</EventRecordID>
    <Correlation />
    <Execution ProcessID="532" ThreadID="4504" />
    <Channel>System</Channel>
    <Computer>WIN-J9D866ESIJ2</Computer>
    <Security />
  </System>
  <EventData>
    <Data Name="param1">WinHTTP Web Proxy Auto-Discovery Service</Data>
    <Data Name="param2">running</Data>
    <Binary>570069006E0048007400740070004100750074006F00500072006F00780079005300760063002F0034000000</Binary>
  </EventData>
</Event>

Имя журнала:   System
Источник:      Service Control Manager
Дата:          07.12.2023 22:50:57
Код события:   7036
Категория задачи:Отсутствует
Уровень:       Сведения
Ключевые слова:Классический
Пользователь:  Н/Д
Компьютер:     WIN-J9D866ESIJ2
Описание:
Служба "WMI Performance Adapter" перешла в состояние stopped.
Xml события:
<Event xmlns="http://schemas.microsoft.com/win/2004/08/events/event">
  <System>
    <Provider Name="Service Control Manager" Guid="{555908d1-a6d7-4695-8e1e-26931d2012f4}" EventSourceName="Service Control Manager" />
    <EventID Qualifiers="16384">7036</EventID>
    <Version>0</Version>
    <Level>4</Level>
    <Task>0</Task>
    <Opcode>0</Opcode>
    <Keywords>0x8080000000000000</Keywords>
    <TimeCreated SystemTime="2023-12-07T17:50:57.2021761Z" />
    <EventRecordID>8400</EventRecordID>
    <Correlation />
    <Execution ProcessID="532" ThreadID="2436" />
    <Channel>System</Channel>
    <Computer>WIN-J9D866ESIJ2</Computer>
    <Security />
  </System>
  <EventData>
    <Data Name="param1">WMI Performance Adapter</Data>
    <Data Name="param2">stopped</Data>
    <Binary>77006D006900410070005300720076002F0031000000</Binary>
  </EventData>
</Event>

Имя журнала:   System
Источник:      Service Control Manager
Дата:          07.12.2023 22:48:52
Код события:   7036
Категория задачи:Отсутствует
Уровень:       Сведения
Ключевые слова:Классический
Пользователь:  Н/Д
Компьютер:     WIN-J9D866ESIJ2
Описание:
Служба "WMI Performance Adapter" перешла в состояние running.
Xml события:
<Event xmlns="http://schemas.microsoft.com/win/2004/08/events/event">
  <System>
    <Provider Name="Service Control Manager" Guid="{555908d1-a6d7-4695-8e1e-26931d2012f4}" EventSourceName="Service Control Manager" />
    <EventID Qualifiers="16384">7036</EventID>
    <Version>0</Version>
    <Level>4</Level>
    <Task>0</Task>
    <Opcode>0</Opcode>
    <Keywords>0x8080000000000000</Keywords>
    <TimeCreated SystemTime="2023-12-07T17:48:52.4004119Z" />
    <EventRecordID>8399</EventRecordID>
    <Correlation />
    <Execution ProcessID="532" ThreadID="2436" />
    <Channel>System</Channel>
    <Computer>WIN-J9D866ESIJ2</Computer>
    <Security />
  </System>
  <EventData>
    <Data Name="param1">WMI Performance Adapter</Data>
    <Data Name="param2">running</Data>
    <Binary>77006D006900410070005300720076002F0034000000</Binary>
  </EventData>
</Event>

Имя журнала:   System
Источник:      Service Control Manager
Дата:          07.12.2023 22:48:18
Код события:   7036
Категория задачи:Отсутствует
Уровень:       Сведения
Ключевые слова:Классический
Пользователь:  Н/Д
Компьютер:     WIN-J9D866ESIJ2
Описание:
Служба "WinHTTP Web Proxy Auto-Discovery Service" перешла в состояние stopped.
Xml события:
<Event xmlns="http://schemas.microsoft.com/win/2004/08/events/event">
  <System>
    <Provider Name="Service Control Manager" Guid="{555908d1-a6d7-4695-8e1e-26931d2012f4}" EventSourceName="Service Control Manager" />
    <EventID Qualifiers="16384">7036</EventID>
    <Version>0</Version>
    <Level>4</Level>
    <Task>0</Task>
    <Opcode>0</Opcode>
    <Keywords>0x8080000000000000</Keywords>
    <TimeCreated SystemTime="2023-12-07T17:48:18.8642803Z" />
    <EventRecordID>8398</EventRecordID>
    <Correlation />
    <Execution ProcessID="532" ThreadID="4504" />
    <Channel>System</Channel>
    <Computer>WIN-J9D866ESIJ2</Computer>
    <Security />
  </System>
  <EventData>
    <Data Name="param1">WinHTTP Web Proxy Auto-Discovery Service</Data>
    <Data Name="param2">stopped</Data>
    <Binary>570069006E0048007400740070004100750074006F00500072006F00780079005300760063002F0031000000</Binary>
  </EventData>
</Event>

Имя журнала:   System
Источник:      Service Control Manager
Дата:          07.12.2023 22:34:51
Код события:   7036
Категория задачи:Отсутствует
Уровень:       Сведения
Ключевые слова:Классический
Пользователь:  Н/Д
Компьютер:     WIN-J9D866ESIJ2
Описание:
Служба "WMI Performance Adapter" перешла в состояние stopped.
Xml события:
<Event xmlns="http://schemas.microsoft.com/win/2004/08/events/event">
  <System>
    <Provider Name="Service Control Manager" Guid="{555908d1-a6d7-4695-8e1e-26931d2012f4}" EventSourceName="Service Control Manager" />
    <EventID Qualifiers="16384">7036</EventID>
    <Version>0</Version>
    <Level>4</Level>
    <Task>0</Task>
    <Opcode>0</Opcode>
    <Keywords>0x8080000000000000</Keywords>
    <TimeCreated SystemTime="2023-12-07T17:34:51.8978874Z" />
    <EventRecordID>8397</EventRecordID>
    <Correlation />
    <Execution ProcessID="532" ThreadID="4504" />
    <Channel>System</Channel>
    <Computer>WIN-J9D866ESIJ2</Computer>
    <Security />
  </System>
  <EventData>
    <Data Name="param1">WMI Performance Adapter</Data>
    <Data Name="param2">stopped</Data>
    <Binary>77006D006900410070005300720076002F0031000000</Binary>
  </EventData>
</Event>

Имя журнала:   System
Источник:      Service Control Manager
Дата:          07.12.2023 22:32:47
Код события:   7036
Категория задачи:Отсутствует
Уровень:       Сведения
Ключевые слова:Классический
Пользователь:  Н/Д
Компьютер:     WIN-J9D866ESIJ2
Описание:
Служба "WMI Performance Adapter" перешла в состояние running.
Xml события:
<Event xmlns="http://schemas.microsoft.com/win/2004/08/events/event">
  <System>
    <Provider Name="Service Control Manager" Guid="{555908d1-a6d7-4695-8e1e-26931d2012f4}" EventSourceName="Service Control Manager" />
    <EventID Qualifiers="16384">7036</EventID>
    <Version>0</Version>
    <Level>4</Level>
    <Task>0</Task>
    <Opcode>0</Opcode>
    <Keywords>0x8080000000000000</Keywords>
    <TimeCreated SystemTime="2023-12-07T17:32:47.0111926Z" />
    <EventRecordID>8396</EventRecordID>
    <Correlation />
    <Execution ProcessID="532" ThreadID="4504" />
    <Channel>System</Channel>
    <Computer>WIN-J9D866ESIJ2</Computer>
    <Security />
  </System>
  <EventData>
    <Data Name="param1">WMI Performance Adapter</Data>
    <Data Name="param2">running</Data>
    <Binary>77006D006900410070005300720076002F0034000000</Binary>
  </EventData>
</Event>

Имя журнала:   System
Источник:      Service Control Manager
Дата:          07.12.2023 22:19:48
Код события:   7036
Категория задачи:Отсутствует
Уровень:       Сведения
Ключевые слова:Классический
Пользователь:  Н/Д
Компьютер:     WIN-J9D866ESIJ2
Описание:
Служба "Diagnostic System Host" перешла в состояние stopped.
Xml события:
<Event xmlns="http://schemas.microsoft.com/win/2004/08/events/event">
  <System>
    <Provider Name="Service Control Manager" Guid="{555908d1-a6d7-4695-8e1e-26931d2012f4}" EventSourceName="Service Control Manager" />
    <EventID Qualifiers="16384">7036</EventID>
    <Version>0</Version>
    <Level>4</Level>
    <Task>0</Task>
    <Opcode>0</Opcode>
    <Keywords>0x8080000000000000</Keywords>
    <TimeCreated SystemTime="2023-12-07T17:19:48.5594157Z" />
    <EventRecordID>8395</EventRecordID>
    <Correlation />
    <Execution ProcessID="532" ThreadID="5624" />
    <Channel>System</Channel>
    <Computer>WIN-J9D866ESIJ2</Computer>
    <Security />
  </System>
  <EventData>
    <Data Name="param1">Diagnostic System Host</Data>
    <Data Name="param2">stopped</Data>
    <Binary>570064006900530079007300740065006D0048006F00730074002F0031000000</Binary>
  </EventData>
</Event>

Имя журнала:   System
Источник:      Service Control Manager
Дата:          07.12.2023 22:18:46
Код события:   7036
Категория задачи:Отсутствует
Уровень:       Сведения
Ключевые слова:Классический
Пользователь:  Н/Д
Компьютер:     WIN-J9D866ESIJ2
Описание:
Служба "WMI Performance Adapter" перешла в состояние stopped.
Xml события:
<Event xmlns="http://schemas.microsoft.com/win/2004/08/events/event">
  <System>
    <Provider Name="Service Control Manager" Guid="{555908d1-a6d7-4695-8e1e-26931d2012f4}" EventSourceName="Service Control Manager" />
    <EventID Qualifiers="16384">7036</EventID>
    <Version>0</Version>
    <Level>4</Level>
    <Task>0</Task>
    <Opcode>0</Opcode>
    <Keywords>0x8080000000000000</Keywords>
    <TimeCreated SystemTime="2023-12-07T17:18:46.4267462Z" />
    <EventRecordID>8394</EventRecordID>
    <Correlation />
    <Execution ProcessID="532" ThreadID="5624" />
    <Channel>System</Channel>
    <Computer>WIN-J9D866ESIJ2</Computer>
    <Security />
  </System>
  <EventData>
    <Data Name="param1">WMI Performance Adapter</Data>
    <Data Name="param2">stopped</Data>
    <Binary>77006D006900410070005300720076002F0031000000</Binary>
  </EventData>
</Event>

Имя журнала:   System
Источник:      Service Control Manager
Дата:          07.12.2023 22:16:41
Код события:   7036
Категория задачи:Отсутствует
Уровень:       Сведения
Ключевые слова:Классический
Пользователь:  Н/Д
Компьютер:     WIN-J9D866ESIJ2
Описание:
Служба "WMI Performance Adapter" перешла в состояние running.
Xml события:
<Event xmlns="http://schemas.microsoft.com/win/2004/08/events/event">
  <System>
    <Provider Name="Service Control Manager" Guid="{555908d1-a6d7-4695-8e1e-26931d2012f4}" EventSourceName="Service Control Manager" />
    <EventID Qualifiers="16384">7036</EventID>
    <Version>0</Version>
    <Level>4</Level>
    <Task>0</Task>
    <Opcode>0</Opcode>
    <Keywords>0x8080000000000000</Keywords>
    <TimeCreated SystemTime="2023-12-07T17:16:41.1581939Z" />
    <EventRecordID>8393</EventRecordID>
    <Correlation />
    <Execution ProcessID="532" ThreadID="5624" />
    <Channel>System</Channel>
    <Computer>WIN-J9D866ESIJ2</Computer>
    <Security />
  </System>
  <EventData>
    <Data Name="param1">WMI Performance Adapter</Data>
    <Data Name="param2">running</Data>
    <Binary>77006D006900410070005300720076002F0034000000</Binary>
  </EventData>
</Event>

Имя журнала:   System
Источник:      Service Control Manager
Дата:          07.12.2023 22:02:40
Код события:   7036
Категория задачи:Отсутствует
Уровень:       Сведения
Ключевые слова:Классический
Пользователь:  Н/Д
Компьютер:     WIN-J9D866ESIJ2
Описание:
Служба "WMI Performance Adapter" перешла в состояние stopped.
Xml события:
<Event xmlns="http://schemas.microsoft.com/win/2004/08/events/event">
  <System>
    <Provider Name="Service Control Manager" Guid="{555908d1-a6d7-4695-8e1e-26931d2012f4}" EventSourceName="Service Control Manager" />
    <EventID Qualifiers="16384">7036</EventID>
    <Version>0</Version>
    <Level>4</Level>
    <Task>0</Task>
    <Opcode>0</Opcode>
    <Keywords>0x8080000000000000</Keywords>
    <TimeCreated SystemTime="2023-12-07T17:02:40.4068336Z" />
    <EventRecordID>8392</EventRecordID>
    <Correlation />
    <Execution ProcessID="532" ThreadID="1912" />
    <Channel>System</Channel>
    <Computer>WIN-J9D866ESIJ2</Computer>
    <Security />
  </System>
  <EventData>
    <Data Name="param1">WMI Performance Adapter</Data>
    <Data Name="param2">stopped</Data>
    <Binary>77006D006900410070005300720076002F0031000000</Binary>
  </EventData>
</Event>

Имя журнала:   System
Источник:      Service Control Manager
Дата:          07.12.2023 22:00:35
Код события:   7036
Категория задачи:Отсутствует
Уровень:       Сведения
Ключевые слова:Классический
Пользователь:  Н/Д
Компьютер:     WIN-J9D866ESIJ2
Описание:
Служба "WMI Performance Adapter" перешла в состояние running.
Xml события:
<Event xmlns="http://schemas.microsoft.com/win/2004/08/events/event">
  <System>
    <Provider Name="Service Control Manager" Guid="{555908d1-a6d7-4695-8e1e-26931d2012f4}" EventSourceName="Service Control Manager" />
    <EventID Qualifiers="16384">7036</EventID>
    <Version>0</Version>
    <Level>4</Level>
    <Task>0</Task>
    <Opcode>0</Opcode>
    <Keywords>0x8080000000000000</Keywords>
    <TimeCreated SystemTime="2023-12-07T17:00:35.3956900Z" />
    <EventRecordID>8391</EventRecordID>
    <Correlation />
    <Execution ProcessID="532" ThreadID="1912" />
    <Channel>System</Channel>
    <Computer>WIN-J9D866ESIJ2</Computer>
    <Security />
  </System>
  <EventData>
    <Data Name="param1">WMI Performance Adapter</Data>
    <Data Name="param2">running</Data>
    <Binary>77006D006900410070005300720076002F0034000000</Binary>
  </EventData>
</Event>

Имя журнала:   System
Источник:      Service Control Manager
Дата:          07.12.2023 21:56:04
Код события:   7036
Категория задачи:Отсутствует
Уровень:       Сведения
Ключевые слова:Классический
Пользователь:  Н/Д
Компьютер:     WIN-J9D866ESIJ2
Описание:
Служба "Smart Card Device Enumeration Service" перешла в состояние stopped.
Xml события:
<Event xmlns="http://schemas.microsoft.com/win/2004/08/events/event">
  <System>
    <Provider Name="Service Control Manager" Guid="{555908d1-a6d7-4695-8e1e-26931d2012f4}" EventSourceName="Service Control Manager" />
    <EventID Qualifiers="16384">7036</EventID>
    <Version>0</Version>
    <Level>4</Level>
    <Task>0</Task>
    <Opcode>0</Opcode>
    <Keywords>0x8080000000000000</Keywords>
    <TimeCreated SystemTime="2023-12-07T16:56:04.8818909Z" />
    <EventRecordID>8390</EventRecordID>
    <Correlation />
    <Execution ProcessID="532" ThreadID="1912" />
    <Channel>System</Channel>
    <Computer>WIN-J9D866ESIJ2</Computer>
    <Security />
  </System>
  <EventData>
    <Data Name="param1">Smart Card Device Enumeration Service</Data>
    <Data Name="param2">stopped</Data>
    <Binary>5300630044006500760069006300650045006E0075006D002F0031000000</Binary>
  </EventData>
</Event>

Имя журнала:   System
Источник:      Service Control Manager
Дата:          07.12.2023 21:46:34
Код события:   7036
Категория задачи:Отсутствует
Уровень:       Сведения
Ключевые слова:Классический
Пользователь:  Н/Д
Компьютер:     WIN-J9D866ESIJ2
Описание:
Служба "WMI Performance Adapter" перешла в состояние stopped.
Xml события:
<Event xmlns="http://schemas.microsoft.com/win/2004/08/events/event">
  <System>
    <Provider Name="Service Control Manager" Guid="{555908d1-a6d7-4695-8e1e-26931d2012f4}" EventSourceName="Service Control Manager" />
    <EventID Qualifiers="16384">7036</EventID>
    <Version>0</Version>
    <Level>4</Level>
    <Task>0</Task>
    <Opcode>0</Opcode>
    <Keywords>0x8080000000000000</Keywords>
    <TimeCreated SystemTime="2023-12-07T16:46:34.6704542Z" />
    <EventRecordID>8389</EventRecordID>
    <Correlation />
    <Execution ProcessID="532" ThreadID="1812" />
    <Channel>System</Channel>
    <Computer>WIN-J9D866ESIJ2</Computer>
    <Security />
  </System>
  <EventData>
    <Data Name="param1">WMI Performance Adapter</Data>
    <Data Name="param2">stopped</Data>
    <Binary>77006D006900410070005300720076002F0031000000</Binary>
  </EventData>
</Event>

Имя журнала:   System
Источник:      Service Control Manager
Дата:          07.12.2023 21:44:29
Код события:   7036
Категория задачи:Отсутствует
Уровень:       Сведения
Ключевые слова:Классический
Пользователь:  Н/Д
Компьютер:     WIN-J9D866ESIJ2
Описание:
Служба "WMI Performance Adapter" перешла в состояние running.
Xml события:
<Event xmlns="http://schemas.microsoft.com/win/2004/08/events/event">
  <System>
    <Provider Name="Service Control Manager" Guid="{555908d1-a6d7-4695-8e1e-26931d2012f4}" EventSourceName="Service Control Manager" />
    <EventID Qualifiers="16384">7036</EventID>
    <Version>0</Version>
    <Level>4</Level>
    <Task>0</Task>
    <Opcode>0</Opcode>
    <Keywords>0x8080000000000000</Keywords>
    <TimeCreated SystemTime="2023-12-07T16:44:29.8948884Z" />
    <EventRecordID>8388</EventRecordID>
    <Correlation />
    <Execution ProcessID="532" ThreadID="1812" />
    <Channel>System</Channel>
    <Computer>WIN-J9D866ESIJ2</Computer>
    <Security />
  </System>
  <EventData>
    <Data Name="param1">WMI Performance Adapter</Data>
    <Data Name="param2">running</Data>
    <Binary>77006D006900410070005300720076002F0034000000</Binary>
  </EventData>
</Event>

Имя журнала:   System
Источник:      Service Control Manager
Дата:          07.12.2023 21:30:29
Код события:   7036
Категория задачи:Отсутствует
Уровень:       Сведения
Ключевые слова:Классический
Пользователь:  Н/Д
Компьютер:     WIN-J9D866ESIJ2
Описание:
Служба "WMI Performance Adapter" перешла в состояние stopped.
Xml события:
<Event xmlns="http://schemas.microsoft.com/win/2004/08/events/event">
  <System>
    <Provider Name="Service Control Manager" Guid="{555908d1-a6d7-4695-8e1e-26931d2012f4}" EventSourceName="Service Control Manager" />
    <EventID Qualifiers="16384">7036</EventID>
    <Version>0</Version>
    <Level>4</Level>
    <Task>0</Task>
    <Opcode>0</Opcode>
    <Keywords>0x8080000000000000</Keywords>
    <TimeCreated SystemTime="2023-12-07T16:30:29.1446935Z" />
    <EventRecordID>8387</EventRecordID>
    <Correlation />
    <Execution ProcessID="532" ThreadID="1912" />
    <Channel>System</Channel>
    <Computer>WIN-J9D866ESIJ2</Computer>
    <Security />
  </System>
  <EventData>
    <Data Name="param1">WMI Performance Adapter</Data>
    <Data Name="param2">stopped</Data>
    <Binary>77006D006900410070005300720076002F0031000000</Binary>
  </EventData>
</Event>

Имя журнала:   System
Источник:      Service Control Manager
Дата:          07.12.2023 21:28:23
Код события:   7036
Категория задачи:Отсутствует
Уровень:       Сведения
Ключевые слова:Классический
Пользователь:  Н/Д
Компьютер:     WIN-J9D866ESIJ2
Описание:
Служба "WMI Performance Adapter" перешла в состояние running.
Xml события:
<Event xmlns="http://schemas.microsoft.com/win/2004/08/events/event">
  <System>
    <Provider Name="Service Control Manager" Guid="{555908d1-a6d7-4695-8e1e-26931d2012f4}" EventSourceName="Service Control Manager" />
    <EventID Qualifiers="16384">7036</EventID>
    <Version>0</Version>
    <Level>4</Level>
    <Task>0</Task>
    <Opcode>0</Opcode>
    <Keywords>0x8080000000000000</Keywords>
    <TimeCreated SystemTime="2023-12-07T16:28:23.8233597Z" />
    <EventRecordID>8386</EventRecordID>
    <Correlation />
    <Execution ProcessID="532" ThreadID="1912" />
    <Channel>System</Channel>
    <Computer>WIN-J9D866ESIJ2</Computer>
    <Security />
  </System>
  <EventData>
    <Data Name="param1">WMI Performance Adapter</Data>
    <Data Name="param2">running</Data>
    <Binary>77006D006900410070005300720076002F0034000000</Binary>
  </EventData>
</Event>

