Имя журнала:   System
Источник:      Microsoft-Windows-Kernel-General
Дата:          07.12.2023 20:11:08
Код события:   16
Категория задачи:Отсутствует
Уровень:       Сведения
Ключевые слова:
Пользователь:  СИСТЕМА
Компьютер:     WIN-J9D866ESIJ2
Описание:
Журнал доступа в кусте \??\C:\Users\Administrator\ntuser.dat очищен; обновлено разделов: 112; создано измененных страниц: 29.
Xml события:
<Event xmlns="http://schemas.microsoft.com/win/2004/08/events/event">
  <System>
    <Provider Name="Microsoft-Windows-Kernel-General" Guid="{a68ca8b7-004f-d7b6-a698-07e2de0f1f5d}" />
    <EventID>16</EventID>
    <Version>0</Version>
    <Level>4</Level>
    <Task>0</Task>
    <Opcode>0</Opcode>
    <Keywords>0x8000000000000000</Keywords>
    <TimeCreated SystemTime="2023-12-07T15:11:08.7722996Z" />
    <EventRecordID>8273</EventRecordID>
    <Correlation />
    <Execution ProcessID="920" ThreadID="2492" />
    <Channel>System</Channel>
    <Computer>WIN-J9D866ESIJ2</Computer>
    <Security UserID="S-1-5-18" />
  </System>
  <EventData>
    <Data Name="HiveNameLength">37</Data>
    <Data Name="HiveName">\??\C:\Users\Administrator\ntuser.dat</Data>
    <Data Name="KeysUpdated">112</Data>
    <Data Name="DirtyPages">29</Data>
  </EventData>
</Event>

Имя журнала:   System
Источник:      Microsoft-Windows-Winlogon
Дата:          07.12.2023 20:11:08
Код события:   7001
Категория задачи:(1101)
Уровень:       Сведения
Ключевые слова:(35184372088832)
Пользователь:  СИСТЕМА
Компьютер:     WIN-J9D866ESIJ2
Описание:
Уведомление о входе пользователя для программы улучшения качества ПО
Xml события:
<Event xmlns="http://schemas.microsoft.com/win/2004/08/events/event">
  <System>
    <Provider Name="Microsoft-Windows-Winlogon" Guid="{dbe9b383-7cf3-4331-91cc-a3cb16a3b538}" />
    <EventID>7001</EventID>
    <Version>0</Version>
    <Level>4</Level>
    <Task>1101</Task>
    <Opcode>0</Opcode>
    <Keywords>0x2000200000000000</Keywords>
    <TimeCreated SystemTime="2023-12-07T15:11:08.7522044Z" />
    <EventRecordID>8272</EventRecordID>
    <Correlation />
    <Execution ProcessID="2196" ThreadID="3052" />
    <Channel>System</Channel>
    <Computer>WIN-J9D866ESIJ2</Computer>
    <Security UserID="S-1-5-18" />
  </System>
  <EventData>
    <Data Name="TSId">2</Data>
    <Data Name="UserSid">S-1-5-21-2174175842-4115508165-805983055-500</Data>
  </EventData>
</Event>

Имя журнала:   System
Источник:      Service Control Manager
Дата:          07.12.2023 20:11:05
Код события:   7036
Категория задачи:Отсутствует
Уровень:       Сведения
Ключевые слова:Классический
Пользователь:  Н/Д
Компьютер:     WIN-J9D866ESIJ2
Описание:
Служба "WbioSrvc" перешла в состояние stopped.
Xml события:
<Event xmlns="http://schemas.microsoft.com/win/2004/08/events/event">
  <System>
    <Provider Name="Service Control Manager" Guid="{555908d1-a6d7-4695-8e1e-26931d2012f4}" EventSourceName="Service Control Manager" />
    <EventID Qualifiers="16384">7036</EventID>
    <Version>0</Version>
    <Level>4</Level>
    <Task>0</Task>
    <Opcode>0</Opcode>
    <Keywords>0x8080000000000000</Keywords>
    <TimeCreated SystemTime="2023-12-07T15:11:05.9286033Z" />
    <EventRecordID>8271</EventRecordID>
    <Correlation />
    <Execution ProcessID="532" ThreadID="608" />
    <Channel>System</Channel>
    <Computer>WIN-J9D866ESIJ2</Computer>
    <Security />
  </System>
  <EventData>
    <Data Name="param1">WbioSrvc</Data>
    <Data Name="param2">stopped</Data>
    <Binary>5700620069006F0053007200760063002F0031000000</Binary>
  </EventData>
</Event>

Имя журнала:   System
Источник:      Service Control Manager
Дата:          07.12.2023 20:10:52
Код события:   7036
Категория задачи:Отсутствует
Уровень:       Сведения
Ключевые слова:Классический
Пользователь:  Н/Д
Компьютер:     WIN-J9D866ESIJ2
Описание:
Служба "sppsvc" перешла в состояние running.
Xml события:
<Event xmlns="http://schemas.microsoft.com/win/2004/08/events/event">
  <System>
    <Provider Name="Service Control Manager" Guid="{555908d1-a6d7-4695-8e1e-26931d2012f4}" EventSourceName="Service Control Manager" />
    <EventID Qualifiers="16384">7036</EventID>
    <Version>0</Version>
    <Level>4</Level>
    <Task>0</Task>
    <Opcode>0</Opcode>
    <Keywords>0x8080000000000000</Keywords>
    <TimeCreated SystemTime="2023-12-07T15:10:52.2567397Z" />
    <EventRecordID>8270</EventRecordID>
    <Correlation />
    <Execution ProcessID="532" ThreadID="608" />
    <Channel>System</Channel>
    <Computer>WIN-J9D866ESIJ2</Computer>
    <Security />
  </System>
  <EventData>
    <Data Name="param1">sppsvc</Data>
    <Data Name="param2">running</Data>
    <Binary>7300700070007300760063002F0034000000</Binary>
  </EventData>
</Event>

Имя журнала:   System
Источник:      Service Control Manager
Дата:          07.12.2023 20:10:50
Код события:   7036
Категория задачи:Отсутствует
Уровень:       Сведения
Ключевые слова:Классический
Пользователь:  Н/Д
Компьютер:     WIN-J9D866ESIJ2
Описание:
Служба "NetSetupSvc" перешла в состояние stopped.
Xml события:
<Event xmlns="http://schemas.microsoft.com/win/2004/08/events/event">
  <System>
    <Provider Name="Service Control Manager" Guid="{555908d1-a6d7-4695-8e1e-26931d2012f4}" EventSourceName="Service Control Manager" />
    <EventID Qualifiers="16384">7036</EventID>
    <Version>0</Version>
    <Level>4</Level>
    <Task>0</Task>
    <Opcode>0</Opcode>
    <Keywords>0x8080000000000000</Keywords>
    <TimeCreated SystemTime="2023-12-07T15:10:50.0223641Z" />
    <EventRecordID>8269</EventRecordID>
    <Correlation />
    <Execution ProcessID="532" ThreadID="608" />
    <Channel>System</Channel>
    <Computer>WIN-J9D866ESIJ2</Computer>
    <Security />
  </System>
  <EventData>
    <Data Name="param1">NetSetupSvc</Data>
    <Data Name="param2">stopped</Data>
    <Binary>4E0065007400530065007400750070005300760063002F0031000000</Binary>
  </EventData>
</Event>

Имя журнала:   System
Источник:      Service Control Manager
Дата:          07.12.2023 20:10:49
Код события:   7036
Категория задачи:Отсутствует
Уровень:       Сведения
Ключевые слова:Классический
Пользователь:  Н/Д
Компьютер:     WIN-J9D866ESIJ2
Описание:
Служба "wisvc" перешла в состояние running.
Xml события:
<Event xmlns="http://schemas.microsoft.com/win/2004/08/events/event">
  <System>
    <Provider Name="Service Control Manager" Guid="{555908d1-a6d7-4695-8e1e-26931d2012f4}" EventSourceName="Service Control Manager" />
    <EventID Qualifiers="16384">7036</EventID>
    <Version>0</Version>
    <Level>4</Level>
    <Task>0</Task>
    <Opcode>0</Opcode>
    <Keywords>0x8080000000000000</Keywords>
    <TimeCreated SystemTime="2023-12-07T15:10:49.6005102Z" />
    <EventRecordID>8268</EventRecordID>
    <Correlation />
    <Execution ProcessID="532" ThreadID="608" />
    <Channel>System</Channel>
    <Computer>WIN-J9D866ESIJ2</Computer>
    <Security />
  </System>
  <EventData>
    <Data Name="param1">wisvc</Data>
    <Data Name="param2">running</Data>
    <Binary>770069007300760063002F0034000000</Binary>
  </EventData>
</Event>

Имя журнала:   System
Источник:      Service Control Manager
Дата:          07.12.2023 20:10:49
Код события:   7036
Категория задачи:Отсутствует
Уровень:       Сведения
Ключевые слова:Классический
Пользователь:  Н/Д
Компьютер:     WIN-J9D866ESIJ2
Описание:
Служба "UsoSvc" перешла в состояние running.
Xml события:
<Event xmlns="http://schemas.microsoft.com/win/2004/08/events/event">
  <System>
    <Provider Name="Service Control Manager" Guid="{555908d1-a6d7-4695-8e1e-26931d2012f4}" EventSourceName="Service Control Manager" />
    <EventID Qualifiers="16384">7036</EventID>
    <Version>0</Version>
    <Level>4</Level>
    <Task>0</Task>
    <Opcode>0</Opcode>
    <Keywords>0x8080000000000000</Keywords>
    <TimeCreated SystemTime="2023-12-07T15:10:49.1161562Z" />
    <EventRecordID>8267</EventRecordID>
    <Correlation />
    <Execution ProcessID="532" ThreadID="608" />
    <Channel>System</Channel>
    <Computer>WIN-J9D866ESIJ2</Computer>
    <Security />
  </System>
  <EventData>
    <Data Name="param1">UsoSvc</Data>
    <Data Name="param2">running</Data>
    <Binary>550073006F005300760063002F0034000000</Binary>
  </EventData>
</Event>

Имя журнала:   System
Источник:      Service Control Manager
Дата:          07.12.2023 20:10:42
Код события:   7036
Категория задачи:Отсутствует
Уровень:       Сведения
Ключевые слова:Классический
Пользователь:  Н/Д
Компьютер:     WIN-J9D866ESIJ2
Описание:
Служба "Background Intelligent Transfer Service" перешла в состояние stopped.
Xml события:
<Event xmlns="http://schemas.microsoft.com/win/2004/08/events/event">
  <System>
    <Provider Name="Service Control Manager" Guid="{555908d1-a6d7-4695-8e1e-26931d2012f4}" EventSourceName="Service Control Manager" />
    <EventID Qualifiers="16384">7036</EventID>
    <Version>0</Version>
    <Level>4</Level>
    <Task>0</Task>
    <Opcode>0</Opcode>
    <Keywords>0x8080000000000000</Keywords>
    <TimeCreated SystemTime="2023-12-07T15:10:42.0223644Z" />
    <EventRecordID>8266</EventRecordID>
    <Correlation />
    <Execution ProcessID="532" ThreadID="608" />
    <Channel>System</Channel>
    <Computer>WIN-J9D866ESIJ2</Computer>
    <Security />
  </System>
  <EventData>
    <Data Name="param1">Background Intelligent Transfer Service</Data>
    <Data Name="param2">stopped</Data>
    <Binary>42004900540053002F0031000000</Binary>
  </EventData>
</Event>

Имя журнала:   System
Источник:      Service Control Manager
Дата:          07.12.2023 20:10:42
Код события:   7040
Категория задачи:Отсутствует
Уровень:       Сведения
Ключевые слова:Классический
Пользователь:  СИСТЕМА
Компьютер:     WIN-J9D866ESIJ2
Описание:
Тип запуска службы "Background Intelligent Transfer Service" был изменен с "auto start" на "demand start".
Xml события:
<Event xmlns="http://schemas.microsoft.com/win/2004/08/events/event">
  <System>
    <Provider Name="Service Control Manager" Guid="{555908d1-a6d7-4695-8e1e-26931d2012f4}" EventSourceName="Service Control Manager" />
    <EventID Qualifiers="16384">7040</EventID>
    <Version>0</Version>
    <Level>4</Level>
    <Task>0</Task>
    <Opcode>0</Opcode>
    <Keywords>0x8080000000000000</Keywords>
    <TimeCreated SystemTime="2023-12-07T15:10:42.0067800Z" />
    <EventRecordID>8265</EventRecordID>
    <Correlation />
    <Execution ProcessID="532" ThreadID="608" />
    <Channel>System</Channel>
    <Computer>WIN-J9D866ESIJ2</Computer>
    <Security UserID="S-1-5-18" />
  </System>
  <EventData>
    <Data Name="param1">Background Intelligent Transfer Service</Data>
    <Data Name="param2">auto start</Data>
    <Data Name="param3">demand start</Data>
    <Data Name="param4">BITS</Data>
  </EventData>
</Event>

Имя журнала:   System
Источник:      Service Control Manager
Дата:          07.12.2023 20:10:24
Код события:   7036
Категория задачи:Отсутствует
Уровень:       Сведения
Ключевые слова:Классический
Пользователь:  Н/Д
Компьютер:     WIN-J9D866ESIJ2
Описание:
Служба "KeyIso" перешла в состояние running.
Xml события:
<Event xmlns="http://schemas.microsoft.com/win/2004/08/events/event">
  <System>
    <Provider Name="Service Control Manager" Guid="{555908d1-a6d7-4695-8e1e-26931d2012f4}" EventSourceName="Service Control Manager" />
    <EventID Qualifiers="16384">7036</EventID>
    <Version>0</Version>
    <Level>4</Level>
    <Task>0</Task>
    <Opcode>0</Opcode>
    <Keywords>0x8080000000000000</Keywords>
    <TimeCreated SystemTime="2023-12-07T15:10:24.4130196Z" />
    <EventRecordID>8264</EventRecordID>
    <Correlation />
    <Execution ProcessID="532" ThreadID="608" />
    <Channel>System</Channel>
    <Computer>WIN-J9D866ESIJ2</Computer>
    <Security />
  </System>
  <EventData>
    <Data Name="param1">KeyIso</Data>
    <Data Name="param2">running</Data>
    <Binary>4B0065007900490073006F002F0034000000</Binary>
  </EventData>
</Event>

Имя журнала:   System
Источник:      Service Control Manager
Дата:          07.12.2023 20:10:24
Код события:   7036
Категория задачи:Отсутствует
Уровень:       Сведения
Ключевые слова:Классический
Пользователь:  Н/Д
Компьютер:     WIN-J9D866ESIJ2
Описание:
Служба "wlidsvc" перешла в состояние running.
Xml события:
<Event xmlns="http://schemas.microsoft.com/win/2004/08/events/event">
  <System>
    <Provider Name="Service Control Manager" Guid="{555908d1-a6d7-4695-8e1e-26931d2012f4}" EventSourceName="Service Control Manager" />
    <EventID Qualifiers="16384">7036</EventID>
    <Version>0</Version>
    <Level>4</Level>
    <Task>0</Task>
    <Opcode>0</Opcode>
    <Keywords>0x8080000000000000</Keywords>
    <TimeCreated SystemTime="2023-12-07T15:10:24.3504779Z" />
    <EventRecordID>8263</EventRecordID>
    <Correlation />
    <Execution ProcessID="532" ThreadID="608" />
    <Channel>System</Channel>
    <Computer>WIN-J9D866ESIJ2</Computer>
    <Security />
  </System>
  <EventData>
    <Data Name="param1">wlidsvc</Data>
    <Data Name="param2">running</Data>
    <Binary>77006C00690064007300760063002F0034000000</Binary>
  </EventData>
</Event>

Имя журнала:   System
Источник:      Service Control Manager
Дата:          07.12.2023 20:10:21
Код события:   7036
Категория задачи:Отсутствует
Уровень:       Сведения
Ключевые слова:Классический
Пользователь:  Н/Д
Компьютер:     WIN-J9D866ESIJ2
Описание:
Служба "sppsvc" перешла в состояние stopped.
Xml события:
<Event xmlns="http://schemas.microsoft.com/win/2004/08/events/event">
  <System>
    <Provider Name="Service Control Manager" Guid="{555908d1-a6d7-4695-8e1e-26931d2012f4}" EventSourceName="Service Control Manager" />
    <EventID Qualifiers="16384">7036</EventID>
    <Version>0</Version>
    <Level>4</Level>
    <Task>0</Task>
    <Opcode>0</Opcode>
    <Keywords>0x8080000000000000</Keywords>
    <TimeCreated SystemTime="2023-12-07T15:10:21.2880040Z" />
    <EventRecordID>8262</EventRecordID>
    <Correlation />
    <Execution ProcessID="532" ThreadID="608" />
    <Channel>System</Channel>
    <Computer>WIN-J9D866ESIJ2</Computer>
    <Security />
  </System>
  <EventData>
    <Data Name="param1">sppsvc</Data>
    <Data Name="param2">stopped</Data>
    <Binary>7300700070007300760063002F0031000000</Binary>
  </EventData>
</Event>

Имя журнала:   System
Источник:      Service Control Manager
Дата:          07.12.2023 20:09:58
Код события:   7036
Категория задачи:Отсутствует
Уровень:       Сведения
Ключевые слова:Классический
Пользователь:  Н/Д
Компьютер:     WIN-J9D866ESIJ2
Описание:
Служба "MapsBroker" перешла в состояние stopped.
Xml события:
<Event xmlns="http://schemas.microsoft.com/win/2004/08/events/event">
  <System>
    <Provider Name="Service Control Manager" Guid="{555908d1-a6d7-4695-8e1e-26931d2012f4}" EventSourceName="Service Control Manager" />
    <EventID Qualifiers="16384">7036</EventID>
    <Version>0</Version>
    <Level>4</Level>
    <Task>0</Task>
    <Opcode>0</Opcode>
    <Keywords>0x8080000000000000</Keywords>
    <TimeCreated SystemTime="2023-12-07T15:09:58.8349140Z" />
    <EventRecordID>8261</EventRecordID>
    <Correlation />
    <Execution ProcessID="532" ThreadID="608" />
    <Channel>System</Channel>
    <Computer>WIN-J9D866ESIJ2</Computer>
    <Security />
  </System>
  <EventData>
    <Data Name="param1">MapsBroker</Data>
    <Data Name="param2">stopped</Data>
    <Binary>4D00610070007300420072006F006B00650072002F0031000000</Binary>
  </EventData>
</Event>

Имя журнала:   System
Источник:      Service Control Manager
Дата:          07.12.2023 20:09:58
Код события:   7036
Категория задачи:Отсутствует
Уровень:       Сведения
Ключевые слова:Классический
Пользователь:  Н/Д
Компьютер:     WIN-J9D866ESIJ2
Описание:
Служба "Windows Modules Installer" перешла в состояние stopped.
Xml события:
<Event xmlns="http://schemas.microsoft.com/win/2004/08/events/event">
  <System>
    <Provider Name="Service Control Manager" Guid="{555908d1-a6d7-4695-8e1e-26931d2012f4}" EventSourceName="Service Control Manager" />
    <EventID Qualifiers="16384">7036</EventID>
    <Version>0</Version>
    <Level>4</Level>
    <Task>0</Task>
    <Opcode>0</Opcode>
    <Keywords>0x8080000000000000</Keywords>
    <TimeCreated SystemTime="2023-12-07T15:09:58.3818305Z" />
    <EventRecordID>8260</EventRecordID>
    <Correlation />
    <Execution ProcessID="532" ThreadID="608" />
    <Channel>System</Channel>
    <Computer>WIN-J9D866ESIJ2</Computer>
    <Security />
  </System>
  <EventData>
    <Data Name="param1">Windows Modules Installer</Data>
    <Data Name="param2">stopped</Data>
    <Binary>540072007500730074006500640049006E007300740061006C006C00650072002F0031000000</Binary>
  </EventData>
</Event>

Имя журнала:   System
Источник:      Service Control Manager
Дата:          07.12.2023 20:09:51
Код события:   7036
Категория задачи:Отсутствует
Уровень:       Сведения
Ключевые слова:Классический
Пользователь:  Н/Д
Компьютер:     WIN-J9D866ESIJ2
Описание:
Служба "UALSVC" перешла в состояние running.
Xml события:
<Event xmlns="http://schemas.microsoft.com/win/2004/08/events/event">
  <System>
    <Provider Name="Service Control Manager" Guid="{555908d1-a6d7-4695-8e1e-26931d2012f4}" EventSourceName="Service Control Manager" />
    <EventID Qualifiers="16384">7036</EventID>
    <Version>0</Version>
    <Level>4</Level>
    <Task>0</Task>
    <Opcode>0</Opcode>
    <Keywords>0x8080000000000000</Keywords>
    <TimeCreated SystemTime="2023-12-07T15:09:51.7098758Z" />
    <EventRecordID>8259</EventRecordID>
    <Correlation />
    <Execution ProcessID="532" ThreadID="612" />
    <Channel>System</Channel>
    <Computer>WIN-J9D866ESIJ2</Computer>
    <Security />
  </System>
  <EventData>
    <Data Name="param1">UALSVC</Data>
    <Data Name="param2">running</Data>
    <Binary>550041004C005300560043002F0034000000</Binary>
  </EventData>
</Event>

Имя журнала:   System
Источник:      Service Control Manager
Дата:          07.12.2023 20:09:51
Код события:   7036
Категория задачи:Отсутствует
Уровень:       Сведения
Ключевые слова:Классический
Пользователь:  Н/Д
Компьютер:     WIN-J9D866ESIJ2
Описание:
Служба "WMI Performance Adapter" перешла в состояние stopped.
Xml события:
<Event xmlns="http://schemas.microsoft.com/win/2004/08/events/event">
  <System>
    <Provider Name="Service Control Manager" Guid="{555908d1-a6d7-4695-8e1e-26931d2012f4}" EventSourceName="Service Control Manager" />
    <EventID Qualifiers="16384">7036</EventID>
    <Version>0</Version>
    <Level>4</Level>
    <Task>0</Task>
    <Opcode>0</Opcode>
    <Keywords>0x8080000000000000</Keywords>
    <TimeCreated SystemTime="2023-12-07T15:09:51.3973663Z" />
    <EventRecordID>8258</EventRecordID>
    <Correlation />
    <Execution ProcessID="532" ThreadID="612" />
    <Channel>System</Channel>
    <Computer>WIN-J9D866ESIJ2</Computer>
    <Security />
  </System>
  <EventData>
    <Data Name="param1">WMI Performance Adapter</Data>
    <Data Name="param2">stopped</Data>
    <Binary>77006D006900410070005300720076002F0031000000</Binary>
  </EventData>
</Event>

Имя журнала:   System
Источник:      Service Control Manager
Дата:          07.12.2023 20:09:49
Код события:   7036
Категория задачи:Отсутствует
Уровень:       Сведения
Ключевые слова:Классический
Пользователь:  Н/Д
Компьютер:     WIN-J9D866ESIJ2
Описание:
Служба "sppsvc" перешла в состояние running.
Xml события:
<Event xmlns="http://schemas.microsoft.com/win/2004/08/events/event">
  <System>
    <Provider Name="Service Control Manager" Guid="{555908d1-a6d7-4695-8e1e-26931d2012f4}" EventSourceName="Service Control Manager" />
    <EventID Qualifiers="16384">7036</EventID>
    <Version>0</Version>
    <Level>4</Level>
    <Task>0</Task>
    <Opcode>0</Opcode>
    <Keywords>0x8080000000000000</Keywords>
    <TimeCreated SystemTime="2023-12-07T15:09:49.3661810Z" />
    <EventRecordID>8257</EventRecordID>
    <Correlation />
    <Execution ProcessID="532" ThreadID="612" />
    <Channel>System</Channel>
    <Computer>WIN-J9D866ESIJ2</Computer>
    <Security />
  </System>
  <EventData>
    <Data Name="param1">sppsvc</Data>
    <Data Name="param2">running</Data>
    <Binary>7300700070007300760063002F0034000000</Binary>
  </EventData>
</Event>

Имя журнала:   System
Источник:      Service Control Manager
Дата:          07.12.2023 20:09:49
Код события:   7036
Категория задачи:Отсутствует
Уровень:       Сведения
Ключевые слова:Классический
Пользователь:  Н/Д
Компьютер:     WIN-J9D866ESIJ2
Описание:
Служба "Distributed Transaction Coordinator" перешла в состояние running.
Xml события:
<Event xmlns="http://schemas.microsoft.com/win/2004/08/events/event">
  <System>
    <Provider Name="Service Control Manager" Guid="{555908d1-a6d7-4695-8e1e-26931d2012f4}" EventSourceName="Service Control Manager" />
    <EventID Qualifiers="16384">7036</EventID>
    <Version>0</Version>
    <Level>4</Level>
    <Task>0</Task>
    <Opcode>0</Opcode>
    <Keywords>0x8080000000000000</Keywords>
    <TimeCreated SystemTime="2023-12-07T15:09:49.1004922Z" />
    <EventRecordID>8256</EventRecordID>
    <Correlation />
    <Execution ProcessID="532" ThreadID="612" />
    <Channel>System</Channel>
    <Computer>WIN-J9D866ESIJ2</Computer>
    <Security />
  </System>
  <EventData>
    <Data Name="param1">Distributed Transaction Coordinator</Data>
    <Data Name="param2">running</Data>
    <Binary>4D0053004400540043002F0034000000</Binary>
  </EventData>
</Event>

Имя журнала:   System
Источник:      Service Control Manager
Дата:          07.12.2023 20:09:48
Код события:   7036
Категория задачи:Отсутствует
Уровень:       Сведения
Ключевые слова:Классический
Пользователь:  Н/Д
Компьютер:     WIN-J9D866ESIJ2
Описание:
Служба "MapsBroker" перешла в состояние running.
Xml события:
<Event xmlns="http://schemas.microsoft.com/win/2004/08/events/event">
  <System>
    <Provider Name="Service Control Manager" Guid="{555908d1-a6d7-4695-8e1e-26931d2012f4}" EventSourceName="Service Control Manager" />
    <EventID Qualifiers="16384">7036</EventID>
    <Version>0</Version>
    <Level>4</Level>
    <Task>0</Task>
    <Opcode>0</Opcode>
    <Keywords>0x8080000000000000</Keywords>
    <TimeCreated SystemTime="2023-12-07T15:09:48.8661940Z" />
    <EventRecordID>8255</EventRecordID>
    <Correlation />
    <Execution ProcessID="532" ThreadID="612" />
    <Channel>System</Channel>
    <Computer>WIN-J9D866ESIJ2</Computer>
    <Security />
  </System>
  <EventData>
    <Data Name="param1">MapsBroker</Data>
    <Data Name="param2">running</Data>
    <Binary>4D00610070007300420072006F006B00650072002F0034000000</Binary>
  </EventData>
</Event>

Имя журнала:   System
Источник:      Service Control Manager
Дата:          07.12.2023 20:09:48
Код события:   7036
Категория задачи:Отсутствует
Уровень:       Сведения
Ключевые слова:Классический
Пользователь:  Н/Д
Компьютер:     WIN-J9D866ESIJ2
Описание:
Служба "DPS" перешла в состояние running.
Xml события:
<Event xmlns="http://schemas.microsoft.com/win/2004/08/events/event">
  <System>
    <Provider Name="Service Control Manager" Guid="{555908d1-a6d7-4695-8e1e-26931d2012f4}" EventSourceName="Service Control Manager" />
    <EventID Qualifiers="16384">7036</EventID>
    <Version>0</Version>
    <Level>4</Level>
    <Task>0</Task>
    <Opcode>0</Opcode>
    <Keywords>0x8080000000000000</Keywords>
    <TimeCreated SystemTime="2023-12-07T15:09:48.5536607Z" />
    <EventRecordID>8254</EventRecordID>
    <Correlation />
    <Execution ProcessID="532" ThreadID="612" />
    <Channel>System</Channel>
    <Computer>WIN-J9D866ESIJ2</Computer>
    <Security />
  </System>
  <EventData>
    <Data Name="param1">DPS</Data>
    <Data Name="param2">running</Data>
    <Binary>4400500053002F0034000000</Binary>
  </EventData>
</Event>

Имя журнала:   System
Источник:      Service Control Manager
Дата:          07.12.2023 20:09:48
Код события:   7036
Категория задачи:Отсутствует
Уровень:       Сведения
Ключевые слова:Классический
Пользователь:  Н/Д
Компьютер:     WIN-J9D866ESIJ2
Описание:
Служба "Connected Devices Platform Service" перешла в состояние stopped.
Xml события:
<Event xmlns="http://schemas.microsoft.com/win/2004/08/events/event">
  <System>
    <Provider Name="Service Control Manager" Guid="{555908d1-a6d7-4695-8e1e-26931d2012f4}" EventSourceName="Service Control Manager" />
    <EventID Qualifiers="16384">7036</EventID>
    <Version>0</Version>
    <Level>4</Level>
    <Task>0</Task>
    <Opcode>0</Opcode>
    <Keywords>0x8080000000000000</Keywords>
    <TimeCreated SystemTime="2023-12-07T15:09:48.4755270Z" />
    <EventRecordID>8253</EventRecordID>
    <Correlation />
    <Execution ProcessID="532" ThreadID="612" />
    <Channel>System</Channel>
    <Computer>WIN-J9D866ESIJ2</Computer>
    <Security />
  </System>
  <EventData>
    <Data Name="param1">Connected Devices Platform Service</Data>
    <Data Name="param2">stopped</Data>
    <Binary>4300440050005300760063002F0031000000</Binary>
  </EventData>
</Event>

Имя журнала:   System
Источник:      Service Control Manager
Дата:          07.12.2023 20:09:47
Код события:   7036
Категория задачи:Отсутствует
Уровень:       Сведения
Ключевые слова:Классический
Пользователь:  Н/Д
Компьютер:     WIN-J9D866ESIJ2
Описание:
Служба "WPDBusEnum" перешла в состояние stopped.
Xml события:
<Event xmlns="http://schemas.microsoft.com/win/2004/08/events/event">
  <System>
    <Provider Name="Service Control Manager" Guid="{555908d1-a6d7-4695-8e1e-26931d2012f4}" EventSourceName="Service Control Manager" />
    <EventID Qualifiers="16384">7036</EventID>
    <Version>0</Version>
    <Level>4</Level>
    <Task>0</Task>
    <Opcode>0</Opcode>
    <Keywords>0x8080000000000000</Keywords>
    <TimeCreated SystemTime="2023-12-07T15:09:47.4599130Z" />
    <EventRecordID>8252</EventRecordID>
    <Correlation />
    <Execution ProcessID="532" ThreadID="608" />
    <Channel>System</Channel>
    <Computer>WIN-J9D866ESIJ2</Computer>
    <Security />
  </System>
  <EventData>
    <Data Name="param1">WPDBusEnum</Data>
    <Data Name="param2">stopped</Data>
    <Binary>57005000440042007500730045006E0075006D002F0031000000</Binary>
  </EventData>
</Event>

Имя журнала:   System
Источник:      Microsoft-Windows-WindowsUpdateClient
Дата:          07.12.2023 20:09:07
Код события:   19
Категория задачи:Агент Центра обновления Windows
Уровень:       Сведения
Ключевые слова:Установка,Установка
Пользователь:  СИСТЕМА
Компьютер:     WIN-J9D866ESIJ2
Описание:
Установка завершена: следующее обновление было успешно установлено: Security Intelligence Update for Microsoft Defender Antivirus - KB2267602 (Version 1.403.87.0) - Current Channel (Broad)
Xml события:
<Event xmlns="http://schemas.microsoft.com/win/2004/08/events/event">
  <System>
    <Provider Name="Microsoft-Windows-WindowsUpdateClient" Guid="{945a8954-c147-4acd-923f-40c45405a658}" />
    <EventID>19</EventID>
    <Version>1</Version>
    <Level>4</Level>
    <Task>1</Task>
    <Opcode>13</Opcode>
    <Keywords>0x8000000000000018</Keywords>
    <TimeCreated SystemTime="2023-12-07T15:09:07.9923910Z" />
    <EventRecordID>8251</EventRecordID>
    <Correlation />
    <Execution ProcessID="920" ThreadID="2760" />
    <Channel>System</Channel>
    <Computer>WIN-J9D866ESIJ2</Computer>
    <Security UserID="S-1-5-18" />
  </System>
  <EventData>
    <Data Name="updateTitle">Security Intelligence Update for Microsoft Defender Antivirus - KB2267602 (Version 1.403.87.0) - Current Channel (Broad)</Data>
    <Data Name="updateGuid">{68385420-8767-41f9-901d-e51aec19227b}</Data>
    <Data Name="updateRevisionNumber">200</Data>
    <Data Name="serviceGuid">{9482f4b4-e343-43b6-b170-9a65bc822c77}</Data>
  </EventData>
</Event>

Имя журнала:   System
Источник:      Microsoft-Windows-WindowsUpdateClient
Дата:          07.12.2023 20:08:45
Код события:   43
Категория задачи:Агент Центра обновления Windows
Уровень:       Сведения
Ключевые слова:Установка,Установка
Пользователь:  СИСТЕМА
Компьютер:     WIN-J9D866ESIJ2
Описание:
Установка начата: ОС Windows начала устанавливать следующее обновление: Security Intelligence Update for Microsoft Defender Antivirus - KB2267602 (Version 1.403.87.0) - Current Channel (Broad)
Xml события:
<Event xmlns="http://schemas.microsoft.com/win/2004/08/events/event">
  <System>
    <Provider Name="Microsoft-Windows-WindowsUpdateClient" Guid="{945a8954-c147-4acd-923f-40c45405a658}" />
    <EventID>43</EventID>
    <Version>1</Version>
    <Level>4</Level>
    <Task>1</Task>
    <Opcode>13</Opcode>
    <Keywords>0x8000000000002008</Keywords>
    <TimeCreated SystemTime="2023-12-07T15:08:45.2606550Z" />
    <EventRecordID>8250</EventRecordID>
    <Correlation />
    <Execution ProcessID="920" ThreadID="2760" />
    <Channel>System</Channel>
    <Computer>WIN-J9D866ESIJ2</Computer>
    <Security UserID="S-1-5-18" />
  </System>
  <EventData>
    <Data Name="updateTitle">Security Intelligence Update for Microsoft Defender Antivirus - KB2267602 (Version 1.403.87.0) - Current Channel (Broad)</Data>
    <Data Name="updateGuid">{68385420-8767-41f9-901d-e51aec19227b}</Data>
    <Data Name="updateRevisionNumber">200</Data>
  </EventData>
</Event>

Имя журнала:   System
Источник:      Application Popup
Дата:          07.12.2023 20:08:29
Код события:   26
Категория задачи:Отсутствует
Уровень:       Сведения
Ключевые слова:
Пользователь:  СИСТЕМА
Компьютер:     WIN-J9D866ESIJ2
Описание:
Всплывающее окно приложения: Windows - Virtual Memory Minimum Too Low : Your system is low on virtual memory. Windows is increasing the size of your virtual memory paging file. During this process, memory requests for some applications may be denied. For more information, see Help. 
Xml события:
<Event xmlns="http://schemas.microsoft.com/win/2004/08/events/event">
  <System>
    <Provider Name="Application Popup" Guid="{47bfa2b7-bd54-4fac-b70b-29021084ca8f}" />
    <EventID>26</EventID>
    <Version>0</Version>
    <Level>4</Level>
    <Task>0</Task>
    <Opcode>0</Opcode>
    <Keywords>0x8000000000000000</Keywords>
    <TimeCreated SystemTime="2023-12-07T15:08:29.3050946Z" />
    <EventRecordID>8249</EventRecordID>
    <Correlation />
    <Execution ProcessID="340" ThreadID="444" />
    <Channel>System</Channel>
    <Computer>WIN-J9D866ESIJ2</Computer>
    <Security UserID="S-1-5-18" />
  </System>
  <EventData>
    <Data Name="Caption">Windows - Virtual Memory Minimum Too Low</Data>
    <Data Name="Message">Your system is low on virtual memory. Windows is increasing the size of your virtual memory paging file. During this process, memory requests for some applications may be denied. For more information, see Help. </Data>
  </EventData>
</Event>

Имя журнала:   System
Источник:      Microsoft-Windows-Kernel-General
Дата:          07.12.2023 20:08:04
Код события:   1
Категория задачи:(5)
Уровень:       Сведения
Ключевые слова:Time
Пользователь:  LOCAL SERVICE
Компьютер:     WIN-J9D866ESIJ2
Описание:
Системное время изменено с ‎2023‎-‎12‎-‎07T15:08:04.259836700Z на ‎2023‎-‎12‎-‎07T15:08:04.256000000Z.

Причина изменения: An application or system component changed the time.
Xml события:
<Event xmlns="http://schemas.microsoft.com/win/2004/08/events/event">
  <System>
    <Provider Name="Microsoft-Windows-Kernel-General" Guid="{a68ca8b7-004f-d7b6-a698-07e2de0f1f5d}" />
    <EventID>1</EventID>
    <Version>1</Version>
    <Level>4</Level>
    <Task>5</Task>
    <Opcode>0</Opcode>
    <Keywords>0x8000000000000010</Keywords>
    <TimeCreated SystemTime="2023-12-07T15:08:04.2531789Z" />
    <EventRecordID>8248</EventRecordID>
    <Correlation />
    <Execution ProcessID="232" ThreadID="2012" />
    <Channel>System</Channel>
    <Computer>WIN-J9D866ESIJ2</Computer>
    <Security UserID="S-1-5-19" />
  </System>
  <EventData>
    <Data Name="NewTime">2023-12-07T15:08:04.2560000Z</Data>
    <Data Name="OldTime">2023-12-07T15:08:04.2598367Z</Data>
    <Data Name="Reason">1</Data>
  </EventData>
</Event>

Имя журнала:   System
Источник:      Microsoft-Windows-Time-Service
Дата:          07.12.2023 20:08:04
Код события:   35
Категория задачи:Отсутствует
Уровень:       Сведения
Ключевые слова:
Пользователь:  LOCAL SERVICE
Компьютер:     WIN-J9D866ESIJ2
Описание:
Служба времени выполняет синхронизацию системного времени с источником времени time.windows.com,0x8 (ntp.m|0x8|0.0.0.0:123->40.119.148.38:123) с идентификатором ссылки %2. Текущий номер локальной страты: %3.
Xml события:
<Event xmlns="http://schemas.microsoft.com/win/2004/08/events/event">
  <System>
    <Provider Name="Microsoft-Windows-Time-Service" Guid="{06edcfeb-0fd0-4e53-acca-a6f8bbf81bcb}" />
    <EventID>35</EventID>
    <Version>0</Version>
    <Level>4</Level>
    <Task>0</Task>
    <Opcode>0</Opcode>
    <Keywords>0x8000000000000000</Keywords>
    <TimeCreated SystemTime="2023-12-07T15:08:04.2595081Z" />
    <EventRecordID>8247</EventRecordID>
    <Correlation />
    <Execution ProcessID="232" ThreadID="1380" />
    <Channel>System</Channel>
    <Computer>WIN-J9D866ESIJ2</Computer>
    <Security UserID="S-1-5-19" />
  </System>
  <EventData Name="TMP_EVENT_TIME_SOURCE_CHOSEN">
    <Data Name="TimeSource">time.windows.com,0x8 (ntp.m|0x8|0.0.0.0:123-&gt;40.119.148.38:123)</Data>
  </EventData>
</Event>

Имя журнала:   System
Источник:      Microsoft-Windows-Kernel-General
Дата:          07.12.2023 20:08:04
Код события:   1
Категория задачи:(5)
Уровень:       Сведения
Ключевые слова:Time
Пользователь:  LOCAL SERVICE
Компьютер:     WIN-J9D866ESIJ2
Описание:
Системное время изменено с ‎2023‎-‎12‎-‎07T23:08:03.312755200Z на ‎2023‎-‎12‎-‎07T15:08:04.257831100Z.

Причина изменения: An application or system component changed the time.
Xml события:
<Event xmlns="http://schemas.microsoft.com/win/2004/08/events/event">
  <System>
    <Provider Name="Microsoft-Windows-Kernel-General" Guid="{a68ca8b7-004f-d7b6-a698-07e2de0f1f5d}" />
    <EventID>1</EventID>
    <Version>1</Version>
    <Level>4</Level>
    <Task>5</Task>
    <Opcode>0</Opcode>
    <Keywords>0x8000000000000010</Keywords>
    <TimeCreated SystemTime="2023-12-07T15:08:04.2573185Z" />
    <EventRecordID>8246</EventRecordID>
    <Correlation />
    <Execution ProcessID="232" ThreadID="2012" />
    <Channel>System</Channel>
    <Computer>WIN-J9D866ESIJ2</Computer>
    <Security UserID="S-1-5-19" />
  </System>
  <EventData>
    <Data Name="NewTime">2023-12-07T15:08:04.2578311Z</Data>
    <Data Name="OldTime">2023-12-07T23:08:03.3127552Z</Data>
    <Data Name="Reason">1</Data>
  </EventData>
</Event>

Имя журнала:   System
Источник:      Microsoft-Windows-WindowsUpdateClient
Дата:          08.12.2023 4:08:00
Код события:   44
Категория задачи:Агент Центра обновления Windows
Уровень:       Сведения
Ключевые слова:Скачивание,Скачивание
Пользователь:  СИСТЕМА
Компьютер:     WIN-J9D866ESIJ2
Описание:
Центр обновления Windows начал скачивать обновление.
Xml события:
<Event xmlns="http://schemas.microsoft.com/win/2004/08/events/event">
  <System>
    <Provider Name="Microsoft-Windows-WindowsUpdateClient" Guid="{945a8954-c147-4acd-923f-40c45405a658}" />
    <EventID>44</EventID>
    <Version>1</Version>
    <Level>4</Level>
    <Task>1</Task>
    <Opcode>12</Opcode>
    <Keywords>0x8000000000002004</Keywords>
    <TimeCreated SystemTime="2023-12-07T23:08:00.2030474Z" />
    <EventRecordID>8245</EventRecordID>
    <Correlation />
    <Execution ProcessID="920" ThreadID="2760" />
    <Channel>System</Channel>
    <Computer>WIN-J9D866ESIJ2</Computer>
    <Security UserID="S-1-5-18" />
  </System>
  <EventData>
    <Data Name="updateTitle">Security Intelligence Update for Microsoft Defender Antivirus - KB2267602 (Version 1.403.87.0) - Current Channel (Broad)</Data>
    <Data Name="updateGuid">{68385420-8767-41f9-901d-e51aec19227b}</Data>
    <Data Name="updateRevisionNumber">200</Data>
  </EventData>
</Event>

Имя журнала:   System
Источник:      Service Control Manager
Дата:          08.12.2023 4:07:55
Код события:   7036
Категория задачи:Отсутствует
Уровень:       Сведения
Ключевые слова:Классический
Пользователь:  Н/Д
Компьютер:     WIN-J9D866ESIJ2
Описание:
Служба "TrustedInstaller" перешла в состояние running.
Xml события:
<Event xmlns="http://schemas.microsoft.com/win/2004/08/events/event">
  <System>
    <Provider Name="Service Control Manager" Guid="{555908d1-a6d7-4695-8e1e-26931d2012f4}" EventSourceName="Service Control Manager" />
    <EventID Qualifiers="16384">7036</EventID>
    <Version>0</Version>
    <Level>4</Level>
    <Task>0</Task>
    <Opcode>0</Opcode>
    <Keywords>0x8080000000000000</Keywords>
    <TimeCreated SystemTime="2023-12-07T23:07:55.6553376Z" />
    <EventRecordID>8244</EventRecordID>
    <Correlation />
    <Execution ProcessID="532" ThreadID="612" />
    <Channel>System</Channel>
    <Computer>WIN-J9D866ESIJ2</Computer>
    <Security />
  </System>
  <EventData>
    <Data Name="param1">TrustedInstaller</Data>
    <Data Name="param2">running</Data>
    <Binary>540072007500730074006500640049006E007300740061006C006C00650072002F0034000000</Binary>
  </EventData>
</Event>

Имя журнала:   System
Источник:      Service Control Manager
Дата:          08.12.2023 4:07:55
Код события:   7036
Категория задачи:Отсутствует
Уровень:       Сведения
Ключевые слова:Классический
Пользователь:  Н/Д
Компьютер:     WIN-J9D866ESIJ2
Описание:
Служба "SSDPSRV" перешла в состояние running.
Xml события:
<Event xmlns="http://schemas.microsoft.com/win/2004/08/events/event">
  <System>
    <Provider Name="Service Control Manager" Guid="{555908d1-a6d7-4695-8e1e-26931d2012f4}" EventSourceName="Service Control Manager" />
    <EventID Qualifiers="16384">7036</EventID>
    <Version>0</Version>
    <Level>4</Level>
    <Task>0</Task>
    <Opcode>0</Opcode>
    <Keywords>0x8080000000000000</Keywords>
    <TimeCreated SystemTime="2023-12-07T23:07:55.5928324Z" />
    <EventRecordID>8243</EventRecordID>
    <Correlation />
    <Execution ProcessID="532" ThreadID="612" />
    <Channel>System</Channel>
    <Computer>WIN-J9D866ESIJ2</Computer>
    <Security />
  </System>
  <EventData>
    <Data Name="param1">SSDPSRV</Data>
    <Data Name="param2">running</Data>
    <Binary>53005300440050005300520056002F0034000000</Binary>
  </EventData>
</Event>

Имя журнала:   System
Источник:      Service Control Manager
Дата:          08.12.2023 4:07:55
Код события:   7036
Категория задачи:Отсутствует
Уровень:       Сведения
Ключевые слова:Классический
Пользователь:  Н/Д
Компьютер:     WIN-J9D866ESIJ2
Описание:
Служба "BITS" перешла в состояние running.
Xml события:
<Event xmlns="http://schemas.microsoft.com/win/2004/08/events/event">
  <System>
    <Provider Name="Service Control Manager" Guid="{555908d1-a6d7-4695-8e1e-26931d2012f4}" EventSourceName="Service Control Manager" />
    <EventID Qualifiers="16384">7036</EventID>
    <Version>0</Version>
    <Level>4</Level>
    <Task>0</Task>
    <Opcode>0</Opcode>
    <Keywords>0x8080000000000000</Keywords>
    <TimeCreated SystemTime="2023-12-07T23:07:55.3897223Z" />
    <EventRecordID>8242</EventRecordID>
    <Correlation />
    <Execution ProcessID="532" ThreadID="608" />
    <Channel>System</Channel>
    <Computer>WIN-J9D866ESIJ2</Computer>
    <Security />
  </System>
  <EventData>
    <Data Name="param1">BITS</Data>
    <Data Name="param2">running</Data>
    <Binary>42004900540053002F0034000000</Binary>
  </EventData>
</Event>

Имя журнала:   System
Источник:      Microsoft-Windows-Time-Service
Дата:          08.12.2023 4:07:52
Код события:   37
Категория задачи:Отсутствует
Уровень:       Сведения
Ключевые слова:
Пользователь:  LOCAL SERVICE
Компьютер:     WIN-J9D866ESIJ2
Описание:
NTP-клиент поставщика времени получает действительные данные о времени от time.windows.com,0x8 (ntp.m|0x8|0.0.0.0:123->40.119.148.38:123).
Xml события:
<Event xmlns="http://schemas.microsoft.com/win/2004/08/events/event">
  <System>
    <Provider Name="Microsoft-Windows-Time-Service" Guid="{06edcfeb-0fd0-4e53-acca-a6f8bbf81bcb}" />
    <EventID>37</EventID>
    <Version>0</Version>
    <Level>4</Level>
    <Task>0</Task>
    <Opcode>0</Opcode>
    <Keywords>0x8000000000000000</Keywords>
    <TimeCreated SystemTime="2023-12-07T23:07:52.3578913Z" />
    <EventRecordID>8241</EventRecordID>
    <Correlation />
    <Execution ProcessID="232" ThreadID="1568" />
    <Channel>System</Channel>
    <Computer>WIN-J9D866ESIJ2</Computer>
    <Security UserID="S-1-5-19" />
  </System>
  <EventData Name="TMP_EVENT_TIME_SOURCE_REACHABLE">
    <Data Name="TimeSource">time.windows.com,0x8 (ntp.m|0x8|0.0.0.0:123-&gt;40.119.148.38:123)</Data>
  </EventData>
</Event>

Имя журнала:   System
Источник:      Service Control Manager
Дата:          08.12.2023 4:07:49
Код события:   7036
Категория задачи:Отсутствует
Уровень:       Сведения
Ключевые слова:Классический
Пользователь:  Н/Д
Компьютер:     WIN-J9D866ESIJ2
Описание:
Служба "wuauserv" перешла в состояние running.
Xml события:
<Event xmlns="http://schemas.microsoft.com/win/2004/08/events/event">
  <System>
    <Provider Name="Service Control Manager" Guid="{555908d1-a6d7-4695-8e1e-26931d2012f4}" EventSourceName="Service Control Manager" />
    <EventID Qualifiers="16384">7036</EventID>
    <Version>0</Version>
    <Level>4</Level>
    <Task>0</Task>
    <Opcode>0</Opcode>
    <Keywords>0x8080000000000000</Keywords>
    <TimeCreated SystemTime="2023-12-07T23:07:49.3422176Z" />
    <EventRecordID>8240</EventRecordID>
    <Correlation />
    <Execution ProcessID="532" ThreadID="612" />
    <Channel>System</Channel>
    <Computer>WIN-J9D866ESIJ2</Computer>
    <Security />
  </System>
  <EventData>
    <Data Name="param1">wuauserv</Data>
    <Data Name="param2">running</Data>
    <Binary>770075006100750073006500720076002F0034000000</Binary>
  </EventData>
</Event>

Имя журнала:   System
Источник:      Service Control Manager
Дата:          08.12.2023 4:07:49
Код события:   7036
Категория задачи:Отсутствует
Уровень:       Сведения
Ключевые слова:Классический
Пользователь:  Н/Д
Компьютер:     WIN-J9D866ESIJ2
Описание:
Служба "WdNisSvc" перешла в состояние running.
Xml события:
<Event xmlns="http://schemas.microsoft.com/win/2004/08/events/event">
  <System>
    <Provider Name="Service Control Manager" Guid="{555908d1-a6d7-4695-8e1e-26931d2012f4}" EventSourceName="Service Control Manager" />
    <EventID Qualifiers="16384">7036</EventID>
    <Version>0</Version>
    <Level>4</Level>
    <Task>0</Task>
    <Opcode>0</Opcode>
    <Keywords>0x8080000000000000</Keywords>
    <TimeCreated SystemTime="2023-12-07T23:07:49.1390966Z" />
    <EventRecordID>8239</EventRecordID>
    <Correlation />
    <Execution ProcessID="532" ThreadID="612" />
    <Channel>System</Channel>
    <Computer>WIN-J9D866ESIJ2</Computer>
    <Security />
  </System>
  <EventData>
    <Data Name="param1">WdNisSvc</Data>
    <Data Name="param2">running</Data>
    <Binary>570064004E00690073005300760063002F0034000000</Binary>
  </EventData>
</Event>

Имя журнала:   System
Источник:      Microsoft-Windows-Time-Service
Дата:          08.12.2023 4:07:49
Код события:   37
Категория задачи:Отсутствует
Уровень:       Сведения
Ключевые слова:
Пользователь:  LOCAL SERVICE
Компьютер:     WIN-J9D866ESIJ2
Описание:
NTP-клиент поставщика времени получает действительные данные о времени от time.windows.com,0x8 (ntp.m|0x8|0.0.0.0:123->40.119.148.38:123).
Xml события:
<Event xmlns="http://schemas.microsoft.com/win/2004/08/events/event">
  <System>
    <Provider Name="Microsoft-Windows-Time-Service" Guid="{06edcfeb-0fd0-4e53-acca-a6f8bbf81bcb}" />
    <EventID>37</EventID>
    <Version>0</Version>
    <Level>4</Level>
    <Task>0</Task>
    <Opcode>0</Opcode>
    <Keywords>0x8000000000000000</Keywords>
    <TimeCreated SystemTime="2023-12-07T23:07:49.0116094Z" />
    <EventRecordID>8238</EventRecordID>
    <Correlation />
    <Execution ProcessID="232" ThreadID="1380" />
    <Channel>System</Channel>
    <Computer>WIN-J9D866ESIJ2</Computer>
    <Security UserID="S-1-5-19" />
  </System>
  <EventData Name="TMP_EVENT_TIME_SOURCE_REACHABLE">
    <Data Name="TimeSource">time.windows.com,0x8 (ntp.m|0x8|0.0.0.0:123-&gt;40.119.148.38:123)</Data>
  </EventData>
</Event>

Имя журнала:   System
Источник:      Service Control Manager
Дата:          08.12.2023 4:07:48
Код события:   7036
Категория задачи:Отсутствует
Уровень:       Сведения
Ключевые слова:Классический
Пользователь:  Н/Д
Компьютер:     WIN-J9D866ESIJ2
Описание:
Служба "WMI Performance Adapter" перешла в состояние running.
Xml события:
<Event xmlns="http://schemas.microsoft.com/win/2004/08/events/event">
  <System>
    <Provider Name="Service Control Manager" Guid="{555908d1-a6d7-4695-8e1e-26931d2012f4}" EventSourceName="Service Control Manager" />
    <EventID Qualifiers="16384">7036</EventID>
    <Version>0</Version>
    <Level>4</Level>
    <Task>0</Task>
    <Opcode>0</Opcode>
    <Keywords>0x8080000000000000</Keywords>
    <TimeCreated SystemTime="2023-12-07T23:07:48.1547385Z" />
    <EventRecordID>8237</EventRecordID>
    <Correlation />
    <Execution ProcessID="532" ThreadID="612" />
    <Channel>System</Channel>
    <Computer>WIN-J9D866ESIJ2</Computer>
    <Security />
  </System>
  <EventData>
    <Data Name="param1">WMI Performance Adapter</Data>
    <Data Name="param2">running</Data>
    <Binary>77006D006900410070005300720076002F0034000000</Binary>
  </EventData>
</Event>

Имя журнала:   System
Источник:      Microsoft-Windows-Iphlpsvc
Дата:          08.12.2023 4:07:47
Код события:   4200
Категория задачи:Отсутствует
Уровень:       Сведения
Ключевые слова:
Пользователь:  СИСТЕМА
Компьютер:     WIN-J9D866ESIJ2
Описание:
Интерфейс Isatap isatap.{B426554C-2DEC-4ECB-BF06-C53C31782C72} с адресом fe80::200:5efe:89.23.96.69 переведен в рабочий режим.
Xml события:
<Event xmlns="http://schemas.microsoft.com/win/2004/08/events/event">
  <System>
    <Provider Name="Microsoft-Windows-Iphlpsvc" Guid="{66a5c15c-4f8e-4044-bf6e-71d896038977}" />
    <EventID>4200</EventID>
    <Version>0</Version>
    <Level>4</Level>
    <Task>0</Task>
    <Opcode>0</Opcode>
    <Keywords>0x8000000000000000</Keywords>
    <TimeCreated SystemTime="2023-12-07T23:07:47.9914822Z" />
    <EventRecordID>8236</EventRecordID>
    <Correlation />
    <Execution ProcessID="920" ThreadID="1204" />
    <Channel>System</Channel>
    <Computer>WIN-J9D866ESIJ2</Computer>
    <Security UserID="S-1-5-18" />
  </System>
  <EventData>
    <Data Name="ProtocolType">1</Data>
    <Data Name="Interface">isatap.{B426554C-2DEC-4ECB-BF06-C53C31782C72}</Data>
    <Data Name="Address">fe80::200:5efe:89.23.96.69</Data>
  </EventData>
</Event>

Имя журнала:   System
Источник:      NetBT
Дата:          08.12.2023 4:07:47
Код события:   4321
Категория задачи:Отсутствует
Уровень:       Ошибка
Ключевые слова:Классический
Пользователь:  Н/Д
Компьютер:     WIN-J9D866ESIJ2
Описание:
Имя "WIN-J9D866ESIJ2:0" не удалось зарегистрировать на интерфейсе с IP-адресом 89.23.96.69. Компьютер с IP-адресом 89.23.96.15 не разрешил использовать имя, запрошенное этим компьютером.
Xml события:
<Event xmlns="http://schemas.microsoft.com/win/2004/08/events/event">
  <System>
    <Provider Name="NetBT" />
    <EventID Qualifiers="49152">4321</EventID>
    <Level>2</Level>
    <Task>0</Task>
    <Keywords>0x80000000000000</Keywords>
    <TimeCreated SystemTime="2023-12-07T23:07:47.9047235Z" />
    <EventRecordID>8235</EventRecordID>
    <Channel>System</Channel>
    <Computer>WIN-J9D866ESIJ2</Computer>
    <Security />
  </System>
  <EventData>
    <Data>
    </Data>
    <Data>WIN-J9D866ESIJ2:0</Data>
    <Data>89.23.96.69</Data>
    <Data>89.23.96.15</Data>
    <Binary>000000000400320000000000E11000C001010000010000C001000000000000000000000000000000</Binary>
  </EventData>
</Event>

