Имя журнала:   System
Источник:      Service Control Manager
Дата:          08.12.2023 4:42:57
Код события:   7036
Категория задачи:Отсутствует
Уровень:       Сведения
Ключевые слова:Классический
Пользователь:  Н/Д
Компьютер:     WIN-J9D866ESIJ2
Описание:
Служба "WMI Performance Adapter" перешла в состояние running.
Xml события:
<Event xmlns="http://schemas.microsoft.com/win/2004/08/events/event">
  <System>
    <Provider Name="Service Control Manager" Guid="{555908d1-a6d7-4695-8e1e-26931d2012f4}" EventSourceName="Service Control Manager" />
    <EventID Qualifiers="16384">7036</EventID>
    <Version>0</Version>
    <Level>4</Level>
    <Task>0</Task>
    <Opcode>0</Opcode>
    <Keywords>0x8080000000000000</Keywords>
    <TimeCreated SystemTime="2023-12-07T23:42:57.2904819Z" />
    <EventRecordID>8503</EventRecordID>
    <Correlation />
    <Execution ProcessID="532" ThreadID="2504" />
    <Channel>System</Channel>
    <Computer>WIN-J9D866ESIJ2</Computer>
    <Security />
  </System>
  <EventData>
    <Data Name="param1">WMI Performance Adapter</Data>
    <Data Name="param2">running</Data>
    <Binary>77006D006900410070005300720076002F0034000000</Binary>
  </EventData>
</Event>

Имя журнала:   System
Источник:      Service Control Manager
Дата:          08.12.2023 4:34:48
Код события:   7036
Категория задачи:Отсутствует
Уровень:       Сведения
Ключевые слова:Классический
Пользователь:  Н/Д
Компьютер:     WIN-J9D866ESIJ2
Описание:
Служба "Diagnostic System Host" перешла в состояние stopped.
Xml события:
<Event xmlns="http://schemas.microsoft.com/win/2004/08/events/event">
  <System>
    <Provider Name="Service Control Manager" Guid="{555908d1-a6d7-4695-8e1e-26931d2012f4}" EventSourceName="Service Control Manager" />
    <EventID Qualifiers="16384">7036</EventID>
    <Version>0</Version>
    <Level>4</Level>
    <Task>0</Task>
    <Opcode>0</Opcode>
    <Keywords>0x8080000000000000</Keywords>
    <TimeCreated SystemTime="2023-12-07T23:34:48.5848040Z" />
    <EventRecordID>8502</EventRecordID>
    <Correlation />
    <Execution ProcessID="532" ThreadID="3176" />
    <Channel>System</Channel>
    <Computer>WIN-J9D866ESIJ2</Computer>
    <Security />
  </System>
  <EventData>
    <Data Name="param1">Diagnostic System Host</Data>
    <Data Name="param2">stopped</Data>
    <Binary>570064006900530079007300740065006D0048006F00730074002F0031000000</Binary>
  </EventData>
</Event>

Имя журнала:   System
Источник:      Service Control Manager
Дата:          08.12.2023 4:33:26
Код события:   7036
Категория задачи:Отсутствует
Уровень:       Сведения
Ключевые слова:Классический
Пользователь:  Н/Д
Компьютер:     WIN-J9D866ESIJ2
Описание:
Служба "Microsoft Storage Spaces SMP" перешла в состояние stopped.
Xml события:
<Event xmlns="http://schemas.microsoft.com/win/2004/08/events/event">
  <System>
    <Provider Name="Service Control Manager" Guid="{555908d1-a6d7-4695-8e1e-26931d2012f4}" EventSourceName="Service Control Manager" />
    <EventID Qualifiers="16384">7036</EventID>
    <Version>0</Version>
    <Level>4</Level>
    <Task>0</Task>
    <Opcode>0</Opcode>
    <Keywords>0x8080000000000000</Keywords>
    <TimeCreated SystemTime="2023-12-07T23:33:26.3980912Z" />
    <EventRecordID>8501</EventRecordID>
    <Correlation />
    <Execution ProcessID="532" ThreadID="3176" />
    <Channel>System</Channel>
    <Computer>WIN-J9D866ESIJ2</Computer>
    <Security />
  </System>
  <EventData>
    <Data Name="param1">Microsoft Storage Spaces SMP</Data>
    <Data Name="param2">stopped</Data>
    <Binary>73006D00700068006F00730074002F0031000000</Binary>
  </EventData>
</Event>

Имя журнала:   System
Источник:      Service Control Manager
Дата:          08.12.2023 4:28:56
Код события:   7036
Категория задачи:Отсутствует
Уровень:       Сведения
Ключевые слова:Классический
Пользователь:  Н/Д
Компьютер:     WIN-J9D866ESIJ2
Описание:
Служба "WMI Performance Adapter" перешла в состояние stopped.
Xml события:
<Event xmlns="http://schemas.microsoft.com/win/2004/08/events/event">
  <System>
    <Provider Name="Service Control Manager" Guid="{555908d1-a6d7-4695-8e1e-26931d2012f4}" EventSourceName="Service Control Manager" />
    <EventID Qualifiers="16384">7036</EventID>
    <Version>0</Version>
    <Level>4</Level>
    <Task>0</Task>
    <Opcode>0</Opcode>
    <Keywords>0x8080000000000000</Keywords>
    <TimeCreated SystemTime="2023-12-07T23:28:56.5235441Z" />
    <EventRecordID>8500</EventRecordID>
    <Correlation />
    <Execution ProcessID="532" ThreadID="3176" />
    <Channel>System</Channel>
    <Computer>WIN-J9D866ESIJ2</Computer>
    <Security />
  </System>
  <EventData>
    <Data Name="param1">WMI Performance Adapter</Data>
    <Data Name="param2">stopped</Data>
    <Binary>77006D006900410070005300720076002F0031000000</Binary>
  </EventData>
</Event>

Имя журнала:   System
Источник:      Service Control Manager
Дата:          08.12.2023 4:26:51
Код события:   7036
Категория задачи:Отсутствует
Уровень:       Сведения
Ключевые слова:Классический
Пользователь:  Н/Д
Компьютер:     WIN-J9D866ESIJ2
Описание:
Служба "WMI Performance Adapter" перешла в состояние running.
Xml события:
<Event xmlns="http://schemas.microsoft.com/win/2004/08/events/event">
  <System>
    <Provider Name="Service Control Manager" Guid="{555908d1-a6d7-4695-8e1e-26931d2012f4}" EventSourceName="Service Control Manager" />
    <EventID Qualifiers="16384">7036</EventID>
    <Version>0</Version>
    <Level>4</Level>
    <Task>0</Task>
    <Opcode>0</Opcode>
    <Keywords>0x8080000000000000</Keywords>
    <TimeCreated SystemTime="2023-12-07T23:26:51.3777223Z" />
    <EventRecordID>8499</EventRecordID>
    <Correlation />
    <Execution ProcessID="532" ThreadID="3176" />
    <Channel>System</Channel>
    <Computer>WIN-J9D866ESIJ2</Computer>
    <Security />
  </System>
  <EventData>
    <Data Name="param1">WMI Performance Adapter</Data>
    <Data Name="param2">running</Data>
    <Binary>77006D006900410070005300720076002F0034000000</Binary>
  </EventData>
</Event>

Имя журнала:   System
Источник:      Service Control Manager
Дата:          08.12.2023 4:24:08
Код события:   7036
Категория задачи:Отсутствует
Уровень:       Сведения
Ключевые слова:Классический
Пользователь:  Н/Д
Компьютер:     WIN-J9D866ESIJ2
Описание:
Служба "Microsoft Software Shadow Copy Provider" перешла в состояние stopped.
Xml события:
<Event xmlns="http://schemas.microsoft.com/win/2004/08/events/event">
  <System>
    <Provider Name="Service Control Manager" Guid="{555908d1-a6d7-4695-8e1e-26931d2012f4}" EventSourceName="Service Control Manager" />
    <EventID Qualifiers="16384">7036</EventID>
    <Version>0</Version>
    <Level>4</Level>
    <Task>0</Task>
    <Opcode>0</Opcode>
    <Keywords>0x8080000000000000</Keywords>
    <TimeCreated SystemTime="2023-12-07T23:24:08.8249108Z" />
    <EventRecordID>8498</EventRecordID>
    <Correlation />
    <Execution ProcessID="532" ThreadID="4856" />
    <Channel>System</Channel>
    <Computer>WIN-J9D866ESIJ2</Computer>
    <Security />
  </System>
  <EventData>
    <Data Name="param1">Microsoft Software Shadow Copy Provider</Data>
    <Data Name="param2">stopped</Data>
    <Binary>730077007000720076002F0031000000</Binary>
  </EventData>
</Event>

Имя журнала:   System
Источник:      Service Control Manager
Дата:          08.12.2023 4:23:25
Код события:   7036
Категория задачи:Отсутствует
Уровень:       Сведения
Ключевые слова:Классический
Пользователь:  Н/Д
Компьютер:     WIN-J9D866ESIJ2
Описание:
Служба "AppX Deployment Service (AppXSVC)" перешла в состояние stopped.
Xml события:
<Event xmlns="http://schemas.microsoft.com/win/2004/08/events/event">
  <System>
    <Provider Name="Service Control Manager" Guid="{555908d1-a6d7-4695-8e1e-26931d2012f4}" EventSourceName="Service Control Manager" />
    <EventID Qualifiers="16384">7036</EventID>
    <Version>0</Version>
    <Level>4</Level>
    <Task>0</Task>
    <Opcode>0</Opcode>
    <Keywords>0x8080000000000000</Keywords>
    <TimeCreated SystemTime="2023-12-07T23:23:25.9730780Z" />
    <EventRecordID>8497</EventRecordID>
    <Correlation />
    <Execution ProcessID="532" ThreadID="4856" />
    <Channel>System</Channel>
    <Computer>WIN-J9D866ESIJ2</Computer>
    <Security />
  </System>
  <EventData>
    <Data Name="param1">AppX Deployment Service (AppXSVC)</Data>
    <Data Name="param2">stopped</Data>
    <Binary>41007000700058005300760063002F0031000000</Binary>
  </EventData>
</Event>

Имя журнала:   System
Источник:      Service Control Manager
Дата:          08.12.2023 4:23:08
Код события:   7023
Категория задачи:Отсутствует
Уровень:       Ошибка
Ключевые слова:Классический
Пользователь:  Н/Д
Компьютер:     WIN-J9D866ESIJ2
Описание:
Служба "Data Sharing Service" завершена из-за ошибки 
%%3239247874
Xml события:
<Event xmlns="http://schemas.microsoft.com/win/2004/08/events/event">
  <System>
    <Provider Name="Service Control Manager" Guid="{555908d1-a6d7-4695-8e1e-26931d2012f4}" EventSourceName="Service Control Manager" />
    <EventID Qualifiers="49152">7023</EventID>
    <Version>0</Version>
    <Level>2</Level>
    <Task>0</Task>
    <Opcode>0</Opcode>
    <Keywords>0x8080000000000000</Keywords>
    <TimeCreated SystemTime="2023-12-07T23:23:08.2317575Z" />
    <EventRecordID>8496</EventRecordID>
    <Correlation />
    <Execution ProcessID="532" ThreadID="4856" />
    <Channel>System</Channel>
    <Computer>WIN-J9D866ESIJ2</Computer>
    <Security />
  </System>
  <EventData>
    <Data Name="param1">Data Sharing Service</Data>
    <Data Name="param2">%%3239247874</Data>
    <Binary>440073005300760063000000</Binary>
  </EventData>
</Event>

Имя журнала:   System
Источник:      Service Control Manager
Дата:          08.12.2023 4:23:08
Код события:   7036
Категория задачи:Отсутствует
Уровень:       Сведения
Ключевые слова:Классический
Пользователь:  Н/Д
Компьютер:     WIN-J9D866ESIJ2
Описание:
Служба "Data Sharing Service" перешла в состояние stopped.
Xml события:
<Event xmlns="http://schemas.microsoft.com/win/2004/08/events/event">
  <System>
    <Provider Name="Service Control Manager" Guid="{555908d1-a6d7-4695-8e1e-26931d2012f4}" EventSourceName="Service Control Manager" />
    <EventID Qualifiers="16384">7036</EventID>
    <Version>0</Version>
    <Level>4</Level>
    <Task>0</Task>
    <Opcode>0</Opcode>
    <Keywords>0x8080000000000000</Keywords>
    <TimeCreated SystemTime="2023-12-07T23:23:08.2317575Z" />
    <EventRecordID>8495</EventRecordID>
    <Correlation />
    <Execution ProcessID="532" ThreadID="4856" />
    <Channel>System</Channel>
    <Computer>WIN-J9D866ESIJ2</Computer>
    <Security />
  </System>
  <EventData>
    <Data Name="param1">Data Sharing Service</Data>
    <Data Name="param2">stopped</Data>
    <Binary>440073005300760063002F0031000000</Binary>
  </EventData>
</Event>

Имя журнала:   System
Источник:      Service Control Manager
Дата:          08.12.2023 4:23:08
Код события:   7023
Категория задачи:Отсутствует
Уровень:       Ошибка
Ключевые слова:Классический
Пользователь:  Н/Д
Компьютер:     WIN-J9D866ESIJ2
Описание:
Служба "Data Sharing Service" завершена из-за ошибки 
%%3239247874
Xml события:
<Event xmlns="http://schemas.microsoft.com/win/2004/08/events/event">
  <System>
    <Provider Name="Service Control Manager" Guid="{555908d1-a6d7-4695-8e1e-26931d2012f4}" EventSourceName="Service Control Manager" />
    <EventID Qualifiers="49152">7023</EventID>
    <Version>0</Version>
    <Level>2</Level>
    <Task>0</Task>
    <Opcode>0</Opcode>
    <Keywords>0x8080000000000000</Keywords>
    <TimeCreated SystemTime="2023-12-07T23:23:08.2083279Z" />
    <EventRecordID>8494</EventRecordID>
    <Correlation />
    <Execution ProcessID="532" ThreadID="3176" />
    <Channel>System</Channel>
    <Computer>WIN-J9D866ESIJ2</Computer>
    <Security />
  </System>
  <EventData>
    <Data Name="param1">Data Sharing Service</Data>
    <Data Name="param2">%%3239247874</Data>
    <Binary>440073005300760063000000</Binary>
  </EventData>
</Event>

Имя журнала:   System
Источник:      Service Control Manager
Дата:          08.12.2023 4:23:08
Код события:   7036
Категория задачи:Отсутствует
Уровень:       Сведения
Ключевые слова:Классический
Пользователь:  Н/Д
Компьютер:     WIN-J9D866ESIJ2
Описание:
Служба "Data Sharing Service" перешла в состояние stopped.
Xml события:
<Event xmlns="http://schemas.microsoft.com/win/2004/08/events/event">
  <System>
    <Provider Name="Service Control Manager" Guid="{555908d1-a6d7-4695-8e1e-26931d2012f4}" EventSourceName="Service Control Manager" />
    <EventID Qualifiers="16384">7036</EventID>
    <Version>0</Version>
    <Level>4</Level>
    <Task>0</Task>
    <Opcode>0</Opcode>
    <Keywords>0x8080000000000000</Keywords>
    <TimeCreated SystemTime="2023-12-07T23:23:08.2083279Z" />
    <EventRecordID>8493</EventRecordID>
    <Correlation />
    <Execution ProcessID="532" ThreadID="3176" />
    <Channel>System</Channel>
    <Computer>WIN-J9D866ESIJ2</Computer>
    <Security />
  </System>
  <EventData>
    <Data Name="param1">Data Sharing Service</Data>
    <Data Name="param2">stopped</Data>
    <Binary>440073005300760063002F0031000000</Binary>
  </EventData>
</Event>

Имя журнала:   System
Источник:      Service Control Manager
Дата:          08.12.2023 4:23:08
Код события:   7023
Категория задачи:Отсутствует
Уровень:       Ошибка
Ключевые слова:Классический
Пользователь:  Н/Д
Компьютер:     WIN-J9D866ESIJ2
Описание:
Служба "Data Sharing Service" завершена из-за ошибки 
%%3239247874
Xml события:
<Event xmlns="http://schemas.microsoft.com/win/2004/08/events/event">
  <System>
    <Provider Name="Service Control Manager" Guid="{555908d1-a6d7-4695-8e1e-26931d2012f4}" EventSourceName="Service Control Manager" />
    <EventID Qualifiers="49152">7023</EventID>
    <Version>0</Version>
    <Level>2</Level>
    <Task>0</Task>
    <Opcode>0</Opcode>
    <Keywords>0x8080000000000000</Keywords>
    <TimeCreated SystemTime="2023-12-07T23:23:08.2053920Z" />
    <EventRecordID>8492</EventRecordID>
    <Correlation />
    <Execution ProcessID="532" ThreadID="4856" />
    <Channel>System</Channel>
    <Computer>WIN-J9D866ESIJ2</Computer>
    <Security />
  </System>
  <EventData>
    <Data Name="param1">Data Sharing Service</Data>
    <Data Name="param2">%%3239247874</Data>
    <Binary>440073005300760063000000</Binary>
  </EventData>
</Event>

Имя журнала:   System
Источник:      Service Control Manager
Дата:          08.12.2023 4:23:08
Код события:   7036
Категория задачи:Отсутствует
Уровень:       Сведения
Ключевые слова:Классический
Пользователь:  Н/Д
Компьютер:     WIN-J9D866ESIJ2
Описание:
Служба "Data Sharing Service" перешла в состояние stopped.
Xml события:
<Event xmlns="http://schemas.microsoft.com/win/2004/08/events/event">
  <System>
    <Provider Name="Service Control Manager" Guid="{555908d1-a6d7-4695-8e1e-26931d2012f4}" EventSourceName="Service Control Manager" />
    <EventID Qualifiers="16384">7036</EventID>
    <Version>0</Version>
    <Level>4</Level>
    <Task>0</Task>
    <Opcode>0</Opcode>
    <Keywords>0x8080000000000000</Keywords>
    <TimeCreated SystemTime="2023-12-07T23:23:08.2053920Z" />
    <EventRecordID>8491</EventRecordID>
    <Correlation />
    <Execution ProcessID="532" ThreadID="4856" />
    <Channel>System</Channel>
    <Computer>WIN-J9D866ESIJ2</Computer>
    <Security />
  </System>
  <EventData>
    <Data Name="param1">Data Sharing Service</Data>
    <Data Name="param2">stopped</Data>
    <Binary>440073005300760063002F0031000000</Binary>
  </EventData>
</Event>

Имя журнала:   System
Источник:      Service Control Manager
Дата:          08.12.2023 4:23:06
Код события:   7036
Категория задачи:Отсутствует
Уровень:       Сведения
Ключевые слова:Классический
Пользователь:  Н/Д
Компьютер:     WIN-J9D866ESIJ2
Описание:
Служба "Client License Service (ClipSVC)" перешла в состояние stopped.
Xml события:
<Event xmlns="http://schemas.microsoft.com/win/2004/08/events/event">
  <System>
    <Provider Name="Service Control Manager" Guid="{555908d1-a6d7-4695-8e1e-26931d2012f4}" EventSourceName="Service Control Manager" />
    <EventID Qualifiers="16384">7036</EventID>
    <Version>0</Version>
    <Level>4</Level>
    <Task>0</Task>
    <Opcode>0</Opcode>
    <Keywords>0x8080000000000000</Keywords>
    <TimeCreated SystemTime="2023-12-07T23:23:06.7815463Z" />
    <EventRecordID>8490</EventRecordID>
    <Correlation />
    <Execution ProcessID="532" ThreadID="636" />
    <Channel>System</Channel>
    <Computer>WIN-J9D866ESIJ2</Computer>
    <Security />
  </System>
  <EventData>
    <Data Name="param1">Client License Service (ClipSVC)</Data>
    <Data Name="param2">stopped</Data>
    <Binary>43006C00690070005300560043002F0031000000</Binary>
  </EventData>
</Event>

Имя журнала:   System
Источник:      Service Control Manager
Дата:          08.12.2023 4:21:57
Код события:   7036
Категория задачи:Отсутствует
Уровень:       Сведения
Ключевые слова:Классический
Пользователь:  Н/Д
Компьютер:     WIN-J9D866ESIJ2
Описание:
Служба "Windows Biometric Service" перешла в состояние stopped.
Xml события:
<Event xmlns="http://schemas.microsoft.com/win/2004/08/events/event">
  <System>
    <Provider Name="Service Control Manager" Guid="{555908d1-a6d7-4695-8e1e-26931d2012f4}" EventSourceName="Service Control Manager" />
    <EventID Qualifiers="16384">7036</EventID>
    <Version>0</Version>
    <Level>4</Level>
    <Task>0</Task>
    <Opcode>0</Opcode>
    <Keywords>0x8080000000000000</Keywords>
    <TimeCreated SystemTime="2023-12-07T23:21:57.1921283Z" />
    <EventRecordID>8489</EventRecordID>
    <Correlation />
    <Execution ProcessID="532" ThreadID="636" />
    <Channel>System</Channel>
    <Computer>WIN-J9D866ESIJ2</Computer>
    <Security />
  </System>
  <EventData>
    <Data Name="param1">Windows Biometric Service</Data>
    <Data Name="param2">stopped</Data>
    <Binary>5700620069006F0053007200760063002F0031000000</Binary>
  </EventData>
</Event>

Имя журнала:   System
Источник:      Service Control Manager
Дата:          08.12.2023 4:21:49
Код события:   7036
Категория задачи:Отсутствует
Уровень:       Сведения
Ключевые слова:Классический
Пользователь:  Н/Д
Компьютер:     WIN-J9D866ESIJ2
Описание:
Служба "Windows Modules Installer" перешла в состояние stopped.
Xml события:
<Event xmlns="http://schemas.microsoft.com/win/2004/08/events/event">
  <System>
    <Provider Name="Service Control Manager" Guid="{555908d1-a6d7-4695-8e1e-26931d2012f4}" EventSourceName="Service Control Manager" />
    <EventID Qualifiers="16384">7036</EventID>
    <Version>0</Version>
    <Level>4</Level>
    <Task>0</Task>
    <Opcode>0</Opcode>
    <Keywords>0x8080000000000000</Keywords>
    <TimeCreated SystemTime="2023-12-07T23:21:49.4312853Z" />
    <EventRecordID>8488</EventRecordID>
    <Correlation />
    <Execution ProcessID="532" ThreadID="636" />
    <Channel>System</Channel>
    <Computer>WIN-J9D866ESIJ2</Computer>
    <Security />
  </System>
  <EventData>
    <Data Name="param1">Windows Modules Installer</Data>
    <Data Name="param2">stopped</Data>
    <Binary>540072007500730074006500640049006E007300740061006C006C00650072002F0031000000</Binary>
  </EventData>
</Event>

Имя журнала:   System
Источник:      Service Control Manager
Дата:          08.12.2023 4:21:15
Код события:   7036
Категория задачи:Отсутствует
Уровень:       Сведения
Ключевые слова:Классический
Пользователь:  Н/Д
Компьютер:     WIN-J9D866ESIJ2
Описание:
Служба "Optimize drives" перешла в состояние stopped.
Xml события:
<Event xmlns="http://schemas.microsoft.com/win/2004/08/events/event">
  <System>
    <Provider Name="Service Control Manager" Guid="{555908d1-a6d7-4695-8e1e-26931d2012f4}" EventSourceName="Service Control Manager" />
    <EventID Qualifiers="16384">7036</EventID>
    <Version>0</Version>
    <Level>4</Level>
    <Task>0</Task>
    <Opcode>0</Opcode>
    <Keywords>0x8080000000000000</Keywords>
    <TimeCreated SystemTime="2023-12-07T23:21:15.1564314Z" />
    <EventRecordID>8487</EventRecordID>
    <Correlation />
    <Execution ProcessID="532" ThreadID="636" />
    <Channel>System</Channel>
    <Computer>WIN-J9D866ESIJ2</Computer>
    <Security />
  </System>
  <EventData>
    <Data Name="param1">Optimize drives</Data>
    <Data Name="param2">stopped</Data>
    <Binary>6400650066007200610067007300760063002F0031000000</Binary>
  </EventData>
</Event>

Имя журнала:   System
Источник:      Service Control Manager
Дата:          08.12.2023 4:21:12
Код события:   7036
Категория задачи:Отсутствует
Уровень:       Сведения
Ключевые слова:Классический
Пользователь:  Н/Д
Компьютер:     WIN-J9D866ESIJ2
Описание:
Служба "Microsoft Account Sign-in Assistant" перешла в состояние stopped.
Xml события:
<Event xmlns="http://schemas.microsoft.com/win/2004/08/events/event">
  <System>
    <Provider Name="Service Control Manager" Guid="{555908d1-a6d7-4695-8e1e-26931d2012f4}" EventSourceName="Service Control Manager" />
    <EventID Qualifiers="16384">7036</EventID>
    <Version>0</Version>
    <Level>4</Level>
    <Task>0</Task>
    <Opcode>0</Opcode>
    <Keywords>0x8080000000000000</Keywords>
    <TimeCreated SystemTime="2023-12-07T23:21:12.7267152Z" />
    <EventRecordID>8486</EventRecordID>
    <Correlation />
    <Execution ProcessID="532" ThreadID="636" />
    <Channel>System</Channel>
    <Computer>WIN-J9D866ESIJ2</Computer>
    <Security />
  </System>
  <EventData>
    <Data Name="param1">Microsoft Account Sign-in Assistant</Data>
    <Data Name="param2">stopped</Data>
    <Binary>77006C00690064007300760063002F0031000000</Binary>
  </EventData>
</Event>

Имя журнала:   System
Источник:      Service Control Manager
Дата:          08.12.2023 4:21:08
Код события:   7036
Категория задачи:Отсутствует
Уровень:       Сведения
Ключевые слова:Классический
Пользователь:  Н/Д
Компьютер:     WIN-J9D866ESIJ2
Описание:
Служба "Volume Shadow Copy" перешла в состояние stopped.
Xml события:
<Event xmlns="http://schemas.microsoft.com/win/2004/08/events/event">
  <System>
    <Provider Name="Service Control Manager" Guid="{555908d1-a6d7-4695-8e1e-26931d2012f4}" EventSourceName="Service Control Manager" />
    <EventID Qualifiers="16384">7036</EventID>
    <Version>0</Version>
    <Level>4</Level>
    <Task>0</Task>
    <Opcode>0</Opcode>
    <Keywords>0x8080000000000000</Keywords>
    <TimeCreated SystemTime="2023-12-07T23:21:08.8243176Z" />
    <EventRecordID>8485</EventRecordID>
    <Correlation />
    <Execution ProcessID="532" ThreadID="636" />
    <Channel>System</Channel>
    <Computer>WIN-J9D866ESIJ2</Computer>
    <Security />
  </System>
  <EventData>
    <Data Name="param1">Volume Shadow Copy</Data>
    <Data Name="param2">stopped</Data>
    <Binary>5600530053002F0031000000</Binary>
  </EventData>
</Event>

Имя журнала:   System
Источник:      Service Control Manager
Дата:          08.12.2023 4:19:35
Код события:   7036
Категория задачи:Отсутствует
Уровень:       Сведения
Ключевые слова:Классический
Пользователь:  Н/Д
Компьютер:     WIN-J9D866ESIJ2
Описание:
Служба "Device Setup Manager" перешла в состояние stopped.
Xml события:
<Event xmlns="http://schemas.microsoft.com/win/2004/08/events/event">
  <System>
    <Provider Name="Service Control Manager" Guid="{555908d1-a6d7-4695-8e1e-26931d2012f4}" EventSourceName="Service Control Manager" />
    <EventID Qualifiers="16384">7036</EventID>
    <Version>0</Version>
    <Level>4</Level>
    <Task>0</Task>
    <Opcode>0</Opcode>
    <Keywords>0x8080000000000000</Keywords>
    <TimeCreated SystemTime="2023-12-07T23:19:35.9111783Z" />
    <EventRecordID>8484</EventRecordID>
    <Correlation />
    <Execution ProcessID="532" ThreadID="4856" />
    <Channel>System</Channel>
    <Computer>WIN-J9D866ESIJ2</Computer>
    <Security />
  </System>
  <EventData>
    <Data Name="param1">Device Setup Manager</Data>
    <Data Name="param2">stopped</Data>
    <Binary>440073006D005300760063002F0031000000</Binary>
  </EventData>
</Event>

Имя журнала:   System
Источник:      Service Control Manager
Дата:          08.12.2023 4:19:11
Код события:   7036
Категория задачи:Отсутствует
Уровень:       Сведения
Ключевые слова:Классический
Пользователь:  Н/Д
Компьютер:     WIN-J9D866ESIJ2
Описание:
Служба "Update Orchestrator Service for Windows Update" перешла в состояние stopped.
Xml события:
<Event xmlns="http://schemas.microsoft.com/win/2004/08/events/event">
  <System>
    <Provider Name="Service Control Manager" Guid="{555908d1-a6d7-4695-8e1e-26931d2012f4}" EventSourceName="Service Control Manager" />
    <EventID Qualifiers="16384">7036</EventID>
    <Version>0</Version>
    <Level>4</Level>
    <Task>0</Task>
    <Opcode>0</Opcode>
    <Keywords>0x8080000000000000</Keywords>
    <TimeCreated SystemTime="2023-12-07T23:19:11.3203465Z" />
    <EventRecordID>8483</EventRecordID>
    <Correlation />
    <Execution ProcessID="532" ThreadID="4856" />
    <Channel>System</Channel>
    <Computer>WIN-J9D866ESIJ2</Computer>
    <Security />
  </System>
  <EventData>
    <Data Name="param1">Update Orchestrator Service for Windows Update</Data>
    <Data Name="param2">stopped</Data>
    <Binary>550073006F005300760063002F0031000000</Binary>
  </EventData>
</Event>

Имя журнала:   System
Источник:      Service Control Manager
Дата:          08.12.2023 4:19:06
Код события:   7036
Категория задачи:Отсутствует
Уровень:       Сведения
Ключевые слова:Классический
Пользователь:  Н/Д
Компьютер:     WIN-J9D866ESIJ2
Описание:
Служба "Windows Insider Service" перешла в состояние stopped.
Xml события:
<Event xmlns="http://schemas.microsoft.com/win/2004/08/events/event">
  <System>
    <Provider Name="Service Control Manager" Guid="{555908d1-a6d7-4695-8e1e-26931d2012f4}" EventSourceName="Service Control Manager" />
    <EventID Qualifiers="16384">7036</EventID>
    <Version>0</Version>
    <Level>4</Level>
    <Task>0</Task>
    <Opcode>0</Opcode>
    <Keywords>0x8080000000000000</Keywords>
    <TimeCreated SystemTime="2023-12-07T23:19:06.2539328Z" />
    <EventRecordID>8482</EventRecordID>
    <Correlation />
    <Execution ProcessID="532" ThreadID="4856" />
    <Channel>System</Channel>
    <Computer>WIN-J9D866ESIJ2</Computer>
    <Security />
  </System>
  <EventData>
    <Data Name="param1">Windows Insider Service</Data>
    <Data Name="param2">stopped</Data>
    <Binary>770069007300760063002F0031000000</Binary>
  </EventData>
</Event>

Имя журнала:   System
Источник:      Service Control Manager
Дата:          08.12.2023 4:18:56
Код события:   7036
Категория задачи:Отсутствует
Уровень:       Сведения
Ключевые слова:Классический
Пользователь:  Н/Д
Компьютер:     WIN-J9D866ESIJ2
Описание:
Служба "Software Protection" перешла в состояние stopped.
Xml события:
<Event xmlns="http://schemas.microsoft.com/win/2004/08/events/event">
  <System>
    <Provider Name="Service Control Manager" Guid="{555908d1-a6d7-4695-8e1e-26931d2012f4}" EventSourceName="Service Control Manager" />
    <EventID Qualifiers="16384">7036</EventID>
    <Version>0</Version>
    <Level>4</Level>
    <Task>0</Task>
    <Opcode>0</Opcode>
    <Keywords>0x8080000000000000</Keywords>
    <TimeCreated SystemTime="2023-12-07T23:18:56.9853724Z" />
    <EventRecordID>8481</EventRecordID>
    <Correlation />
    <Execution ProcessID="532" ThreadID="4856" />
    <Channel>System</Channel>
    <Computer>WIN-J9D866ESIJ2</Computer>
    <Security />
  </System>
  <EventData>
    <Data Name="param1">Software Protection</Data>
    <Data Name="param2">stopped</Data>
    <Binary>7300700070007300760063002F0031000000</Binary>
  </EventData>
</Event>

Имя журнала:   System
Источник:      Service Control Manager
Дата:          08.12.2023 4:18:39
Код события:   7036
Категория задачи:Отсутствует
Уровень:       Сведения
Ключевые слова:Классический
Пользователь:  Н/Д
Компьютер:     WIN-J9D866ESIJ2
Описание:
Служба "Windows Biometric Service" перешла в состояние running.
Xml события:
<Event xmlns="http://schemas.microsoft.com/win/2004/08/events/event">
  <System>
    <Provider Name="Service Control Manager" Guid="{555908d1-a6d7-4695-8e1e-26931d2012f4}" EventSourceName="Service Control Manager" />
    <EventID Qualifiers="16384">7036</EventID>
    <Version>0</Version>
    <Level>4</Level>
    <Task>0</Task>
    <Opcode>0</Opcode>
    <Keywords>0x8080000000000000</Keywords>
    <TimeCreated SystemTime="2023-12-07T23:18:39.1318404Z" />
    <EventRecordID>8480</EventRecordID>
    <Correlation />
    <Execution ProcessID="532" ThreadID="4856" />
    <Channel>System</Channel>
    <Computer>WIN-J9D866ESIJ2</Computer>
    <Security />
  </System>
  <EventData>
    <Data Name="param1">Windows Biometric Service</Data>
    <Data Name="param2">running</Data>
    <Binary>5700620069006F0053007200760063002F0034000000</Binary>
  </EventData>
</Event>

Имя журнала:   System
Источник:      Service Control Manager
Дата:          08.12.2023 4:18:31
Код события:   7036
Категория задачи:Отсутствует
Уровень:       Сведения
Ключевые слова:Классический
Пользователь:  Н/Д
Компьютер:     WIN-J9D866ESIJ2
Описание:
Служба "Diagnostic System Host" перешла в состояние running.
Xml события:
<Event xmlns="http://schemas.microsoft.com/win/2004/08/events/event">
  <System>
    <Provider Name="Service Control Manager" Guid="{555908d1-a6d7-4695-8e1e-26931d2012f4}" EventSourceName="Service Control Manager" />
    <EventID Qualifiers="16384">7036</EventID>
    <Version>0</Version>
    <Level>4</Level>
    <Task>0</Task>
    <Opcode>0</Opcode>
    <Keywords>0x8080000000000000</Keywords>
    <TimeCreated SystemTime="2023-12-07T23:18:31.4326163Z" />
    <EventRecordID>8479</EventRecordID>
    <Correlation />
    <Execution ProcessID="532" ThreadID="4856" />
    <Channel>System</Channel>
    <Computer>WIN-J9D866ESIJ2</Computer>
    <Security />
  </System>
  <EventData>
    <Data Name="param1">Diagnostic System Host</Data>
    <Data Name="param2">running</Data>
    <Binary>570064006900530079007300740065006D0048006F00730074002F0034000000</Binary>
  </EventData>
</Event>

Имя журнала:   System
Источник:      Service Control Manager
Дата:          08.12.2023 4:18:25
Код события:   7036
Категория задачи:Отсутствует
Уровень:       Сведения
Ключевые слова:Классический
Пользователь:  Н/Д
Компьютер:     WIN-J9D866ESIJ2
Описание:
Служба "Microsoft Storage Spaces SMP" перешла в состояние running.
Xml события:
<Event xmlns="http://schemas.microsoft.com/win/2004/08/events/event">
  <System>
    <Provider Name="Service Control Manager" Guid="{555908d1-a6d7-4695-8e1e-26931d2012f4}" EventSourceName="Service Control Manager" />
    <EventID Qualifiers="16384">7036</EventID>
    <Version>0</Version>
    <Level>4</Level>
    <Task>0</Task>
    <Opcode>0</Opcode>
    <Keywords>0x8080000000000000</Keywords>
    <TimeCreated SystemTime="2023-12-07T23:18:25.8525502Z" />
    <EventRecordID>8478</EventRecordID>
    <Correlation />
    <Execution ProcessID="532" ThreadID="636" />
    <Channel>System</Channel>
    <Computer>WIN-J9D866ESIJ2</Computer>
    <Security />
  </System>
  <EventData>
    <Data Name="param1">Microsoft Storage Spaces SMP</Data>
    <Data Name="param2">running</Data>
    <Binary>73006D00700068006F00730074002F0034000000</Binary>
  </EventData>
</Event>

Имя журнала:   System
Источник:      Service Control Manager
Дата:          08.12.2023 4:18:23
Код события:   7036
Категория задачи:Отсутствует
Уровень:       Сведения
Ключевые слова:Классический
Пользователь:  Н/Д
Компьютер:     WIN-J9D866ESIJ2
Описание:
Служба "Software Protection" перешла в состояние running.
Xml события:
<Event xmlns="http://schemas.microsoft.com/win/2004/08/events/event">
  <System>
    <Provider Name="Service Control Manager" Guid="{555908d1-a6d7-4695-8e1e-26931d2012f4}" EventSourceName="Service Control Manager" />
    <EventID Qualifiers="16384">7036</EventID>
    <Version>0</Version>
    <Level>4</Level>
    <Task>0</Task>
    <Opcode>0</Opcode>
    <Keywords>0x8080000000000000</Keywords>
    <TimeCreated SystemTime="2023-12-07T23:18:23.6123068Z" />
    <EventRecordID>8477</EventRecordID>
    <Correlation />
    <Execution ProcessID="532" ThreadID="4856" />
    <Channel>System</Channel>
    <Computer>WIN-J9D866ESIJ2</Computer>
    <Security />
  </System>
  <EventData>
    <Data Name="param1">Software Protection</Data>
    <Data Name="param2">running</Data>
    <Binary>7300700070007300760063002F0034000000</Binary>
  </EventData>
</Event>

Имя журнала:   System
Источник:      Service Control Manager
Дата:          08.12.2023 4:18:09
Код события:   7036
Категория задачи:Отсутствует
Уровень:       Сведения
Ключевые слова:Классический
Пользователь:  Н/Д
Компьютер:     WIN-J9D866ESIJ2
Описание:
Служба "Optimize drives" перешла в состояние running.
Xml события:
<Event xmlns="http://schemas.microsoft.com/win/2004/08/events/event">
  <System>
    <Provider Name="Service Control Manager" Guid="{555908d1-a6d7-4695-8e1e-26931d2012f4}" EventSourceName="Service Control Manager" />
    <EventID Qualifiers="16384">7036</EventID>
    <Version>0</Version>
    <Level>4</Level>
    <Task>0</Task>
    <Opcode>0</Opcode>
    <Keywords>0x8080000000000000</Keywords>
    <TimeCreated SystemTime="2023-12-07T23:18:09.7519614Z" />
    <EventRecordID>8476</EventRecordID>
    <Correlation />
    <Execution ProcessID="532" ThreadID="636" />
    <Channel>System</Channel>
    <Computer>WIN-J9D866ESIJ2</Computer>
    <Security />
  </System>
  <EventData>
    <Data Name="param1">Optimize drives</Data>
    <Data Name="param2">running</Data>
    <Binary>6400650066007200610067007300760063002F0034000000</Binary>
  </EventData>
</Event>

Имя журнала:   System
Источник:      Microsoft-Windows-Ntfs
Дата:          08.12.2023 4:18:08
Код события:   98
Категория задачи:Отсутствует
Уровень:       Ошибка
Ключевые слова:(2)
Пользователь:  СИСТЕМА
Компьютер:     WIN-J9D866ESIJ2
Описание:
Том C: (\Device\HarddiskVolume2) необходимо перевести в автономный режим для полной проверки диска.  Запустите команду "CHKDSK /F" локально с помощью командной строки либо выполните команду "REPAIR-VOLUME <диск:>" локально или удаленно с использованием PowerShell.
Xml события:
<Event xmlns="http://schemas.microsoft.com/win/2004/08/events/event">
  <System>
    <Provider Name="Microsoft-Windows-Ntfs" Guid="{3ff37a1c-a68d-4d6e-8c9b-f79e8b16c482}" />
    <EventID>98</EventID>
    <Version>0</Version>
    <Level>2</Level>
    <Task>0</Task>
    <Opcode>0</Opcode>
    <Keywords>0x8000000000000002</Keywords>
    <TimeCreated SystemTime="2023-12-07T23:18:08.8101294Z" />
    <EventRecordID>8475</EventRecordID>
    <Correlation />
    <Execution ProcessID="4140" ThreadID="4664" />
    <Channel>System</Channel>
    <Computer>WIN-J9D866ESIJ2</Computer>
    <Security UserID="S-1-5-18" />
  </System>
  <EventData>
    <Data Name="DriveName">C:</Data>
    <Data Name="DeviceName">\Device\HarddiskVolume2</Data>
    <Data Name="CorruptionActionState">3</Data>
  </EventData>
</Event>

Имя журнала:   System
Источник:      Microsoft-Windows-Ntfs
Дата:          08.12.2023 4:18:08
Код события:   98
Категория задачи:Отсутствует
Уровень:       Сведения
Ключевые слова:(2)
Пользователь:  СИСТЕМА
Компьютер:     WIN-J9D866ESIJ2
Описание:
Том C: (\Device\HarddiskVolume2) работоспособен.  Не требуется никаких действий.
Xml события:
<Event xmlns="http://schemas.microsoft.com/win/2004/08/events/event">
  <System>
    <Provider Name="Microsoft-Windows-Ntfs" Guid="{3ff37a1c-a68d-4d6e-8c9b-f79e8b16c482}" />
    <EventID>98</EventID>
    <Version>0</Version>
    <Level>4</Level>
    <Task>0</Task>
    <Opcode>0</Opcode>
    <Keywords>0x8000000000000002</Keywords>
    <TimeCreated SystemTime="2023-12-07T23:18:08.8088825Z" />
    <EventRecordID>8474</EventRecordID>
    <Correlation />
    <Execution ProcessID="4140" ThreadID="4664" />
    <Channel>System</Channel>
    <Computer>WIN-J9D866ESIJ2</Computer>
    <Security UserID="S-1-5-18" />
  </System>
  <EventData>
    <Data Name="DriveName">C:</Data>
    <Data Name="DeviceName">\Device\HarddiskVolume2</Data>
    <Data Name="CorruptionActionState">0</Data>
  </EventData>
</Event>

Имя журнала:   System
Источник:      Volsnap
Дата:          08.12.2023 4:18:08
Код события:   23
Категория задачи:Отсутствует
Уровень:       Ошибка
Ключевые слова:Классический
Пользователь:  Н/Д
Компьютер:     WIN-J9D866ESIJ2
Описание:
Недостаточно дискового пространства на томе \\?\Volume{fb5591ef-0000-0000-0000-100000000000} для создания теневой копии тома C:.  Ошибка создания хранилища теневых копий.
Xml события:
<Event xmlns="http://schemas.microsoft.com/win/2004/08/events/event">
  <System>
    <Provider Name="Volsnap" Guid="{cb017cd2-1f37-4e65-82bc-3e91f6a37559}" EventSourceName="volsnap" />
    <EventID Qualifiers="49158">23</EventID>
    <Version>0</Version>
    <Level>2</Level>
    <Task>0</Task>
    <Opcode>0</Opcode>
    <Keywords>0x80000000000000</Keywords>
    <TimeCreated SystemTime="2023-12-07T23:18:08.7568321Z" />
    <EventRecordID>8473</EventRecordID>
    <Correlation />
    <Execution ProcessID="4" ThreadID="4576" />
    <Channel>System</Channel>
    <Computer>WIN-J9D866ESIJ2</Computer>
    <Security />
  </System>
  <EventData>
    <Data Name="DeviceName">\HarddiskVolumeShadowCopy1</Data>
    <Data Name="VolumeName">C:</Data>
    <Data Name="DiffAreaVolumeName">\\?\Volume{fb5591ef-0000-0000-0000-100000000000}</Data>
    <Data Name="NTSTATUS">
    </Data>
    <Data Name="SourceTag">150</Data>
    <Data Name="SourceFileID">
    </Data>
    <Data Name="SourceLine">
    </Data>
    <Binary>000000000700300000000000170006C0960000007F0000C000000000000000000000000000000000</Binary>
  </EventData>
</Event>

Имя журнала:   System
Источник:      Service Control Manager
Дата:          08.12.2023 4:18:08
Код события:   7036
Категория задачи:Отсутствует
Уровень:       Сведения
Ключевые слова:Классический
Пользователь:  Н/Д
Компьютер:     WIN-J9D866ESIJ2
Описание:
Служба "Microsoft Software Shadow Copy Provider" перешла в состояние running.
Xml события:
<Event xmlns="http://schemas.microsoft.com/win/2004/08/events/event">
  <System>
    <Provider Name="Service Control Manager" Guid="{555908d1-a6d7-4695-8e1e-26931d2012f4}" EventSourceName="Service Control Manager" />
    <EventID Qualifiers="16384">7036</EventID>
    <Version>0</Version>
    <Level>4</Level>
    <Task>0</Task>
    <Opcode>0</Opcode>
    <Keywords>0x8080000000000000</Keywords>
    <TimeCreated SystemTime="2023-12-07T23:18:08.7500005Z" />
    <EventRecordID>8472</EventRecordID>
    <Correlation />
    <Execution ProcessID="532" ThreadID="636" />
    <Channel>System</Channel>
    <Computer>WIN-J9D866ESIJ2</Computer>
    <Security />
  </System>
  <EventData>
    <Data Name="param1">Microsoft Software Shadow Copy Provider</Data>
    <Data Name="param2">running</Data>
    <Binary>730077007000720076002F0034000000</Binary>
  </EventData>
</Event>

Имя журнала:   System
Источник:      Service Control Manager
Дата:          08.12.2023 4:18:08
Код события:   7036
Категория задачи:Отсутствует
Уровень:       Сведения
Ключевые слова:Классический
Пользователь:  Н/Д
Компьютер:     WIN-J9D866ESIJ2
Описание:
Служба "Volume Shadow Copy" перешла в состояние running.
Xml события:
<Event xmlns="http://schemas.microsoft.com/win/2004/08/events/event">
  <System>
    <Provider Name="Service Control Manager" Guid="{555908d1-a6d7-4695-8e1e-26931d2012f4}" EventSourceName="Service Control Manager" />
    <EventID Qualifiers="16384">7036</EventID>
    <Version>0</Version>
    <Level>4</Level>
    <Task>0</Task>
    <Opcode>0</Opcode>
    <Keywords>0x8080000000000000</Keywords>
    <TimeCreated SystemTime="2023-12-07T23:18:08.5458866Z" />
    <EventRecordID>8471</EventRecordID>
    <Correlation />
    <Execution ProcessID="532" ThreadID="4856" />
    <Channel>System</Channel>
    <Computer>WIN-J9D866ESIJ2</Computer>
    <Security />
  </System>
  <EventData>
    <Data Name="param1">Volume Shadow Copy</Data>
    <Data Name="param2">running</Data>
    <Binary>5600530053002F0034000000</Binary>
  </EventData>
</Event>

Имя журнала:   System
Источник:      Service Control Manager
Дата:          08.12.2023 4:18:08
Код события:   7023
Категория задачи:Отсутствует
Уровень:       Ошибка
Ключевые слова:Классический
Пользователь:  Н/Д
Компьютер:     WIN-J9D866ESIJ2
Описание:
Служба "Data Sharing Service" завершена из-за ошибки 
%%3239247874
Xml события:
<Event xmlns="http://schemas.microsoft.com/win/2004/08/events/event">
  <System>
    <Provider Name="Service Control Manager" Guid="{555908d1-a6d7-4695-8e1e-26931d2012f4}" EventSourceName="Service Control Manager" />
    <EventID Qualifiers="49152">7023</EventID>
    <Version>0</Version>
    <Level>2</Level>
    <Task>0</Task>
    <Opcode>0</Opcode>
    <Keywords>0x8080000000000000</Keywords>
    <TimeCreated SystemTime="2023-12-07T23:18:08.2988116Z" />
    <EventRecordID>8470</EventRecordID>
    <Correlation />
    <Execution ProcessID="532" ThreadID="636" />
    <Channel>System</Channel>
    <Computer>WIN-J9D866ESIJ2</Computer>
    <Security />
  </System>
  <EventData>
    <Data Name="param1">Data Sharing Service</Data>
    <Data Name="param2">%%3239247874</Data>
    <Binary>440073005300760063000000</Binary>
  </EventData>
</Event>

Имя журнала:   System
Источник:      Service Control Manager
Дата:          08.12.2023 4:18:08
Код события:   7036
Категория задачи:Отсутствует
Уровень:       Сведения
Ключевые слова:Классический
Пользователь:  Н/Д
Компьютер:     WIN-J9D866ESIJ2
Описание:
Служба "Data Sharing Service" перешла в состояние stopped.
Xml события:
<Event xmlns="http://schemas.microsoft.com/win/2004/08/events/event">
  <System>
    <Provider Name="Service Control Manager" Guid="{555908d1-a6d7-4695-8e1e-26931d2012f4}" EventSourceName="Service Control Manager" />
    <EventID Qualifiers="16384">7036</EventID>
    <Version>0</Version>
    <Level>4</Level>
    <Task>0</Task>
    <Opcode>0</Opcode>
    <Keywords>0x8080000000000000</Keywords>
    <TimeCreated SystemTime="2023-12-07T23:18:08.2988116Z" />
    <EventRecordID>8469</EventRecordID>
    <Correlation />
    <Execution ProcessID="532" ThreadID="636" />
    <Channel>System</Channel>
    <Computer>WIN-J9D866ESIJ2</Computer>
    <Security />
  </System>
  <EventData>
    <Data Name="param1">Data Sharing Service</Data>
    <Data Name="param2">stopped</Data>
    <Binary>440073005300760063002F0031000000</Binary>
  </EventData>
</Event>

Имя журнала:   System
Источник:      Service Control Manager
Дата:          08.12.2023 4:18:07
Код события:   7036
Категория задачи:Отсутствует
Уровень:       Сведения
Ключевые слова:Классический
Пользователь:  Н/Д
Компьютер:     WIN-J9D866ESIJ2
Описание:
Служба "Windows Modules Installer" перешла в состояние running.
Xml события:
<Event xmlns="http://schemas.microsoft.com/win/2004/08/events/event">
  <System>
    <Provider Name="Service Control Manager" Guid="{555908d1-a6d7-4695-8e1e-26931d2012f4}" EventSourceName="Service Control Manager" />
    <EventID Qualifiers="16384">7036</EventID>
    <Version>0</Version>
    <Level>4</Level>
    <Task>0</Task>
    <Opcode>0</Opcode>
    <Keywords>0x8080000000000000</Keywords>
    <TimeCreated SystemTime="2023-12-07T23:18:07.2126308Z" />
    <EventRecordID>8468</EventRecordID>
    <Correlation />
    <Execution ProcessID="532" ThreadID="636" />
    <Channel>System</Channel>
    <Computer>WIN-J9D866ESIJ2</Computer>
    <Security />
  </System>
  <EventData>
    <Data Name="param1">Windows Modules Installer</Data>
    <Data Name="param2">running</Data>
    <Binary>540072007500730074006500640049006E007300740061006C006C00650072002F0034000000</Binary>
  </EventData>
</Event>

Имя журнала:   System
Источник:      Service Control Manager
Дата:          08.12.2023 4:18:07
Код события:   7036
Категория задачи:Отсутствует
Уровень:       Сведения
Ключевые слова:Классический
Пользователь:  Н/Д
Компьютер:     WIN-J9D866ESIJ2
Описание:
Служба "Microsoft Account Sign-in Assistant" перешла в состояние running.
Xml события:
<Event xmlns="http://schemas.microsoft.com/win/2004/08/events/event">
  <System>
    <Provider Name="Service Control Manager" Guid="{555908d1-a6d7-4695-8e1e-26931d2012f4}" EventSourceName="Service Control Manager" />
    <EventID Qualifiers="16384">7036</EventID>
    <Version>0</Version>
    <Level>4</Level>
    <Task>0</Task>
    <Opcode>0</Opcode>
    <Keywords>0x8080000000000000</Keywords>
    <TimeCreated SystemTime="2023-12-07T23:18:07.0212255Z" />
    <EventRecordID>8467</EventRecordID>
    <Correlation />
    <Execution ProcessID="532" ThreadID="4856" />
    <Channel>System</Channel>
    <Computer>WIN-J9D866ESIJ2</Computer>
    <Security />
  </System>
  <EventData>
    <Data Name="param1">Microsoft Account Sign-in Assistant</Data>
    <Data Name="param2">running</Data>
    <Binary>77006C00690064007300760063002F0034000000</Binary>
  </EventData>
</Event>

Имя журнала:   System
Источник:      Service Control Manager
Дата:          08.12.2023 4:18:06
Код события:   7036
Категория задачи:Отсутствует
Уровень:       Сведения
Ключевые слова:Классический
Пользователь:  Н/Д
Компьютер:     WIN-J9D866ESIJ2
Описание:
Служба "Client License Service (ClipSVC)" перешла в состояние running.
Xml события:
<Event xmlns="http://schemas.microsoft.com/win/2004/08/events/event">
  <System>
    <Provider Name="Service Control Manager" Guid="{555908d1-a6d7-4695-8e1e-26931d2012f4}" EventSourceName="Service Control Manager" />
    <EventID Qualifiers="16384">7036</EventID>
    <Version>0</Version>
    <Level>4</Level>
    <Task>0</Task>
    <Opcode>0</Opcode>
    <Keywords>0x8080000000000000</Keywords>
    <TimeCreated SystemTime="2023-12-07T23:18:06.7682998Z" />
    <EventRecordID>8466</EventRecordID>
    <Correlation />
    <Execution ProcessID="532" ThreadID="4856" />
    <Channel>System</Channel>
    <Computer>WIN-J9D866ESIJ2</Computer>
    <Security />
  </System>
  <EventData>
    <Data Name="param1">Client License Service (ClipSVC)</Data>
    <Data Name="param2">running</Data>
    <Binary>43006C00690070005300560043002F0034000000</Binary>
  </EventData>
</Event>

Имя журнала:   System
Источник:      Service Control Manager
Дата:          08.12.2023 4:18:06
Код события:   7036
Категория задачи:Отсутствует
Уровень:       Сведения
Ключевые слова:Классический
Пользователь:  Н/Д
Компьютер:     WIN-J9D866ESIJ2
Описание:
Служба "AppX Deployment Service (AppXSVC)" перешла в состояние running.
Xml события:
<Event xmlns="http://schemas.microsoft.com/win/2004/08/events/event">
  <System>
    <Provider Name="Service Control Manager" Guid="{555908d1-a6d7-4695-8e1e-26931d2012f4}" EventSourceName="Service Control Manager" />
    <EventID Qualifiers="16384">7036</EventID>
    <Version>0</Version>
    <Level>4</Level>
    <Task>0</Task>
    <Opcode>0</Opcode>
    <Keywords>0x8080000000000000</Keywords>
    <TimeCreated SystemTime="2023-12-07T23:18:06.6188869Z" />
    <EventRecordID>8465</EventRecordID>
    <Correlation />
    <Execution ProcessID="532" ThreadID="4856" />
    <Channel>System</Channel>
    <Computer>WIN-J9D866ESIJ2</Computer>
    <Security />
  </System>
  <EventData>
    <Data Name="param1">AppX Deployment Service (AppXSVC)</Data>
    <Data Name="param2">running</Data>
    <Binary>41007000700058005300760063002F0034000000</Binary>
  </EventData>
</Event>

Имя журнала:   System
Источник:      Service Control Manager
Дата:          08.12.2023 4:18:06
Код события:   7036
Категория задачи:Отсутствует
Уровень:       Сведения
Ключевые слова:Классический
Пользователь:  Н/Д
Компьютер:     WIN-J9D866ESIJ2
Описание:
Служба "Windows License Manager Service" перешла в состояние running.
Xml события:
<Event xmlns="http://schemas.microsoft.com/win/2004/08/events/event">
  <System>
    <Provider Name="Service Control Manager" Guid="{555908d1-a6d7-4695-8e1e-26931d2012f4}" EventSourceName="Service Control Manager" />
    <EventID Qualifiers="16384">7036</EventID>
    <Version>0</Version>
    <Level>4</Level>
    <Task>0</Task>
    <Opcode>0</Opcode>
    <Keywords>0x8080000000000000</Keywords>
    <TimeCreated SystemTime="2023-12-07T23:18:06.5934887Z" />
    <EventRecordID>8464</EventRecordID>
    <Correlation />
    <Execution ProcessID="532" ThreadID="4856" />
    <Channel>System</Channel>
    <Computer>WIN-J9D866ESIJ2</Computer>
    <Security />
  </System>
  <EventData>
    <Data Name="param1">Windows License Manager Service</Data>
    <Data Name="param2">running</Data>
    <Binary>4C006900630065006E00730065004D0061006E0061006700650072002F0034000000</Binary>
  </EventData>
</Event>

